#***************************************************************************

#sjplacer

#Version:            1.1

#Build Date:         Apr 25 2016 12:55:34

#File Generated:     Oct 21 2016 17:10:31

#Purpose:            

#Copyright (C) 2010-2011 by Softjin Technologies Pvt Ltd. All rights reserved.

#***************************************************************************

Executing : C:\Program Files (x86)\Cypress\PSoC Creator\3.3\PSoC Creator\bin/sjplacer.exe --proj-name VTM17c_Display_7seg --netlist-vh2 VTM17c_Display_7seg_p.vh2 --arch-file C:\Program Files (x86)\Cypress\PSoC Creator\3.3\PSoC Creator\dev/arch/p35_udb4x6.ark --rrg-file C:\Program Files (x86)\Cypress\PSoC Creator\3.3\PSoC Creator\dev/psoc5/psoc5lp/route_arch-rrg.cydata --irq-file C:\Program Files (x86)\Cypress\PSoC Creator\3.3\PSoC Creator\dev/psoc5/psoc5lp/irqconn.cydata --drq-file C:\Program Files (x86)\Cypress\PSoC Creator\3.3\PSoC Creator\dev/psoc5/psoc5lp/dmaconn.cydata --dsi-conn-file C:\Program Files (x86)\Cypress\PSoC Creator\3.3\PSoC Creator\dev/psoc5/psoc5lp/dsiconn.cydata --pins-file pins_68-QFN.xml --lib-file VTM17c_Display_7seg_p.lib --sdc-file VTM17c_Display_7seg.sdc --io-pcf VTM17c_Display_7seg.pci --outdir .

		Softjin Techologies Placer, Version 1.1

Build Date : Apr 25 2016	12:53:53

D2004: Option and Settings Summary
=============================================================
Netlist vh2 file          - VTM17c_Display_7seg_p.vh2
Architecture file         - C:\Program Files (x86)\Cypress\PSoC Creator\3.3\PSoC Creator\dev/arch/p35_udb4x6.ark
Package                   - 
Defparam file             - 
SDC file                  - VTM17c_Display_7seg.sdc
Output directory          - .
Timing library            - VTM17c_Display_7seg_p.lib
IO Placement file         - VTM17c_Display_7seg.pci

D2050: Starting reading inputs for placer
=============================================================
D2065: Reading netlist file : "VTM17c_Display_7seg_p.vh2"
D2065: Reading arch file : "C:\Program Files (x86)\Cypress\PSoC Creator\3.3\PSoC Creator\dev/arch/p35_udb4x6.ark"
D2051: Reading of inputs for placer completed successfully

D2053: Starting placement of the design
=============================================================

Phase 2
Phase 3

Design Statistics after Packing
    Number of Combinational MCs 	:	2
    Number of Sequential MCs    	:	12
    Number of DPs               	:	2
    Number of Controls          	:	8
    Number of Status            	:	0
    Number of SyncCells         	:	0
    Number of count7cells       	:	0

Device Utilization Summary after Packing
    Macrocells                  :	14/192
    UDBS                        :	8/24
    IOs                         :	40/72


D2088: Phase 3, elapsed time : 0.0 (sec)

Phase 4
D2088: Phase 4, elapsed time : 0.0 (sec)

Phase 5
D2088: Phase 5, elapsed time : 0.0 (sec)

Phase 6

######################################################################
Placement Timing Summary

The timing summary is based on estimated routing delays after
placement. For final timing report, please carry out the timing
analysis after routing.
======================================================================

######################################################################
                     Clock Summary 
======================================================================
Number of clocks: 8
Clock: CyBUS_CLK            | Frequency:  51.4 MHz | Target:  48.0 MHz
Clock: CyBUS_CLK(fixed-function) | Frequency: N/A       | Target:  48.0 MHz
Clock: CyILO                | Frequency: N/A       | Target:   0.0 MHz
Clock: CyIMO                | Frequency: N/A       | Target:   3.0 MHz
Clock: CyMASTER_CLK         | Frequency: N/A       | Target:  48.0 MHz
Clock: CyPLL_OUT            | Frequency: N/A       | Target:  48.0 MHz
Clock: LED_Driver_Gear_ClkInternal | Frequency:  64.1 MHz | Target:   0.0 MHz
Clock: LED_Driver_LRBWS_ClkInternal | Frequency:  64.1 MHz | Target:   0.2 MHz

======================================================================
                     End of Clock Summary
######################################################################

D2088: Phase 6, elapsed time : 0.0 (sec)

Phase 7
######################################################################
                     Clock Summary 
======================================================================
Number of clocks: 8
Clock: CyBUS_CLK            | Frequency:   3.2 MHz | Target:  48.0 MHz
Clock: CyBUS_CLK(fixed-function) | Frequency: N/A       | Target:  48.0 MHz
Clock: CyILO                | Frequency: N/A       | Target:   0.0 MHz
Clock: CyIMO                | Frequency: N/A       | Target:   3.0 MHz
Clock: CyMASTER_CLK         | Frequency: N/A       | Target:  48.0 MHz
Clock: CyPLL_OUT            | Frequency: N/A       | Target:  48.0 MHz
Clock: LED_Driver_Gear_ClkInternal | Frequency:   3.2 MHz | Target:   0.0 MHz
Clock: LED_Driver_LRBWS_ClkInternal | Frequency:   3.2 MHz | Target:   0.2 MHz

======================================================================
                     End of Clock Summary
######################################################################
D2088: Phase 7, elapsed time : 11.8 (sec)

Final Design Statistics
    Number of Combinational MCs 	:	2
    Number of Sequential MCs    	:	12
    Number of DPs               	:	2
    Number of Controls          	:	8
    Number of Status            	:	0
    Number of SyncCells         	:	0
    Number of count7cells       	:	0
    Number of IOs       	:	40

Device Utilization Summary
    Macrocells                  :	14/192
    IOs                         :	40/72



######################################################################
Placement Timing Summary

The timing summary is based on estimated routing delays after
placement. For final timing report, please carry out the timing
analysis after routing.
======================================================================


######################################################################
                     Clock Summary 
======================================================================
Number of clocks: 8
Clock: CyBUS_CLK            | Frequency:   3.2 MHz | Target:  48.0 MHz
Clock: CyBUS_CLK(fixed-function) | Frequency: N/A       | Target:  48.0 MHz
Clock: CyILO                | Frequency: N/A       | Target:   0.0 MHz
Clock: CyIMO                | Frequency: N/A       | Target:   3.0 MHz
Clock: CyMASTER_CLK         | Frequency: N/A       | Target:  48.0 MHz
Clock: CyPLL_OUT            | Frequency: N/A       | Target:  48.0 MHz
Clock: LED_Driver_Gear_ClkInternal | Frequency:   3.2 MHz | Target:   0.0 MHz
Clock: LED_Driver_LRBWS_ClkInternal | Frequency:   3.2 MHz | Target:   0.2 MHz

======================================================================
                     End of Clock Summary
######################################################################

Phase 6

######################################################################
Placement Timing Summary

The timing summary is based on estimated routing delays after
placement. For final timing report, please carry out the timing
analysis after routing.
======================================================================

######################################################################
                     Clock Summary 
======================================================================
Number of clocks: 8
Clock: CyBUS_CLK            | Frequency:   3.1 MHz | Target:  48.0 MHz
Clock: CyBUS_CLK(fixed-function) | Frequency: N/A       | Target:  48.0 MHz
Clock: CyILO                | Frequency: N/A       | Target:   0.0 MHz
Clock: CyIMO                | Frequency: N/A       | Target:   3.0 MHz
Clock: CyMASTER_CLK         | Frequency: N/A       | Target:  48.0 MHz
Clock: CyPLL_OUT            | Frequency: N/A       | Target:  48.0 MHz
Clock: LED_Driver_Gear_ClkInternal | Frequency:   3.1 MHz | Target:   0.0 MHz
Clock: LED_Driver_LRBWS_ClkInternal | Frequency:   3.1 MHz | Target:   0.2 MHz

======================================================================
                     End of Clock Summary
######################################################################

D2088: Phase 6, elapsed time : 0.0 (sec)

Phase 7
######################################################################
                     Clock Summary 
======================================================================
Number of clocks: 8
Clock: CyBUS_CLK            | Frequency:   3.2 MHz | Target:  48.0 MHz
Clock: CyBUS_CLK(fixed-function) | Frequency: N/A       | Target:  48.0 MHz
Clock: CyILO                | Frequency: N/A       | Target:   0.0 MHz
Clock: CyIMO                | Frequency: N/A       | Target:   3.0 MHz
Clock: CyMASTER_CLK         | Frequency: N/A       | Target:  48.0 MHz
Clock: CyPLL_OUT            | Frequency: N/A       | Target:  48.0 MHz
Clock: LED_Driver_Gear_ClkInternal | Frequency:   3.2 MHz | Target:   0.0 MHz
Clock: LED_Driver_LRBWS_ClkInternal | Frequency:   3.2 MHz | Target:   0.2 MHz

======================================================================
                     End of Clock Summary
######################################################################
D2088: Phase 7, elapsed time : 0.1 (sec)

Final Design Statistics
    Number of Combinational MCs 	:	2
    Number of Sequential MCs    	:	12
    Number of DPs               	:	2
    Number of Controls          	:	8
    Number of Status            	:	0
    Number of SyncCells         	:	0
    Number of count7cells       	:	0
    Number of IOs       	:	40

Device Utilization Summary
    Macrocells                  :	14/192
    IOs                         :	40/72



######################################################################
Placement Timing Summary

The timing summary is based on estimated routing delays after
placement. For final timing report, please carry out the timing
analysis after routing.
======================================================================


######################################################################
                     Clock Summary 
======================================================================
Number of clocks: 8
Clock: CyBUS_CLK            | Frequency:   3.2 MHz | Target:  48.0 MHz
Clock: CyBUS_CLK(fixed-function) | Frequency: N/A       | Target:  48.0 MHz
Clock: CyILO                | Frequency: N/A       | Target:   0.0 MHz
Clock: CyIMO                | Frequency: N/A       | Target:   3.0 MHz
Clock: CyMASTER_CLK         | Frequency: N/A       | Target:  48.0 MHz
Clock: CyPLL_OUT            | Frequency: N/A       | Target:  48.0 MHz
Clock: LED_Driver_Gear_ClkInternal | Frequency:   3.2 MHz | Target:   0.0 MHz
Clock: LED_Driver_LRBWS_ClkInternal | Frequency:   3.2 MHz | Target:   0.2 MHz

======================================================================
                     End of Clock Summary
######################################################################

Phase 8
D2088: Phase 8, elapsed time : 0.0 (sec)

D2054: Placement of the design completed successfully

I2076: Total run-time: 12.6 sec.

