ARM GAS  C:\Users\charl\AppData\Local\Temp\ccDZrSsO.s 			page 1


   1              		.syntax unified
   2              		.cpu cortex-m3
   3              		.fpu softvfp
   4              		.eabi_attribute 20, 1
   5              		.eabi_attribute 21, 1
   6              		.eabi_attribute 23, 3
   7              		.eabi_attribute 24, 1
   8              		.eabi_attribute 25, 1
   9              		.eabi_attribute 26, 1
  10              		.eabi_attribute 30, 1
  11              		.eabi_attribute 34, 1
  12              		.eabi_attribute 18, 4
  13              		.thumb
  14              		.file	"CAN_INT.c"
  15              		.text
  16              	.Ltext0:
  17              		.cfi_sections	.debug_frame
  18              		.section	.text.CAN_BusOffIsr,"ax",%progbits
  19              		.align	2
  20              		.global	CAN_BusOffIsr
  21              		.thumb
  22              		.thumb_func
  23              		.type	CAN_BusOffIsr, %function
  24              	CAN_BusOffIsr:
  25              	.LFB0:
  26              		.file 1 ".\\Generated_Source\\PSoC5\\CAN_INT.c"
   1:.\Generated_Source\PSoC5/CAN_INT.c **** /*******************************************************************************
   2:.\Generated_Source\PSoC5/CAN_INT.c **** * File Name: CAN_INT.c
   3:.\Generated_Source\PSoC5/CAN_INT.c **** * Version 3.0
   4:.\Generated_Source\PSoC5/CAN_INT.c **** *
   5:.\Generated_Source\PSoC5/CAN_INT.c **** * Description:
   6:.\Generated_Source\PSoC5/CAN_INT.c **** *  This file contains Interrupt Service Routine (ISR) for CAN Component.
   7:.\Generated_Source\PSoC5/CAN_INT.c **** *  The Interrupt handlers functions are generated accordingly to the PSoC
   8:.\Generated_Source\PSoC5/CAN_INT.c **** *  Creator Customizer inputs.
   9:.\Generated_Source\PSoC5/CAN_INT.c **** *
  10:.\Generated_Source\PSoC5/CAN_INT.c **** * Note:
  11:.\Generated_Source\PSoC5/CAN_INT.c **** *  None
  12:.\Generated_Source\PSoC5/CAN_INT.c **** *
  13:.\Generated_Source\PSoC5/CAN_INT.c **** ********************************************************************************
  14:.\Generated_Source\PSoC5/CAN_INT.c **** * Copyright 2008-2015, Cypress Semiconductor Corporation.  All rights reserved.
  15:.\Generated_Source\PSoC5/CAN_INT.c **** * You may use this file only in accordance with the license, terms, conditions,
  16:.\Generated_Source\PSoC5/CAN_INT.c **** * disclaimers, and limitations in the end user license agreement accompanying
  17:.\Generated_Source\PSoC5/CAN_INT.c **** * the software package with which this file was provided.
  18:.\Generated_Source\PSoC5/CAN_INT.c **** *******************************************************************************/
  19:.\Generated_Source\PSoC5/CAN_INT.c **** 
  20:.\Generated_Source\PSoC5/CAN_INT.c **** #include "CAN.h"
  21:.\Generated_Source\PSoC5/CAN_INT.c **** #include "cyapicallbacks.h"
  22:.\Generated_Source\PSoC5/CAN_INT.c **** 
  23:.\Generated_Source\PSoC5/CAN_INT.c **** /* `#START CAN_INT_C_CODE_DEFINITION` */
  24:.\Generated_Source\PSoC5/CAN_INT.c **** 
  25:.\Generated_Source\PSoC5/CAN_INT.c **** /* `#END` */
  26:.\Generated_Source\PSoC5/CAN_INT.c **** 
  27:.\Generated_Source\PSoC5/CAN_INT.c **** #if (CAN_ARB_LOST)
  28:.\Generated_Source\PSoC5/CAN_INT.c ****     /*******************************************************************************
  29:.\Generated_Source\PSoC5/CAN_INT.c ****     * FUNCTION NAME:   CAN_ArbLostIsr
  30:.\Generated_Source\PSoC5/CAN_INT.c ****     ********************************************************************************
  31:.\Generated_Source\PSoC5/CAN_INT.c ****     *
ARM GAS  C:\Users\charl\AppData\Local\Temp\ccDZrSsO.s 			page 2


  32:.\Generated_Source\PSoC5/CAN_INT.c ****     * Summary:
  33:.\Generated_Source\PSoC5/CAN_INT.c ****     *  This function is entry point to Arbitration Lost Interrupt. Clears
  34:.\Generated_Source\PSoC5/CAN_INT.c ****     *  Arbitration Lost interrupt flag. Only generated if Arbitration Lost
  35:.\Generated_Source\PSoC5/CAN_INT.c ****     *  Interrupt enable in Customizer.
  36:.\Generated_Source\PSoC5/CAN_INT.c ****     *
  37:.\Generated_Source\PSoC5/CAN_INT.c ****     * Parameters:
  38:.\Generated_Source\PSoC5/CAN_INT.c ****     *  None.
  39:.\Generated_Source\PSoC5/CAN_INT.c ****     *
  40:.\Generated_Source\PSoC5/CAN_INT.c ****     * Return:
  41:.\Generated_Source\PSoC5/CAN_INT.c ****     *  None.
  42:.\Generated_Source\PSoC5/CAN_INT.c ****     *
  43:.\Generated_Source\PSoC5/CAN_INT.c ****     * Reentrant:
  44:.\Generated_Source\PSoC5/CAN_INT.c ****     *  Depends on Customer code.
  45:.\Generated_Source\PSoC5/CAN_INT.c ****     *
  46:.\Generated_Source\PSoC5/CAN_INT.c ****     *******************************************************************************/
  47:.\Generated_Source\PSoC5/CAN_INT.c ****     void CAN_ArbLostIsr(void) 
  48:.\Generated_Source\PSoC5/CAN_INT.c ****     {
  49:.\Generated_Source\PSoC5/CAN_INT.c ****         /* Clear Arbitration Lost flag */
  50:.\Generated_Source\PSoC5/CAN_INT.c ****         CAN_INT_SR_REG.byte[0u] = CAN_ARBITRATION_LOST_MASK;
  51:.\Generated_Source\PSoC5/CAN_INT.c **** 
  52:.\Generated_Source\PSoC5/CAN_INT.c ****         /* `#START ARBITRATION_LOST_ISR` */
  53:.\Generated_Source\PSoC5/CAN_INT.c **** 
  54:.\Generated_Source\PSoC5/CAN_INT.c ****         /* `#END` */
  55:.\Generated_Source\PSoC5/CAN_INT.c **** 
  56:.\Generated_Source\PSoC5/CAN_INT.c ****         #ifdef CAN_ARB_LOST_ISR_CALLBACK
  57:.\Generated_Source\PSoC5/CAN_INT.c ****             CAN_ArbLostIsr_Callback();
  58:.\Generated_Source\PSoC5/CAN_INT.c ****         #endif /* CAN_ARB_LOST_ISR_CALLBACK */
  59:.\Generated_Source\PSoC5/CAN_INT.c ****     }
  60:.\Generated_Source\PSoC5/CAN_INT.c **** #endif /* CAN_ARB_LOST */
  61:.\Generated_Source\PSoC5/CAN_INT.c **** 
  62:.\Generated_Source\PSoC5/CAN_INT.c **** 
  63:.\Generated_Source\PSoC5/CAN_INT.c **** #if (CAN_OVERLOAD)
  64:.\Generated_Source\PSoC5/CAN_INT.c ****     /*******************************************************************************
  65:.\Generated_Source\PSoC5/CAN_INT.c ****     * FUNCTION NAME:   CAN_OvrLdErrorIsr
  66:.\Generated_Source\PSoC5/CAN_INT.c ****     ********************************************************************************
  67:.\Generated_Source\PSoC5/CAN_INT.c ****     *
  68:.\Generated_Source\PSoC5/CAN_INT.c ****     * Summary:
  69:.\Generated_Source\PSoC5/CAN_INT.c ****     *  This function is entry point to Overload Error Interrupt. Clears Overload
  70:.\Generated_Source\PSoC5/CAN_INT.c ****     *  Error interrupt flag. Only generated if Overload Error Interrupt enable
  71:.\Generated_Source\PSoC5/CAN_INT.c ****     *  in Customizer.
  72:.\Generated_Source\PSoC5/CAN_INT.c ****     *
  73:.\Generated_Source\PSoC5/CAN_INT.c ****     * Parameters:
  74:.\Generated_Source\PSoC5/CAN_INT.c ****     *  None.
  75:.\Generated_Source\PSoC5/CAN_INT.c ****     *
  76:.\Generated_Source\PSoC5/CAN_INT.c ****     * Return:
  77:.\Generated_Source\PSoC5/CAN_INT.c ****     *  None.
  78:.\Generated_Source\PSoC5/CAN_INT.c ****     *
  79:.\Generated_Source\PSoC5/CAN_INT.c ****     * Reentrant:
  80:.\Generated_Source\PSoC5/CAN_INT.c ****     *  Depends on Customer code.
  81:.\Generated_Source\PSoC5/CAN_INT.c ****     *
  82:.\Generated_Source\PSoC5/CAN_INT.c ****     *******************************************************************************/
  83:.\Generated_Source\PSoC5/CAN_INT.c ****     void CAN_OvrLdErrorIsr(void) 
  84:.\Generated_Source\PSoC5/CAN_INT.c ****     {
  85:.\Generated_Source\PSoC5/CAN_INT.c ****         /* Clear Overload Error flag */
  86:.\Generated_Source\PSoC5/CAN_INT.c ****         CAN_INT_SR_REG.byte[0u] = CAN_OVERLOAD_ERROR_MASK;
  87:.\Generated_Source\PSoC5/CAN_INT.c **** 
  88:.\Generated_Source\PSoC5/CAN_INT.c ****         /* `#START OVER_LOAD_ERROR_ISR` */
ARM GAS  C:\Users\charl\AppData\Local\Temp\ccDZrSsO.s 			page 3


  89:.\Generated_Source\PSoC5/CAN_INT.c **** 
  90:.\Generated_Source\PSoC5/CAN_INT.c ****         /* `#END` */
  91:.\Generated_Source\PSoC5/CAN_INT.c **** 
  92:.\Generated_Source\PSoC5/CAN_INT.c ****         #ifdef CAN_OVR_LD_ERROR_ISR_CALLBACK
  93:.\Generated_Source\PSoC5/CAN_INT.c ****             CAN_OvrLdErrorIsr_Callback();
  94:.\Generated_Source\PSoC5/CAN_INT.c ****         #endif /* CAN_OVR_LD_ERROR_ISR_CALLBACK */
  95:.\Generated_Source\PSoC5/CAN_INT.c ****     }
  96:.\Generated_Source\PSoC5/CAN_INT.c **** #endif /* CAN_OVERLOAD */
  97:.\Generated_Source\PSoC5/CAN_INT.c **** 
  98:.\Generated_Source\PSoC5/CAN_INT.c **** 
  99:.\Generated_Source\PSoC5/CAN_INT.c **** #if (CAN_BIT_ERR)
 100:.\Generated_Source\PSoC5/CAN_INT.c ****     /*******************************************************************************
 101:.\Generated_Source\PSoC5/CAN_INT.c ****     * FUNCTION NAME:   CAN_BitErrorIsr
 102:.\Generated_Source\PSoC5/CAN_INT.c ****     ********************************************************************************
 103:.\Generated_Source\PSoC5/CAN_INT.c ****     *
 104:.\Generated_Source\PSoC5/CAN_INT.c ****     * Summary:
 105:.\Generated_Source\PSoC5/CAN_INT.c ****     *  This function is entry point to Bit Error Interrupt. Clears Bit Error
 106:.\Generated_Source\PSoC5/CAN_INT.c ****     *  interrupt flag. Only generated if Bit Error Interrupt enable in Customizer.
 107:.\Generated_Source\PSoC5/CAN_INT.c ****     *
 108:.\Generated_Source\PSoC5/CAN_INT.c ****     * Parameters:
 109:.\Generated_Source\PSoC5/CAN_INT.c ****     *  None.
 110:.\Generated_Source\PSoC5/CAN_INT.c ****     *
 111:.\Generated_Source\PSoC5/CAN_INT.c ****     * Return:
 112:.\Generated_Source\PSoC5/CAN_INT.c ****     *  None.
 113:.\Generated_Source\PSoC5/CAN_INT.c ****     *
 114:.\Generated_Source\PSoC5/CAN_INT.c ****     * Reentrant:
 115:.\Generated_Source\PSoC5/CAN_INT.c ****     *  Depends on Customer code.
 116:.\Generated_Source\PSoC5/CAN_INT.c ****     *
 117:.\Generated_Source\PSoC5/CAN_INT.c ****     *******************************************************************************/
 118:.\Generated_Source\PSoC5/CAN_INT.c ****     void CAN_BitErrorIsr(void) 
 119:.\Generated_Source\PSoC5/CAN_INT.c ****     {
 120:.\Generated_Source\PSoC5/CAN_INT.c ****         /* Clear Bit Error flag */
 121:.\Generated_Source\PSoC5/CAN_INT.c ****         CAN_INT_SR_REG.byte[0u] = CAN_BIT_ERROR_MASK;
 122:.\Generated_Source\PSoC5/CAN_INT.c **** 
 123:.\Generated_Source\PSoC5/CAN_INT.c ****         /* `#START BIT_ERROR_ISR` */
 124:.\Generated_Source\PSoC5/CAN_INT.c **** 
 125:.\Generated_Source\PSoC5/CAN_INT.c ****         /* `#END` */
 126:.\Generated_Source\PSoC5/CAN_INT.c **** 
 127:.\Generated_Source\PSoC5/CAN_INT.c ****         #ifdef CAN_BIT_ERROR_ISR_CALLBACK
 128:.\Generated_Source\PSoC5/CAN_INT.c ****             CAN_BitErrorIsr_Callback();
 129:.\Generated_Source\PSoC5/CAN_INT.c ****         #endif /* CAN_BIT_ERROR_ISR_CALLBACK */
 130:.\Generated_Source\PSoC5/CAN_INT.c ****     }
 131:.\Generated_Source\PSoC5/CAN_INT.c **** #endif /* CAN_BIT_ERR */
 132:.\Generated_Source\PSoC5/CAN_INT.c **** 
 133:.\Generated_Source\PSoC5/CAN_INT.c **** 
 134:.\Generated_Source\PSoC5/CAN_INT.c **** #if (CAN_STUFF_ERR)
 135:.\Generated_Source\PSoC5/CAN_INT.c ****     /*******************************************************************************
 136:.\Generated_Source\PSoC5/CAN_INT.c ****     * FUNCTION NAME:   CAN_BitStuffErrorIsr
 137:.\Generated_Source\PSoC5/CAN_INT.c ****     ********************************************************************************
 138:.\Generated_Source\PSoC5/CAN_INT.c ****     *
 139:.\Generated_Source\PSoC5/CAN_INT.c ****     * Summary:
 140:.\Generated_Source\PSoC5/CAN_INT.c ****     *  This function is entry point to Bit Stuff Error Interrupt. Clears Bit Stuff
 141:.\Generated_Source\PSoC5/CAN_INT.c ****     *  Error interrupt flag. Only generated if Bit Stuff Error Interrupt enable
 142:.\Generated_Source\PSoC5/CAN_INT.c ****     *  in Customizer.
 143:.\Generated_Source\PSoC5/CAN_INT.c ****     *
 144:.\Generated_Source\PSoC5/CAN_INT.c ****     * Parameters:
 145:.\Generated_Source\PSoC5/CAN_INT.c ****     *  None.
ARM GAS  C:\Users\charl\AppData\Local\Temp\ccDZrSsO.s 			page 4


 146:.\Generated_Source\PSoC5/CAN_INT.c ****     *
 147:.\Generated_Source\PSoC5/CAN_INT.c ****     * Return:
 148:.\Generated_Source\PSoC5/CAN_INT.c ****     *  None.
 149:.\Generated_Source\PSoC5/CAN_INT.c ****     *
 150:.\Generated_Source\PSoC5/CAN_INT.c ****     * Reentrant:
 151:.\Generated_Source\PSoC5/CAN_INT.c ****     *  Depends on Customer code.
 152:.\Generated_Source\PSoC5/CAN_INT.c ****     *
 153:.\Generated_Source\PSoC5/CAN_INT.c ****     *******************************************************************************/
 154:.\Generated_Source\PSoC5/CAN_INT.c ****     void CAN_BitStuffErrorIsr(void) 
 155:.\Generated_Source\PSoC5/CAN_INT.c ****     {
 156:.\Generated_Source\PSoC5/CAN_INT.c ****         /* Clear Stuff Error flag */
 157:.\Generated_Source\PSoC5/CAN_INT.c ****         CAN_INT_SR_REG.byte[0u] = CAN_STUFF_ERROR_MASK;
 158:.\Generated_Source\PSoC5/CAN_INT.c **** 
 159:.\Generated_Source\PSoC5/CAN_INT.c ****         /* `#START BIT_STUFF_ERROR_ISR` */
 160:.\Generated_Source\PSoC5/CAN_INT.c **** 
 161:.\Generated_Source\PSoC5/CAN_INT.c ****         /* `#END` */
 162:.\Generated_Source\PSoC5/CAN_INT.c **** 
 163:.\Generated_Source\PSoC5/CAN_INT.c ****         #ifdef CAN_BIT_STUFF_ERROR_ISR_CALLBACK
 164:.\Generated_Source\PSoC5/CAN_INT.c ****             CAN_BitStuffErrorIsr_Callback();
 165:.\Generated_Source\PSoC5/CAN_INT.c ****         #endif /* CAN_BIT_STUFF_ERROR_ISR_CALLBACK */
 166:.\Generated_Source\PSoC5/CAN_INT.c ****     }
 167:.\Generated_Source\PSoC5/CAN_INT.c **** #endif /* CAN_STUFF_ERR */
 168:.\Generated_Source\PSoC5/CAN_INT.c **** 
 169:.\Generated_Source\PSoC5/CAN_INT.c **** 
 170:.\Generated_Source\PSoC5/CAN_INT.c **** #if (CAN_ACK_ERR)
 171:.\Generated_Source\PSoC5/CAN_INT.c ****     /*******************************************************************************
 172:.\Generated_Source\PSoC5/CAN_INT.c ****     * FUNCTION NAME:   CAN_AckErrorIsr
 173:.\Generated_Source\PSoC5/CAN_INT.c ****     ********************************************************************************
 174:.\Generated_Source\PSoC5/CAN_INT.c ****     *
 175:.\Generated_Source\PSoC5/CAN_INT.c ****     * Summary:
 176:.\Generated_Source\PSoC5/CAN_INT.c ****     *  This function is entry point to Acknowledge Error Interrupt. Clears
 177:.\Generated_Source\PSoC5/CAN_INT.c ****     *  Acknowledge Error interrupt flag. Only generated if Acknowledge Error
 178:.\Generated_Source\PSoC5/CAN_INT.c ****     *  Interrupt enable in Customizer.
 179:.\Generated_Source\PSoC5/CAN_INT.c ****     *
 180:.\Generated_Source\PSoC5/CAN_INT.c ****     * Parameters:
 181:.\Generated_Source\PSoC5/CAN_INT.c ****     *  None.
 182:.\Generated_Source\PSoC5/CAN_INT.c ****     *
 183:.\Generated_Source\PSoC5/CAN_INT.c ****     * Return:
 184:.\Generated_Source\PSoC5/CAN_INT.c ****     *  None.
 185:.\Generated_Source\PSoC5/CAN_INT.c ****     *
 186:.\Generated_Source\PSoC5/CAN_INT.c ****     * Reentrant:
 187:.\Generated_Source\PSoC5/CAN_INT.c ****     *  Depends on Customer code.
 188:.\Generated_Source\PSoC5/CAN_INT.c ****     *
 189:.\Generated_Source\PSoC5/CAN_INT.c ****     *******************************************************************************/
 190:.\Generated_Source\PSoC5/CAN_INT.c ****     void CAN_AckErrorIsr(void) 
 191:.\Generated_Source\PSoC5/CAN_INT.c ****     {
 192:.\Generated_Source\PSoC5/CAN_INT.c ****         /* Clear Acknoledge Error flag */
 193:.\Generated_Source\PSoC5/CAN_INT.c ****         CAN_INT_SR_REG.byte[0u] = CAN_ACK_ERROR_MASK;
 194:.\Generated_Source\PSoC5/CAN_INT.c **** 
 195:.\Generated_Source\PSoC5/CAN_INT.c ****         /* `#START ACKNOWLEDGE_ERROR_ISR` */
 196:.\Generated_Source\PSoC5/CAN_INT.c **** 
 197:.\Generated_Source\PSoC5/CAN_INT.c ****         /* `#END` */
 198:.\Generated_Source\PSoC5/CAN_INT.c **** 
 199:.\Generated_Source\PSoC5/CAN_INT.c ****         #ifdef CAN_ACK_ERROR_ISR_CALLBACK
 200:.\Generated_Source\PSoC5/CAN_INT.c ****             CAN_AckErrorIsr_Callback();
 201:.\Generated_Source\PSoC5/CAN_INT.c ****         #endif /* CAN_ACK_ERROR_ISR_CALLBACK */
 202:.\Generated_Source\PSoC5/CAN_INT.c ****     }
ARM GAS  C:\Users\charl\AppData\Local\Temp\ccDZrSsO.s 			page 5


 203:.\Generated_Source\PSoC5/CAN_INT.c **** #endif /* CAN_ACK_ERR */
 204:.\Generated_Source\PSoC5/CAN_INT.c **** 
 205:.\Generated_Source\PSoC5/CAN_INT.c **** 
 206:.\Generated_Source\PSoC5/CAN_INT.c **** #if (CAN_FORM_ERR)
 207:.\Generated_Source\PSoC5/CAN_INT.c ****     /*******************************************************************************
 208:.\Generated_Source\PSoC5/CAN_INT.c ****     * FUNCTION NAME:   CAN_MsgErrorIsr
 209:.\Generated_Source\PSoC5/CAN_INT.c ****     ********************************************************************************
 210:.\Generated_Source\PSoC5/CAN_INT.c ****     *
 211:.\Generated_Source\PSoC5/CAN_INT.c ****     * Summary:
 212:.\Generated_Source\PSoC5/CAN_INT.c ****     *  This function is entry point to Form Error Interrupt. Clears Form Error
 213:.\Generated_Source\PSoC5/CAN_INT.c ****     *  interrupt flag. Only generated if Form Error Interrupt enable in Customizer.
 214:.\Generated_Source\PSoC5/CAN_INT.c ****     *
 215:.\Generated_Source\PSoC5/CAN_INT.c ****     * Parameters:
 216:.\Generated_Source\PSoC5/CAN_INT.c ****     *  None.
 217:.\Generated_Source\PSoC5/CAN_INT.c ****     *
 218:.\Generated_Source\PSoC5/CAN_INT.c ****     * Return:
 219:.\Generated_Source\PSoC5/CAN_INT.c ****     *  None.
 220:.\Generated_Source\PSoC5/CAN_INT.c ****     *
 221:.\Generated_Source\PSoC5/CAN_INT.c ****     * Reentrant:
 222:.\Generated_Source\PSoC5/CAN_INT.c ****     *  Depends on Customer code.
 223:.\Generated_Source\PSoC5/CAN_INT.c ****     *
 224:.\Generated_Source\PSoC5/CAN_INT.c ****     *******************************************************************************/
 225:.\Generated_Source\PSoC5/CAN_INT.c ****     void CAN_MsgErrorIsr(void) 
 226:.\Generated_Source\PSoC5/CAN_INT.c ****     {
 227:.\Generated_Source\PSoC5/CAN_INT.c ****         /* Clear Form Error flag */
 228:.\Generated_Source\PSoC5/CAN_INT.c ****         CAN_INT_SR_REG.byte[0u] = CAN_FORM_ERROR_MASK;
 229:.\Generated_Source\PSoC5/CAN_INT.c **** 
 230:.\Generated_Source\PSoC5/CAN_INT.c ****         /* `#START MESSAGE_ERROR_ISR` */
 231:.\Generated_Source\PSoC5/CAN_INT.c **** 
 232:.\Generated_Source\PSoC5/CAN_INT.c ****         /* `#END` */
 233:.\Generated_Source\PSoC5/CAN_INT.c **** 
 234:.\Generated_Source\PSoC5/CAN_INT.c ****         #ifdef CAN_MSG_ERROR_ISR_CALLBACK
 235:.\Generated_Source\PSoC5/CAN_INT.c ****             CAN_MsgErrorIsr_Callback();
 236:.\Generated_Source\PSoC5/CAN_INT.c ****         #endif /* CAN_MSG_ERROR_ISR_CALLBACK */
 237:.\Generated_Source\PSoC5/CAN_INT.c ****     }
 238:.\Generated_Source\PSoC5/CAN_INT.c **** #endif /* CAN_FORM_ERR */
 239:.\Generated_Source\PSoC5/CAN_INT.c **** 
 240:.\Generated_Source\PSoC5/CAN_INT.c **** 
 241:.\Generated_Source\PSoC5/CAN_INT.c **** #if (CAN_CRC_ERR)
 242:.\Generated_Source\PSoC5/CAN_INT.c ****     /*******************************************************************************
 243:.\Generated_Source\PSoC5/CAN_INT.c ****     * FUNCTION NAME:   CAN_CrcErrorIsr
 244:.\Generated_Source\PSoC5/CAN_INT.c ****     ********************************************************************************
 245:.\Generated_Source\PSoC5/CAN_INT.c ****     *
 246:.\Generated_Source\PSoC5/CAN_INT.c ****     * Summary:
 247:.\Generated_Source\PSoC5/CAN_INT.c ****     *  This function is entry point to CRC Error Interrupt. Clears CRC Error
 248:.\Generated_Source\PSoC5/CAN_INT.c ****     *  interrupt flag. Only generated if CRC Error Interrupt enable in Customizer.
 249:.\Generated_Source\PSoC5/CAN_INT.c ****     *
 250:.\Generated_Source\PSoC5/CAN_INT.c ****     * Parameters:
 251:.\Generated_Source\PSoC5/CAN_INT.c ****     *  None.
 252:.\Generated_Source\PSoC5/CAN_INT.c ****     *
 253:.\Generated_Source\PSoC5/CAN_INT.c ****     * Return:
 254:.\Generated_Source\PSoC5/CAN_INT.c ****     *  None.
 255:.\Generated_Source\PSoC5/CAN_INT.c ****     *
 256:.\Generated_Source\PSoC5/CAN_INT.c ****     * Reentrant:
 257:.\Generated_Source\PSoC5/CAN_INT.c ****     *  Depends on Customer code.
 258:.\Generated_Source\PSoC5/CAN_INT.c ****     *
 259:.\Generated_Source\PSoC5/CAN_INT.c ****     *******************************************************************************/
ARM GAS  C:\Users\charl\AppData\Local\Temp\ccDZrSsO.s 			page 6


 260:.\Generated_Source\PSoC5/CAN_INT.c ****     void CAN_CrcErrorIsr(void) 
 261:.\Generated_Source\PSoC5/CAN_INT.c ****     {
 262:.\Generated_Source\PSoC5/CAN_INT.c ****         /* Clear CRC Error flag */
 263:.\Generated_Source\PSoC5/CAN_INT.c ****         CAN_INT_SR_REG.byte[1u] = CAN_CRC_ERROR_MASK;
 264:.\Generated_Source\PSoC5/CAN_INT.c **** 
 265:.\Generated_Source\PSoC5/CAN_INT.c ****         /* `#START CRC_ERROR_ISR` */
 266:.\Generated_Source\PSoC5/CAN_INT.c **** 
 267:.\Generated_Source\PSoC5/CAN_INT.c ****         /* `#END` */
 268:.\Generated_Source\PSoC5/CAN_INT.c **** 
 269:.\Generated_Source\PSoC5/CAN_INT.c ****         #ifdef CAN_CRC_ERROR_ISR_CALLBACK
 270:.\Generated_Source\PSoC5/CAN_INT.c ****             CAN_CrcErrorIsr_Callback();
 271:.\Generated_Source\PSoC5/CAN_INT.c ****         #endif /* CAN_CRC_ERROR_ISR_CALLBACK */
 272:.\Generated_Source\PSoC5/CAN_INT.c ****     }
 273:.\Generated_Source\PSoC5/CAN_INT.c **** #endif /* CAN_CRC_ERR */
 274:.\Generated_Source\PSoC5/CAN_INT.c **** 
 275:.\Generated_Source\PSoC5/CAN_INT.c **** 
 276:.\Generated_Source\PSoC5/CAN_INT.c **** #if (CAN_BUS_OFF)
 277:.\Generated_Source\PSoC5/CAN_INT.c ****     /*******************************************************************************
 278:.\Generated_Source\PSoC5/CAN_INT.c ****     * FUNCTION NAME:   CAN_BusOffIsr
 279:.\Generated_Source\PSoC5/CAN_INT.c ****     ********************************************************************************
 280:.\Generated_Source\PSoC5/CAN_INT.c ****     *
 281:.\Generated_Source\PSoC5/CAN_INT.c ****     * Summary:
 282:.\Generated_Source\PSoC5/CAN_INT.c ****     *  This function is entry point to Bus Off Interrupt. Places CAN Component
 283:.\Generated_Source\PSoC5/CAN_INT.c ****     *  to Stop mode. Only generated if Bus Off Interrupt enable in Customizer.
 284:.\Generated_Source\PSoC5/CAN_INT.c ****     *  Recommended setting to enable this interrupt.
 285:.\Generated_Source\PSoC5/CAN_INT.c ****     *
 286:.\Generated_Source\PSoC5/CAN_INT.c ****     * Parameters:
 287:.\Generated_Source\PSoC5/CAN_INT.c ****     *  None.
 288:.\Generated_Source\PSoC5/CAN_INT.c ****     *
 289:.\Generated_Source\PSoC5/CAN_INT.c ****     * Return:
 290:.\Generated_Source\PSoC5/CAN_INT.c ****     *  None.
 291:.\Generated_Source\PSoC5/CAN_INT.c ****     *
 292:.\Generated_Source\PSoC5/CAN_INT.c ****     * Side Effects:
 293:.\Generated_Source\PSoC5/CAN_INT.c ****     *  Stops CAN component operation.
 294:.\Generated_Source\PSoC5/CAN_INT.c ****     *
 295:.\Generated_Source\PSoC5/CAN_INT.c ****     *******************************************************************************/
 296:.\Generated_Source\PSoC5/CAN_INT.c ****     void CAN_BusOffIsr(void) 
 297:.\Generated_Source\PSoC5/CAN_INT.c ****     {
  27              		.loc 1 297 0
  28              		.cfi_startproc
  29              		@ args = 0, pretend = 0, frame = 0
  30              		@ frame_needed = 0, uses_anonymous_args = 0
  31 0000 08B5     		push	{r3, lr}
  32              		.cfi_def_cfa_offset 8
  33              		.cfi_offset 3, -8
  34              		.cfi_offset 14, -4
 298:.\Generated_Source\PSoC5/CAN_INT.c ****         /* Clear Bus Off flag */
 299:.\Generated_Source\PSoC5/CAN_INT.c ****         CAN_INT_SR_REG.byte[1u] = CAN_BUS_OFF_MASK;
  35              		.loc 1 299 0
  36 0002 0222     		movs	r2, #2
  37 0004 034B     		ldr	r3, .L3
  38 0006 5A70     		strb	r2, [r3, #1]
 300:.\Generated_Source\PSoC5/CAN_INT.c ****         (void) CAN_GlobalIntDisable();
  39              		.loc 1 300 0
  40 0008 FFF7FEFF 		bl	CAN_GlobalIntDisable
  41              	.LVL0:
 301:.\Generated_Source\PSoC5/CAN_INT.c **** 
ARM GAS  C:\Users\charl\AppData\Local\Temp\ccDZrSsO.s 			page 7


 302:.\Generated_Source\PSoC5/CAN_INT.c ****         /* `#START BUS_OFF_ISR` */
 303:.\Generated_Source\PSoC5/CAN_INT.c **** 
 304:.\Generated_Source\PSoC5/CAN_INT.c ****         /* `#END` */
 305:.\Generated_Source\PSoC5/CAN_INT.c **** 
 306:.\Generated_Source\PSoC5/CAN_INT.c ****         #ifdef CAN_BUS_OFF_ISR_CALLBACK
 307:.\Generated_Source\PSoC5/CAN_INT.c ****             CAN_BusOffIsr_Callback();
 308:.\Generated_Source\PSoC5/CAN_INT.c ****         #endif /* CAN_BUS_OFF_ISR_CALLBACK */
 309:.\Generated_Source\PSoC5/CAN_INT.c **** 
 310:.\Generated_Source\PSoC5/CAN_INT.c ****         (void) CAN_Stop();
  42              		.loc 1 310 0
  43 000c FFF7FEFF 		bl	CAN_Stop
  44              	.LVL1:
  45 0010 08BD     		pop	{r3, pc}
  46              	.L4:
  47 0012 00BF     		.align	2
  48              	.L3:
  49 0014 00A00040 		.word	1073782784
  50              		.cfi_endproc
  51              	.LFE0:
  52              		.size	CAN_BusOffIsr, .-CAN_BusOffIsr
  53              		.section	.text.CAN_MsgRXIsr,"ax",%progbits
  54              		.align	2
  55              		.global	CAN_MsgRXIsr
  56              		.thumb
  57              		.thumb_func
  58              		.type	CAN_MsgRXIsr, %function
  59              	CAN_MsgRXIsr:
  60              	.LFB1:
 311:.\Generated_Source\PSoC5/CAN_INT.c ****     }
 312:.\Generated_Source\PSoC5/CAN_INT.c **** #endif /* CAN_BUS_OFF */
 313:.\Generated_Source\PSoC5/CAN_INT.c **** 
 314:.\Generated_Source\PSoC5/CAN_INT.c **** 
 315:.\Generated_Source\PSoC5/CAN_INT.c **** #if (CAN_RX_MSG_LOST)
 316:.\Generated_Source\PSoC5/CAN_INT.c ****     /*******************************************************************************
 317:.\Generated_Source\PSoC5/CAN_INT.c ****     * FUNCTION NAME:   CAN_MsgLostIsr
 318:.\Generated_Source\PSoC5/CAN_INT.c ****     ********************************************************************************
 319:.\Generated_Source\PSoC5/CAN_INT.c ****     *
 320:.\Generated_Source\PSoC5/CAN_INT.c ****     * Summary:
 321:.\Generated_Source\PSoC5/CAN_INT.c ****     *  This function is entry point to Message Lost Interrupt. Clears Message Lost
 322:.\Generated_Source\PSoC5/CAN_INT.c ****     *  interrupt flag. Only generated if Message Lost Interrupt enable in Customizer
 323:.\Generated_Source\PSoC5/CAN_INT.c ****     *
 324:.\Generated_Source\PSoC5/CAN_INT.c ****     * Parameters:
 325:.\Generated_Source\PSoC5/CAN_INT.c ****     *  None.
 326:.\Generated_Source\PSoC5/CAN_INT.c ****     *
 327:.\Generated_Source\PSoC5/CAN_INT.c ****     * Return:
 328:.\Generated_Source\PSoC5/CAN_INT.c ****     *  None.
 329:.\Generated_Source\PSoC5/CAN_INT.c ****     *
 330:.\Generated_Source\PSoC5/CAN_INT.c ****     * Reentrant:
 331:.\Generated_Source\PSoC5/CAN_INT.c ****     *  Depends on Customer code.
 332:.\Generated_Source\PSoC5/CAN_INT.c ****     *
 333:.\Generated_Source\PSoC5/CAN_INT.c ****     *******************************************************************************/
 334:.\Generated_Source\PSoC5/CAN_INT.c ****     void CAN_MsgLostIsr(void) 
 335:.\Generated_Source\PSoC5/CAN_INT.c ****     {
 336:.\Generated_Source\PSoC5/CAN_INT.c ****         /* Clear Receive Message Lost flag */
 337:.\Generated_Source\PSoC5/CAN_INT.c ****         CAN_INT_SR_REG.byte[1u] = CAN_RX_MSG_LOST_MASK;
 338:.\Generated_Source\PSoC5/CAN_INT.c **** 
 339:.\Generated_Source\PSoC5/CAN_INT.c ****         /* `#START MESSAGE_LOST_ISR` */
ARM GAS  C:\Users\charl\AppData\Local\Temp\ccDZrSsO.s 			page 8


 340:.\Generated_Source\PSoC5/CAN_INT.c **** 
 341:.\Generated_Source\PSoC5/CAN_INT.c ****         /* `#END` */
 342:.\Generated_Source\PSoC5/CAN_INT.c **** 
 343:.\Generated_Source\PSoC5/CAN_INT.c ****         #ifdef CAN_MSG_LOST_ISR_CALLBACK
 344:.\Generated_Source\PSoC5/CAN_INT.c ****             CAN_MsgLostIsr_Callback();
 345:.\Generated_Source\PSoC5/CAN_INT.c ****         #endif /* CAN_MSG_LOST_ISR_CALLBACK */
 346:.\Generated_Source\PSoC5/CAN_INT.c ****     }
 347:.\Generated_Source\PSoC5/CAN_INT.c **** #endif /* CAN_RX_MSG_LOST */
 348:.\Generated_Source\PSoC5/CAN_INT.c **** 
 349:.\Generated_Source\PSoC5/CAN_INT.c **** 
 350:.\Generated_Source\PSoC5/CAN_INT.c **** #if (CAN_TX_MESSAGE)
 351:.\Generated_Source\PSoC5/CAN_INT.c ****     /*******************************************************************************
 352:.\Generated_Source\PSoC5/CAN_INT.c ****     * FUNCTION NAME:   CAN_MsgTXIsr
 353:.\Generated_Source\PSoC5/CAN_INT.c ****     ********************************************************************************
 354:.\Generated_Source\PSoC5/CAN_INT.c ****     *
 355:.\Generated_Source\PSoC5/CAN_INT.c ****     * Summary:
 356:.\Generated_Source\PSoC5/CAN_INT.c ****     *  This function is entry point to Transmit Message Interrupt. Clears Transmit
 357:.\Generated_Source\PSoC5/CAN_INT.c ****     *  Message interrupt flag. Only generated if Transmit Message Interrupt enable
 358:.\Generated_Source\PSoC5/CAN_INT.c ****     *  in Customizer.
 359:.\Generated_Source\PSoC5/CAN_INT.c ****     *
 360:.\Generated_Source\PSoC5/CAN_INT.c ****     * Parameters:
 361:.\Generated_Source\PSoC5/CAN_INT.c ****     *  None.
 362:.\Generated_Source\PSoC5/CAN_INT.c ****     *
 363:.\Generated_Source\PSoC5/CAN_INT.c ****     * Return:
 364:.\Generated_Source\PSoC5/CAN_INT.c ****     *  None.
 365:.\Generated_Source\PSoC5/CAN_INT.c ****     *
 366:.\Generated_Source\PSoC5/CAN_INT.c ****     * Reentrant:
 367:.\Generated_Source\PSoC5/CAN_INT.c ****     *  Depends on Customer code.
 368:.\Generated_Source\PSoC5/CAN_INT.c ****     *
 369:.\Generated_Source\PSoC5/CAN_INT.c ****     *******************************************************************************/
 370:.\Generated_Source\PSoC5/CAN_INT.c ****     void CAN_MsgTXIsr(void) 
 371:.\Generated_Source\PSoC5/CAN_INT.c ****     {
 372:.\Generated_Source\PSoC5/CAN_INT.c ****         /* Clear Transmit Message flag */
 373:.\Generated_Source\PSoC5/CAN_INT.c ****         CAN_INT_SR_REG.byte[1u] = CAN_TX_MESSAGE_MASK;
 374:.\Generated_Source\PSoC5/CAN_INT.c **** 
 375:.\Generated_Source\PSoC5/CAN_INT.c ****         /* `#START MESSAGE_TRANSMITTED_ISR` */
 376:.\Generated_Source\PSoC5/CAN_INT.c **** 
 377:.\Generated_Source\PSoC5/CAN_INT.c ****         /* `#END` */
 378:.\Generated_Source\PSoC5/CAN_INT.c **** 
 379:.\Generated_Source\PSoC5/CAN_INT.c ****         #ifdef CAN_MSG_TX_ISR_CALLBACK
 380:.\Generated_Source\PSoC5/CAN_INT.c ****             CAN_MsgTXIsr_Callback();
 381:.\Generated_Source\PSoC5/CAN_INT.c ****         #endif /* CAN_MSG_TX_ISR_CALLBACK */
 382:.\Generated_Source\PSoC5/CAN_INT.c ****     }
 383:.\Generated_Source\PSoC5/CAN_INT.c **** #endif /* CAN_TX_MESSAGE */
 384:.\Generated_Source\PSoC5/CAN_INT.c **** 
 385:.\Generated_Source\PSoC5/CAN_INT.c **** 
 386:.\Generated_Source\PSoC5/CAN_INT.c **** #if (CAN_RX_MESSAGE)
 387:.\Generated_Source\PSoC5/CAN_INT.c ****     /*******************************************************************************
 388:.\Generated_Source\PSoC5/CAN_INT.c ****     * FUNCTION NAME:   CAN_MsgRXIsr
 389:.\Generated_Source\PSoC5/CAN_INT.c ****     ********************************************************************************
 390:.\Generated_Source\PSoC5/CAN_INT.c ****     *
 391:.\Generated_Source\PSoC5/CAN_INT.c ****     * Summary:
 392:.\Generated_Source\PSoC5/CAN_INT.c ****     *  This function is entry point to Receive Message Interrupt. Clears Receive
 393:.\Generated_Source\PSoC5/CAN_INT.c ****     *  Message interrupt flag and call appropriate handlers for Basic and Full
 394:.\Generated_Source\PSoC5/CAN_INT.c ****     *  interrupt based mailboxes. Only generated if Receive Message Interrupt
 395:.\Generated_Source\PSoC5/CAN_INT.c ****     *  enable in Customizer. Recommended setting to enable this interrupt.
 396:.\Generated_Source\PSoC5/CAN_INT.c ****     *
ARM GAS  C:\Users\charl\AppData\Local\Temp\ccDZrSsO.s 			page 9


 397:.\Generated_Source\PSoC5/CAN_INT.c ****     * Parameters:
 398:.\Generated_Source\PSoC5/CAN_INT.c ****     *  None.
 399:.\Generated_Source\PSoC5/CAN_INT.c ****     *
 400:.\Generated_Source\PSoC5/CAN_INT.c ****     * Return:
 401:.\Generated_Source\PSoC5/CAN_INT.c ****     *  None.
 402:.\Generated_Source\PSoC5/CAN_INT.c ****     *
 403:.\Generated_Source\PSoC5/CAN_INT.c ****     *******************************************************************************/
 404:.\Generated_Source\PSoC5/CAN_INT.c ****     void CAN_MsgRXIsr(void) 
 405:.\Generated_Source\PSoC5/CAN_INT.c ****     {
  61              		.loc 1 405 0
  62              		.cfi_startproc
  63              		@ args = 0, pretend = 0, frame = 0
  64              		@ frame_needed = 0, uses_anonymous_args = 0
  65 0000 38B5     		push	{r3, r4, r5, lr}
  66              		.cfi_def_cfa_offset 16
  67              		.cfi_offset 3, -16
  68              		.cfi_offset 4, -12
  69              		.cfi_offset 5, -8
  70              		.cfi_offset 14, -4
  71              	.LVL2:
 406:.\Generated_Source\PSoC5/CAN_INT.c ****         uint8 mailboxNumber;
 407:.\Generated_Source\PSoC5/CAN_INT.c ****         uint16 shift = 0x01u;
 408:.\Generated_Source\PSoC5/CAN_INT.c **** 
 409:.\Generated_Source\PSoC5/CAN_INT.c ****         /* Clear Receive Message flag */
 410:.\Generated_Source\PSoC5/CAN_INT.c ****         CAN_INT_SR_REG.byte[1u] = CAN_RX_MESSAGE_MASK;
  72              		.loc 1 410 0
  73 0002 1022     		movs	r2, #16
  74 0004 1A4B     		ldr	r3, .L18
  75 0006 5A70     		strb	r2, [r3, #1]
  76              	.LVL3:
 407:.\Generated_Source\PSoC5/CAN_INT.c **** 
  77              		.loc 1 407 0
  78 0008 0125     		movs	r5, #1
 411:.\Generated_Source\PSoC5/CAN_INT.c **** 
 412:.\Generated_Source\PSoC5/CAN_INT.c ****         /* `#START MESSAGE_RECEIVE_ISR` */
 413:.\Generated_Source\PSoC5/CAN_INT.c **** 
 414:.\Generated_Source\PSoC5/CAN_INT.c ****         /* `#END` */
 415:.\Generated_Source\PSoC5/CAN_INT.c **** 
 416:.\Generated_Source\PSoC5/CAN_INT.c ****         #ifdef CAN_MSG_RX_ISR_CALLBACK
 417:.\Generated_Source\PSoC5/CAN_INT.c ****             CAN_MsgRXIsr_Callback();
 418:.\Generated_Source\PSoC5/CAN_INT.c ****         #endif /* CAN_MSG_RX_ISR_CALLBACK */
 419:.\Generated_Source\PSoC5/CAN_INT.c **** 
 420:.\Generated_Source\PSoC5/CAN_INT.c ****         for (mailboxNumber = 0u; mailboxNumber < CAN_NUMBER_OF_RX_MAILBOXES; mailboxNumber++)
  79              		.loc 1 420 0
  80 000a 0024     		movs	r4, #0
  81 000c 2CE0     		b	.L6
  82              	.LVL4:
  83              	.L16:
 421:.\Generated_Source\PSoC5/CAN_INT.c ****         {
 422:.\Generated_Source\PSoC5/CAN_INT.c ****             if ((CY_GET_REG16((reg16 *) &CAN_BUF_SR_REG.byte[0u]) & shift) != 0u)
  84              		.loc 1 422 0
  85 000e 194B     		ldr	r3, .L18+4
  86 0010 1B88     		ldrh	r3, [r3]
  87 0012 1D42     		tst	r5, r3
  88 0014 24D0     		beq	.L7
 423:.\Generated_Source\PSoC5/CAN_INT.c ****             {
 424:.\Generated_Source\PSoC5/CAN_INT.c ****                 if ((CAN_RX[mailboxNumber].rxcmd.byte[0u] & CAN_RX_INT_ENABLE_MASK) != 0u)
ARM GAS  C:\Users\charl\AppData\Local\Temp\ccDZrSsO.s 			page 10


  89              		.loc 1 424 0
  90 0016 6301     		lsls	r3, r4, #5
  91 0018 174A     		ldr	r2, .L18+8
  92 001a 9B5C     		ldrb	r3, [r3, r2]	@ zero_extendqisi2
  93 001c 13F0200F 		tst	r3, #32
  94 0020 1ED0     		beq	.L7
 425:.\Generated_Source\PSoC5/CAN_INT.c ****                 {
 426:.\Generated_Source\PSoC5/CAN_INT.c ****                     if ((CAN_RX_MAILBOX_TYPE & shift) != 0u)
  95              		.loc 1 426 0
  96 0022 15F03F0F 		tst	r5, #63
  97 0026 18D0     		beq	.L8
 427:.\Generated_Source\PSoC5/CAN_INT.c ****                     {
 428:.\Generated_Source\PSoC5/CAN_INT.c ****                         /* RX Full mailboxes handler */
 429:.\Generated_Source\PSoC5/CAN_INT.c ****                         switch(mailboxNumber)
  98              		.loc 1 429 0
  99 0028 052C     		cmp	r4, #5
 100 002a 19D8     		bhi	.L7
 101 002c DFE804F0 		tbb	[pc, r4]
 102              	.L10:
 103 0030 03       		.byte	(.L9-.L10)/2
 104 0031 06       		.byte	(.L11-.L10)/2
 105 0032 09       		.byte	(.L12-.L10)/2
 106 0033 0C       		.byte	(.L13-.L10)/2
 107 0034 0F       		.byte	(.L14-.L10)/2
 108 0035 12       		.byte	(.L15-.L10)/2
 109              		.p2align 1
 110              	.L9:
 430:.\Generated_Source\PSoC5/CAN_INT.c ****                         {
 431:.\Generated_Source\PSoC5/CAN_INT.c ****                             case 0u : CAN_ReceiveMsgRPM();
 111              		.loc 1 431 0
 112 0036 FFF7FEFF 		bl	CAN_ReceiveMsgRPM
 113              	.LVL5:
 432:.\Generated_Source\PSoC5/CAN_INT.c ****                             break;
 114              		.loc 1 432 0
 115 003a 11E0     		b	.L7
 116              	.L11:
 433:.\Generated_Source\PSoC5/CAN_INT.c ****                             case 1u : CAN_ReceiveMsgECT();
 117              		.loc 1 433 0
 118 003c FFF7FEFF 		bl	CAN_ReceiveMsgECT
 119              	.LVL6:
 434:.\Generated_Source\PSoC5/CAN_INT.c ****                             break;
 120              		.loc 1 434 0
 121 0040 0EE0     		b	.L7
 122              	.L12:
 435:.\Generated_Source\PSoC5/CAN_INT.c ****                             case 2u : CAN_ReceiveMsgEGT();
 123              		.loc 1 435 0
 124 0042 FFF7FEFF 		bl	CAN_ReceiveMsgEGT
 125              	.LVL7:
 436:.\Generated_Source\PSoC5/CAN_INT.c ****                             break;
 126              		.loc 1 436 0
 127 0046 0BE0     		b	.L7
 128              	.L13:
 437:.\Generated_Source\PSoC5/CAN_INT.c ****                             case 3u : CAN_ReceiveMsgBP();
 129              		.loc 1 437 0
 130 0048 FFF7FEFF 		bl	CAN_ReceiveMsgBP
 131              	.LVL8:
 438:.\Generated_Source\PSoC5/CAN_INT.c ****                             break;
ARM GAS  C:\Users\charl\AppData\Local\Temp\ccDZrSsO.s 			page 11


 132              		.loc 1 438 0
 133 004c 08E0     		b	.L7
 134              	.L14:
 439:.\Generated_Source\PSoC5/CAN_INT.c ****                             case 4u : CAN_ReceiveMsgSPD();
 135              		.loc 1 439 0
 136 004e FFF7FEFF 		bl	CAN_ReceiveMsgSPD
 137              	.LVL9:
 440:.\Generated_Source\PSoC5/CAN_INT.c ****                             break;
 138              		.loc 1 440 0
 139 0052 05E0     		b	.L7
 140              	.L15:
 441:.\Generated_Source\PSoC5/CAN_INT.c ****                             case 5u : CAN_ReceiveMsgOT();
 141              		.loc 1 441 0
 142 0054 FFF7FEFF 		bl	CAN_ReceiveMsgOT
 143              	.LVL10:
 442:.\Generated_Source\PSoC5/CAN_INT.c ****                             break;
 144              		.loc 1 442 0
 145 0058 02E0     		b	.L7
 146              	.L8:
 443:.\Generated_Source\PSoC5/CAN_INT.c ****                             default:
 444:.\Generated_Source\PSoC5/CAN_INT.c ****                             break;
 445:.\Generated_Source\PSoC5/CAN_INT.c ****                         }
 446:.\Generated_Source\PSoC5/CAN_INT.c ****                     }
 447:.\Generated_Source\PSoC5/CAN_INT.c ****                     else
 448:.\Generated_Source\PSoC5/CAN_INT.c ****                     {
 449:.\Generated_Source\PSoC5/CAN_INT.c ****                         /* RX Basic mailbox handler */
 450:.\Generated_Source\PSoC5/CAN_INT.c ****                         CAN_ReceiveMsg(mailboxNumber);
 147              		.loc 1 450 0
 148 005a 2046     		mov	r0, r4
 149 005c FFF7FEFF 		bl	CAN_ReceiveMsg
 150              	.LVL11:
 151              	.L7:
 451:.\Generated_Source\PSoC5/CAN_INT.c ****                     }
 452:.\Generated_Source\PSoC5/CAN_INT.c ****                 }
 453:.\Generated_Source\PSoC5/CAN_INT.c ****             }
 454:.\Generated_Source\PSoC5/CAN_INT.c ****             shift <<= 1u;
 152              		.loc 1 454 0 discriminator 2
 153 0060 6D00     		lsls	r5, r5, #1
 154              	.LVL12:
 155 0062 ADB2     		uxth	r5, r5
 156              	.LVL13:
 420:.\Generated_Source\PSoC5/CAN_INT.c ****         {
 157              		.loc 1 420 0 discriminator 2
 158 0064 0134     		adds	r4, r4, #1
 159              	.LVL14:
 160 0066 E4B2     		uxtb	r4, r4
 161              	.LVL15:
 162              	.L6:
 420:.\Generated_Source\PSoC5/CAN_INT.c ****         {
 163              		.loc 1 420 0 is_stmt 0 discriminator 1
 164 0068 0F2C     		cmp	r4, #15
 165 006a D0D9     		bls	.L16
 455:.\Generated_Source\PSoC5/CAN_INT.c ****         }
 456:.\Generated_Source\PSoC5/CAN_INT.c ****     }
 166              		.loc 1 456 0 is_stmt 1
 167 006c 38BD     		pop	{r3, r4, r5, pc}
 168              	.LVL16:
ARM GAS  C:\Users\charl\AppData\Local\Temp\ccDZrSsO.s 			page 12


 169              	.L19:
 170 006e 00BF     		.align	2
 171              	.L18:
 172 0070 00A00040 		.word	1073782784
 173 0074 08A00040 		.word	1073782792
 174 0078 A0A00040 		.word	1073782944
 175              		.cfi_endproc
 176              	.LFE1:
 177              		.size	CAN_MsgRXIsr, .-CAN_MsgRXIsr
 178              		.section	.text.CAN_ISR,"ax",%progbits
 179              		.align	2
 180              		.global	CAN_ISR
 181              		.thumb
 182              		.thumb_func
 183              		.type	CAN_ISR, %function
 184              	CAN_ISR:
 185              	.LFB2:
 457:.\Generated_Source\PSoC5/CAN_INT.c **** #endif /* CAN_RX_MESSAGE */
 458:.\Generated_Source\PSoC5/CAN_INT.c **** 
 459:.\Generated_Source\PSoC5/CAN_INT.c **** 
 460:.\Generated_Source\PSoC5/CAN_INT.c **** /*******************************************************************************
 461:.\Generated_Source\PSoC5/CAN_INT.c **** * Function Name: CAN_ISR
 462:.\Generated_Source\PSoC5/CAN_INT.c **** ********************************************************************************
 463:.\Generated_Source\PSoC5/CAN_INT.c **** *
 464:.\Generated_Source\PSoC5/CAN_INT.c **** * Summary:
 465:.\Generated_Source\PSoC5/CAN_INT.c **** *  This ISR is executed when CAN Core generates and interrupt on one of events:
 466:.\Generated_Source\PSoC5/CAN_INT.c **** *  Arb_lost, Overload, Bit_err, Stuff_err, Ack_err, Form_err, Crc_err,
 467:.\Generated_Source\PSoC5/CAN_INT.c **** *  Buss_off, Rx_msg_lost, Tx_msg or Rx_msg. The interrupt sources depends
 468:.\Generated_Source\PSoC5/CAN_INT.c **** *  on the Customizer inputs.
 469:.\Generated_Source\PSoC5/CAN_INT.c **** *
 470:.\Generated_Source\PSoC5/CAN_INT.c **** * Parameters:
 471:.\Generated_Source\PSoC5/CAN_INT.c **** *  None.
 472:.\Generated_Source\PSoC5/CAN_INT.c **** *
 473:.\Generated_Source\PSoC5/CAN_INT.c **** * Return:
 474:.\Generated_Source\PSoC5/CAN_INT.c **** *  None.
 475:.\Generated_Source\PSoC5/CAN_INT.c **** *
 476:.\Generated_Source\PSoC5/CAN_INT.c **** *******************************************************************************/
 477:.\Generated_Source\PSoC5/CAN_INT.c **** CY_ISR(CAN_ISR)
 478:.\Generated_Source\PSoC5/CAN_INT.c **** {
 186              		.loc 1 478 0
 187              		.cfi_startproc
 188              		@ args = 0, pretend = 0, frame = 0
 189              		@ frame_needed = 0, uses_anonymous_args = 0
 190 0000 08B5     		push	{r3, lr}
 191              		.cfi_def_cfa_offset 8
 192              		.cfi_offset 3, -8
 193              		.cfi_offset 14, -4
 479:.\Generated_Source\PSoC5/CAN_INT.c ****     #ifdef CAN_ISR_INTERRUPT_CALLBACK
 480:.\Generated_Source\PSoC5/CAN_INT.c ****         CAN_ISR_InterruptCallback();
 481:.\Generated_Source\PSoC5/CAN_INT.c ****     #endif /* CAN_ISR_INTERRUPT_CALLBACK */
 482:.\Generated_Source\PSoC5/CAN_INT.c ****     
 483:.\Generated_Source\PSoC5/CAN_INT.c ****     /* Place your Interrupt code here. */
 484:.\Generated_Source\PSoC5/CAN_INT.c ****     /* `#START CAN_ISR` */
 485:.\Generated_Source\PSoC5/CAN_INT.c **** 
 486:.\Generated_Source\PSoC5/CAN_INT.c ****     /* `#END` */
 487:.\Generated_Source\PSoC5/CAN_INT.c ****     
 488:.\Generated_Source\PSoC5/CAN_INT.c ****     /* Arbitration */
ARM GAS  C:\Users\charl\AppData\Local\Temp\ccDZrSsO.s 			page 13


 489:.\Generated_Source\PSoC5/CAN_INT.c ****     #if (CAN_ARB_LOST && (CAN_ARB_LOST_USE_HELPER || \
 490:.\Generated_Source\PSoC5/CAN_INT.c ****         (!CAN_ADVANCED_INTERRUPT_CFG)))
 491:.\Generated_Source\PSoC5/CAN_INT.c ****         if ((CAN_INT_SR_REG.byte[0u] & CAN_ARBITRATION_LOST_MASK) != 0u)
 492:.\Generated_Source\PSoC5/CAN_INT.c ****         {
 493:.\Generated_Source\PSoC5/CAN_INT.c ****             CAN_ArbLostIsr();
 494:.\Generated_Source\PSoC5/CAN_INT.c ****         }
 495:.\Generated_Source\PSoC5/CAN_INT.c ****     #endif /* CAN_ARB_LOST && CAN_ARB_LOST_USE_HELPER */
 496:.\Generated_Source\PSoC5/CAN_INT.c **** 
 497:.\Generated_Source\PSoC5/CAN_INT.c ****     /* Overload Error */
 498:.\Generated_Source\PSoC5/CAN_INT.c ****     #if (CAN_OVERLOAD && (CAN_OVERLOAD_USE_HELPER || \
 499:.\Generated_Source\PSoC5/CAN_INT.c ****         (!CAN_ADVANCED_INTERRUPT_CFG)))
 500:.\Generated_Source\PSoC5/CAN_INT.c ****         if ((CAN_INT_SR_REG.byte[0u] & CAN_OVERLOAD_ERROR_MASK) != 0u)
 501:.\Generated_Source\PSoC5/CAN_INT.c ****         {
 502:.\Generated_Source\PSoC5/CAN_INT.c ****             CAN_OvrLdErrorIsr();
 503:.\Generated_Source\PSoC5/CAN_INT.c ****         }
 504:.\Generated_Source\PSoC5/CAN_INT.c ****     #endif /* CAN_OVERLOAD && CAN_OVERLOAD_USE_HELPER */
 505:.\Generated_Source\PSoC5/CAN_INT.c **** 
 506:.\Generated_Source\PSoC5/CAN_INT.c ****     /* Bit Error */
 507:.\Generated_Source\PSoC5/CAN_INT.c ****     #if (CAN_BIT_ERR && (CAN_BIT_ERR_USE_HELPER || \
 508:.\Generated_Source\PSoC5/CAN_INT.c ****         (!CAN_ADVANCED_INTERRUPT_CFG)))
 509:.\Generated_Source\PSoC5/CAN_INT.c ****         if ((CAN_INT_SR_REG.byte[0u] & CAN_BIT_ERROR_MASK) != 0u)
 510:.\Generated_Source\PSoC5/CAN_INT.c ****         {
 511:.\Generated_Source\PSoC5/CAN_INT.c ****             CAN_BitErrorIsr();
 512:.\Generated_Source\PSoC5/CAN_INT.c ****         }
 513:.\Generated_Source\PSoC5/CAN_INT.c ****     #endif /* CAN_BIT_ERR && CAN_BIT_ERR_USE_HELPER */
 514:.\Generated_Source\PSoC5/CAN_INT.c **** 
 515:.\Generated_Source\PSoC5/CAN_INT.c ****     /* Bit Staff Error */
 516:.\Generated_Source\PSoC5/CAN_INT.c ****     #if (CAN_STUFF_ERR && (CAN_STUFF_ERR_USE_HELPER || \
 517:.\Generated_Source\PSoC5/CAN_INT.c ****         (!CAN_ADVANCED_INTERRUPT_CFG)))
 518:.\Generated_Source\PSoC5/CAN_INT.c ****         if ((CAN_INT_SR_REG.byte[0u] & CAN_STUFF_ERROR_MASK) != 0u)
 519:.\Generated_Source\PSoC5/CAN_INT.c ****         {
 520:.\Generated_Source\PSoC5/CAN_INT.c ****             CAN_BitStuffErrorIsr();
 521:.\Generated_Source\PSoC5/CAN_INT.c ****         }
 522:.\Generated_Source\PSoC5/CAN_INT.c ****     #endif /* CAN_STUFF_ERR && CAN_STUFF_ERR_USE_HELPER */
 523:.\Generated_Source\PSoC5/CAN_INT.c **** 
 524:.\Generated_Source\PSoC5/CAN_INT.c ****     /* ACK Error */
 525:.\Generated_Source\PSoC5/CAN_INT.c ****     #if (CAN_ACK_ERR && (CAN_ACK_ERR_USE_HELPER || \
 526:.\Generated_Source\PSoC5/CAN_INT.c ****         (!CAN_ADVANCED_INTERRUPT_CFG)))
 527:.\Generated_Source\PSoC5/CAN_INT.c ****         if ((CAN_INT_SR_REG.byte[0u] & CAN_ACK_ERROR_MASK) != 0u)
 528:.\Generated_Source\PSoC5/CAN_INT.c ****         {
 529:.\Generated_Source\PSoC5/CAN_INT.c ****             CAN_AckErrorIsr();
 530:.\Generated_Source\PSoC5/CAN_INT.c ****         }
 531:.\Generated_Source\PSoC5/CAN_INT.c ****     #endif /* CAN_ACK_ERR && CAN_ACK_ERR_USE_HELPER */
 532:.\Generated_Source\PSoC5/CAN_INT.c **** 
 533:.\Generated_Source\PSoC5/CAN_INT.c ****     /* Form(msg) Error */
 534:.\Generated_Source\PSoC5/CAN_INT.c ****     #if (CAN_FORM_ERR && (CAN_FORM_ERR_USE_HELPER || \
 535:.\Generated_Source\PSoC5/CAN_INT.c ****         (!CAN_ADVANCED_INTERRUPT_CFG)))
 536:.\Generated_Source\PSoC5/CAN_INT.c ****         if ((CAN_INT_SR_REG.byte[0u] & CAN_FORM_ERROR_MASK) != 0u)
 537:.\Generated_Source\PSoC5/CAN_INT.c ****         {
 538:.\Generated_Source\PSoC5/CAN_INT.c ****             CAN_MsgErrorIsr();
 539:.\Generated_Source\PSoC5/CAN_INT.c ****         }
 540:.\Generated_Source\PSoC5/CAN_INT.c ****     #endif /* CAN_FORM_ERR && CAN_FORM_ERR_USE_HELPER */
 541:.\Generated_Source\PSoC5/CAN_INT.c **** 
 542:.\Generated_Source\PSoC5/CAN_INT.c ****     /* CRC Error */
 543:.\Generated_Source\PSoC5/CAN_INT.c ****     #if (CAN_CRC_ERR && (CAN_CRC_ERR_USE_HELPER || \
 544:.\Generated_Source\PSoC5/CAN_INT.c ****         (!CAN_ADVANCED_INTERRUPT_CFG)))
 545:.\Generated_Source\PSoC5/CAN_INT.c ****         if ((CAN_INT_SR_REG.byte[1u] & CAN_CRC_ERROR_MASK) != 0u)
ARM GAS  C:\Users\charl\AppData\Local\Temp\ccDZrSsO.s 			page 14


 546:.\Generated_Source\PSoC5/CAN_INT.c ****         {
 547:.\Generated_Source\PSoC5/CAN_INT.c ****             CAN_CrcErrorIsr();
 548:.\Generated_Source\PSoC5/CAN_INT.c ****         }
 549:.\Generated_Source\PSoC5/CAN_INT.c ****     #endif /* CAN_CRC_ERR && CAN_CRC_ERR_USE_HELPER */
 550:.\Generated_Source\PSoC5/CAN_INT.c **** 
 551:.\Generated_Source\PSoC5/CAN_INT.c ****     /* Bus Off state */
 552:.\Generated_Source\PSoC5/CAN_INT.c ****     #if (CAN_BUS_OFF && (CAN_BUS_OFF_USE_HELPER || \
 553:.\Generated_Source\PSoC5/CAN_INT.c ****         (!CAN_ADVANCED_INTERRUPT_CFG)))
 554:.\Generated_Source\PSoC5/CAN_INT.c ****         if ((CAN_INT_SR_REG.byte[1u] & CAN_BUS_OFF_MASK) != 0u)
 194              		.loc 1 554 0
 195 0002 074B     		ldr	r3, .L24
 196 0004 5B78     		ldrb	r3, [r3, #1]	@ zero_extendqisi2
 197 0006 13F0020F 		tst	r3, #2
 198 000a 01D0     		beq	.L21
 555:.\Generated_Source\PSoC5/CAN_INT.c ****         {
 556:.\Generated_Source\PSoC5/CAN_INT.c ****             CAN_BusOffIsr();
 199              		.loc 1 556 0
 200 000c FFF7FEFF 		bl	CAN_BusOffIsr
 201              	.LVL17:
 202              	.L21:
 557:.\Generated_Source\PSoC5/CAN_INT.c ****         }
 558:.\Generated_Source\PSoC5/CAN_INT.c ****     #endif /* CAN_BUS_OFF && CAN_BUS_OFF_USE_HELPER */
 559:.\Generated_Source\PSoC5/CAN_INT.c **** 
 560:.\Generated_Source\PSoC5/CAN_INT.c ****     /* Message Lost */
 561:.\Generated_Source\PSoC5/CAN_INT.c ****     #if (CAN_RX_MSG_LOST && (CAN_RX_MSG_LOST_USE_HELPER || \
 562:.\Generated_Source\PSoC5/CAN_INT.c ****         (!CAN_ADVANCED_INTERRUPT_CFG)))
 563:.\Generated_Source\PSoC5/CAN_INT.c ****         if ((CAN_INT_SR_REG.byte[1u] & CAN_RX_MSG_LOST_MASK) != 0u)
 564:.\Generated_Source\PSoC5/CAN_INT.c ****         {
 565:.\Generated_Source\PSoC5/CAN_INT.c ****             CAN_MsgLostIsr();
 566:.\Generated_Source\PSoC5/CAN_INT.c ****         }
 567:.\Generated_Source\PSoC5/CAN_INT.c ****     #endif /* CAN_RX_MSG_LOST && CAN_RX_MSG_LOST_USE_HELPER */
 568:.\Generated_Source\PSoC5/CAN_INT.c **** 
 569:.\Generated_Source\PSoC5/CAN_INT.c ****     /* TX Message Send */
 570:.\Generated_Source\PSoC5/CAN_INT.c ****     #if (CAN_TX_MESSAGE && (CAN_TX_MESSAGE_USE_HELPER || \
 571:.\Generated_Source\PSoC5/CAN_INT.c ****         (!CAN_ADVANCED_INTERRUPT_CFG)))
 572:.\Generated_Source\PSoC5/CAN_INT.c ****         if ((CAN_INT_SR_REG.byte[1u] & CAN_TX_MESSAGE_MASK) != 0u)
 573:.\Generated_Source\PSoC5/CAN_INT.c ****         {
 574:.\Generated_Source\PSoC5/CAN_INT.c ****             CAN_MsgTXIsr();
 575:.\Generated_Source\PSoC5/CAN_INT.c ****         }
 576:.\Generated_Source\PSoC5/CAN_INT.c ****     #endif /* CAN_TX_MESSAGE && CAN_TX_MESSAGE_USE_HELPER */
 577:.\Generated_Source\PSoC5/CAN_INT.c **** 
 578:.\Generated_Source\PSoC5/CAN_INT.c ****     /* RX Message Available */
 579:.\Generated_Source\PSoC5/CAN_INT.c ****     #if (CAN_RX_MESSAGE && (CAN_RX_MESSAGE_USE_HELPER || \
 580:.\Generated_Source\PSoC5/CAN_INT.c ****         (!CAN_ADVANCED_INTERRUPT_CFG)))
 581:.\Generated_Source\PSoC5/CAN_INT.c ****         if ((CAN_INT_SR_REG.byte[1u] & CAN_RX_MESSAGE_MASK) != 0u)
 203              		.loc 1 581 0
 204 0010 034B     		ldr	r3, .L24
 205 0012 5B78     		ldrb	r3, [r3, #1]	@ zero_extendqisi2
 206 0014 13F0100F 		tst	r3, #16
 207 0018 01D0     		beq	.L20
 582:.\Generated_Source\PSoC5/CAN_INT.c ****         {
 583:.\Generated_Source\PSoC5/CAN_INT.c ****             CAN_MsgRXIsr();
 208              		.loc 1 583 0
 209 001a FFF7FEFF 		bl	CAN_MsgRXIsr
 210              	.LVL18:
 211              	.L20:
 212 001e 08BD     		pop	{r3, pc}
ARM GAS  C:\Users\charl\AppData\Local\Temp\ccDZrSsO.s 			page 15


 213              	.L25:
 214              		.align	2
 215              	.L24:
 216 0020 00A00040 		.word	1073782784
 217              		.cfi_endproc
 218              	.LFE2:
 219              		.size	CAN_ISR, .-CAN_ISR
 220              		.text
 221              	.Letext0:
 222              		.file 2 ".\\Generated_Source\\PSoC5\\cytypes.h"
 223              		.file 3 ".\\Generated_Source\\PSoC5\\CAN.h"
 224              		.section	.debug_info,"",%progbits
 225              	.Ldebug_info0:
 226 0000 B3020000 		.4byte	0x2b3
 227 0004 0400     		.2byte	0x4
 228 0006 00000000 		.4byte	.Ldebug_abbrev0
 229 000a 04       		.byte	0x4
 230 000b 01       		.uleb128 0x1
 231 000c 06010000 		.4byte	.LASF41
 232 0010 01       		.byte	0x1
 233 0011 36020000 		.4byte	.LASF42
 234 0015 59020000 		.4byte	.LASF43
 235 0019 00000000 		.4byte	.Ldebug_ranges0+0
 236 001d 00000000 		.4byte	0
 237 0021 00000000 		.4byte	.Ldebug_line0
 238 0025 02       		.uleb128 0x2
 239 0026 01       		.byte	0x1
 240 0027 06       		.byte	0x6
 241 0028 CF020000 		.4byte	.LASF0
 242 002c 02       		.uleb128 0x2
 243 002d 01       		.byte	0x1
 244 002e 08       		.byte	0x8
 245 002f 66000000 		.4byte	.LASF1
 246 0033 02       		.uleb128 0x2
 247 0034 02       		.byte	0x2
 248 0035 05       		.byte	0x5
 249 0036 C5000000 		.4byte	.LASF2
 250 003a 02       		.uleb128 0x2
 251 003b 02       		.byte	0x2
 252 003c 07       		.byte	0x7
 253 003d 3A000000 		.4byte	.LASF3
 254 0041 02       		.uleb128 0x2
 255 0042 04       		.byte	0x4
 256 0043 05       		.byte	0x5
 257 0044 C6020000 		.4byte	.LASF4
 258 0048 02       		.uleb128 0x2
 259 0049 04       		.byte	0x4
 260 004a 07       		.byte	0x7
 261 004b 7E000000 		.4byte	.LASF5
 262 004f 02       		.uleb128 0x2
 263 0050 08       		.byte	0x8
 264 0051 05       		.byte	0x5
 265 0052 FF010000 		.4byte	.LASF6
 266 0056 02       		.uleb128 0x2
 267 0057 08       		.byte	0x8
 268 0058 07       		.byte	0x7
 269 0059 A1010000 		.4byte	.LASF7
ARM GAS  C:\Users\charl\AppData\Local\Temp\ccDZrSsO.s 			page 16


 270 005d 03       		.uleb128 0x3
 271 005e 04       		.byte	0x4
 272 005f 05       		.byte	0x5
 273 0060 696E7400 		.ascii	"int\000"
 274 0064 02       		.uleb128 0x2
 275 0065 04       		.byte	0x4
 276 0066 07       		.byte	0x7
 277 0067 94010000 		.4byte	.LASF8
 278 006b 04       		.uleb128 0x4
 279 006c 90000000 		.4byte	.LASF9
 280 0070 02       		.byte	0x2
 281 0071 9201     		.2byte	0x192
 282 0073 2C000000 		.4byte	0x2c
 283 0077 04       		.uleb128 0x4
 284 0078 E1000000 		.4byte	.LASF10
 285 007c 02       		.byte	0x2
 286 007d 9301     		.2byte	0x193
 287 007f 3A000000 		.4byte	0x3a
 288 0083 02       		.uleb128 0x2
 289 0084 04       		.byte	0x4
 290 0085 04       		.byte	0x4
 291 0086 60000000 		.4byte	.LASF11
 292 008a 02       		.uleb128 0x2
 293 008b 08       		.byte	0x8
 294 008c 04       		.byte	0x4
 295 008d B0000000 		.4byte	.LASF12
 296 0091 02       		.uleb128 0x2
 297 0092 01       		.byte	0x1
 298 0093 08       		.byte	0x8
 299 0094 0D020000 		.4byte	.LASF13
 300 0098 04       		.uleb128 0x4
 301 0099 79000000 		.4byte	.LASF14
 302 009d 02       		.byte	0x2
 303 009e 3C02     		.2byte	0x23c
 304 00a0 A4000000 		.4byte	0xa4
 305 00a4 05       		.uleb128 0x5
 306 00a5 6B000000 		.4byte	0x6b
 307 00a9 04       		.uleb128 0x4
 308 00aa 00000000 		.4byte	.LASF15
 309 00ae 02       		.byte	0x2
 310 00af 3D02     		.2byte	0x23d
 311 00b1 B5000000 		.4byte	0xb5
 312 00b5 05       		.uleb128 0x5
 313 00b6 77000000 		.4byte	0x77
 314 00ba 02       		.uleb128 0x2
 315 00bb 04       		.byte	0x4
 316 00bc 07       		.byte	0x7
 317 00bd F6010000 		.4byte	.LASF16
 318 00c1 06       		.uleb128 0x6
 319 00c2 08       		.byte	0x8
 320 00c3 03       		.byte	0x3
 321 00c4 75       		.byte	0x75
 322 00c5 D6000000 		.4byte	0xd6
 323 00c9 07       		.uleb128 0x7
 324 00ca 4D000000 		.4byte	.LASF18
 325 00ce 03       		.byte	0x3
 326 00cf 77       		.byte	0x77
ARM GAS  C:\Users\charl\AppData\Local\Temp\ccDZrSsO.s 			page 17


 327 00d0 E6000000 		.4byte	0xe6
 328 00d4 00       		.byte	0
 329 00d5 00       		.byte	0
 330 00d6 08       		.uleb128 0x8
 331 00d7 98000000 		.4byte	0x98
 332 00db E6000000 		.4byte	0xe6
 333 00df 09       		.uleb128 0x9
 334 00e0 BA000000 		.4byte	0xba
 335 00e4 07       		.byte	0x7
 336 00e5 00       		.byte	0
 337 00e6 05       		.uleb128 0x5
 338 00e7 D6000000 		.4byte	0xd6
 339 00eb 0A       		.uleb128 0xa
 340 00ec 0C000000 		.4byte	.LASF17
 341 00f0 03       		.byte	0x3
 342 00f1 78       		.byte	0x78
 343 00f2 C1000000 		.4byte	0xc1
 344 00f6 06       		.uleb128 0x6
 345 00f7 04       		.byte	0x4
 346 00f8 03       		.byte	0x3
 347 00f9 7B       		.byte	0x7b
 348 00fa 0B010000 		.4byte	0x10b
 349 00fe 07       		.uleb128 0x7
 350 00ff 4D000000 		.4byte	.LASF18
 351 0103 03       		.byte	0x3
 352 0104 7D       		.byte	0x7d
 353 0105 1B010000 		.4byte	0x11b
 354 0109 00       		.byte	0
 355 010a 00       		.byte	0
 356 010b 08       		.uleb128 0x8
 357 010c 98000000 		.4byte	0x98
 358 0110 1B010000 		.4byte	0x11b
 359 0114 09       		.uleb128 0x9
 360 0115 BA000000 		.4byte	0xba
 361 0119 03       		.byte	0x3
 362 011a 00       		.byte	0
 363 011b 05       		.uleb128 0x5
 364 011c 0B010000 		.4byte	0x10b
 365 0120 0A       		.uleb128 0xa
 366 0121 2F000000 		.4byte	.LASF19
 367 0125 03       		.byte	0x3
 368 0126 7E       		.byte	0x7e
 369 0127 F6000000 		.4byte	0xf6
 370 012b 06       		.uleb128 0x6
 371 012c 20       		.byte	0x20
 372 012d 03       		.byte	0x3
 373 012e A0       		.byte	0xa0
 374 012f 88010000 		.4byte	0x188
 375 0133 07       		.uleb128 0x7
 376 0134 D7010000 		.4byte	.LASF20
 377 0138 03       		.byte	0x3
 378 0139 A2       		.byte	0xa2
 379 013a 20010000 		.4byte	0x120
 380 013e 00       		.byte	0
 381 013f 07       		.uleb128 0x7
 382 0140 74000000 		.4byte	.LASF21
 383 0144 03       		.byte	0x3
ARM GAS  C:\Users\charl\AppData\Local\Temp\ccDZrSsO.s 			page 18


 384 0145 A3       		.byte	0xa3
 385 0146 20010000 		.4byte	0x120
 386 014a 04       		.byte	0x4
 387 014b 07       		.uleb128 0x7
 388 014c 52000000 		.4byte	.LASF22
 389 0150 03       		.byte	0x3
 390 0151 A4       		.byte	0xa4
 391 0152 EB000000 		.4byte	0xeb
 392 0156 08       		.byte	0x8
 393 0157 07       		.uleb128 0x7
 394 0158 1B000000 		.4byte	.LASF23
 395 015c 03       		.byte	0x3
 396 015d A5       		.byte	0xa5
 397 015e 20010000 		.4byte	0x120
 398 0162 10       		.byte	0x10
 399 0163 07       		.uleb128 0x7
 400 0164 30020000 		.4byte	.LASF24
 401 0168 03       		.byte	0x3
 402 0169 A6       		.byte	0xa6
 403 016a 20010000 		.4byte	0x120
 404 016e 14       		.byte	0x14
 405 016f 07       		.uleb128 0x7
 406 0170 EF010000 		.4byte	.LASF25
 407 0174 03       		.byte	0x3
 408 0175 A7       		.byte	0xa7
 409 0176 20010000 		.4byte	0x120
 410 017a 18       		.byte	0x18
 411 017b 07       		.uleb128 0x7
 412 017c 59000000 		.4byte	.LASF26
 413 0180 03       		.byte	0x3
 414 0181 A8       		.byte	0xa8
 415 0182 20010000 		.4byte	0x120
 416 0186 1C       		.byte	0x1c
 417 0187 00       		.byte	0
 418 0188 0A       		.uleb128 0xa
 419 0189 C9010000 		.4byte	.LASF27
 420 018d 03       		.byte	0x3
 421 018e A9       		.byte	0xa9
 422 018f 2B010000 		.4byte	0x12b
 423 0193 0B       		.uleb128 0xb
 424 0194 B7000000 		.4byte	.LASF28
 425 0198 01       		.byte	0x1
 426 0199 2801     		.2byte	0x128
 427 019b 00000000 		.4byte	.LFB0
 428 019f 18000000 		.4byte	.LFE0-.LFB0
 429 01a3 01       		.uleb128 0x1
 430 01a4 9C       		.byte	0x9c
 431 01a5 BC010000 		.4byte	0x1bc
 432 01a9 0C       		.uleb128 0xc
 433 01aa 0C000000 		.4byte	.LVL0
 434 01ae 62020000 		.4byte	0x262
 435 01b2 0C       		.uleb128 0xc
 436 01b3 10000000 		.4byte	.LVL1
 437 01b7 6D020000 		.4byte	0x26d
 438 01bb 00       		.byte	0
 439 01bc 0B       		.uleb128 0xb
 440 01bd F9000000 		.4byte	.LASF29
ARM GAS  C:\Users\charl\AppData\Local\Temp\ccDZrSsO.s 			page 19


 441 01c1 01       		.byte	0x1
 442 01c2 9401     		.2byte	0x194
 443 01c4 00000000 		.4byte	.LFB1
 444 01c8 7C000000 		.4byte	.LFE1-.LFB1
 445 01cc 01       		.uleb128 0x1
 446 01cd 9C       		.byte	0x9c
 447 01ce 39020000 		.4byte	0x239
 448 01d2 0D       		.uleb128 0xd
 449 01d3 21000000 		.4byte	.LASF30
 450 01d7 01       		.byte	0x1
 451 01d8 9601     		.2byte	0x196
 452 01da 6B000000 		.4byte	0x6b
 453 01de 00000000 		.4byte	.LLST0
 454 01e2 0D       		.uleb128 0xd
 455 01e3 06000000 		.4byte	.LASF31
 456 01e7 01       		.byte	0x1
 457 01e8 9701     		.2byte	0x197
 458 01ea 77000000 		.4byte	0x77
 459 01ee 2A000000 		.4byte	.LLST1
 460 01f2 0C       		.uleb128 0xc
 461 01f3 3A000000 		.4byte	.LVL5
 462 01f7 78020000 		.4byte	0x278
 463 01fb 0C       		.uleb128 0xc
 464 01fc 40000000 		.4byte	.LVL6
 465 0200 80020000 		.4byte	0x280
 466 0204 0C       		.uleb128 0xc
 467 0205 46000000 		.4byte	.LVL7
 468 0209 88020000 		.4byte	0x288
 469 020d 0C       		.uleb128 0xc
 470 020e 4C000000 		.4byte	.LVL8
 471 0212 90020000 		.4byte	0x290
 472 0216 0C       		.uleb128 0xc
 473 0217 52000000 		.4byte	.LVL9
 474 021b 98020000 		.4byte	0x298
 475 021f 0C       		.uleb128 0xc
 476 0220 58000000 		.4byte	.LVL10
 477 0224 A0020000 		.4byte	0x2a0
 478 0228 0E       		.uleb128 0xe
 479 0229 60000000 		.4byte	.LVL11
 480 022d A8020000 		.4byte	0x2a8
 481 0231 0F       		.uleb128 0xf
 482 0232 01       		.uleb128 0x1
 483 0233 50       		.byte	0x50
 484 0234 02       		.uleb128 0x2
 485 0235 74       		.byte	0x74
 486 0236 00       		.sleb128 0
 487 0237 00       		.byte	0
 488 0238 00       		.byte	0
 489 0239 0B       		.uleb128 0xb
 490 023a 96000000 		.4byte	.LASF32
 491 023e 01       		.byte	0x1
 492 023f DD01     		.2byte	0x1dd
 493 0241 00000000 		.4byte	.LFB2
 494 0245 24000000 		.4byte	.LFE2-.LFB2
 495 0249 01       		.uleb128 0x1
 496 024a 9C       		.byte	0x9c
 497 024b 62020000 		.4byte	0x262
ARM GAS  C:\Users\charl\AppData\Local\Temp\ccDZrSsO.s 			page 20


 498 024f 0C       		.uleb128 0xc
 499 0250 10000000 		.4byte	.LVL17
 500 0254 93010000 		.4byte	0x193
 501 0258 0C       		.uleb128 0xc
 502 0259 1E000000 		.4byte	.LVL18
 503 025d BC010000 		.4byte	0x1bc
 504 0261 00       		.byte	0
 505 0262 10       		.uleb128 0x10
 506 0263 1B020000 		.4byte	.LASF33
 507 0267 03       		.byte	0x3
 508 0268 C9       		.byte	0xc9
 509 0269 6B000000 		.4byte	0x6b
 510 026d 10       		.uleb128 0x10
 511 026e 12020000 		.4byte	.LASF34
 512 0272 03       		.byte	0x3
 513 0273 C6       		.byte	0xc6
 514 0274 6B000000 		.4byte	0x6b
 515 0278 11       		.uleb128 0x11
 516 0279 CF000000 		.4byte	.LASF35
 517 027d 03       		.byte	0x3
 518 027e 3501     		.2byte	0x135
 519 0280 11       		.uleb128 0x11
 520 0281 9E000000 		.4byte	.LASF36
 521 0285 03       		.byte	0x3
 522 0286 3801     		.2byte	0x138
 523 0288 11       		.uleb128 0x11
 524 0289 DD010000 		.4byte	.LASF37
 525 028d 03       		.byte	0x3
 526 028e 3B01     		.2byte	0x13b
 527 0290 11       		.uleb128 0x11
 528 0291 B8010000 		.4byte	.LASF38
 529 0295 03       		.byte	0x3
 530 0296 3E01     		.2byte	0x13e
 531 0298 11       		.uleb128 0x11
 532 0299 DB020000 		.4byte	.LASF39
 533 029d 03       		.byte	0x3
 534 029e 4101     		.2byte	0x141
 535 02a0 11       		.uleb128 0x11
 536 02a1 E8000000 		.4byte	.LASF40
 537 02a5 03       		.byte	0x3
 538 02a6 4401     		.2byte	0x144
 539 02a8 12       		.uleb128 0x12
 540 02a9 ED020000 		.4byte	.LASF44
 541 02ad 03       		.byte	0x3
 542 02ae 1A01     		.2byte	0x11a
 543 02b0 13       		.uleb128 0x13
 544 02b1 6B000000 		.4byte	0x6b
 545 02b5 00       		.byte	0
 546 02b6 00       		.byte	0
 547              		.section	.debug_abbrev,"",%progbits
 548              	.Ldebug_abbrev0:
 549 0000 01       		.uleb128 0x1
 550 0001 11       		.uleb128 0x11
 551 0002 01       		.byte	0x1
 552 0003 25       		.uleb128 0x25
 553 0004 0E       		.uleb128 0xe
 554 0005 13       		.uleb128 0x13
ARM GAS  C:\Users\charl\AppData\Local\Temp\ccDZrSsO.s 			page 21


 555 0006 0B       		.uleb128 0xb
 556 0007 03       		.uleb128 0x3
 557 0008 0E       		.uleb128 0xe
 558 0009 1B       		.uleb128 0x1b
 559 000a 0E       		.uleb128 0xe
 560 000b 55       		.uleb128 0x55
 561 000c 17       		.uleb128 0x17
 562 000d 11       		.uleb128 0x11
 563 000e 01       		.uleb128 0x1
 564 000f 10       		.uleb128 0x10
 565 0010 17       		.uleb128 0x17
 566 0011 00       		.byte	0
 567 0012 00       		.byte	0
 568 0013 02       		.uleb128 0x2
 569 0014 24       		.uleb128 0x24
 570 0015 00       		.byte	0
 571 0016 0B       		.uleb128 0xb
 572 0017 0B       		.uleb128 0xb
 573 0018 3E       		.uleb128 0x3e
 574 0019 0B       		.uleb128 0xb
 575 001a 03       		.uleb128 0x3
 576 001b 0E       		.uleb128 0xe
 577 001c 00       		.byte	0
 578 001d 00       		.byte	0
 579 001e 03       		.uleb128 0x3
 580 001f 24       		.uleb128 0x24
 581 0020 00       		.byte	0
 582 0021 0B       		.uleb128 0xb
 583 0022 0B       		.uleb128 0xb
 584 0023 3E       		.uleb128 0x3e
 585 0024 0B       		.uleb128 0xb
 586 0025 03       		.uleb128 0x3
 587 0026 08       		.uleb128 0x8
 588 0027 00       		.byte	0
 589 0028 00       		.byte	0
 590 0029 04       		.uleb128 0x4
 591 002a 16       		.uleb128 0x16
 592 002b 00       		.byte	0
 593 002c 03       		.uleb128 0x3
 594 002d 0E       		.uleb128 0xe
 595 002e 3A       		.uleb128 0x3a
 596 002f 0B       		.uleb128 0xb
 597 0030 3B       		.uleb128 0x3b
 598 0031 05       		.uleb128 0x5
 599 0032 49       		.uleb128 0x49
 600 0033 13       		.uleb128 0x13
 601 0034 00       		.byte	0
 602 0035 00       		.byte	0
 603 0036 05       		.uleb128 0x5
 604 0037 35       		.uleb128 0x35
 605 0038 00       		.byte	0
 606 0039 49       		.uleb128 0x49
 607 003a 13       		.uleb128 0x13
 608 003b 00       		.byte	0
 609 003c 00       		.byte	0
 610 003d 06       		.uleb128 0x6
 611 003e 13       		.uleb128 0x13
ARM GAS  C:\Users\charl\AppData\Local\Temp\ccDZrSsO.s 			page 22


 612 003f 01       		.byte	0x1
 613 0040 0B       		.uleb128 0xb
 614 0041 0B       		.uleb128 0xb
 615 0042 3A       		.uleb128 0x3a
 616 0043 0B       		.uleb128 0xb
 617 0044 3B       		.uleb128 0x3b
 618 0045 0B       		.uleb128 0xb
 619 0046 01       		.uleb128 0x1
 620 0047 13       		.uleb128 0x13
 621 0048 00       		.byte	0
 622 0049 00       		.byte	0
 623 004a 07       		.uleb128 0x7
 624 004b 0D       		.uleb128 0xd
 625 004c 00       		.byte	0
 626 004d 03       		.uleb128 0x3
 627 004e 0E       		.uleb128 0xe
 628 004f 3A       		.uleb128 0x3a
 629 0050 0B       		.uleb128 0xb
 630 0051 3B       		.uleb128 0x3b
 631 0052 0B       		.uleb128 0xb
 632 0053 49       		.uleb128 0x49
 633 0054 13       		.uleb128 0x13
 634 0055 38       		.uleb128 0x38
 635 0056 0B       		.uleb128 0xb
 636 0057 00       		.byte	0
 637 0058 00       		.byte	0
 638 0059 08       		.uleb128 0x8
 639 005a 01       		.uleb128 0x1
 640 005b 01       		.byte	0x1
 641 005c 49       		.uleb128 0x49
 642 005d 13       		.uleb128 0x13
 643 005e 01       		.uleb128 0x1
 644 005f 13       		.uleb128 0x13
 645 0060 00       		.byte	0
 646 0061 00       		.byte	0
 647 0062 09       		.uleb128 0x9
 648 0063 21       		.uleb128 0x21
 649 0064 00       		.byte	0
 650 0065 49       		.uleb128 0x49
 651 0066 13       		.uleb128 0x13
 652 0067 2F       		.uleb128 0x2f
 653 0068 0B       		.uleb128 0xb
 654 0069 00       		.byte	0
 655 006a 00       		.byte	0
 656 006b 0A       		.uleb128 0xa
 657 006c 16       		.uleb128 0x16
 658 006d 00       		.byte	0
 659 006e 03       		.uleb128 0x3
 660 006f 0E       		.uleb128 0xe
 661 0070 3A       		.uleb128 0x3a
 662 0071 0B       		.uleb128 0xb
 663 0072 3B       		.uleb128 0x3b
 664 0073 0B       		.uleb128 0xb
 665 0074 49       		.uleb128 0x49
 666 0075 13       		.uleb128 0x13
 667 0076 00       		.byte	0
 668 0077 00       		.byte	0
ARM GAS  C:\Users\charl\AppData\Local\Temp\ccDZrSsO.s 			page 23


 669 0078 0B       		.uleb128 0xb
 670 0079 2E       		.uleb128 0x2e
 671 007a 01       		.byte	0x1
 672 007b 3F       		.uleb128 0x3f
 673 007c 19       		.uleb128 0x19
 674 007d 03       		.uleb128 0x3
 675 007e 0E       		.uleb128 0xe
 676 007f 3A       		.uleb128 0x3a
 677 0080 0B       		.uleb128 0xb
 678 0081 3B       		.uleb128 0x3b
 679 0082 05       		.uleb128 0x5
 680 0083 27       		.uleb128 0x27
 681 0084 19       		.uleb128 0x19
 682 0085 11       		.uleb128 0x11
 683 0086 01       		.uleb128 0x1
 684 0087 12       		.uleb128 0x12
 685 0088 06       		.uleb128 0x6
 686 0089 40       		.uleb128 0x40
 687 008a 18       		.uleb128 0x18
 688 008b 9742     		.uleb128 0x2117
 689 008d 19       		.uleb128 0x19
 690 008e 01       		.uleb128 0x1
 691 008f 13       		.uleb128 0x13
 692 0090 00       		.byte	0
 693 0091 00       		.byte	0
 694 0092 0C       		.uleb128 0xc
 695 0093 898201   		.uleb128 0x4109
 696 0096 00       		.byte	0
 697 0097 11       		.uleb128 0x11
 698 0098 01       		.uleb128 0x1
 699 0099 31       		.uleb128 0x31
 700 009a 13       		.uleb128 0x13
 701 009b 00       		.byte	0
 702 009c 00       		.byte	0
 703 009d 0D       		.uleb128 0xd
 704 009e 34       		.uleb128 0x34
 705 009f 00       		.byte	0
 706 00a0 03       		.uleb128 0x3
 707 00a1 0E       		.uleb128 0xe
 708 00a2 3A       		.uleb128 0x3a
 709 00a3 0B       		.uleb128 0xb
 710 00a4 3B       		.uleb128 0x3b
 711 00a5 05       		.uleb128 0x5
 712 00a6 49       		.uleb128 0x49
 713 00a7 13       		.uleb128 0x13
 714 00a8 02       		.uleb128 0x2
 715 00a9 17       		.uleb128 0x17
 716 00aa 00       		.byte	0
 717 00ab 00       		.byte	0
 718 00ac 0E       		.uleb128 0xe
 719 00ad 898201   		.uleb128 0x4109
 720 00b0 01       		.byte	0x1
 721 00b1 11       		.uleb128 0x11
 722 00b2 01       		.uleb128 0x1
 723 00b3 31       		.uleb128 0x31
 724 00b4 13       		.uleb128 0x13
 725 00b5 00       		.byte	0
ARM GAS  C:\Users\charl\AppData\Local\Temp\ccDZrSsO.s 			page 24


 726 00b6 00       		.byte	0
 727 00b7 0F       		.uleb128 0xf
 728 00b8 8A8201   		.uleb128 0x410a
 729 00bb 00       		.byte	0
 730 00bc 02       		.uleb128 0x2
 731 00bd 18       		.uleb128 0x18
 732 00be 9142     		.uleb128 0x2111
 733 00c0 18       		.uleb128 0x18
 734 00c1 00       		.byte	0
 735 00c2 00       		.byte	0
 736 00c3 10       		.uleb128 0x10
 737 00c4 2E       		.uleb128 0x2e
 738 00c5 00       		.byte	0
 739 00c6 3F       		.uleb128 0x3f
 740 00c7 19       		.uleb128 0x19
 741 00c8 03       		.uleb128 0x3
 742 00c9 0E       		.uleb128 0xe
 743 00ca 3A       		.uleb128 0x3a
 744 00cb 0B       		.uleb128 0xb
 745 00cc 3B       		.uleb128 0x3b
 746 00cd 0B       		.uleb128 0xb
 747 00ce 27       		.uleb128 0x27
 748 00cf 19       		.uleb128 0x19
 749 00d0 49       		.uleb128 0x49
 750 00d1 13       		.uleb128 0x13
 751 00d2 3C       		.uleb128 0x3c
 752 00d3 19       		.uleb128 0x19
 753 00d4 00       		.byte	0
 754 00d5 00       		.byte	0
 755 00d6 11       		.uleb128 0x11
 756 00d7 2E       		.uleb128 0x2e
 757 00d8 00       		.byte	0
 758 00d9 3F       		.uleb128 0x3f
 759 00da 19       		.uleb128 0x19
 760 00db 03       		.uleb128 0x3
 761 00dc 0E       		.uleb128 0xe
 762 00dd 3A       		.uleb128 0x3a
 763 00de 0B       		.uleb128 0xb
 764 00df 3B       		.uleb128 0x3b
 765 00e0 05       		.uleb128 0x5
 766 00e1 27       		.uleb128 0x27
 767 00e2 19       		.uleb128 0x19
 768 00e3 3C       		.uleb128 0x3c
 769 00e4 19       		.uleb128 0x19
 770 00e5 00       		.byte	0
 771 00e6 00       		.byte	0
 772 00e7 12       		.uleb128 0x12
 773 00e8 2E       		.uleb128 0x2e
 774 00e9 01       		.byte	0x1
 775 00ea 3F       		.uleb128 0x3f
 776 00eb 19       		.uleb128 0x19
 777 00ec 03       		.uleb128 0x3
 778 00ed 0E       		.uleb128 0xe
 779 00ee 3A       		.uleb128 0x3a
 780 00ef 0B       		.uleb128 0xb
 781 00f0 3B       		.uleb128 0x3b
 782 00f1 05       		.uleb128 0x5
ARM GAS  C:\Users\charl\AppData\Local\Temp\ccDZrSsO.s 			page 25


 783 00f2 27       		.uleb128 0x27
 784 00f3 19       		.uleb128 0x19
 785 00f4 3C       		.uleb128 0x3c
 786 00f5 19       		.uleb128 0x19
 787 00f6 00       		.byte	0
 788 00f7 00       		.byte	0
 789 00f8 13       		.uleb128 0x13
 790 00f9 05       		.uleb128 0x5
 791 00fa 00       		.byte	0
 792 00fb 49       		.uleb128 0x49
 793 00fc 13       		.uleb128 0x13
 794 00fd 00       		.byte	0
 795 00fe 00       		.byte	0
 796 00ff 00       		.byte	0
 797              		.section	.debug_loc,"",%progbits
 798              	.Ldebug_loc0:
 799              	.LLST0:
 800 0000 08000000 		.4byte	.LVL3
 801 0004 0E000000 		.4byte	.LVL4
 802 0008 0200     		.2byte	0x2
 803 000a 30       		.byte	0x30
 804 000b 9F       		.byte	0x9f
 805 000c 0E000000 		.4byte	.LVL4
 806 0010 66000000 		.4byte	.LVL14
 807 0014 0100     		.2byte	0x1
 808 0016 54       		.byte	0x54
 809 0017 68000000 		.4byte	.LVL15
 810 001b 6E000000 		.4byte	.LVL16
 811 001f 0100     		.2byte	0x1
 812 0021 54       		.byte	0x54
 813 0022 00000000 		.4byte	0
 814 0026 00000000 		.4byte	0
 815              	.LLST1:
 816 002a 02000000 		.4byte	.LVL2
 817 002e 0E000000 		.4byte	.LVL4
 818 0032 0200     		.2byte	0x2
 819 0034 31       		.byte	0x31
 820 0035 9F       		.byte	0x9f
 821 0036 0E000000 		.4byte	.LVL4
 822 003a 62000000 		.4byte	.LVL12
 823 003e 0100     		.2byte	0x1
 824 0040 55       		.byte	0x55
 825 0041 64000000 		.4byte	.LVL13
 826 0045 6E000000 		.4byte	.LVL16
 827 0049 0100     		.2byte	0x1
 828 004b 55       		.byte	0x55
 829 004c 00000000 		.4byte	0
 830 0050 00000000 		.4byte	0
 831              		.section	.debug_aranges,"",%progbits
 832 0000 2C000000 		.4byte	0x2c
 833 0004 0200     		.2byte	0x2
 834 0006 00000000 		.4byte	.Ldebug_info0
 835 000a 04       		.byte	0x4
 836 000b 00       		.byte	0
 837 000c 0000     		.2byte	0
 838 000e 0000     		.2byte	0
 839 0010 00000000 		.4byte	.LFB0
ARM GAS  C:\Users\charl\AppData\Local\Temp\ccDZrSsO.s 			page 26


 840 0014 18000000 		.4byte	.LFE0-.LFB0
 841 0018 00000000 		.4byte	.LFB1
 842 001c 7C000000 		.4byte	.LFE1-.LFB1
 843 0020 00000000 		.4byte	.LFB2
 844 0024 24000000 		.4byte	.LFE2-.LFB2
 845 0028 00000000 		.4byte	0
 846 002c 00000000 		.4byte	0
 847              		.section	.debug_ranges,"",%progbits
 848              	.Ldebug_ranges0:
 849 0000 00000000 		.4byte	.LFB0
 850 0004 18000000 		.4byte	.LFE0
 851 0008 00000000 		.4byte	.LFB1
 852 000c 7C000000 		.4byte	.LFE1
 853 0010 00000000 		.4byte	.LFB2
 854 0014 24000000 		.4byte	.LFE2
 855 0018 00000000 		.4byte	0
 856 001c 00000000 		.4byte	0
 857              		.section	.debug_line,"",%progbits
 858              	.Ldebug_line0:
 859 0000 BF000000 		.section	.debug_str,"MS",%progbits,1
 859      02004F00 
 859      00000201 
 859      FB0E0D00 
 859      01010101 
 860              	.LASF15:
 861 0000 72656731 		.ascii	"reg16\000"
 861      3600
 862              	.LASF31:
 863 0006 73686966 		.ascii	"shift\000"
 863      7400
 864              	.LASF17:
 865 000c 43414E5F 		.ascii	"CAN_DATA_BYTES\000"
 865      44415441 
 865      5F425954 
 865      455300
 866              	.LASF23:
 867 001b 7278616D 		.ascii	"rxamr\000"
 867      7200
 868              	.LASF30:
 869 0021 6D61696C 		.ascii	"mailboxNumber\000"
 869      626F784E 
 869      756D6265 
 869      7200
 870              	.LASF19:
 871 002f 43414E5F 		.ascii	"CAN_REG_32\000"
 871      5245475F 
 871      333200
 872              	.LASF3:
 873 003a 73686F72 		.ascii	"short unsigned int\000"
 873      7420756E 
 873      7369676E 
 873      65642069 
 873      6E7400
 874              	.LASF18:
 875 004d 62797465 		.ascii	"byte\000"
 875      00
 876              	.LASF22:
ARM GAS  C:\Users\charl\AppData\Local\Temp\ccDZrSsO.s 			page 27


 877 0052 72786461 		.ascii	"rxdata\000"
 877      746100
 878              	.LASF26:
 879 0059 72786163 		.ascii	"rxacrd\000"
 879      726400
 880              	.LASF11:
 881 0060 666C6F61 		.ascii	"float\000"
 881      7400
 882              	.LASF1:
 883 0066 756E7369 		.ascii	"unsigned char\000"
 883      676E6564 
 883      20636861 
 883      7200
 884              	.LASF21:
 885 0074 72786964 		.ascii	"rxid\000"
 885      00
 886              	.LASF14:
 887 0079 72656738 		.ascii	"reg8\000"
 887      00
 888              	.LASF5:
 889 007e 6C6F6E67 		.ascii	"long unsigned int\000"
 889      20756E73 
 889      69676E65 
 889      6420696E 
 889      7400
 890              	.LASF9:
 891 0090 75696E74 		.ascii	"uint8\000"
 891      3800
 892              	.LASF32:
 893 0096 43414E5F 		.ascii	"CAN_ISR\000"
 893      49535200 
 894              	.LASF36:
 895 009e 43414E5F 		.ascii	"CAN_ReceiveMsgECT\000"
 895      52656365 
 895      6976654D 
 895      73674543 
 895      5400
 896              	.LASF12:
 897 00b0 646F7562 		.ascii	"double\000"
 897      6C6500
 898              	.LASF28:
 899 00b7 43414E5F 		.ascii	"CAN_BusOffIsr\000"
 899      4275734F 
 899      66664973 
 899      7200
 900              	.LASF2:
 901 00c5 73686F72 		.ascii	"short int\000"
 901      7420696E 
 901      7400
 902              	.LASF35:
 903 00cf 43414E5F 		.ascii	"CAN_ReceiveMsgRPM\000"
 903      52656365 
 903      6976654D 
 903      73675250 
 903      4D00
 904              	.LASF10:
 905 00e1 75696E74 		.ascii	"uint16\000"
ARM GAS  C:\Users\charl\AppData\Local\Temp\ccDZrSsO.s 			page 28


 905      313600
 906              	.LASF40:
 907 00e8 43414E5F 		.ascii	"CAN_ReceiveMsgOT\000"
 907      52656365 
 907      6976654D 
 907      73674F54 
 907      00
 908              	.LASF29:
 909 00f9 43414E5F 		.ascii	"CAN_MsgRXIsr\000"
 909      4D736752 
 909      58497372 
 909      00
 910              	.LASF41:
 911 0106 474E5520 		.ascii	"GNU C 4.9.3 20150303 (release) [ARM/embedded-4_9-br"
 911      4320342E 
 911      392E3320 
 911      32303135 
 911      30333033 
 912 0139 616E6368 		.ascii	"anch revision 221220] -mcpu=cortex-m3 -mthumb -g -O"
 912      20726576 
 912      6973696F 
 912      6E203232 
 912      31323230 
 913 016c 67202D66 		.ascii	"g -ffunction-sections -ffat-lto-objects\000"
 913      66756E63 
 913      74696F6E 
 913      2D736563 
 913      74696F6E 
 914              	.LASF8:
 915 0194 756E7369 		.ascii	"unsigned int\000"
 915      676E6564 
 915      20696E74 
 915      00
 916              	.LASF7:
 917 01a1 6C6F6E67 		.ascii	"long long unsigned int\000"
 917      206C6F6E 
 917      6720756E 
 917      7369676E 
 917      65642069 
 918              	.LASF38:
 919 01b8 43414E5F 		.ascii	"CAN_ReceiveMsgBP\000"
 919      52656365 
 919      6976654D 
 919      73674250 
 919      00
 920              	.LASF27:
 921 01c9 43414E5F 		.ascii	"CAN_RX_STRUCT\000"
 921      52585F53 
 921      54525543 
 921      5400
 922              	.LASF20:
 923 01d7 7278636D 		.ascii	"rxcmd\000"
 923      6400
 924              	.LASF37:
 925 01dd 43414E5F 		.ascii	"CAN_ReceiveMsgEGT\000"
 925      52656365 
 925      6976654D 
ARM GAS  C:\Users\charl\AppData\Local\Temp\ccDZrSsO.s 			page 29


 925      73674547 
 925      5400
 926              	.LASF25:
 927 01ef 7278616D 		.ascii	"rxamrd\000"
 927      726400
 928              	.LASF16:
 929 01f6 73697A65 		.ascii	"sizetype\000"
 929      74797065 
 929      00
 930              	.LASF6:
 931 01ff 6C6F6E67 		.ascii	"long long int\000"
 931      206C6F6E 
 931      6720696E 
 931      7400
 932              	.LASF13:
 933 020d 63686172 		.ascii	"char\000"
 933      00
 934              	.LASF34:
 935 0212 43414E5F 		.ascii	"CAN_Stop\000"
 935      53746F70 
 935      00
 936              	.LASF33:
 937 021b 43414E5F 		.ascii	"CAN_GlobalIntDisable\000"
 937      476C6F62 
 937      616C496E 
 937      74446973 
 937      61626C65 
 938              	.LASF24:
 939 0230 72786163 		.ascii	"rxacr\000"
 939      7200
 940              	.LASF42:
 941 0236 2E5C4765 		.ascii	".\\Generated_Source\\PSoC5\\CAN_INT.c\000"
 941      6E657261 
 941      7465645F 
 941      536F7572 
 941      63655C50 
 942              	.LASF43:
 943 0259 433A5C55 		.ascii	"C:\\Users\\charl\\Documents\\GitHub\\VTM17_Dash_7se"
 943      73657273 
 943      5C636861 
 943      726C5C44 
 943      6F63756D 
 944 0287 675C5654 		.ascii	"g\\VTM17_Dash_7SEG\\VTM17_Display_7seg\\VTM17c_Disp"
 944      4D31375F 
 944      44617368 
 944      5F375345 
 944      475C5654 
 945 02b7 6C61795F 		.ascii	"lay_7seg.cydsn\000"
 945      37736567 
 945      2E637964 
 945      736E00
 946              	.LASF4:
 947 02c6 6C6F6E67 		.ascii	"long int\000"
 947      20696E74 
 947      00
 948              	.LASF0:
 949 02cf 7369676E 		.ascii	"signed char\000"
ARM GAS  C:\Users\charl\AppData\Local\Temp\ccDZrSsO.s 			page 30


 949      65642063 
 949      68617200 
 950              	.LASF39:
 951 02db 43414E5F 		.ascii	"CAN_ReceiveMsgSPD\000"
 951      52656365 
 951      6976654D 
 951      73675350 
 951      4400
 952              	.LASF44:
 953 02ed 43414E5F 		.ascii	"CAN_ReceiveMsg\000"
 953      52656365 
 953      6976654D 
 953      736700
 954              		.ident	"GCC: (GNU Tools for ARM Embedded Processors) 4.9.3 20150303 (release) [ARM/embedded-4_9-br
