ARM GAS  C:\Users\charl\AppData\Local\Temp\ccKZ7bRj.s 			page 1


   1              		.syntax unified
   2              		.cpu cortex-m3
   3              		.fpu softvfp
   4              		.eabi_attribute 20, 1
   5              		.eabi_attribute 21, 1
   6              		.eabi_attribute 23, 3
   7              		.eabi_attribute 24, 1
   8              		.eabi_attribute 25, 1
   9              		.eabi_attribute 26, 1
  10              		.eabi_attribute 30, 1
  11              		.eabi_attribute 34, 1
  12              		.eabi_attribute 18, 4
  13              		.thumb
  14              		.file	"cymetadata.c"
  15              		.text
  16              	.Ltext0:
  17              		.cfi_sections	.debug_frame
  18              		.global	cy_metadata
  19              		.global	cy_meta_flashprotect
  20              		.global	cy_meta_wonvl
  21              		.global	cy_meta_custnvl
  22              		.global	cy_meta_configecc
  23              		.section	.cyconfigecc,"a",%progbits
  24              		.align	2
  25              		.type	cy_meta_configecc, %object
  26              		.size	cy_meta_configecc, 1040
  27              	cy_meta_configecc:
  28 0000 0C       		.byte	12
  29 0001 52       		.byte	82
  30 0002 00       		.byte	0
  31 0003 40       		.byte	64
  32 0004 01       		.byte	1
  33 0005 01       		.byte	1
  34 0006 01       		.byte	1
  35 0007 40       		.byte	64
  36 0008 09       		.byte	9
  37 0009 03       		.byte	3
  38 000a 01       		.byte	1
  39 000b 40       		.byte	64
  40 000c 0B       		.byte	11
  41 000d 04       		.byte	4
  42 000e 01       		.byte	1
  43 000f 40       		.byte	64
  44 0010 1D       		.byte	29
  45 0011 05       		.byte	5
  46 0012 01       		.byte	1
  47 0013 40       		.byte	64
  48 0014 09       		.byte	9
  49 0015 07       		.byte	7
  50 0016 01       		.byte	1
  51 0017 40       		.byte	64
  52 0018 03       		.byte	3
  53 0019 09       		.byte	9
  54 001a 01       		.byte	1
  55 001b 40       		.byte	64
  56 001c 04       		.byte	4
  57 001d 0B       		.byte	11
ARM GAS  C:\Users\charl\AppData\Local\Temp\ccKZ7bRj.s 			page 2


  58 001e 01       		.byte	1
  59 001f 40       		.byte	64
  60 0020 01       		.byte	1
  61 0021 0D       		.byte	13
  62 0022 01       		.byte	1
  63 0023 40       		.byte	64
  64 0024 13       		.byte	19
  65 0025 14       		.byte	20
  66 0026 01       		.byte	1
  67 0027 40       		.byte	64
  68 0028 24       		.byte	36
  69 0029 15       		.byte	21
  70 002a 01       		.byte	1
  71 002b 40       		.byte	64
  72 002c 2F       		.byte	47
  73 002d 16       		.byte	22
  74 002e 01       		.byte	1
  75 002f 40       		.byte	64
  76 0030 25       		.byte	37
  77 0031 17       		.byte	23
  78 0032 01       		.byte	1
  79 0033 40       		.byte	64
  80 0034 04       		.byte	4
  81 0035 18       		.byte	24
  82 0036 01       		.byte	1
  83 0037 40       		.byte	64
  84 0038 11       		.byte	17
  85 0039 19       		.byte	25
  86 003a 01       		.byte	1
  87 003b 40       		.byte	64
  88 003c 0A       		.byte	10
  89 003d 1B       		.byte	27
  90 003e 01       		.byte	1
  91 003f 40       		.byte	64
  92 0040 0C       		.byte	12
  93 0041 40       		.byte	64
  94 0042 01       		.byte	1
  95 0043 40       		.byte	64
  96 0044 15       		.byte	21
  97 0045 41       		.byte	65
  98 0046 01       		.byte	1
  99 0047 40       		.byte	64
 100 0048 0F       		.byte	15
 101 0049 42       		.byte	66
 102 004a 01       		.byte	1
 103 004b 40       		.byte	64
 104 004c 0A       		.byte	10
 105 004d 43       		.byte	67
 106 004e 01       		.byte	1
 107 004f 40       		.byte	64
 108 0050 0B       		.byte	11
 109 0051 45       		.byte	69
 110 0052 01       		.byte	1
 111 0053 40       		.byte	64
 112 0054 12       		.byte	18
 113 0055 46       		.byte	70
 114 0056 01       		.byte	1
ARM GAS  C:\Users\charl\AppData\Local\Temp\ccKZ7bRj.s 			page 3


 115 0057 40       		.byte	64
 116 0058 07       		.byte	7
 117 0059 47       		.byte	71
 118 005a 01       		.byte	1
 119 005b 40       		.byte	64
 120 005c 14       		.byte	20
 121 005d 48       		.byte	72
 122 005e 01       		.byte	1
 123 005f 40       		.byte	64
 124 0060 1C       		.byte	28
 125 0061 49       		.byte	73
 126 0062 01       		.byte	1
 127 0063 40       		.byte	64
 128 0064 14       		.byte	20
 129 0065 4C       		.byte	76
 130 0066 01       		.byte	1
 131 0067 40       		.byte	64
 132 0068 11       		.byte	17
 133 0069 4D       		.byte	77
 134 006a 01       		.byte	1
 135 006b 40       		.byte	64
 136 006c 02       		.byte	2
 137 006d 50       		.byte	80
 138 006e 01       		.byte	1
 139 006f 40       		.byte	64
 140 0070 02       		.byte	2
 141 0071 51       		.byte	81
 142 0072 01       		.byte	1
 143 0073 40       		.byte	64
 144 0074 00       		.byte	0
 145 0075 34       		.byte	52
 146 0076 01       		.byte	1
 147 0077 66       		.byte	102
 148 0078 08       		.byte	8
 149 0079 A0       		.byte	-96
 150 007a 09       		.byte	9
 151 007b 34       		.byte	52
 152 007c 10       		.byte	16
 153 007d 68       		.byte	104
 154 007e 11       		.byte	17
 155 007f C9       		.byte	-55
 156 0080 18       		.byte	24
 157 0081 64       		.byte	100
 158 0082 19       		.byte	25
 159 0083 A8       		.byte	-88
 160 0084 60       		.byte	96
 161 0085 4A       		.byte	74
 162 0086 61       		.byte	97
 163 0087 4C       		.byte	76
 164 0088 78       		.byte	120
 165 0089 A9       		.byte	-87
 166 008a 79       		.byte	121
 167 008b 6C       		.byte	108
 168 008c 80       		.byte	-128
 169 008d 01       		.byte	1
 170 008e 84       		.byte	-124
 171 008f 40       		.byte	64
ARM GAS  C:\Users\charl\AppData\Local\Temp\ccKZ7bRj.s 			page 4


 172 0090 85       		.byte	-123
 173 0091 01       		.byte	1
 174 0092 86       		.byte	-122
 175 0093 10       		.byte	16
 176 0094 94       		.byte	-108
 177 0095 01       		.byte	1
 178 0096 98       		.byte	-104
 179 0097 80       		.byte	-128
 180 0098 9A       		.byte	-102
 181 0099 04       		.byte	4
 182 009a A8       		.byte	-88
 183 009b 80       		.byte	-128
 184 009c AA       		.byte	-86
 185 009d 04       		.byte	4
 186 009e E4       		.byte	-28
 187 009f 02       		.byte	2
 188 00a0 05       		.byte	5
 189 00a1 01       		.byte	1
 190 00a2 07       		.byte	7
 191 00a3 02       		.byte	2
 192 00a4 2D       		.byte	45
 193 00a5 02       		.byte	2
 194 00a6 2F       		.byte	47
 195 00a7 01       		.byte	1
 196 00a8 37       		.byte	55
 197 00a9 03       		.byte	3
 198 00aa 3F       		.byte	63
 199 00ab 40       		.byte	64
 200 00ac 59       		.byte	89
 201 00ad 04       		.byte	4
 202 00ae 5B       		.byte	91
 203 00af 04       		.byte	4
 204 00b0 5F       		.byte	95
 205 00b1 01       		.byte	1
 206 00b2 DB       		.byte	-37
 207 00b3 04       		.byte	4
 208 00b4 DF       		.byte	-33
 209 00b5 01       		.byte	1
 210 00b6 23       		.byte	35
 211 00b7 02       		.byte	2
 212 00b8 2A       		.byte	42
 213 00b9 40       		.byte	64
 214 00ba 3A       		.byte	58
 215 00bb 04       		.byte	4
 216 00bc 68       		.byte	104
 217 00bd 11       		.byte	17
 218 00be 69       		.byte	105
 219 00bf 02       		.byte	2
 220 00c0 6A       		.byte	106
 221 00c1 10       		.byte	16
 222 00c2 6C       		.byte	108
 223 00c3 02       		.byte	2
 224 00c4 6E       		.byte	110
 225 00c5 22       		.byte	34
 226 00c6 6F       		.byte	111
 227 00c7 10       		.byte	16
 228 00c8 70       		.byte	112
ARM GAS  C:\Users\charl\AppData\Local\Temp\ccKZ7bRj.s 			page 5


 229 00c9 24       		.byte	36
 230 00ca 71       		.byte	113
 231 00cb 82       		.byte	-126
 232 00cc 74       		.byte	116
 233 00cd 40       		.byte	64
 234 00ce 84       		.byte	-124
 235 00cf 20       		.byte	32
 236 00d0 85       		.byte	-123
 237 00d1 80       		.byte	-128
 238 00d2 88       		.byte	-120
 239 00d3 11       		.byte	17
 240 00d4 8C       		.byte	-116
 241 00d5 06       		.byte	6
 242 00d6 94       		.byte	-108
 243 00d7 01       		.byte	1
 244 00d8 95       		.byte	-107
 245 00d9 02       		.byte	2
 246 00da 98       		.byte	-104
 247 00db 80       		.byte	-128
 248 00dc 9A       		.byte	-102
 249 00dd 04       		.byte	4
 250 00de A4       		.byte	-92
 251 00df 40       		.byte	64
 252 00e0 A6       		.byte	-90
 253 00e1 10       		.byte	16
 254 00e2 CA       		.byte	-54
 255 00e3 08       		.byte	8
 256 00e4 CE       		.byte	-50
 257 00e5 02       		.byte	2
 258 00e6 E2       		.byte	-30
 259 00e7 10       		.byte	16
 260 00e8 E4       		.byte	-28
 261 00e9 02       		.byte	2
 262 00ea E6       		.byte	-26
 263 00eb 40       		.byte	64
 264 00ec E8       		.byte	-24
 265 00ed 80       		.byte	-128
 266 00ee EA       		.byte	-22
 267 00ef 01       		.byte	1
 268 00f0 94       		.byte	-108
 269 00f1 01       		.byte	1
 270 00f2 98       		.byte	-104
 271 00f3 80       		.byte	-128
 272 00f4 9E       		.byte	-98
 273 00f5 40       		.byte	64
 274 00f6 AD       		.byte	-83
 275 00f7 02       		.byte	2
 276 00f8 AF       		.byte	-81
 277 00f9 02       		.byte	2
 278 00fa B6       		.byte	-74
 279 00fb 11       		.byte	17
 280 00fc B7       		.byte	-73
 281 00fd 10       		.byte	16
 282 00fe EA       		.byte	-22
 283 00ff 10       		.byte	16
 284 0100 EE       		.byte	-18
 285 0101 40       		.byte	64
ARM GAS  C:\Users\charl\AppData\Local\Temp\ccKZ7bRj.s 			page 6


 286 0102 94       		.byte	-108
 287 0103 20       		.byte	32
 288 0104 B4       		.byte	-76
 289 0105 10       		.byte	16
 290 0106 EC       		.byte	-20
 291 0107 10       		.byte	16
 292 0108 E0       		.byte	-32
 293 0109 80       		.byte	-128
 294 010a E4       		.byte	-28
 295 010b 82       		.byte	-126
 296 010c E8       		.byte	-24
 297 010d 80       		.byte	-128
 298 010e EA       		.byte	-22
 299 010f 01       		.byte	1
 300 0110 E4       		.byte	-28
 301 0111 02       		.byte	2
 302 0112 52       		.byte	82
 303 0113 01       		.byte	1
 304 0114 5B       		.byte	91
 305 0115 04       		.byte	4
 306 0116 5F       		.byte	95
 307 0117 01       		.byte	1
 308 0118 82       		.byte	-126
 309 0119 01       		.byte	1
 310 011a 8E       		.byte	-114
 311 011b 03       		.byte	3
 312 011c 91       		.byte	-111
 313 011d 01       		.byte	1
 314 011e 93       		.byte	-109
 315 011f 02       		.byte	2
 316 0120 9A       		.byte	-102
 317 0121 02       		.byte	2
 318 0122 9F       		.byte	-97
 319 0123 01       		.byte	1
 320 0124 A2       		.byte	-94
 321 0125 01       		.byte	1
 322 0126 A5       		.byte	-91
 323 0127 02       		.byte	2
 324 0128 AF       		.byte	-81
 325 0129 02       		.byte	2
 326 012a B1       		.byte	-79
 327 012b 03       		.byte	3
 328 012c B4       		.byte	-76
 329 012d 03       		.byte	3
 330 012e BB       		.byte	-69
 331 012f 02       		.byte	2
 332 0130 D8       		.byte	-40
 333 0131 04       		.byte	4
 334 0132 D9       		.byte	-39
 335 0133 04       		.byte	4
 336 0134 DB       		.byte	-37
 337 0135 04       		.byte	4
 338 0136 DF       		.byte	-33
 339 0137 01       		.byte	1
 340 0138 07       		.byte	7
 341 0139 82       		.byte	-126
 342 013a 0E       		.byte	14
ARM GAS  C:\Users\charl\AppData\Local\Temp\ccKZ7bRj.s 			page 7


 343 013b 08       		.byte	8
 344 013c 15       		.byte	21
 345 013d 02       		.byte	2
 346 013e 1E       		.byte	30
 347 013f 08       		.byte	8
 348 0140 1F       		.byte	31
 349 0141 20       		.byte	32
 350 0142 27       		.byte	39
 351 0143 80       		.byte	-128
 352 0144 2F       		.byte	47
 353 0145 22       		.byte	34
 354 0146 37       		.byte	55
 355 0147 82       		.byte	-126
 356 0148 69       		.byte	105
 357 0149 40       		.byte	64
 358 014a 6B       		.byte	107
 359 014b 02       		.byte	2
 360 014c 6C       		.byte	108
 361 014d 90       		.byte	-112
 362 014e 6D       		.byte	109
 363 014f 80       		.byte	-128
 364 0150 6E       		.byte	110
 365 0151 20       		.byte	32
 366 0152 75       		.byte	117
 367 0153 22       		.byte	34
 368 0154 76       		.byte	118
 369 0155 22       		.byte	34
 370 0156 80       		.byte	-128
 371 0157 10       		.byte	16
 372 0158 81       		.byte	-127
 373 0159 20       		.byte	32
 374 015a 82       		.byte	-126
 375 015b 02       		.byte	2
 376 015c 86       		.byte	-122
 377 015d 30       		.byte	48
 378 015e 88       		.byte	-120
 379 015f 80       		.byte	-128
 380 0160 89       		.byte	-119
 381 0161 40       		.byte	64
 382 0162 8D       		.byte	-115
 383 0163 02       		.byte	2
 384 0164 91       		.byte	-111
 385 0165 02       		.byte	2
 386 0166 95       		.byte	-107
 387 0167 40       		.byte	64
 388 0168 9F       		.byte	-97
 389 0169 02       		.byte	2
 390 016a A3       		.byte	-93
 391 016b 02       		.byte	2
 392 016c A7       		.byte	-89
 393 016d 20       		.byte	32
 394 016e AA       		.byte	-86
 395 016f 40       		.byte	64
 396 0170 AF       		.byte	-81
 397 0171 40       		.byte	64
 398 0172 C0       		.byte	-64
 399 0173 90       		.byte	-112
ARM GAS  C:\Users\charl\AppData\Local\Temp\ccKZ7bRj.s 			page 8


 400 0174 C2       		.byte	-62
 401 0175 40       		.byte	64
 402 0176 C4       		.byte	-60
 403 0177 10       		.byte	16
 404 0178 CA       		.byte	-54
 405 0179 50       		.byte	80
 406 017a CC       		.byte	-52
 407 017b 90       		.byte	-112
 408 017c E2       		.byte	-30
 409 017d 40       		.byte	64
 410 017e E6       		.byte	-26
 411 017f A0       		.byte	-96
 412 0180 0A       		.byte	10
 413 0181 02       		.byte	2
 414 0182 0E       		.byte	14
 415 0183 03       		.byte	3
 416 0184 11       		.byte	17
 417 0185 01       		.byte	1
 418 0186 12       		.byte	18
 419 0187 01       		.byte	1
 420 0188 1B       		.byte	27
 421 0189 02       		.byte	2
 422 018a 25       		.byte	37
 423 018b 02       		.byte	2
 424 018c 28       		.byte	40
 425 018d 03       		.byte	3
 426 018e 2F       		.byte	47
 427 018f 02       		.byte	2
 428 0190 33       		.byte	51
 429 0191 03       		.byte	3
 430 0192 36       		.byte	54
 431 0193 03       		.byte	3
 432 0194 58       		.byte	88
 433 0195 04       		.byte	4
 434 0196 59       		.byte	89
 435 0197 04       		.byte	4
 436 0198 5B       		.byte	91
 437 0199 04       		.byte	4
 438 019a 5F       		.byte	95
 439 019b 01       		.byte	1
 440 019c 80       		.byte	-128
 441 019d 02       		.byte	2
 442 019e 82       		.byte	-126
 443 019f 04       		.byte	4
 444 01a0 83       		.byte	-125
 445 01a1 01       		.byte	1
 446 01a2 8E       		.byte	-114
 447 01a3 01       		.byte	1
 448 01a4 8F       		.byte	-113
 449 01a5 01       		.byte	1
 450 01a6 9C       		.byte	-100
 451 01a7 04       		.byte	4
 452 01a8 9E       		.byte	-98
 453 01a9 02       		.byte	2
 454 01aa AC       		.byte	-84
 455 01ab 01       		.byte	1
 456 01ac B0       		.byte	-80
ARM GAS  C:\Users\charl\AppData\Local\Temp\ccKZ7bRj.s 			page 9


 457 01ad 06       		.byte	6
 458 01ae B4       		.byte	-76
 459 01af 01       		.byte	1
 460 01b0 B7       		.byte	-73
 461 01b1 01       		.byte	1
 462 01b2 BE       		.byte	-66
 463 01b3 01       		.byte	1
 464 01b4 C0       		.byte	-64
 465 01b5 12       		.byte	18
 466 01b6 C6       		.byte	-58
 467 01b7 50       		.byte	80
 468 01b8 C7       		.byte	-57
 469 01b9 60       		.byte	96
 470 01ba C8       		.byte	-56
 471 01bb 28       		.byte	40
 472 01bc C9       		.byte	-55
 473 01bd FF       		.byte	-1
 474 01be CA       		.byte	-54
 475 01bf FF       		.byte	-1
 476 01c0 CB       		.byte	-53
 477 01c1 FF       		.byte	-1
 478 01c2 CD       		.byte	-51
 479 01c3 10       		.byte	16
 480 01c4 CE       		.byte	-50
 481 01c5 70       		.byte	112
 482 01c6 CF       		.byte	-49
 483 01c7 0F       		.byte	15
 484 01c8 D0       		.byte	-48
 485 01c9 08       		.byte	8
 486 01ca D8       		.byte	-40
 487 01cb 04       		.byte	4
 488 01cc D9       		.byte	-39
 489 01cd 04       		.byte	4
 490 01ce DA       		.byte	-38
 491 01cf 04       		.byte	4
 492 01d0 DF       		.byte	-33
 493 01d1 01       		.byte	1
 494 01d2 E0       		.byte	-32
 495 01d3 10       		.byte	16
 496 01d4 E1       		.byte	-31
 497 01d5 BC       		.byte	-68
 498 01d6 E2       		.byte	-30
 499 01d7 10       		.byte	16
 500 01d8 E3       		.byte	-29
 501 01d9 58       		.byte	88
 502 01da E4       		.byte	-28
 503 01db 90       		.byte	-112
 504 01dc E5       		.byte	-27
 505 01dd 58       		.byte	88
 506 01de 00       		.byte	0
 507 01df 01       		.byte	1
 508 01e0 01       		.byte	1
 509 01e1 40       		.byte	64
 510 01e2 04       		.byte	4
 511 01e3 20       		.byte	32
 512 01e4 07       		.byte	7
 513 01e5 02       		.byte	2
ARM GAS  C:\Users\charl\AppData\Local\Temp\ccKZ7bRj.s 			page 10


 514 01e6 08       		.byte	8
 515 01e7 80       		.byte	-128
 516 01e8 0D       		.byte	13
 517 01e9 01       		.byte	1
 518 01ea 12       		.byte	18
 519 01eb 01       		.byte	1
 520 01ec 17       		.byte	23
 521 01ed 20       		.byte	32
 522 01ee 18       		.byte	24
 523 01ef 04       		.byte	4
 524 01f0 1A       		.byte	26
 525 01f1 80       		.byte	-128
 526 01f2 1F       		.byte	31
 527 01f3 40       		.byte	64
 528 01f4 20       		.byte	32
 529 01f5 01       		.byte	1
 530 01f6 27       		.byte	39
 531 01f7 20       		.byte	32
 532 01f8 2F       		.byte	47
 533 01f9 22       		.byte	34
 534 01fa 37       		.byte	55
 535 01fb 22       		.byte	34
 536 01fc 39       		.byte	57
 537 01fd 42       		.byte	66
 538 01fe 40       		.byte	64
 539 01ff 05       		.byte	5
 540 0200 50       		.byte	80
 541 0201 10       		.byte	16
 542 0202 51       		.byte	81
 543 0203 01       		.byte	1
 544 0204 52       		.byte	82
 545 0205 01       		.byte	1
 546 0206 53       		.byte	83
 547 0207 02       		.byte	2
 548 0208 6F       		.byte	111
 549 0209 01       		.byte	1
 550 020a 86       		.byte	-122
 551 020b 40       		.byte	64
 552 020c 8B       		.byte	-117
 553 020d 01       		.byte	1
 554 020e 94       		.byte	-108
 555 020f 01       		.byte	1
 556 0210 98       		.byte	-104
 557 0211 80       		.byte	-128
 558 0212 9E       		.byte	-98
 559 0213 40       		.byte	64
 560 0214 C0       		.byte	-64
 561 0215 C9       		.byte	-55
 562 0216 C2       		.byte	-62
 563 0217 11       		.byte	17
 564 0218 C4       		.byte	-60
 565 0219 41       		.byte	65
 566 021a CA       		.byte	-54
 567 021b 50       		.byte	80
 568 021c CC       		.byte	-52
 569 021d A0       		.byte	-96
 570 021e CE       		.byte	-50
ARM GAS  C:\Users\charl\AppData\Local\Temp\ccKZ7bRj.s 			page 11


 571 021f 09       		.byte	9
 572 0220 D0       		.byte	-48
 573 0221 0C       		.byte	12
 574 0222 E2       		.byte	-30
 575 0223 04       		.byte	4
 576 0224 E6       		.byte	-26
 577 0225 25       		.byte	37
 578 0226 EA       		.byte	-22
 579 0227 04       		.byte	4
 580 0228 5B       		.byte	91
 581 0229 04       		.byte	4
 582 022a 5F       		.byte	95
 583 022b 01       		.byte	1
 584 022c DB       		.byte	-37
 585 022d 04       		.byte	4
 586 022e DF       		.byte	-33
 587 022f 01       		.byte	1
 588 0230 69       		.byte	105
 589 0231 80       		.byte	-128
 590 0232 6A       		.byte	106
 591 0233 10       		.byte	16
 592 0234 6B       		.byte	107
 593 0235 50       		.byte	80
 594 0236 6C       		.byte	108
 595 0237 12       		.byte	18
 596 0238 6E       		.byte	110
 597 0239 20       		.byte	32
 598 023a 6F       		.byte	111
 599 023b 80       		.byte	-128
 600 023c 70       		.byte	112
 601 023d 09       		.byte	9
 602 023e 73       		.byte	115
 603 023f 09       		.byte	9
 604 0240 75       		.byte	117
 605 0241 28       		.byte	40
 606 0242 76       		.byte	118
 607 0243 01       		.byte	1
 608 0244 80       		.byte	-128
 609 0245 02       		.byte	2
 610 0246 81       		.byte	-127
 611 0247 28       		.byte	40
 612 0248 87       		.byte	-121
 613 0249 80       		.byte	-128
 614 024a 8E       		.byte	-114
 615 024b 10       		.byte	16
 616 024c 94       		.byte	-108
 617 024d 20       		.byte	32
 618 024e E4       		.byte	-28
 619 024f 08       		.byte	8
 620 0250 EA       		.byte	-22
 621 0251 04       		.byte	4
 622 0252 A9       		.byte	-87
 623 0253 40       		.byte	64
 624 0254 AB       		.byte	-85
 625 0255 50       		.byte	80
 626 0256 B0       		.byte	-80
 627 0257 08       		.byte	8
ARM GAS  C:\Users\charl\AppData\Local\Temp\ccKZ7bRj.s 			page 12


 628 0258 B2       		.byte	-78
 629 0259 10       		.byte	16
 630 025a B3       		.byte	-77
 631 025b 08       		.byte	8
 632 025c B4       		.byte	-76
 633 025d 01       		.byte	1
 634 025e B6       		.byte	-74
 635 025f 01       		.byte	1
 636 0260 B7       		.byte	-73
 637 0261 01       		.byte	1
 638 0262 E8       		.byte	-24
 639 0263 05       		.byte	5
 640 0264 EC       		.byte	-20
 641 0265 01       		.byte	1
 642 0266 11       		.byte	17
 643 0267 04       		.byte	4
 644 0268 17       		.byte	23
 645 0269 04       		.byte	4
 646 026a 1B       		.byte	27
 647 026b 08       		.byte	8
 648 026c 39       		.byte	57
 649 026d 04       		.byte	4
 650 026e 3F       		.byte	63
 651 026f 41       		.byte	65
 652 0270 43       		.byte	67
 653 0271 40       		.byte	64
 654 0272 83       		.byte	-125
 655 0273 01       		.byte	1
 656 0274 C4       		.byte	-60
 657 0275 30       		.byte	48
 658 0276 C6       		.byte	-58
 659 0277 10       		.byte	16
 660 0278 CE       		.byte	-50
 661 0279 E0       		.byte	-32
 662 027a D0       		.byte	-48
 663 027b 10       		.byte	16
 664 027c E2       		.byte	-30
 665 027d 80       		.byte	-128
 666 027e 01       		.byte	1
 667 027f 02       		.byte	2
 668 0280 3F       		.byte	63
 669 0281 10       		.byte	16
 670 0282 51       		.byte	81
 671 0283 20       		.byte	32
 672 0284 52       		.byte	82
 673 0285 01       		.byte	1
 674 0286 5F       		.byte	95
 675 0287 24       		.byte	36
 676 0288 60       		.byte	96
 677 0289 80       		.byte	-128
 678 028a 63       		.byte	99
 679 028b 02       		.byte	2
 680 028c 66       		.byte	102
 681 028d 20       		.byte	32
 682 028e 87       		.byte	-121
 683 028f 05       		.byte	5
 684 0290 97       		.byte	-105
ARM GAS  C:\Users\charl\AppData\Local\Temp\ccKZ7bRj.s 			page 13


 685 0291 40       		.byte	64
 686 0292 9F       		.byte	-97
 687 0293 40       		.byte	64
 688 0294 AB       		.byte	-85
 689 0295 0C       		.byte	12
 690 0296 C0       		.byte	-64
 691 0297 10       		.byte	16
 692 0298 CE       		.byte	-50
 693 0299 20       		.byte	32
 694 029a D4       		.byte	-44
 695 029b A0       		.byte	-96
 696 029c D6       		.byte	-42
 697 029d E0       		.byte	-32
 698 029e D8       		.byte	-40
 699 029f C0       		.byte	-64
 700 02a0 E2       		.byte	-30
 701 02a1 40       		.byte	64
 702 02a2 E6       		.byte	-26
 703 02a3 10       		.byte	16
 704 02a4 E8       		.byte	-24
 705 02a5 80       		.byte	-128
 706 02a6 EC       		.byte	-20
 707 02a7 80       		.byte	-128
 708 02a8 52       		.byte	82
 709 02a9 20       		.byte	32
 710 02aa 54       		.byte	84
 711 02ab 40       		.byte	64
 712 02ac 84       		.byte	-124
 713 02ad 40       		.byte	64
 714 02ae 8D       		.byte	-115
 715 02af 20       		.byte	32
 716 02b0 8E       		.byte	-114
 717 02b1 20       		.byte	32
 718 02b2 97       		.byte	-105
 719 02b3 50       		.byte	80
 720 02b4 9C       		.byte	-100
 721 02b5 80       		.byte	-128
 722 02b6 9E       		.byte	-98
 723 02b7 21       		.byte	33
 724 02b8 9F       		.byte	-97
 725 02b9 40       		.byte	64
 726 02ba A5       		.byte	-91
 727 02bb 20       		.byte	32
 728 02bc AB       		.byte	-85
 729 02bd 20       		.byte	32
 730 02be B1       		.byte	-79
 731 02bf 02       		.byte	2
 732 02c0 D4       		.byte	-44
 733 02c1 60       		.byte	96
 734 02c2 E2       		.byte	-30
 735 02c3 40       		.byte	64
 736 02c4 EA       		.byte	-22
 737 02c5 80       		.byte	-128
 738 02c6 97       		.byte	-105
 739 02c7 10       		.byte	16
 740 02c8 9A       		.byte	-102
 741 02c9 10       		.byte	16
ARM GAS  C:\Users\charl\AppData\Local\Temp\ccKZ7bRj.s 			page 14


 742 02ca 9E       		.byte	-98
 743 02cb 01       		.byte	1
 744 02cc 9F       		.byte	-97
 745 02cd 40       		.byte	64
 746 02ce AE       		.byte	-82
 747 02cf 10       		.byte	16
 748 02d0 AF       		.byte	-81
 749 02d1 40       		.byte	64
 750 02d2 B4       		.byte	-76
 751 02d3 80       		.byte	-128
 752 02d4 B6       		.byte	-74
 753 02d5 20       		.byte	32
 754 02d6 EA       		.byte	-22
 755 02d7 40       		.byte	64
 756 02d8 EE       		.byte	-18
 757 02d9 40       		.byte	64
 758 02da 51       		.byte	81
 759 02db 20       		.byte	32
 760 02dc 54       		.byte	84
 761 02dd 01       		.byte	1
 762 02de 5B       		.byte	91
 763 02df 80       		.byte	-128
 764 02e0 60       		.byte	96
 765 02e1 04       		.byte	4
 766 02e2 61       		.byte	97
 767 02e3 80       		.byte	-128
 768 02e4 65       		.byte	101
 769 02e5 80       		.byte	-128
 770 02e6 66       		.byte	102
 771 02e7 08       		.byte	8
 772 02e8 86       		.byte	-122
 773 02e9 08       		.byte	8
 774 02ea D4       		.byte	-44
 775 02eb 05       		.byte	5
 776 02ec D6       		.byte	-42
 777 02ed 07       		.byte	7
 778 02ee D8       		.byte	-40
 779 02ef 03       		.byte	3
 780 02f0 52       		.byte	82
 781 02f1 04       		.byte	4
 782 02f2 56       		.byte	86
 783 02f3 80       		.byte	-128
 784 02f4 85       		.byte	-123
 785 02f5 80       		.byte	-128
 786 02f6 88       		.byte	-120
 787 02f7 01       		.byte	1
 788 02f8 89       		.byte	-119
 789 02f9 80       		.byte	-128
 790 02fa 94       		.byte	-108
 791 02fb 04       		.byte	4
 792 02fc 96       		.byte	-106
 793 02fd 10       		.byte	16
 794 02fe 98       		.byte	-104
 795 02ff 20       		.byte	32
 796 0300 9D       		.byte	-99
 797 0301 80       		.byte	-128
 798 0302 9F       		.byte	-97
ARM GAS  C:\Users\charl\AppData\Local\Temp\ccKZ7bRj.s 			page 15


 799 0303 80       		.byte	-128
 800 0304 A4       		.byte	-92
 801 0305 01       		.byte	1
 802 0306 A5       		.byte	-91
 803 0307 A0       		.byte	-96
 804 0308 AA       		.byte	-86
 805 0309 10       		.byte	16
 806 030a B0       		.byte	-80
 807 030b 20       		.byte	32
 808 030c D4       		.byte	-44
 809 030d 06       		.byte	6
 810 030e E0       		.byte	-32
 811 030f 01       		.byte	1
 812 0310 E4       		.byte	-28
 813 0311 01       		.byte	1
 814 0312 E8       		.byte	-24
 815 0313 01       		.byte	1
 816 0314 96       		.byte	-106
 817 0315 10       		.byte	16
 818 0316 98       		.byte	-104
 819 0317 20       		.byte	32
 820 0318 9E       		.byte	-98
 821 0319 84       		.byte	-124
 822 031a A5       		.byte	-91
 823 031b 20       		.byte	32
 824 031c B4       		.byte	-76
 825 031d 04       		.byte	4
 826 031e B7       		.byte	-73
 827 031f 80       		.byte	-128
 828 0320 EC       		.byte	-20
 829 0321 0A       		.byte	10
 830 0322 21       		.byte	33
 831 0323 04       		.byte	4
 832 0324 50       		.byte	80
 833 0325 04       		.byte	4
 834 0326 56       		.byte	86
 835 0327 20       		.byte	32
 836 0328 58       		.byte	88
 837 0329 20       		.byte	32
 838 032a 5F       		.byte	95
 839 032b 80       		.byte	-128
 840 032c 80       		.byte	-128
 841 032d 24       		.byte	36
 842 032e 82       		.byte	-126
 843 032f 20       		.byte	32
 844 0330 85       		.byte	-123
 845 0331 04       		.byte	4
 846 0332 8B       		.byte	-117
 847 0333 80       		.byte	-128
 848 0334 97       		.byte	-105
 849 0335 10       		.byte	16
 850 0336 9A       		.byte	-102
 851 0337 10       		.byte	16
 852 0338 9F       		.byte	-97
 853 0339 40       		.byte	64
 854 033a AA       		.byte	-86
 855 033b 01       		.byte	1
ARM GAS  C:\Users\charl\AppData\Local\Temp\ccKZ7bRj.s 			page 16


 856 033c C8       		.byte	-56
 857 033d 40       		.byte	64
 858 033e D4       		.byte	-44
 859 033f E0       		.byte	-32
 860 0340 D6       		.byte	-42
 861 0341 20       		.byte	32
 862 0342 E0       		.byte	-32
 863 0343 10       		.byte	16
 864 0344 E2       		.byte	-30
 865 0345 20       		.byte	32
 866 0346 E6       		.byte	-26
 867 0347 A0       		.byte	-96
 868 0348 EA       		.byte	-22
 869 0349 20       		.byte	32
 870 034a 52       		.byte	82
 871 034b 80       		.byte	-128
 872 034c 56       		.byte	86
 873 034d 10       		.byte	16
 874 034e 5B       		.byte	91
 875 034f 20       		.byte	32
 876 0350 5E       		.byte	94
 877 0351 01       		.byte	1
 878 0352 60       		.byte	96
 879 0353 10       		.byte	16
 880 0354 63       		.byte	99
 881 0355 02       		.byte	2
 882 0356 65       		.byte	101
 883 0357 01       		.byte	1
 884 0358 73       		.byte	115
 885 0359 10       		.byte	16
 886 035a 7D       		.byte	125
 887 035b 40       		.byte	64
 888 035c 80       		.byte	-128
 889 035d 10       		.byte	16
 890 035e 81       		.byte	-127
 891 035f 01       		.byte	1
 892 0360 82       		.byte	-126
 893 0361 80       		.byte	-128
 894 0362 87       		.byte	-121
 895 0363 11       		.byte	17
 896 0364 8A       		.byte	-118
 897 0365 01       		.byte	1
 898 0366 8B       		.byte	-117
 899 0367 20       		.byte	32
 900 0368 8D       		.byte	-115
 901 0369 40       		.byte	64
 902 036a 9A       		.byte	-102
 903 036b 10       		.byte	16
 904 036c AB       		.byte	-85
 905 036d 40       		.byte	64
 906 036e AF       		.byte	-81
 907 036f 10       		.byte	16
 908 0370 D4       		.byte	-44
 909 0371 E0       		.byte	-32
 910 0372 D6       		.byte	-42
 911 0373 C0       		.byte	-64
 912 0374 D8       		.byte	-40
ARM GAS  C:\Users\charl\AppData\Local\Temp\ccKZ7bRj.s 			page 17


 913 0375 C0       		.byte	-64
 914 0376 DC       		.byte	-36
 915 0377 80       		.byte	-128
 916 0378 DE       		.byte	-34
 917 0379 20       		.byte	32
 918 037a E2       		.byte	-30
 919 037b 30       		.byte	48
 920 037c E6       		.byte	-26
 921 037d B0       		.byte	-80
 922 037e EA       		.byte	-22
 923 037f 10       		.byte	16
 924 0380 EE       		.byte	-18
 925 0381 80       		.byte	-128
 926 0382 5B       		.byte	91
 927 0383 12       		.byte	18
 928 0384 5C       		.byte	92
 929 0385 01       		.byte	1
 930 0386 63       		.byte	99
 931 0387 80       		.byte	-128
 932 0388 64       		.byte	100
 933 0389 08       		.byte	8
 934 038a 75       		.byte	117
 935 038b 02       		.byte	2
 936 038c 78       		.byte	120
 937 038d 40       		.byte	64
 938 038e 84       		.byte	-124
 939 038f 40       		.byte	64
 940 0390 8E       		.byte	-114
 941 0391 04       		.byte	4
 942 0392 96       		.byte	-106
 943 0393 10       		.byte	16
 944 0394 98       		.byte	-104
 945 0395 20       		.byte	32
 946 0396 9D       		.byte	-99
 947 0397 01       		.byte	1
 948 0398 9E       		.byte	-98
 949 0399 84       		.byte	-124
 950 039a A5       		.byte	-91
 951 039b 20       		.byte	32
 952 039c A9       		.byte	-87
 953 039d 01       		.byte	1
 954 039e D4       		.byte	-44
 955 039f 01       		.byte	1
 956 03a0 D6       		.byte	-42
 957 03a1 03       		.byte	3
 958 03a2 D8       		.byte	-40
 959 03a3 03       		.byte	3
 960 03a4 DC       		.byte	-36
 961 03a5 01       		.byte	1
 962 03a6 DE       		.byte	-34
 963 03a7 04       		.byte	4
 964 03a8 E4       		.byte	-28
 965 03a9 08       		.byte	8
 966 03aa 19       		.byte	25
 967 03ab 01       		.byte	1
 968 03ac 1E       		.byte	30
 969 03ad 10       		.byte	16
ARM GAS  C:\Users\charl\AppData\Local\Temp\ccKZ7bRj.s 			page 18


 970 03ae 78       		.byte	120
 971 03af 20       		.byte	32
 972 03b0 7D       		.byte	125
 973 03b1 80       		.byte	-128
 974 03b2 96       		.byte	-106
 975 03b3 10       		.byte	16
 976 03b4 98       		.byte	-104
 977 03b5 20       		.byte	32
 978 03b6 9D       		.byte	-99
 979 03b7 01       		.byte	1
 980 03b8 A1       		.byte	-95
 981 03b9 40       		.byte	64
 982 03ba AA       		.byte	-86
 983 03bb 80       		.byte	-128
 984 03bc AB       		.byte	-85
 985 03bd 42       		.byte	66
 986 03be B1       		.byte	-79
 987 03bf 62       		.byte	98
 988 03c0 B4       		.byte	-76
 989 03c1 09       		.byte	9
 990 03c2 B7       		.byte	-73
 991 03c3 10       		.byte	16
 992 03c4 C6       		.byte	-58
 993 03c5 0C       		.byte	12
 994 03c6 DE       		.byte	-34
 995 03c7 06       		.byte	6
 996 03c8 E8       		.byte	-24
 997 03c9 03       		.byte	3
 998 03ca EC       		.byte	-20
 999 03cb 0F       		.byte	15
 1000 03cc 10       		.byte	16
 1001 03cd 01       		.byte	1
 1002 03ce 1A       		.byte	26
 1003 03cf 01       		.byte	1
 1004 03d0 10       		.byte	16
 1005 03d1 AA       		.byte	-86
 1006 03d2 11       		.byte	17
 1007 03d3 02       		.byte	2
 1008 03d4 01       		.byte	1
 1009 03d5 FE       		.byte	-2
 1010 03d6 FE       		.byte	-2
 1011 03d7 00       		.byte	0
 1012 03d8 FE       		.byte	-2
 1013 03d9 00       		.byte	0
 1014 03da 00       		.byte	0
 1015 03db 00       		.byte	0
 1016 03dc 00       		.byte	0
 1017 03dd 4F       		.byte	79
 1018 03de 4F       		.byte	79
 1019 03df 00       		.byte	0
 1020 03e0 4F       		.byte	79
 1021 03e1 00       		.byte	0
 1022 03e2 00       		.byte	0
 1023 03e3 00       		.byte	0
 1024 03e4 00       		.byte	0
 1025 03e5 00       		.byte	0
 1026 03e6 C0       		.byte	-64
ARM GAS  C:\Users\charl\AppData\Local\Temp\ccKZ7bRj.s 			page 19


 1027 03e7 3F       		.byte	63
 1028 03e8 3F       		.byte	63
 1029 03e9 00       		.byte	0
 1030 03ea FF       		.byte	-1
 1031 03eb 00       		.byte	0
 1032 03ec 00       		.byte	0
 1033 03ed 00       		.byte	0
 1034 03ee 00       		.byte	0
 1035 03ef 00       		.byte	0
 1036 03f0 00       		.byte	0
 1037 03f1 F4       		.byte	-12
 1038 03f2 F4       		.byte	-12
 1039 03f3 00       		.byte	0
 1040 03f4 F4       		.byte	-12
 1041 03f5 00       		.byte	0
 1042 03f6 00       		.byte	0
 1043 03f7 00       		.byte	0
 1044 03f8 00       		.byte	0
 1045 03f9 FD       		.byte	-3
 1046 03fa FD       		.byte	-3
 1047 03fb 00       		.byte	0
 1048 03fc FD       		.byte	-3
 1049 03fd 00       		.byte	0
 1050 03fe 00       		.byte	0
 1051 03ff 00       		.byte	0
 1052 0400 00       		.byte	0
 1053 0401 FE       		.byte	-2
 1054 0402 FE       		.byte	-2
 1055 0403 00       		.byte	0
 1056 0404 FE       		.byte	-2
 1057 0405 00       		.byte	0
 1058 0406 00       		.byte	0
 1059 0407 00       		.byte	0
 1060 0408 00       		.byte	0
 1061 0409 01       		.byte	1
 1062 040a 00       		.byte	0
 1063 040b 00       		.byte	0
 1064 040c 00       		.byte	0
 1065 040d 04       		.byte	4
 1066 040e 00       		.byte	0
 1067 040f 00       		.byte	0
 1068              		.section	.cywolatch,"a",%progbits
 1069              		.align	2
 1070              		.type	cy_meta_wonvl, %object
 1071              		.size	cy_meta_wonvl, 4
 1072              	cy_meta_wonvl:
 1073 0000 BC       		.byte	-68
 1074 0001 90       		.byte	-112
 1075 0002 AC       		.byte	-84
 1076 0003 AF       		.byte	-81
 1077              		.section	.cycustnvl,"a",%progbits
 1078              		.align	2
 1079              		.type	cy_meta_custnvl, %object
 1080              		.size	cy_meta_custnvl, 4
 1081              	cy_meta_custnvl:
 1082 0000 00       		.byte	0
 1083 0001 00       		.byte	0
ARM GAS  C:\Users\charl\AppData\Local\Temp\ccKZ7bRj.s 			page 20


 1084 0002 40       		.byte	64
 1085 0003 05       		.byte	5
 1086              		.section	.cymeta,"a",%progbits
 1087              		.align	2
 1088              		.type	cy_metadata, %object
 1089              		.size	cy_metadata, 12
 1090              	cy_metadata:
 1091 0000 00       		.byte	0
 1092 0001 01       		.byte	1
 1093 0002 2E       		.byte	46
 1094 0003 16       		.byte	22
 1095 0004 10       		.byte	16
 1096 0005 69       		.byte	105
 1097 0006 00       		.byte	0
 1098 0007 01       		.byte	1
 1099 0008 00       		.byte	0
 1100 0009 00       		.byte	0
 1101 000a 00       		.byte	0
 1102 000b 00       		.byte	0
 1103              		.section	.cyflashprotect,"a",%progbits
 1104              		.align	2
 1105              		.type	cy_meta_flashprotect, %object
 1106              		.size	cy_meta_flashprotect, 256
 1107              	cy_meta_flashprotect:
 1108 0000 00000000 		.space	256
 1108      00000000 
 1108      00000000 
 1108      00000000 
 1108      00000000 
 1109              		.text
 1110              	.Letext0:
 1111              		.file 1 ".\\Generated_Source\\PSoC5\\cymetadata.c"
 1112              		.file 2 ".\\Generated_Source\\PSoC5\\cytypes.h"
 1113              		.section	.debug_info,"",%progbits
 1114              	.Ldebug_info0:
 1115 0000 37010000 		.4byte	0x137
 1116 0004 0400     		.2byte	0x4
 1117 0006 00000000 		.4byte	.Ldebug_abbrev0
 1118 000a 04       		.byte	0x4
 1119 000b 01       		.uleb128 0x1
 1120 000c 94000000 		.4byte	.LASF18
 1121 0010 01       		.byte	0x1
 1122 0011 00000000 		.4byte	.LASF19
 1123 0015 95010000 		.4byte	.LASF20
 1124 0019 00000000 		.4byte	.Ldebug_line0
 1125 001d 02       		.uleb128 0x2
 1126 001e 01       		.byte	0x1
 1127 001f 06       		.byte	0x6
 1128 0020 0B020000 		.4byte	.LASF0
 1129 0024 02       		.uleb128 0x2
 1130 0025 01       		.byte	0x1
 1131 0026 08       		.byte	0x8
 1132 0027 38000000 		.4byte	.LASF1
 1133 002b 02       		.uleb128 0x2
 1134 002c 02       		.byte	0x2
 1135 002d 05       		.byte	0x5
 1136 002e 85010000 		.4byte	.LASF2
ARM GAS  C:\Users\charl\AppData\Local\Temp\ccKZ7bRj.s 			page 21


 1137 0032 02       		.uleb128 0x2
 1138 0033 02       		.byte	0x2
 1139 0034 07       		.byte	0x7
 1140 0035 58000000 		.4byte	.LASF3
 1141 0039 02       		.uleb128 0x2
 1142 003a 04       		.byte	0x4
 1143 003b 05       		.byte	0x5
 1144 003c 02020000 		.4byte	.LASF4
 1145 0040 02       		.uleb128 0x2
 1146 0041 04       		.byte	0x4
 1147 0042 07       		.byte	0x7
 1148 0043 46000000 		.4byte	.LASF5
 1149 0047 02       		.uleb128 0x2
 1150 0048 08       		.byte	0x8
 1151 0049 05       		.byte	0x5
 1152 004a 72010000 		.4byte	.LASF6
 1153 004e 02       		.uleb128 0x2
 1154 004f 08       		.byte	0x8
 1155 0050 07       		.byte	0x7
 1156 0051 2F010000 		.4byte	.LASF7
 1157 0055 03       		.uleb128 0x3
 1158 0056 04       		.byte	0x4
 1159 0057 05       		.byte	0x5
 1160 0058 696E7400 		.ascii	"int\000"
 1161 005c 02       		.uleb128 0x2
 1162 005d 04       		.byte	0x4
 1163 005e 07       		.byte	0x7
 1164 005f 22010000 		.4byte	.LASF8
 1165 0063 04       		.uleb128 0x4
 1166 0064 8F010000 		.4byte	.LASF21
 1167 0068 02       		.byte	0x2
 1168 0069 9201     		.2byte	0x192
 1169 006b 24000000 		.4byte	0x24
 1170 006f 02       		.uleb128 0x2
 1171 0070 04       		.byte	0x4
 1172 0071 04       		.byte	0x4
 1173 0072 32000000 		.4byte	.LASF9
 1174 0076 02       		.uleb128 0x2
 1175 0077 08       		.byte	0x8
 1176 0078 04       		.byte	0x4
 1177 0079 6B000000 		.4byte	.LASF10
 1178 007d 02       		.uleb128 0x2
 1179 007e 01       		.byte	0x1
 1180 007f 08       		.byte	0x8
 1181 0080 80010000 		.4byte	.LASF11
 1182 0084 05       		.uleb128 0x5
 1183 0085 63000000 		.4byte	0x63
 1184 0089 95000000 		.4byte	0x95
 1185 008d 06       		.uleb128 0x6
 1186 008e 95000000 		.4byte	0x95
 1187 0092 0F04     		.2byte	0x40f
 1188 0094 00       		.byte	0
 1189 0095 02       		.uleb128 0x2
 1190 0096 04       		.byte	0x4
 1191 0097 07       		.byte	0x7
 1192 0098 69010000 		.4byte	.LASF12
 1193 009c 07       		.uleb128 0x7
ARM GAS  C:\Users\charl\AppData\Local\Temp\ccKZ7bRj.s 			page 22


 1194 009d 82000000 		.4byte	.LASF13
 1195 00a1 01       		.byte	0x1
 1196 00a2 1F       		.byte	0x1f
 1197 00a3 AD000000 		.4byte	0xad
 1198 00a7 05       		.uleb128 0x5
 1199 00a8 03       		.byte	0x3
 1200 00a9 00000000 		.4byte	cy_meta_configecc
 1201 00ad 08       		.uleb128 0x8
 1202 00ae 84000000 		.4byte	0x84
 1203 00b2 05       		.uleb128 0x5
 1204 00b3 63000000 		.4byte	0x63
 1205 00b7 C2000000 		.4byte	0xc2
 1206 00bb 09       		.uleb128 0x9
 1207 00bc 95000000 		.4byte	0x95
 1208 00c0 03       		.byte	0x3
 1209 00c1 00       		.byte	0
 1210 00c2 07       		.uleb128 0x7
 1211 00c3 72000000 		.4byte	.LASF14
 1212 00c7 01       		.byte	0x1
 1213 00c8 AE       		.byte	0xae
 1214 00c9 D3000000 		.4byte	0xd3
 1215 00cd 05       		.uleb128 0x5
 1216 00ce 03       		.byte	0x3
 1217 00cf 00000000 		.4byte	cy_meta_custnvl
 1218 00d3 08       		.uleb128 0x8
 1219 00d4 B2000000 		.4byte	0xb2
 1220 00d8 07       		.uleb128 0x7
 1221 00d9 5B010000 		.4byte	.LASF15
 1222 00dd 01       		.byte	0x1
 1223 00de BC       		.byte	0xbc
 1224 00df E9000000 		.4byte	0xe9
 1225 00e3 05       		.uleb128 0x5
 1226 00e4 03       		.byte	0x3
 1227 00e5 00000000 		.4byte	cy_meta_wonvl
 1228 00e9 08       		.uleb128 0x8
 1229 00ea B2000000 		.4byte	0xb2
 1230 00ee 05       		.uleb128 0x5
 1231 00ef 63000000 		.4byte	0x63
 1232 00f3 FE000000 		.4byte	0xfe
 1233 00f7 09       		.uleb128 0x9
 1234 00f8 95000000 		.4byte	0x95
 1235 00fc FF       		.byte	0xff
 1236 00fd 00       		.byte	0
 1237 00fe 07       		.uleb128 0x7
 1238 00ff 46010000 		.4byte	.LASF16
 1239 0103 01       		.byte	0x1
 1240 0104 CA       		.byte	0xca
 1241 0105 0F010000 		.4byte	0x10f
 1242 0109 05       		.uleb128 0x5
 1243 010a 03       		.byte	0x3
 1244 010b 00000000 		.4byte	cy_meta_flashprotect
 1245 010f 08       		.uleb128 0x8
 1246 0110 EE000000 		.4byte	0xee
 1247 0114 05       		.uleb128 0x5
 1248 0115 63000000 		.4byte	0x63
 1249 0119 24010000 		.4byte	0x124
 1250 011d 09       		.uleb128 0x9
ARM GAS  C:\Users\charl\AppData\Local\Temp\ccKZ7bRj.s 			page 23


 1251 011e 95000000 		.4byte	0x95
 1252 0122 0B       		.byte	0xb
 1253 0123 00       		.byte	0
 1254 0124 07       		.uleb128 0x7
 1255 0125 26000000 		.4byte	.LASF17
 1256 0129 01       		.byte	0x1
 1257 012a F7       		.byte	0xf7
 1258 012b 35010000 		.4byte	0x135
 1259 012f 05       		.uleb128 0x5
 1260 0130 03       		.byte	0x3
 1261 0131 00000000 		.4byte	cy_metadata
 1262 0135 08       		.uleb128 0x8
 1263 0136 14010000 		.4byte	0x114
 1264 013a 00       		.byte	0
 1265              		.section	.debug_abbrev,"",%progbits
 1266              	.Ldebug_abbrev0:
 1267 0000 01       		.uleb128 0x1
 1268 0001 11       		.uleb128 0x11
 1269 0002 01       		.byte	0x1
 1270 0003 25       		.uleb128 0x25
 1271 0004 0E       		.uleb128 0xe
 1272 0005 13       		.uleb128 0x13
 1273 0006 0B       		.uleb128 0xb
 1274 0007 03       		.uleb128 0x3
 1275 0008 0E       		.uleb128 0xe
 1276 0009 1B       		.uleb128 0x1b
 1277 000a 0E       		.uleb128 0xe
 1278 000b 10       		.uleb128 0x10
 1279 000c 17       		.uleb128 0x17
 1280 000d 00       		.byte	0
 1281 000e 00       		.byte	0
 1282 000f 02       		.uleb128 0x2
 1283 0010 24       		.uleb128 0x24
 1284 0011 00       		.byte	0
 1285 0012 0B       		.uleb128 0xb
 1286 0013 0B       		.uleb128 0xb
 1287 0014 3E       		.uleb128 0x3e
 1288 0015 0B       		.uleb128 0xb
 1289 0016 03       		.uleb128 0x3
 1290 0017 0E       		.uleb128 0xe
 1291 0018 00       		.byte	0
 1292 0019 00       		.byte	0
 1293 001a 03       		.uleb128 0x3
 1294 001b 24       		.uleb128 0x24
 1295 001c 00       		.byte	0
 1296 001d 0B       		.uleb128 0xb
 1297 001e 0B       		.uleb128 0xb
 1298 001f 3E       		.uleb128 0x3e
 1299 0020 0B       		.uleb128 0xb
 1300 0021 03       		.uleb128 0x3
 1301 0022 08       		.uleb128 0x8
 1302 0023 00       		.byte	0
 1303 0024 00       		.byte	0
 1304 0025 04       		.uleb128 0x4
 1305 0026 16       		.uleb128 0x16
 1306 0027 00       		.byte	0
 1307 0028 03       		.uleb128 0x3
ARM GAS  C:\Users\charl\AppData\Local\Temp\ccKZ7bRj.s 			page 24


 1308 0029 0E       		.uleb128 0xe
 1309 002a 3A       		.uleb128 0x3a
 1310 002b 0B       		.uleb128 0xb
 1311 002c 3B       		.uleb128 0x3b
 1312 002d 05       		.uleb128 0x5
 1313 002e 49       		.uleb128 0x49
 1314 002f 13       		.uleb128 0x13
 1315 0030 00       		.byte	0
 1316 0031 00       		.byte	0
 1317 0032 05       		.uleb128 0x5
 1318 0033 01       		.uleb128 0x1
 1319 0034 01       		.byte	0x1
 1320 0035 49       		.uleb128 0x49
 1321 0036 13       		.uleb128 0x13
 1322 0037 01       		.uleb128 0x1
 1323 0038 13       		.uleb128 0x13
 1324 0039 00       		.byte	0
 1325 003a 00       		.byte	0
 1326 003b 06       		.uleb128 0x6
 1327 003c 21       		.uleb128 0x21
 1328 003d 00       		.byte	0
 1329 003e 49       		.uleb128 0x49
 1330 003f 13       		.uleb128 0x13
 1331 0040 2F       		.uleb128 0x2f
 1332 0041 05       		.uleb128 0x5
 1333 0042 00       		.byte	0
 1334 0043 00       		.byte	0
 1335 0044 07       		.uleb128 0x7
 1336 0045 34       		.uleb128 0x34
 1337 0046 00       		.byte	0
 1338 0047 03       		.uleb128 0x3
 1339 0048 0E       		.uleb128 0xe
 1340 0049 3A       		.uleb128 0x3a
 1341 004a 0B       		.uleb128 0xb
 1342 004b 3B       		.uleb128 0x3b
 1343 004c 0B       		.uleb128 0xb
 1344 004d 49       		.uleb128 0x49
 1345 004e 13       		.uleb128 0x13
 1346 004f 3F       		.uleb128 0x3f
 1347 0050 19       		.uleb128 0x19
 1348 0051 02       		.uleb128 0x2
 1349 0052 18       		.uleb128 0x18
 1350 0053 00       		.byte	0
 1351 0054 00       		.byte	0
 1352 0055 08       		.uleb128 0x8
 1353 0056 26       		.uleb128 0x26
 1354 0057 00       		.byte	0
 1355 0058 49       		.uleb128 0x49
 1356 0059 13       		.uleb128 0x13
 1357 005a 00       		.byte	0
 1358 005b 00       		.byte	0
 1359 005c 09       		.uleb128 0x9
 1360 005d 21       		.uleb128 0x21
 1361 005e 00       		.byte	0
 1362 005f 49       		.uleb128 0x49
 1363 0060 13       		.uleb128 0x13
 1364 0061 2F       		.uleb128 0x2f
ARM GAS  C:\Users\charl\AppData\Local\Temp\ccKZ7bRj.s 			page 25


 1365 0062 0B       		.uleb128 0xb
 1366 0063 00       		.byte	0
 1367 0064 00       		.byte	0
 1368 0065 00       		.byte	0
 1369              		.section	.debug_aranges,"",%progbits
 1370 0000 14000000 		.4byte	0x14
 1371 0004 0200     		.2byte	0x2
 1372 0006 00000000 		.4byte	.Ldebug_info0
 1373 000a 04       		.byte	0x4
 1374 000b 00       		.byte	0
 1375 000c 0000     		.2byte	0
 1376 000e 0000     		.2byte	0
 1377 0010 00000000 		.4byte	0
 1378 0014 00000000 		.4byte	0
 1379              		.section	.debug_line,"",%progbits
 1380              	.Ldebug_line0:
 1381 0000 4F000000 		.section	.debug_str,"MS",%progbits,1
 1381      02004900 
 1381      00000201 
 1381      FB0E0D00 
 1381      01010101 
 1382              	.LASF19:
 1383 0000 2E5C4765 		.ascii	".\\Generated_Source\\PSoC5\\cymetadata.c\000"
 1383      6E657261 
 1383      7465645F 
 1383      536F7572 
 1383      63655C50 
 1384              	.LASF17:
 1385 0026 63795F6D 		.ascii	"cy_metadata\000"
 1385      65746164 
 1385      61746100 
 1386              	.LASF9:
 1387 0032 666C6F61 		.ascii	"float\000"
 1387      7400
 1388              	.LASF1:
 1389 0038 756E7369 		.ascii	"unsigned char\000"
 1389      676E6564 
 1389      20636861 
 1389      7200
 1390              	.LASF5:
 1391 0046 6C6F6E67 		.ascii	"long unsigned int\000"
 1391      20756E73 
 1391      69676E65 
 1391      6420696E 
 1391      7400
 1392              	.LASF3:
 1393 0058 73686F72 		.ascii	"short unsigned int\000"
 1393      7420756E 
 1393      7369676E 
 1393      65642069 
 1393      6E7400
 1394              	.LASF10:
 1395 006b 646F7562 		.ascii	"double\000"
 1395      6C6500
 1396              	.LASF14:
 1397 0072 63795F6D 		.ascii	"cy_meta_custnvl\000"
 1397      6574615F 
ARM GAS  C:\Users\charl\AppData\Local\Temp\ccKZ7bRj.s 			page 26


 1397      63757374 
 1397      6E766C00 
 1398              	.LASF13:
 1399 0082 63795F6D 		.ascii	"cy_meta_configecc\000"
 1399      6574615F 
 1399      636F6E66 
 1399      69676563 
 1399      6300
 1400              	.LASF18:
 1401 0094 474E5520 		.ascii	"GNU C 4.9.3 20150303 (release) [ARM/embedded-4_9-br"
 1401      4320342E 
 1401      392E3320 
 1401      32303135 
 1401      30333033 
 1402 00c7 616E6368 		.ascii	"anch revision 221220] -mcpu=cortex-m3 -mthumb -g -O"
 1402      20726576 
 1402      6973696F 
 1402      6E203232 
 1402      31323230 
 1403 00fa 67202D66 		.ascii	"g -ffunction-sections -ffat-lto-objects\000"
 1403      66756E63 
 1403      74696F6E 
 1403      2D736563 
 1403      74696F6E 
 1404              	.LASF8:
 1405 0122 756E7369 		.ascii	"unsigned int\000"
 1405      676E6564 
 1405      20696E74 
 1405      00
 1406              	.LASF7:
 1407 012f 6C6F6E67 		.ascii	"long long unsigned int\000"
 1407      206C6F6E 
 1407      6720756E 
 1407      7369676E 
 1407      65642069 
 1408              	.LASF16:
 1409 0146 63795F6D 		.ascii	"cy_meta_flashprotect\000"
 1409      6574615F 
 1409      666C6173 
 1409      6870726F 
 1409      74656374 
 1410              	.LASF15:
 1411 015b 63795F6D 		.ascii	"cy_meta_wonvl\000"
 1411      6574615F 
 1411      776F6E76 
 1411      6C00
 1412              	.LASF12:
 1413 0169 73697A65 		.ascii	"sizetype\000"
 1413      74797065 
 1413      00
 1414              	.LASF6:
 1415 0172 6C6F6E67 		.ascii	"long long int\000"
 1415      206C6F6E 
 1415      6720696E 
 1415      7400
 1416              	.LASF11:
 1417 0180 63686172 		.ascii	"char\000"
ARM GAS  C:\Users\charl\AppData\Local\Temp\ccKZ7bRj.s 			page 27


 1417      00
 1418              	.LASF2:
 1419 0185 73686F72 		.ascii	"short int\000"
 1419      7420696E 
 1419      7400
 1420              	.LASF21:
 1421 018f 75696E74 		.ascii	"uint8\000"
 1421      3800
 1422              	.LASF20:
 1423 0195 433A5C55 		.ascii	"C:\\Users\\charl\\Documents\\GitHub\\VTM17_Dash_7se"
 1423      73657273 
 1423      5C636861 
 1423      726C5C44 
 1423      6F63756D 
 1424 01c3 675C5654 		.ascii	"g\\VTM17_Dash_7SEG\\VTM17_Display_7seg\\VTM17c_Disp"
 1424      4D31375F 
 1424      44617368 
 1424      5F375345 
 1424      475C5654 
 1425 01f3 6C61795F 		.ascii	"lay_7seg.cydsn\000"
 1425      37736567 
 1425      2E637964 
 1425      736E00
 1426              	.LASF4:
 1427 0202 6C6F6E67 		.ascii	"long int\000"
 1427      20696E74 
 1427      00
 1428              	.LASF0:
 1429 020b 7369676E 		.ascii	"signed char\000"
 1429      65642063 
 1429      68617200 
 1430              		.ident	"GCC: (GNU Tools for ARM Embedded Processors) 4.9.3 20150303 (release) [ARM/embedded-4_9-br
