ARM GAS  C:\Users\charl\AppData\Local\Temp\ccHKor3W.s 			page 1


   1              		.syntax unified
   2              		.cpu cortex-m3
   3              		.fpu softvfp
   4              		.eabi_attribute 20, 1
   5              		.eabi_attribute 21, 1
   6              		.eabi_attribute 23, 3
   7              		.eabi_attribute 24, 1
   8              		.eabi_attribute 25, 1
   9              		.eabi_attribute 26, 1
  10              		.eabi_attribute 30, 1
  11              		.eabi_attribute 34, 1
  12              		.eabi_attribute 18, 4
  13              		.thumb
  14              		.file	"main.c"
  15              		.text
  16              	.Ltext0:
  17              		.cfi_sections	.debug_frame
  18              		.global	__aeabi_dadd
  19              		.section	.text.main,"ax",%progbits
  20              		.align	2
  21              		.global	main
  22              		.thumb
  23              		.thumb_func
  24              		.type	main, %function
  25              	main:
  26              	.LFB63:
  27              		.file 1 ".\\main.c"
   1:.\main.c      **** /*******************************************************************************
   2:.\main.c      **** * File Name: main.c  
   3:.\main.c      **** * Version 1.0
   4:.\main.c      **** *
   5:.\main.c      **** * Description:
   6:.\main.c      **** *  REFER TO "PSOC PIN INFO.xlsx" in 2017\Electrical\VTM17Display for info on row/column assignments
   7:.\main.c      **** *   
   8:.\main.c      **** *
   9:.\main.c      **** *******************************************************************************
  10:.\main.c      **** * Copyright 2013, Cypress Semiconductor Corporation.  All rights reserved.
  11:.\main.c      **** * You may use this file only in accordance with the license, terms, conditions, 
  12:.\main.c      **** * disclaimers, and limitations in the end user license agreement accompanying 
  13:.\main.c      **** * the software package with which this file was provided.
  14:.\main.c      **** ********************************************************************************/
  15:.\main.c      **** 
  16:.\main.c      **** #include <device.h>
  17:.\main.c      **** #include <stdio.h>
  18:.\main.c      **** #include "Dash_Funcs.h"
  19:.\main.c      **** 
  20:.\main.c      **** //#define PWM_PULSE_WIDTH_STEP        (10u)
  21:.\main.c      **** //#define SWITCH_PRESSED              (0u)
  22:.\main.c      **** //#define PWM_MESSAGE_ID              (0x1AAu)
  23:.\main.c      **** //#define PWM_MESSAGE_IDE             (0u)    /* Standard message */
  24:.\main.c      **** //#define PWM_MESSAGE_IRQ             (0u)    /* No transmit IRQ */
  25:.\main.c      **** //#define PWM_MESSAGE_RTR             (0u)    /* No RTR */
  26:.\main.c      **** //#define CAN_RX_MAILBOX_0_SHIFT      (1u)
  27:.\main.c      **** //#define CAN_RX_MAILBOX_1_SHIFT      (2u)
  28:.\main.c      **** //#define DATA_SIZE                   (6u)
  29:.\main.c      **** //#define ONE_BYTE_OFFSET             (8u)
  30:.\main.c      **** 
ARM GAS  C:\Users\charl\AppData\Local\Temp\ccHKor3W.s 			page 2


  31:.\main.c      **** //Global Variables
  32:.\main.c      **** /* Global variables used to store configuration and data for BASIC CAN mailbox */
  33:.\main.c      **** CAN_DATA_BYTES_MSG dataPWM;
  34:.\main.c      **** CAN_TX_MSG messagePWM;
  35:.\main.c      **** 
  36:.\main.c      **** //Global Variables for storage of data
  37:.\main.c      **** unsigned short rpm;
  38:.\main.c      **** unsigned short tp;
  39:.\main.c      **** unsigned short map;
  40:.\main.c      **** unsigned short at;
  41:.\main.c      **** unsigned short et;
  42:.\main.c      **** unsigned short la1;
  43:.\main.c      **** unsigned short fp;
  44:.\main.c      **** unsigned short op;
  45:.\main.c      **** unsigned short egt1;
  46:.\main.c      **** unsigned short launch;
  47:.\main.c      **** unsigned short ntrl;
  48:.\main.c      **** unsigned short bp;
  49:.\main.c      **** unsigned short bpf1;
  50:.\main.c      **** double batV;
  51:.\main.c      **** unsigned short ldSpd;
  52:.\main.c      **** unsigned short lgSpd;
  53:.\main.c      **** unsigned short rdSpd;
  54:.\main.c      **** unsigned short rgSpd;
  55:.\main.c      **** unsigned short runTime;
  56:.\main.c      **** unsigned short fuel;
  57:.\main.c      **** unsigned short oilTemp;
  58:.\main.c      **** 
  59:.\main.c      **** //Global Variables for message interfacing 
  60:.\main.c      **** uint RXMessage0[8];
  61:.\main.c      **** uint RXMessage1[8];
  62:.\main.c      **** uint RXMessage2[8];
  63:.\main.c      **** uint RXMessage3[8];
  64:.\main.c      **** uint RXMessage4[8];
  65:.\main.c      **** uint RXMessage5[8];
  66:.\main.c      **** uint RXFlag0 = 0;
  67:.\main.c      **** uint RXFlag1 = 0;
  68:.\main.c      **** uint RXFlag2 = 0;
  69:.\main.c      **** uint RXFlag3 = 0;
  70:.\main.c      **** uint RXFlag4 = 0;
  71:.\main.c      **** uint RXFlag5 = 0;
  72:.\main.c      **** uint RXDLC = 0;
  73:.\main.c      **** uint DispUpdate = 0;
  74:.\main.c      **** 
  75:.\main.c      **** //typedef enum{
  76:.\main.c      **** //    Drive, Diag
  77:.\main.c      **** //
  78:.\main.c      **** //}STATE;
  79:.\main.c      **** 
  80:.\main.c      **** extern STATE state;
  81:.\main.c      **** extern STATE PrevState;
  82:.\main.c      **** 
  83:.\main.c      **** //Shift Light Variables
  84:.\main.c      **** int FlashCounter = 0;
  85:.\main.c      **** int FlashFreq = 5000;
  86:.\main.c      **** int OffsetFlash = 0;
  87:.\main.c      **** 
ARM GAS  C:\Users\charl\AppData\Local\Temp\ccHKor3W.s 			page 3


  88:.\main.c      **** /* Global variable used to store receive message mailbox number */
  89:.\main.c      **** volatile uint8 receiveMailboxNumber = 0xFFu;
  90:.\main.c      **** 
  91:.\main.c      **** 
  92:.\main.c      **** int main()
  93:.\main.c      **** {
  28              		.loc 1 93 0
  29              		.cfi_startproc
  30              		@ args = 0, pretend = 0, frame = 0
  31              		@ frame_needed = 0, uses_anonymous_args = 0
  32 0000 2DE9F041 		push	{r4, r5, r6, r7, r8, lr}
  33              		.cfi_def_cfa_offset 24
  34              		.cfi_offset 4, -24
  35              		.cfi_offset 5, -20
  36              		.cfi_offset 6, -16
  37              		.cfi_offset 7, -12
  38              		.cfi_offset 8, -8
  39              		.cfi_offset 14, -4
  40              	.LVL0:
  94:.\main.c      ****     //Parameters
  95:.\main.c      ****     int BrightGear = 120;
  96:.\main.c      ****     int Bright4Dig = 255;
  97:.\main.c      ****     
  98:.\main.c      ****     //Variables
  99:.\main.c      ****     int Gear = 0;
 100:.\main.c      ****     int PageButton = 0;
 101:.\main.c      ****     int ReadyToDisplay = 1;
 102:.\main.c      ****     int count = 0;
 103:.\main.c      ****     int wait = 0;
 104:.\main.c      ****     int StillPressed = 0;
 105:.\main.c      ****     
 106:.\main.c      ****     //Test variable sets
 107:.\main.c      ****     batV = 13.00;
  41              		.loc 1 107 0
  42 0004 0020     		movs	r0, #0
  43 0006 4E49     		ldr	r1, .L17+8
  44 0008 4E4B     		ldr	r3, .L17+12
  45 000a C3E90001 		strd	r0, [r3]
 108:.\main.c      ****     tp = 15;
  46              		.loc 1 108 0
  47 000e 0F22     		movs	r2, #15
  48 0010 4D4B     		ldr	r3, .L17+16
  49 0012 1A80     		strh	r2, [r3]	@ movhi
 109:.\main.c      ****     rpm = 6400;
  50              		.loc 1 109 0
  51 0014 4FF4C852 		mov	r2, #6400
  52 0018 4C4B     		ldr	r3, .L17+20
  53 001a 1A80     		strh	r2, [r3]	@ movhi
  54              	.LVL1:
 110:.\main.c      ****     int Left = 8;
 111:.\main.c      ****     int Right = 9;
 112:.\main.c      ****     int Direction = 1; //1 is up 0 is down
 113:.\main.c      ****     
 114:.\main.c      ****    // int PrevState = 1;//is this needed?
 115:.\main.c      ****     
 116:.\main.c      ****     CyGlobalIntEnable; //Enable global interrupts
  55              		.loc 1 116 0
ARM GAS  C:\Users\charl\AppData\Local\Temp\ccHKor3W.s 			page 4


  56              	@ 116 ".\main.c" 1
  57 001c 62B6     		CPSIE   i
  58              	@ 0 "" 2
 117:.\main.c      ****     //Start CAN
 118:.\main.c      ****     CAN_Init();
  59              		.loc 1 118 0
  60              		.thumb
  61 001e FFF7FEFF 		bl	CAN_Init
  62              	.LVL2:
 119:.\main.c      ****     CAN_Start();
  63              		.loc 1 119 0
  64 0022 FFF7FEFF 		bl	CAN_Start
  65              	.LVL3:
 120:.\main.c      ****     
 121:.\main.c      ****     //Start LED Drivers
 122:.\main.c      ****     LED_Driver_LRBWS_Start();
  66              		.loc 1 122 0
  67 0026 FFF7FEFF 		bl	LED_Driver_LRBWS_Start
  68              	.LVL4:
 123:.\main.c      ****     LED_Driver_Gear_Start();
  69              		.loc 1 123 0
  70 002a FFF7FEFF 		bl	LED_Driver_Gear_Start
  71              	.LVL5:
 124:.\main.c      ****     state = Drive;
  72              		.loc 1 124 0
  73 002e 0023     		movs	r3, #0
  74 0030 474A     		ldr	r2, .L17+24
  75 0032 1370     		strb	r3, [r2]
 125:.\main.c      ****     PrevState = state;
  76              		.loc 1 125 0
  77 0034 474A     		ldr	r2, .L17+28
  78 0036 1370     		strb	r3, [r2]
 126:.\main.c      ****     
 127:.\main.c      ****     Brightness(Bright4Dig, BrightGear); //Set initial Brightness
  79              		.loc 1 127 0
  80 0038 FF20     		movs	r0, #255
  81 003a 7821     		movs	r1, #120
  82 003c FFF7FEFF 		bl	Brightness
  83              	.LVL6:
 128:.\main.c      ****     int i = 0;
 129:.\main.c      ****         for(i = 8; i <= 17; i++)
  84              		.loc 1 129 0
  85 0040 0824     		movs	r4, #8
  86 0042 04E0     		b	.L2
  87              	.LVL7:
  88              	.L3:
 130:.\main.c      ****         {
 131:.\main.c      ****         LED_Driver_LRBWS_SetRC(i,4);
  89              		.loc 1 131 0 discriminator 3
  90 0044 E0B2     		uxtb	r0, r4
  91 0046 0421     		movs	r1, #4
  92 0048 FFF7FEFF 		bl	LED_Driver_LRBWS_SetRC
  93              	.LVL8:
 129:.\main.c      ****         {
  94              		.loc 1 129 0 discriminator 3
  95 004c 0134     		adds	r4, r4, #1
  96              	.LVL9:
ARM GAS  C:\Users\charl\AppData\Local\Temp\ccHKor3W.s 			page 5


  97              	.L2:
 129:.\main.c      ****         {
  98              		.loc 1 129 0 is_stmt 0 discriminator 1
  99 004e 112C     		cmp	r4, #17
 100 0050 F8DD     		ble	.L3
 101 0052 0127     		movs	r7, #1
 102 0054 0025     		movs	r5, #0
 103 0056 2C46     		mov	r4, r5
 104              	.LVL10:
 105 0058 2E46     		mov	r6, r5
 106 005a A846     		mov	r8, r5
 107              	.LVL11:
 108              	.L12:
 132:.\main.c      ****         }    
 133:.\main.c      ****     
 134:.\main.c      **** 	for(;;)
 135:.\main.c      ****     {   
 136:.\main.c      ****         //The following if statement items are for testing only, remove when display is on vehicle.
 137:.\main.c      ****         //FIXME
 138:.\main.c      ****         if(wait == 500)
 109              		.loc 1 138 0 is_stmt 1
 110 005c B4F5FA7F 		cmp	r4, #500
 111 0060 2AD1     		bne	.L4
 139:.\main.c      ****         {
 140:.\main.c      ****             et++;
 112              		.loc 1 140 0
 113 0062 3D4A     		ldr	r2, .L17+32
 114 0064 1388     		ldrh	r3, [r2]
 115 0066 0133     		adds	r3, r3, #1
 116 0068 1380     		strh	r3, [r2]	@ movhi
 141:.\main.c      ****             count++;    
 117              		.loc 1 141 0
 118 006a 0136     		adds	r6, r6, #1
 119              	.LVL12:
 142:.\main.c      ****             batV = batV+0.01;
 120              		.loc 1 142 0
 121 006c 354C     		ldr	r4, .L17+12
 122              	.LVL13:
 123 006e D4E90001 		ldrd	r0, [r4]
 124 0072 31A3     		adr	r3, .L17
 125 0074 D3E90023 		ldrd	r2, [r3]
 126 0078 FFF7FEFF 		bl	__aeabi_dadd
 127              	.LVL14:
 128 007c C4E90001 		strd	r0, [r4]
 129              	.LVL15:
 143:.\main.c      ****             wait = 0;
 144:.\main.c      ****             //TEST ITEMS
 145:.\main.c      ****             //Toggle Shift LEDS
 146:.\main.c      ****             if(Direction == 1)
 130              		.loc 1 146 0
 131 0080 27B1     		cbz	r7, .L5
 147:.\main.c      ****                 rpm= rpm+10;
 132              		.loc 1 147 0
 133 0082 324A     		ldr	r2, .L17+20
 134 0084 1388     		ldrh	r3, [r2]
 135 0086 0A33     		adds	r3, r3, #10
 136 0088 1380     		strh	r3, [r2]	@ movhi
ARM GAS  C:\Users\charl\AppData\Local\Temp\ccHKor3W.s 			page 6


 137 008a 04E0     		b	.L6
 138              	.L5:
 148:.\main.c      ****             else if(Direction == 0)
 139              		.loc 1 148 0
 140 008c 1FB9     		cbnz	r7, .L6
 149:.\main.c      ****                 rpm = rpm -10;
 141              		.loc 1 149 0
 142 008e 2F4A     		ldr	r2, .L17+20
 143 0090 1388     		ldrh	r3, [r2]
 144 0092 0A3B     		subs	r3, r3, #10
 145 0094 1380     		strh	r3, [r2]	@ movhi
 146              	.L6:
 150:.\main.c      ****             
 151:.\main.c      ****             if(rpm > 10000)
 147              		.loc 1 151 0
 148 0096 2D4B     		ldr	r3, .L17+20
 149 0098 1B88     		ldrh	r3, [r3]
 150 009a 42F21072 		movw	r2, #10000
 151 009e 9342     		cmp	r3, r2
 152 00a0 05D8     		bhi	.L13
 152:.\main.c      ****                 Direction = 0;
 153:.\main.c      ****             else if(rpm <6500)
 153              		.loc 1 153 0
 154 00a2 41F66312 		movw	r2, #6499
 155 00a6 9342     		cmp	r3, r2
 156 00a8 04D9     		bls	.L14
 143:.\main.c      ****             //TEST ITEMS
 157              		.loc 1 143 0
 158 00aa 0024     		movs	r4, #0
 159 00ac 04E0     		b	.L4
 160              	.L13:
 152:.\main.c      ****                 Direction = 0;
 161              		.loc 1 152 0
 162 00ae 0027     		movs	r7, #0
 163              	.LVL16:
 143:.\main.c      ****             //TEST ITEMS
 164              		.loc 1 143 0
 165 00b0 3C46     		mov	r4, r7
 166 00b2 01E0     		b	.L4
 167              	.LVL17:
 168              	.L14:
 154:.\main.c      ****                 Direction = 1;           
 169              		.loc 1 154 0
 170 00b4 0127     		movs	r7, #1
 171              	.LVL18:
 143:.\main.c      ****             //TEST ITEMS
 172              		.loc 1 143 0
 173 00b6 0024     		movs	r4, #0
 174              	.LVL19:
 175              	.L4:
 155:.\main.c      ****         }
 156:.\main.c      ****         wait++;
 176              		.loc 1 156 0
 177 00b8 0134     		adds	r4, r4, #1
 178              	.LVL20:
 157:.\main.c      ****         if(count == 10)
 179              		.loc 1 157 0
ARM GAS  C:\Users\charl\AppData\Local\Temp\ccHKor3W.s 			page 7


 180 00ba 0A2E     		cmp	r6, #10
 181 00bc 00D1     		bne	.L7
 158:.\main.c      ****         {
 159:.\main.c      ****             count = 0;
 182              		.loc 1 159 0
 183 00be 0026     		movs	r6, #0
 184              	.LVL21:
 185              	.L7:
 160:.\main.c      ****         }
 161:.\main.c      ****         if(RXFlag0 && RXFlag1 && RXFlag2 && RXFlag3 && RXFlag4 && RXFlag5)
 186              		.loc 1 161 0
 187 00c0 264B     		ldr	r3, .L17+36
 188 00c2 1B68     		ldr	r3, [r3]
 189 00c4 DBB1     		cbz	r3, .L8
 190              		.loc 1 161 0 is_stmt 0 discriminator 1
 191 00c6 254B     		ldr	r3, .L17+36
 192 00c8 5B68     		ldr	r3, [r3, #4]
 193 00ca C3B1     		cbz	r3, .L8
 194              		.loc 1 161 0 discriminator 2
 195 00cc 234B     		ldr	r3, .L17+36
 196 00ce 9B68     		ldr	r3, [r3, #8]
 197 00d0 ABB1     		cbz	r3, .L8
 198              		.loc 1 161 0 discriminator 3
 199 00d2 224B     		ldr	r3, .L17+36
 200 00d4 DB68     		ldr	r3, [r3, #12]
 201 00d6 93B1     		cbz	r3, .L8
 202              		.loc 1 161 0 discriminator 4
 203 00d8 204B     		ldr	r3, .L17+36
 204 00da 1B69     		ldr	r3, [r3, #16]
 205 00dc 7BB1     		cbz	r3, .L8
 206              		.loc 1 161 0 discriminator 5
 207 00de 1F4B     		ldr	r3, .L17+36
 208 00e0 5B69     		ldr	r3, [r3, #20]
 209 00e2 63B1     		cbz	r3, .L8
 162:.\main.c      ****         {
 163:.\main.c      ****             //Parse Data
 164:.\main.c      ****             ParseCAN();
 210              		.loc 1 164 0 is_stmt 1
 211 00e4 FFF7FEFF 		bl	ParseCAN
 212              	.LVL22:
 165:.\main.c      ****             Gear = GearCalculation();
 213              		.loc 1 165 0
 214 00e8 FFF7FEFF 		bl	GearCalculation
 215              	.LVL23:
 216 00ec 8046     		mov	r8, r0
 217              	.LVL24:
 166:.\main.c      ****             //Reset flags, ready for next round of data    
 167:.\main.c      ****             RXFlag0 =0;
 218              		.loc 1 167 0
 219 00ee 1B4B     		ldr	r3, .L17+36
 220 00f0 0022     		movs	r2, #0
 221 00f2 1A60     		str	r2, [r3]
 168:.\main.c      ****             RXFlag1 =0;
 222              		.loc 1 168 0
 223 00f4 5A60     		str	r2, [r3, #4]
 169:.\main.c      ****             RXFlag2 =0;
 224              		.loc 1 169 0
ARM GAS  C:\Users\charl\AppData\Local\Temp\ccHKor3W.s 			page 8


 225 00f6 9A60     		str	r2, [r3, #8]
 170:.\main.c      ****             RXFlag3 =0;
 226              		.loc 1 170 0
 227 00f8 DA60     		str	r2, [r3, #12]
 171:.\main.c      ****             RXFlag4 =0;
 228              		.loc 1 171 0
 229 00fa 1A61     		str	r2, [r3, #16]
 172:.\main.c      ****             RXFlag5 =0;
 230              		.loc 1 172 0
 231 00fc 5A61     		str	r2, [r3, #20]
 232              	.LVL25:
 233              	.L8:
 173:.\main.c      ****             ReadyToDisplay = 1; 
 174:.\main.c      ****         }
 175:.\main.c      ****         switch(state)
 234              		.loc 1 175 0
 235 00fe 144B     		ldr	r3, .L17+24
 236 0100 1B78     		ldrb	r3, [r3]	@ zero_extendqisi2
 237 0102 13B1     		cbz	r3, .L10
 238 0104 012B     		cmp	r3, #1
 239 0106 08D0     		beq	.L11
 240 0108 0EE0     		b	.L9
 241              	.L10:
 176:.\main.c      ****         {
 177:.\main.c      ****         case Drive: //Display items needed for driving: BatV, ECT, TBD, Gear, Shift Lights
 178:.\main.c      ****             if(ReadyToDisplay == 1)
 179:.\main.c      ****             {
 180:.\main.c      ****                 DriveUpdate(Gear);
 242              		.loc 1 180 0
 243 010a 4046     		mov	r0, r8
 244 010c FFF7FEFF 		bl	DriveUpdate
 245              	.LVL26:
 181:.\main.c      ****                 ReadyToDisplay = 1; 
 182:.\main.c      ****                 ShiftLights();
 246              		.loc 1 182 0
 247 0110 FFF7FEFF 		bl	ShiftLights
 248              	.LVL27:
 183:.\main.c      ****                 WarningLights();
 249              		.loc 1 183 0
 250 0114 FFF7FEFF 		bl	WarningLights
 251              	.LVL28:
 252 0118 06E0     		b	.L9
 253              	.L11:
 184:.\main.c      ****             }
 185:.\main.c      ****             break;
 186:.\main.c      ****         case Diag: //Display values wanted for diagnostic work: RPM?, TPS?, ECT?: all TBD maybe not
 187:.\main.c      ****             if(ReadyToDisplay == 1)
 188:.\main.c      ****             {
 189:.\main.c      ****                 DiagUpdate(Gear);
 254              		.loc 1 189 0
 255 011a 4046     		mov	r0, r8
 256 011c FFF7FEFF 		bl	DiagUpdate
 257              	.LVL29:
 190:.\main.c      ****                 ShiftLights();
 258              		.loc 1 190 0
 259 0120 FFF7FEFF 		bl	ShiftLights
 260              	.LVL30:
ARM GAS  C:\Users\charl\AppData\Local\Temp\ccHKor3W.s 			page 9


 191:.\main.c      ****                 WarningLights();
 261              		.loc 1 191 0
 262 0124 FFF7FEFF 		bl	WarningLights
 263              	.LVL31:
 264              	.L9:
 192:.\main.c      ****                 ReadyToDisplay = 1;
 193:.\main.c      ****             }
 194:.\main.c      ****             break;
 195:.\main.c      ****         }
 196:.\main.c      ****         StillPressed = SwitchButtonCheck(StillPressed);
 265              		.loc 1 196 0
 266 0128 2846     		mov	r0, r5
 267 012a FFF7FEFF 		bl	SwitchButtonCheck
 268              	.LVL32:
 269 012e 0546     		mov	r5, r0
 270              	.LVL33:
 197:.\main.c      ****     }  
 271              		.loc 1 197 0
 272 0130 94E7     		b	.L12
 273              	.L18:
 274 0132 00BFAFF3 		.align	3
 274      0080
 275              	.L17:
 276 0138 7B14AE47 		.word	1202590843
 277 013c E17A843F 		.word	1065646817
 278 0140 00002A40 		.word	1076494336
 279 0144 00000000 		.word	batV
 280 0148 00000000 		.word	tp
 281 014c 00000000 		.word	rpm
 282 0150 00000000 		.word	state
 283 0154 00000000 		.word	PrevState
 284 0158 00000000 		.word	et
 285 015c 00000000 		.word	.LANCHOR0
 286              		.cfi_endproc
 287              	.LFE63:
 288              		.size	main, .-main
 289              		.global	receiveMailboxNumber
 290              		.global	OffsetFlash
 291              		.global	FlashFreq
 292              		.global	FlashCounter
 293              		.global	DispUpdate
 294              		.global	RXDLC
 295              		.global	RXFlag5
 296              		.global	RXFlag4
 297              		.global	RXFlag3
 298              		.global	RXFlag2
 299              		.global	RXFlag1
 300              		.global	RXFlag0
 301              		.comm	RXMessage5,32,4
 302              		.comm	RXMessage4,32,4
 303              		.comm	RXMessage3,32,4
 304              		.comm	RXMessage2,32,4
 305              		.comm	RXMessage1,32,4
 306              		.comm	RXMessage0,32,4
 307              		.comm	oilTemp,2,2
 308              		.comm	fuel,2,2
 309              		.comm	runTime,2,2
ARM GAS  C:\Users\charl\AppData\Local\Temp\ccHKor3W.s 			page 10


 310              		.comm	rgSpd,2,2
 311              		.comm	rdSpd,2,2
 312              		.comm	lgSpd,2,2
 313              		.comm	ldSpd,2,2
 314              		.comm	batV,8,8
 315              		.comm	bpf1,2,2
 316              		.comm	bp,2,2
 317              		.comm	ntrl,2,2
 318              		.comm	launch,2,2
 319              		.comm	egt1,2,2
 320              		.comm	op,2,2
 321              		.comm	fp,2,2
 322              		.comm	la1,2,2
 323              		.comm	et,2,2
 324              		.comm	at,2,2
 325              		.comm	map,2,2
 326              		.comm	tp,2,2
 327              		.comm	rpm,2,2
 328              		.comm	messagePWM,12,4
 329              		.comm	dataPWM,8,4
 330              		.comm	PrevState,1,1
 331              		.comm	state,1,1
 332              		.data
 333              		.align	2
 334              		.type	receiveMailboxNumber, %object
 335              		.size	receiveMailboxNumber, 1
 336              	receiveMailboxNumber:
 337 0000 FF       		.byte	-1
 338 0001 000000   		.space	3
 339              		.type	FlashFreq, %object
 340              		.size	FlashFreq, 4
 341              	FlashFreq:
 342 0004 88130000 		.word	5000
 343              		.bss
 344              		.align	2
 345              		.set	.LANCHOR0,. + 0
 346              		.type	RXFlag0, %object
 347              		.size	RXFlag0, 4
 348              	RXFlag0:
 349 0000 00000000 		.space	4
 350              		.type	RXFlag1, %object
 351              		.size	RXFlag1, 4
 352              	RXFlag1:
 353 0004 00000000 		.space	4
 354              		.type	RXFlag2, %object
 355              		.size	RXFlag2, 4
 356              	RXFlag2:
 357 0008 00000000 		.space	4
 358              		.type	RXFlag3, %object
 359              		.size	RXFlag3, 4
 360              	RXFlag3:
 361 000c 00000000 		.space	4
 362              		.type	RXFlag4, %object
 363              		.size	RXFlag4, 4
 364              	RXFlag4:
 365 0010 00000000 		.space	4
 366              		.type	RXFlag5, %object
ARM GAS  C:\Users\charl\AppData\Local\Temp\ccHKor3W.s 			page 11


 367              		.size	RXFlag5, 4
 368              	RXFlag5:
 369 0014 00000000 		.space	4
 370              		.type	OffsetFlash, %object
 371              		.size	OffsetFlash, 4
 372              	OffsetFlash:
 373 0018 00000000 		.space	4
 374              		.type	FlashCounter, %object
 375              		.size	FlashCounter, 4
 376              	FlashCounter:
 377 001c 00000000 		.space	4
 378              		.type	DispUpdate, %object
 379              		.size	DispUpdate, 4
 380              	DispUpdate:
 381 0020 00000000 		.space	4
 382              		.type	RXDLC, %object
 383              		.size	RXDLC, 4
 384              	RXDLC:
 385 0024 00000000 		.space	4
 386              		.text
 387              	.Letext0:
 388              		.file 2 "c:\\program files (x86)\\cypress\\psoc creator\\3.3\\psoc creator\\import\\gnu\\arm\\4.9.
 389              		.file 3 "c:\\program files (x86)\\cypress\\psoc creator\\3.3\\psoc creator\\import\\gnu\\arm\\4.9.
 390              		.file 4 "Generated_Source\\PSoC5/cytypes.h"
 391              		.file 5 "Generated_Source\\PSoC5/CAN.h"
 392              		.file 6 "c:\\program files (x86)\\cypress\\psoc creator\\3.3\\psoc creator\\import\\gnu\\arm\\4.9.
 393              		.file 7 ".\\Dash_Funcs.h"
 394              		.file 8 "Generated_Source\\PSoC5/core_cm3.h"
 395              		.file 9 "Generated_Source\\PSoC5/LED_Driver_LRBWS.h"
 396              		.file 10 "Generated_Source\\PSoC5/LED_Driver_Gear.h"
 397              		.section	.debug_info,"",%progbits
 398              	.Ldebug_info0:
 399 0000 BB060000 		.4byte	0x6bb
 400 0004 0400     		.2byte	0x4
 401 0006 00000000 		.4byte	.Ldebug_abbrev0
 402 000a 04       		.byte	0x4
 403 000b 01       		.uleb128 0x1
 404 000c D9020000 		.4byte	.LASF83
 405 0010 01       		.byte	0x1
 406 0011 E3030000 		.4byte	.LASF84
 407 0015 CD000000 		.4byte	.LASF85
 408 0019 00000000 		.4byte	.Ldebug_ranges0+0
 409 001d 00000000 		.4byte	0
 410 0021 00000000 		.4byte	.Ldebug_line0
 411 0025 02       		.uleb128 0x2
 412 0026 01       		.byte	0x1
 413 0027 06       		.byte	0x6
 414 0028 56020000 		.4byte	.LASF0
 415 002c 02       		.uleb128 0x2
 416 002d 01       		.byte	0x1
 417 002e 08       		.byte	0x8
 418 002f 33020000 		.4byte	.LASF1
 419 0033 02       		.uleb128 0x2
 420 0034 02       		.byte	0x2
 421 0035 05       		.byte	0x5
 422 0036 87000000 		.4byte	.LASF2
 423 003a 02       		.uleb128 0x2
ARM GAS  C:\Users\charl\AppData\Local\Temp\ccHKor3W.s 			page 12


 424 003b 02       		.byte	0x2
 425 003c 07       		.byte	0x7
 426 003d BC020000 		.4byte	.LASF3
 427 0041 03       		.uleb128 0x3
 428 0042 EC030000 		.4byte	.LASF9
 429 0046 02       		.byte	0x2
 430 0047 3F       		.byte	0x3f
 431 0048 4C000000 		.4byte	0x4c
 432 004c 02       		.uleb128 0x2
 433 004d 04       		.byte	0x4
 434 004e 05       		.byte	0x5
 435 004f B6010000 		.4byte	.LASF4
 436 0053 02       		.uleb128 0x2
 437 0054 04       		.byte	0x4
 438 0055 07       		.byte	0x7
 439 0056 A4030000 		.4byte	.LASF5
 440 005a 02       		.uleb128 0x2
 441 005b 08       		.byte	0x8
 442 005c 05       		.byte	0x5
 443 005d 87010000 		.4byte	.LASF6
 444 0061 02       		.uleb128 0x2
 445 0062 08       		.byte	0x8
 446 0063 07       		.byte	0x7
 447 0064 62020000 		.4byte	.LASF7
 448 0068 04       		.uleb128 0x4
 449 0069 04       		.byte	0x4
 450 006a 05       		.byte	0x5
 451 006b 696E7400 		.ascii	"int\000"
 452 006f 02       		.uleb128 0x2
 453 0070 04       		.byte	0x4
 454 0071 07       		.byte	0x7
 455 0072 82020000 		.4byte	.LASF8
 456 0076 03       		.uleb128 0x3
 457 0077 67030000 		.4byte	.LASF10
 458 007b 03       		.byte	0x3
 459 007c 2C       		.byte	0x2c
 460 007d 41000000 		.4byte	0x41
 461 0081 05       		.uleb128 0x5
 462 0082 51010000 		.4byte	.LASF11
 463 0086 04       		.byte	0x4
 464 0087 9201     		.2byte	0x192
 465 0089 2C000000 		.4byte	0x2c
 466 008d 05       		.uleb128 0x5
 467 008e 9D030000 		.4byte	.LASF12
 468 0092 04       		.byte	0x4
 469 0093 9401     		.2byte	0x194
 470 0095 53000000 		.4byte	0x53
 471 0099 02       		.uleb128 0x2
 472 009a 04       		.byte	0x4
 473 009b 04       		.byte	0x4
 474 009c 70010000 		.4byte	.LASF13
 475 00a0 02       		.uleb128 0x2
 476 00a1 08       		.byte	0x8
 477 00a2 04       		.byte	0x4
 478 00a3 C1030000 		.4byte	.LASF14
 479 00a7 02       		.uleb128 0x2
 480 00a8 01       		.byte	0x1
ARM GAS  C:\Users\charl\AppData\Local\Temp\ccHKor3W.s 			page 13


 481 00a9 08       		.byte	0x8
 482 00aa D4020000 		.4byte	.LASF15
 483 00ae 06       		.uleb128 0x6
 484 00af 81000000 		.4byte	0x81
 485 00b3 02       		.uleb128 0x2
 486 00b4 04       		.byte	0x4
 487 00b5 07       		.byte	0x7
 488 00b6 97000000 		.4byte	.LASF16
 489 00ba 07       		.uleb128 0x7
 490 00bb 08       		.byte	0x8
 491 00bc 05       		.byte	0x5
 492 00bd 6F       		.byte	0x6f
 493 00be CF000000 		.4byte	0xcf
 494 00c2 08       		.uleb128 0x8
 495 00c3 1E020000 		.4byte	.LASF18
 496 00c7 05       		.byte	0x5
 497 00c8 71       		.byte	0x71
 498 00c9 CF000000 		.4byte	0xcf
 499 00cd 00       		.byte	0
 500 00ce 00       		.byte	0
 501 00cf 09       		.uleb128 0x9
 502 00d0 81000000 		.4byte	0x81
 503 00d4 DF000000 		.4byte	0xdf
 504 00d8 0A       		.uleb128 0xa
 505 00d9 B3000000 		.4byte	0xb3
 506 00dd 07       		.byte	0x7
 507 00de 00       		.byte	0
 508 00df 03       		.uleb128 0x3
 509 00e0 F6030000 		.4byte	.LASF17
 510 00e4 05       		.byte	0x5
 511 00e5 72       		.byte	0x72
 512 00e6 BA000000 		.4byte	0xba
 513 00ea 07       		.uleb128 0x7
 514 00eb 0C       		.byte	0xc
 515 00ec 05       		.byte	0x5
 516 00ed 81       		.byte	0x81
 517 00ee 3A010000 		.4byte	0x13a
 518 00f2 0B       		.uleb128 0xb
 519 00f3 696400   		.ascii	"id\000"
 520 00f6 05       		.byte	0x5
 521 00f7 83       		.byte	0x83
 522 00f8 8D000000 		.4byte	0x8d
 523 00fc 00       		.byte	0
 524 00fd 0B       		.uleb128 0xb
 525 00fe 72747200 		.ascii	"rtr\000"
 526 0102 05       		.byte	0x5
 527 0103 84       		.byte	0x84
 528 0104 81000000 		.4byte	0x81
 529 0108 04       		.byte	0x4
 530 0109 0B       		.uleb128 0xb
 531 010a 69646500 		.ascii	"ide\000"
 532 010e 05       		.byte	0x5
 533 010f 85       		.byte	0x85
 534 0110 81000000 		.4byte	0x81
 535 0114 05       		.byte	0x5
 536 0115 0B       		.uleb128 0xb
 537 0116 646C6300 		.ascii	"dlc\000"
ARM GAS  C:\Users\charl\AppData\Local\Temp\ccHKor3W.s 			page 14


 538 011a 05       		.byte	0x5
 539 011b 86       		.byte	0x86
 540 011c 81000000 		.4byte	0x81
 541 0120 06       		.byte	0x6
 542 0121 0B       		.uleb128 0xb
 543 0122 69727100 		.ascii	"irq\000"
 544 0126 05       		.byte	0x5
 545 0127 87       		.byte	0x87
 546 0128 81000000 		.4byte	0x81
 547 012c 07       		.byte	0x7
 548 012d 0B       		.uleb128 0xb
 549 012e 6D736700 		.ascii	"msg\000"
 550 0132 05       		.byte	0x5
 551 0133 8B       		.byte	0x8b
 552 0134 3A010000 		.4byte	0x13a
 553 0138 08       		.byte	0x8
 554 0139 00       		.byte	0
 555 013a 0C       		.uleb128 0xc
 556 013b 04       		.byte	0x4
 557 013c DF000000 		.4byte	0xdf
 558 0140 03       		.uleb128 0x3
 559 0141 B6030000 		.4byte	.LASF19
 560 0145 05       		.byte	0x5
 561 0146 8C       		.byte	0x8c
 562 0147 EA000000 		.4byte	0xea
 563 014b 03       		.uleb128 0x3
 564 014c B0000000 		.4byte	.LASF20
 565 0150 06       		.byte	0x6
 566 0151 70       		.byte	0x70
 567 0152 6F000000 		.4byte	0x6f
 568 0156 0D       		.uleb128 0xd
 569 0157 01       		.byte	0x1
 570 0158 07       		.byte	0x7
 571 0159 42       		.byte	0x42
 572 015a 6B010000 		.4byte	0x16b
 573 015e 0E       		.uleb128 0xe
 574 015f 27040000 		.4byte	.LASF21
 575 0163 00       		.sleb128 0
 576 0164 0E       		.uleb128 0xe
 577 0165 23020000 		.4byte	.LASF22
 578 0169 01       		.sleb128 1
 579 016a 00       		.byte	0
 580 016b 03       		.uleb128 0x3
 581 016c 81000000 		.4byte	.LASF23
 582 0170 07       		.byte	0x7
 583 0171 45       		.byte	0x45
 584 0172 56010000 		.4byte	0x156
 585 0176 0F       		.uleb128 0xf
 586 0177 AB000000 		.4byte	.LASF86
 587 017b 01       		.byte	0x1
 588 017c 5C       		.byte	0x5c
 589 017d 68000000 		.4byte	0x68
 590 0181 00000000 		.4byte	.LFB63
 591 0185 60010000 		.4byte	.LFE63-.LFB63
 592 0189 01       		.uleb128 0x1
 593 018a 9C       		.byte	0x9c
 594 018b F5020000 		.4byte	0x2f5
ARM GAS  C:\Users\charl\AppData\Local\Temp\ccHKor3W.s 			page 15


 595 018f 10       		.uleb128 0x10
 596 0190 A0010000 		.4byte	.LASF24
 597 0194 01       		.byte	0x1
 598 0195 5F       		.byte	0x5f
 599 0196 68000000 		.4byte	0x68
 600 019a 78       		.byte	0x78
 601 019b 10       		.uleb128 0x10
 602 019c 7C010000 		.4byte	.LASF25
 603 01a0 01       		.byte	0x1
 604 01a1 60       		.byte	0x60
 605 01a2 68000000 		.4byte	0x68
 606 01a6 FF       		.byte	0xff
 607 01a7 11       		.uleb128 0x11
 608 01a8 98030000 		.4byte	.LASF26
 609 01ac 01       		.byte	0x1
 610 01ad 63       		.byte	0x63
 611 01ae 68000000 		.4byte	0x68
 612 01b2 00000000 		.4byte	.LLST0
 613 01b6 10       		.uleb128 0x10
 614 01b7 95010000 		.4byte	.LASF27
 615 01bb 01       		.byte	0x1
 616 01bc 64       		.byte	0x64
 617 01bd 68000000 		.4byte	0x68
 618 01c1 00       		.byte	0
 619 01c2 10       		.uleb128 0x10
 620 01c3 89030000 		.4byte	.LASF28
 621 01c7 01       		.byte	0x1
 622 01c8 65       		.byte	0x65
 623 01c9 68000000 		.4byte	0x68
 624 01cd 01       		.byte	0x1
 625 01ce 11       		.uleb128 0x11
 626 01cf DD030000 		.4byte	.LASF29
 627 01d3 01       		.byte	0x1
 628 01d4 66       		.byte	0x66
 629 01d5 68000000 		.4byte	0x68
 630 01d9 35000000 		.4byte	.LLST1
 631 01dd 11       		.uleb128 0x11
 632 01de 5F010000 		.4byte	.LASF30
 633 01e2 01       		.byte	0x1
 634 01e3 67       		.byte	0x67
 635 01e4 68000000 		.4byte	0x68
 636 01e8 54000000 		.4byte	.LLST2
 637 01ec 11       		.uleb128 0x11
 638 01ed 41020000 		.4byte	.LASF31
 639 01f1 01       		.byte	0x1
 640 01f2 68       		.byte	0x68
 641 01f3 68000000 		.4byte	0x68
 642 01f7 8A000000 		.4byte	.LLST3
 643 01fb 10       		.uleb128 0x10
 644 01fc BF010000 		.4byte	.LASF32
 645 0200 01       		.byte	0x1
 646 0201 6E       		.byte	0x6e
 647 0202 68000000 		.4byte	0x68
 648 0206 08       		.byte	0x8
 649 0207 10       		.uleb128 0x10
 650 0208 76010000 		.4byte	.LASF33
 651 020c 01       		.byte	0x1
ARM GAS  C:\Users\charl\AppData\Local\Temp\ccHKor3W.s 			page 16


 652 020d 6F       		.byte	0x6f
 653 020e 68000000 		.4byte	0x68
 654 0212 09       		.byte	0x9
 655 0213 11       		.uleb128 0x11
 656 0214 D3030000 		.4byte	.LASF34
 657 0218 01       		.byte	0x1
 658 0219 70       		.byte	0x70
 659 021a 68000000 		.4byte	0x68
 660 021e B4000000 		.4byte	.LLST4
 661 0222 12       		.uleb128 0x12
 662 0223 6900     		.ascii	"i\000"
 663 0225 01       		.byte	0x1
 664 0226 80       		.byte	0x80
 665 0227 68000000 		.4byte	0x68
 666 022b E9000000 		.4byte	.LLST5
 667 022f 13       		.uleb128 0x13
 668 0230 22000000 		.4byte	.LVL2
 669 0234 EB050000 		.4byte	0x5eb
 670 0238 13       		.uleb128 0x13
 671 0239 26000000 		.4byte	.LVL3
 672 023d F6050000 		.4byte	0x5f6
 673 0241 13       		.uleb128 0x13
 674 0242 2A000000 		.4byte	.LVL4
 675 0246 01060000 		.4byte	0x601
 676 024a 13       		.uleb128 0x13
 677 024b 2E000000 		.4byte	.LVL5
 678 024f 08060000 		.4byte	0x608
 679 0253 14       		.uleb128 0x14
 680 0254 40000000 		.4byte	.LVL6
 681 0258 0F060000 		.4byte	0x60f
 682 025c 6D020000 		.4byte	0x26d
 683 0260 15       		.uleb128 0x15
 684 0261 01       		.uleb128 0x1
 685 0262 51       		.byte	0x51
 686 0263 02       		.uleb128 0x2
 687 0264 08       		.byte	0x8
 688 0265 78       		.byte	0x78
 689 0266 15       		.uleb128 0x15
 690 0267 01       		.uleb128 0x1
 691 0268 50       		.byte	0x50
 692 0269 02       		.uleb128 0x2
 693 026a 08       		.byte	0x8
 694 026b FF       		.byte	0xff
 695 026c 00       		.byte	0
 696 026d 14       		.uleb128 0x14
 697 026e 4C000000 		.4byte	.LVL8
 698 0272 29060000 		.4byte	0x629
 699 0276 86020000 		.4byte	0x286
 700 027a 15       		.uleb128 0x15
 701 027b 01       		.uleb128 0x1
 702 027c 51       		.byte	0x51
 703 027d 01       		.uleb128 0x1
 704 027e 34       		.byte	0x34
 705 027f 15       		.uleb128 0x15
 706 0280 01       		.uleb128 0x1
 707 0281 50       		.byte	0x50
 708 0282 02       		.uleb128 0x2
ARM GAS  C:\Users\charl\AppData\Local\Temp\ccHKor3W.s 			page 17


 709 0283 74       		.byte	0x74
 710 0284 00       		.sleb128 0
 711 0285 00       		.byte	0
 712 0286 13       		.uleb128 0x13
 713 0287 E8000000 		.4byte	.LVL22
 714 028b 3F060000 		.4byte	0x63f
 715 028f 13       		.uleb128 0x13
 716 0290 EC000000 		.4byte	.LVL23
 717 0294 50060000 		.4byte	0x650
 718 0298 14       		.uleb128 0x14
 719 0299 10010000 		.4byte	.LVL26
 720 029d 61060000 		.4byte	0x661
 721 02a1 AC020000 		.4byte	0x2ac
 722 02a5 15       		.uleb128 0x15
 723 02a6 01       		.uleb128 0x1
 724 02a7 50       		.byte	0x50
 725 02a8 02       		.uleb128 0x2
 726 02a9 78       		.byte	0x78
 727 02aa 00       		.sleb128 0
 728 02ab 00       		.byte	0
 729 02ac 13       		.uleb128 0x13
 730 02ad 14010000 		.4byte	.LVL27
 731 02b1 76060000 		.4byte	0x676
 732 02b5 13       		.uleb128 0x13
 733 02b6 18010000 		.4byte	.LVL28
 734 02ba 87060000 		.4byte	0x687
 735 02be 14       		.uleb128 0x14
 736 02bf 20010000 		.4byte	.LVL29
 737 02c3 98060000 		.4byte	0x698
 738 02c7 D2020000 		.4byte	0x2d2
 739 02cb 15       		.uleb128 0x15
 740 02cc 01       		.uleb128 0x1
 741 02cd 50       		.byte	0x50
 742 02ce 02       		.uleb128 0x2
 743 02cf 78       		.byte	0x78
 744 02d0 00       		.sleb128 0
 745 02d1 00       		.byte	0
 746 02d2 13       		.uleb128 0x13
 747 02d3 24010000 		.4byte	.LVL30
 748 02d7 76060000 		.4byte	0x676
 749 02db 13       		.uleb128 0x13
 750 02dc 28010000 		.4byte	.LVL31
 751 02e0 87060000 		.4byte	0x687
 752 02e4 16       		.uleb128 0x16
 753 02e5 2E010000 		.4byte	.LVL32
 754 02e9 AD060000 		.4byte	0x6ad
 755 02ed 15       		.uleb128 0x15
 756 02ee 01       		.uleb128 0x1
 757 02ef 50       		.byte	0x50
 758 02f0 02       		.uleb128 0x2
 759 02f1 75       		.byte	0x75
 760 02f2 00       		.sleb128 0
 761 02f3 00       		.byte	0
 762 02f4 00       		.byte	0
 763 02f5 17       		.uleb128 0x17
 764 02f6 2D040000 		.4byte	.LASF35
 765 02fa 08       		.byte	0x8
ARM GAS  C:\Users\charl\AppData\Local\Temp\ccHKor3W.s 			page 18


 766 02fb 9606     		.2byte	0x696
 767 02fd 01030000 		.4byte	0x301
 768 0301 06       		.uleb128 0x6
 769 0302 76000000 		.4byte	0x76
 770 0306 18       		.uleb128 0x18
 771 0307 72706D00 		.ascii	"rpm\000"
 772 030b 01       		.byte	0x1
 773 030c 25       		.byte	0x25
 774 030d 3A000000 		.4byte	0x3a
 775 0311 05       		.uleb128 0x5
 776 0312 03       		.byte	0x3
 777 0313 00000000 		.4byte	rpm
 778 0317 18       		.uleb128 0x18
 779 0318 747000   		.ascii	"tp\000"
 780 031b 01       		.byte	0x1
 781 031c 26       		.byte	0x26
 782 031d 3A000000 		.4byte	0x3a
 783 0321 05       		.uleb128 0x5
 784 0322 03       		.byte	0x3
 785 0323 00000000 		.4byte	tp
 786 0327 18       		.uleb128 0x18
 787 0328 6D617000 		.ascii	"map\000"
 788 032c 01       		.byte	0x1
 789 032d 27       		.byte	0x27
 790 032e 3A000000 		.4byte	0x3a
 791 0332 05       		.uleb128 0x5
 792 0333 03       		.byte	0x3
 793 0334 00000000 		.4byte	map
 794 0338 18       		.uleb128 0x18
 795 0339 617400   		.ascii	"at\000"
 796 033c 01       		.byte	0x1
 797 033d 28       		.byte	0x28
 798 033e 3A000000 		.4byte	0x3a
 799 0342 05       		.uleb128 0x5
 800 0343 03       		.byte	0x3
 801 0344 00000000 		.4byte	at
 802 0348 18       		.uleb128 0x18
 803 0349 657400   		.ascii	"et\000"
 804 034c 01       		.byte	0x1
 805 034d 29       		.byte	0x29
 806 034e 3A000000 		.4byte	0x3a
 807 0352 05       		.uleb128 0x5
 808 0353 03       		.byte	0x3
 809 0354 00000000 		.4byte	et
 810 0358 18       		.uleb128 0x18
 811 0359 6C613100 		.ascii	"la1\000"
 812 035d 01       		.byte	0x1
 813 035e 2A       		.byte	0x2a
 814 035f 3A000000 		.4byte	0x3a
 815 0363 05       		.uleb128 0x5
 816 0364 03       		.byte	0x3
 817 0365 00000000 		.4byte	la1
 818 0369 18       		.uleb128 0x18
 819 036a 667000   		.ascii	"fp\000"
 820 036d 01       		.byte	0x1
 821 036e 2B       		.byte	0x2b
 822 036f 3A000000 		.4byte	0x3a
ARM GAS  C:\Users\charl\AppData\Local\Temp\ccHKor3W.s 			page 19


 823 0373 05       		.uleb128 0x5
 824 0374 03       		.byte	0x3
 825 0375 00000000 		.4byte	fp
 826 0379 18       		.uleb128 0x18
 827 037a 6F7000   		.ascii	"op\000"
 828 037d 01       		.byte	0x1
 829 037e 2C       		.byte	0x2c
 830 037f 3A000000 		.4byte	0x3a
 831 0383 05       		.uleb128 0x5
 832 0384 03       		.byte	0x3
 833 0385 00000000 		.4byte	op
 834 0389 19       		.uleb128 0x19
 835 038a 6A000000 		.4byte	.LASF36
 836 038e 01       		.byte	0x1
 837 038f 2D       		.byte	0x2d
 838 0390 3A000000 		.4byte	0x3a
 839 0394 05       		.uleb128 0x5
 840 0395 03       		.byte	0x3
 841 0396 00000000 		.4byte	egt1
 842 039a 19       		.uleb128 0x19
 843 039b DB010000 		.4byte	.LASF37
 844 039f 01       		.byte	0x1
 845 03a0 2E       		.byte	0x2e
 846 03a1 3A000000 		.4byte	0x3a
 847 03a5 05       		.uleb128 0x5
 848 03a6 03       		.byte	0x3
 849 03a7 00000000 		.4byte	launch
 850 03ab 19       		.uleb128 0x19
 851 03ac CF020000 		.4byte	.LASF38
 852 03b0 01       		.byte	0x1
 853 03b1 2F       		.byte	0x2f
 854 03b2 3A000000 		.4byte	0x3a
 855 03b6 05       		.uleb128 0x5
 856 03b7 03       		.byte	0x3
 857 03b8 00000000 		.4byte	ntrl
 858 03bc 18       		.uleb128 0x18
 859 03bd 627000   		.ascii	"bp\000"
 860 03c0 01       		.byte	0x1
 861 03c1 30       		.byte	0x30
 862 03c2 3A000000 		.4byte	0x3a
 863 03c6 05       		.uleb128 0x5
 864 03c7 03       		.byte	0x3
 865 03c8 00000000 		.4byte	bp
 866 03cc 19       		.uleb128 0x19
 867 03cd 6F030000 		.4byte	.LASF39
 868 03d1 01       		.byte	0x1
 869 03d2 31       		.byte	0x31
 870 03d3 3A000000 		.4byte	0x3a
 871 03d7 05       		.uleb128 0x5
 872 03d8 03       		.byte	0x3
 873 03d9 00000000 		.4byte	bpf1
 874 03dd 19       		.uleb128 0x19
 875 03de A6000000 		.4byte	.LASF40
 876 03e2 01       		.byte	0x1
 877 03e3 32       		.byte	0x32
 878 03e4 A0000000 		.4byte	0xa0
 879 03e8 05       		.uleb128 0x5
ARM GAS  C:\Users\charl\AppData\Local\Temp\ccHKor3W.s 			page 20


 880 03e9 03       		.byte	0x3
 881 03ea 00000000 		.4byte	batV
 882 03ee 19       		.uleb128 0x19
 883 03ef 8F020000 		.4byte	.LASF41
 884 03f3 01       		.byte	0x1
 885 03f4 33       		.byte	0x33
 886 03f5 3A000000 		.4byte	0x3a
 887 03f9 05       		.uleb128 0x5
 888 03fa 03       		.byte	0x3
 889 03fb 00000000 		.4byte	ldSpd
 890 03ff 19       		.uleb128 0x19
 891 0400 6A010000 		.4byte	.LASF42
 892 0404 01       		.byte	0x1
 893 0405 34       		.byte	0x34
 894 0406 3A000000 		.4byte	0x3a
 895 040a 05       		.uleb128 0x5
 896 040b 03       		.byte	0x3
 897 040c 00000000 		.4byte	lgSpd
 898 0410 19       		.uleb128 0x19
 899 0411 A0000000 		.4byte	.LASF43
 900 0415 01       		.byte	0x1
 901 0416 35       		.byte	0x35
 902 0417 3A000000 		.4byte	0x3a
 903 041b 05       		.uleb128 0x5
 904 041c 03       		.byte	0x3
 905 041d 00000000 		.4byte	rdSpd
 906 0421 19       		.uleb128 0x19
 907 0422 91000000 		.4byte	.LASF44
 908 0426 01       		.byte	0x1
 909 0427 36       		.byte	0x36
 910 0428 3A000000 		.4byte	0x3a
 911 042c 05       		.uleb128 0x5
 912 042d 03       		.byte	0x3
 913 042e 00000000 		.4byte	rgSpd
 914 0432 19       		.uleb128 0x19
 915 0433 57010000 		.4byte	.LASF45
 916 0437 01       		.byte	0x1
 917 0438 37       		.byte	0x37
 918 0439 3A000000 		.4byte	0x3a
 919 043d 05       		.uleb128 0x5
 920 043e 03       		.byte	0x3
 921 043f 00000000 		.4byte	runTime
 922 0443 19       		.uleb128 0x19
 923 0444 44040000 		.4byte	.LASF46
 924 0448 01       		.byte	0x1
 925 0449 38       		.byte	0x38
 926 044a 3A000000 		.4byte	0x3a
 927 044e 05       		.uleb128 0x5
 928 044f 03       		.byte	0x3
 929 0450 00000000 		.4byte	fuel
 930 0454 19       		.uleb128 0x19
 931 0455 4E020000 		.4byte	.LASF47
 932 0459 01       		.byte	0x1
 933 045a 39       		.byte	0x39
 934 045b 3A000000 		.4byte	0x3a
 935 045f 05       		.uleb128 0x5
 936 0460 03       		.byte	0x3
ARM GAS  C:\Users\charl\AppData\Local\Temp\ccHKor3W.s 			page 21


 937 0461 00000000 		.4byte	oilTemp
 938 0465 09       		.uleb128 0x9
 939 0466 4B010000 		.4byte	0x14b
 940 046a 75040000 		.4byte	0x475
 941 046e 0A       		.uleb128 0xa
 942 046f B3000000 		.4byte	0xb3
 943 0473 07       		.byte	0x7
 944 0474 00       		.byte	0
 945 0475 19       		.uleb128 0x19
 946 0476 16000000 		.4byte	.LASF48
 947 047a 01       		.byte	0x1
 948 047b 3C       		.byte	0x3c
 949 047c 65040000 		.4byte	0x465
 950 0480 05       		.uleb128 0x5
 951 0481 03       		.byte	0x3
 952 0482 00000000 		.4byte	RXMessage0
 953 0486 19       		.uleb128 0x19
 954 0487 21000000 		.4byte	.LASF49
 955 048b 01       		.byte	0x1
 956 048c 3D       		.byte	0x3d
 957 048d 65040000 		.4byte	0x465
 958 0491 05       		.uleb128 0x5
 959 0492 03       		.byte	0x3
 960 0493 00000000 		.4byte	RXMessage1
 961 0497 19       		.uleb128 0x19
 962 0498 2C000000 		.4byte	.LASF50
 963 049c 01       		.byte	0x1
 964 049d 3E       		.byte	0x3e
 965 049e 65040000 		.4byte	0x465
 966 04a2 05       		.uleb128 0x5
 967 04a3 03       		.byte	0x3
 968 04a4 00000000 		.4byte	RXMessage2
 969 04a8 19       		.uleb128 0x19
 970 04a9 37000000 		.4byte	.LASF51
 971 04ad 01       		.byte	0x1
 972 04ae 3F       		.byte	0x3f
 973 04af 65040000 		.4byte	0x465
 974 04b3 05       		.uleb128 0x5
 975 04b4 03       		.byte	0x3
 976 04b5 00000000 		.4byte	RXMessage3
 977 04b9 19       		.uleb128 0x19
 978 04ba 42000000 		.4byte	.LASF52
 979 04be 01       		.byte	0x1
 980 04bf 40       		.byte	0x40
 981 04c0 65040000 		.4byte	0x465
 982 04c4 05       		.uleb128 0x5
 983 04c5 03       		.byte	0x3
 984 04c6 00000000 		.4byte	RXMessage4
 985 04ca 19       		.uleb128 0x19
 986 04cb 4D000000 		.4byte	.LASF53
 987 04cf 01       		.byte	0x1
 988 04d0 41       		.byte	0x41
 989 04d1 65040000 		.4byte	0x465
 990 04d5 05       		.uleb128 0x5
 991 04d6 03       		.byte	0x3
 992 04d7 00000000 		.4byte	RXMessage5
 993 04db 19       		.uleb128 0x19
ARM GAS  C:\Users\charl\AppData\Local\Temp\ccHKor3W.s 			page 22


 994 04dc EE010000 		.4byte	.LASF54
 995 04e0 01       		.byte	0x1
 996 04e1 42       		.byte	0x42
 997 04e2 4B010000 		.4byte	0x14b
 998 04e6 05       		.uleb128 0x5
 999 04e7 03       		.byte	0x3
 1000 04e8 00000000 		.4byte	RXFlag0
 1001 04ec 19       		.uleb128 0x19
 1002 04ed F6010000 		.4byte	.LASF55
 1003 04f1 01       		.byte	0x1
 1004 04f2 43       		.byte	0x43
 1005 04f3 4B010000 		.4byte	0x14b
 1006 04f7 05       		.uleb128 0x5
 1007 04f8 03       		.byte	0x3
 1008 04f9 00000000 		.4byte	RXFlag1
 1009 04fd 19       		.uleb128 0x19
 1010 04fe FE010000 		.4byte	.LASF56
 1011 0502 01       		.byte	0x1
 1012 0503 44       		.byte	0x44
 1013 0504 4B010000 		.4byte	0x14b
 1014 0508 05       		.uleb128 0x5
 1015 0509 03       		.byte	0x3
 1016 050a 00000000 		.4byte	RXFlag2
 1017 050e 19       		.uleb128 0x19
 1018 050f 06020000 		.4byte	.LASF57
 1019 0513 01       		.byte	0x1
 1020 0514 45       		.byte	0x45
 1021 0515 4B010000 		.4byte	0x14b
 1022 0519 05       		.uleb128 0x5
 1023 051a 03       		.byte	0x3
 1024 051b 00000000 		.4byte	RXFlag3
 1025 051f 19       		.uleb128 0x19
 1026 0520 0E020000 		.4byte	.LASF58
 1027 0524 01       		.byte	0x1
 1028 0525 46       		.byte	0x46
 1029 0526 4B010000 		.4byte	0x14b
 1030 052a 05       		.uleb128 0x5
 1031 052b 03       		.byte	0x3
 1032 052c 00000000 		.4byte	RXFlag4
 1033 0530 19       		.uleb128 0x19
 1034 0531 16020000 		.4byte	.LASF59
 1035 0535 01       		.byte	0x1
 1036 0536 47       		.byte	0x47
 1037 0537 4B010000 		.4byte	0x14b
 1038 053b 05       		.uleb128 0x5
 1039 053c 03       		.byte	0x3
 1040 053d 00000000 		.4byte	RXFlag5
 1041 0541 19       		.uleb128 0x19
 1042 0542 64010000 		.4byte	.LASF60
 1043 0546 01       		.byte	0x1
 1044 0547 48       		.byte	0x48
 1045 0548 4B010000 		.4byte	0x14b
 1046 054c 05       		.uleb128 0x5
 1047 054d 03       		.byte	0x3
 1048 054e 00000000 		.4byte	RXDLC
 1049 0552 19       		.uleb128 0x19
 1050 0553 AB010000 		.4byte	.LASF61
ARM GAS  C:\Users\charl\AppData\Local\Temp\ccHKor3W.s 			page 23


 1051 0557 01       		.byte	0x1
 1052 0558 49       		.byte	0x49
 1053 0559 4B010000 		.4byte	0x14b
 1054 055d 05       		.uleb128 0x5
 1055 055e 03       		.byte	0x3
 1056 055f 00000000 		.4byte	DispUpdate
 1057 0563 19       		.uleb128 0x19
 1058 0564 64000000 		.4byte	.LASF62
 1059 0568 01       		.byte	0x1
 1060 0569 50       		.byte	0x50
 1061 056a 6B010000 		.4byte	0x16b
 1062 056e 05       		.uleb128 0x5
 1063 056f 03       		.byte	0x3
 1064 0570 00000000 		.4byte	state
 1065 0574 19       		.uleb128 0x19
 1066 0575 49040000 		.4byte	.LASF63
 1067 0579 01       		.byte	0x1
 1068 057a 51       		.byte	0x51
 1069 057b 6B010000 		.4byte	0x16b
 1070 057f 05       		.uleb128 0x5
 1071 0580 03       		.byte	0x3
 1072 0581 00000000 		.4byte	PrevState
 1073 0585 19       		.uleb128 0x19
 1074 0586 7C030000 		.4byte	.LASF64
 1075 058a 01       		.byte	0x1
 1076 058b 54       		.byte	0x54
 1077 058c 68000000 		.4byte	0x68
 1078 0590 05       		.uleb128 0x5
 1079 0591 03       		.byte	0x3
 1080 0592 00000000 		.4byte	FlashCounter
 1081 0596 19       		.uleb128 0x19
 1082 0597 3A040000 		.4byte	.LASF65
 1083 059b 01       		.byte	0x1
 1084 059c 55       		.byte	0x55
 1085 059d 68000000 		.4byte	0x68
 1086 05a1 05       		.uleb128 0x5
 1087 05a2 03       		.byte	0x3
 1088 05a3 00000000 		.4byte	FlashFreq
 1089 05a7 19       		.uleb128 0x19
 1090 05a8 E2010000 		.4byte	.LASF66
 1091 05ac 01       		.byte	0x1
 1092 05ad 56       		.byte	0x56
 1093 05ae 68000000 		.4byte	0x68
 1094 05b2 05       		.uleb128 0x5
 1095 05b3 03       		.byte	0x3
 1096 05b4 00000000 		.4byte	OffsetFlash
 1097 05b8 19       		.uleb128 0x19
 1098 05b9 09040000 		.4byte	.LASF67
 1099 05bd 01       		.byte	0x1
 1100 05be 59       		.byte	0x59
 1101 05bf AE000000 		.4byte	0xae
 1102 05c3 05       		.uleb128 0x5
 1103 05c4 03       		.byte	0x3
 1104 05c5 00000000 		.4byte	receiveMailboxNumber
 1105 05c9 19       		.uleb128 0x19
 1106 05ca 74030000 		.4byte	.LASF68
 1107 05ce 01       		.byte	0x1
ARM GAS  C:\Users\charl\AppData\Local\Temp\ccHKor3W.s 			page 24


 1108 05cf 21       		.byte	0x21
 1109 05d0 DF000000 		.4byte	0xdf
 1110 05d4 05       		.uleb128 0x5
 1111 05d5 03       		.byte	0x3
 1112 05d6 00000000 		.4byte	dataPWM
 1113 05da 19       		.uleb128 0x19
 1114 05db 28020000 		.4byte	.LASF69
 1115 05df 01       		.byte	0x1
 1116 05e0 22       		.byte	0x22
 1117 05e1 40010000 		.4byte	0x140
 1118 05e5 05       		.uleb128 0x5
 1119 05e6 03       		.byte	0x3
 1120 05e7 00000000 		.4byte	messagePWM
 1121 05eb 1A       		.uleb128 0x1a
 1122 05ec 79020000 		.4byte	.LASF70
 1123 05f0 05       		.byte	0x5
 1124 05f1 C4       		.byte	0xc4
 1125 05f2 81000000 		.4byte	0x81
 1126 05f6 1A       		.uleb128 0x1a
 1127 05f7 C3000000 		.4byte	.LASF71
 1128 05fb 05       		.byte	0x5
 1129 05fc C5       		.byte	0xc5
 1130 05fd 81000000 		.4byte	0x81
 1131 0601 1B       		.uleb128 0x1b
 1132 0602 C4010000 		.4byte	.LASF72
 1133 0606 09       		.byte	0x9
 1134 0607 57       		.byte	0x57
 1135 0608 1B       		.uleb128 0x1b
 1136 0609 00000000 		.4byte	.LASF73
 1137 060d 0A       		.byte	0xa
 1138 060e 57       		.byte	0x57
 1139 060f 1C       		.uleb128 0x1c
 1140 0610 46010000 		.4byte	.LASF77
 1141 0614 07       		.byte	0x7
 1142 0615 5C       		.byte	0x5c
 1143 0616 68000000 		.4byte	0x68
 1144 061a 29060000 		.4byte	0x629
 1145 061e 1D       		.uleb128 0x1d
 1146 061f 68000000 		.4byte	0x68
 1147 0623 1D       		.uleb128 0x1d
 1148 0624 68000000 		.4byte	0x68
 1149 0628 00       		.byte	0
 1150 0629 1E       		.uleb128 0x1e
 1151 062a 95020000 		.4byte	.LASF74
 1152 062e 09       		.byte	0x9
 1153 062f 5B       		.byte	0x5b
 1154 0630 3F060000 		.4byte	0x63f
 1155 0634 1D       		.uleb128 0x1d
 1156 0635 81000000 		.4byte	0x81
 1157 0639 1D       		.uleb128 0x1d
 1158 063a 81000000 		.4byte	0x81
 1159 063e 00       		.byte	0
 1160 063f 1F       		.uleb128 0x1f
 1161 0640 1E040000 		.4byte	.LASF75
 1162 0644 07       		.byte	0x7
 1163 0645 56       		.byte	0x56
 1164 0646 68000000 		.4byte	0x68
ARM GAS  C:\Users\charl\AppData\Local\Temp\ccHKor3W.s 			page 25


 1165 064a 50060000 		.4byte	0x650
 1166 064e 20       		.uleb128 0x20
 1167 064f 00       		.byte	0
 1168 0650 1F       		.uleb128 0x1f
 1169 0651 AC020000 		.4byte	.LASF76
 1170 0655 07       		.byte	0x7
 1171 0656 69       		.byte	0x69
 1172 0657 68000000 		.4byte	0x68
 1173 065b 61060000 		.4byte	0x661
 1174 065f 20       		.uleb128 0x20
 1175 0660 00       		.byte	0
 1176 0661 1C       		.uleb128 0x1c
 1177 0662 3A010000 		.4byte	.LASF78
 1178 0666 07       		.byte	0x7
 1179 0667 5F       		.byte	0x5f
 1180 0668 68000000 		.4byte	0x68
 1181 066c 76060000 		.4byte	0x676
 1182 0670 1D       		.uleb128 0x1d
 1183 0671 68000000 		.4byte	0x68
 1184 0675 00       		.byte	0
 1185 0676 1F       		.uleb128 0x1f
 1186 0677 58000000 		.4byte	.LASF79
 1187 067b 07       		.byte	0x7
 1188 067c 6D       		.byte	0x6d
 1189 067d 68000000 		.4byte	0x68
 1190 0681 87060000 		.4byte	0x687
 1191 0685 20       		.uleb128 0x20
 1192 0686 00       		.byte	0
 1193 0687 1F       		.uleb128 0x1f
 1194 0688 B5000000 		.4byte	.LASF80
 1195 068c 07       		.byte	0x7
 1196 068d 70       		.byte	0x70
 1197 068e 68000000 		.4byte	0x68
 1198 0692 98060000 		.4byte	0x698
 1199 0696 20       		.uleb128 0x20
 1200 0697 00       		.byte	0
 1201 0698 1C       		.uleb128 0x1c
 1202 0699 C8030000 		.4byte	.LASF81
 1203 069d 07       		.byte	0x7
 1204 069e 62       		.byte	0x62
 1205 069f 68000000 		.4byte	0x68
 1206 06a3 AD060000 		.4byte	0x6ad
 1207 06a7 1D       		.uleb128 0x1d
 1208 06a8 68000000 		.4byte	0x68
 1209 06ac 00       		.byte	0
 1210 06ad 21       		.uleb128 0x21
 1211 06ae 6F000000 		.4byte	.LASF82
 1212 06b2 07       		.byte	0x7
 1213 06b3 65       		.byte	0x65
 1214 06b4 68000000 		.4byte	0x68
 1215 06b8 1D       		.uleb128 0x1d
 1216 06b9 68000000 		.4byte	0x68
 1217 06bd 00       		.byte	0
 1218 06be 00       		.byte	0
 1219              		.section	.debug_abbrev,"",%progbits
 1220              	.Ldebug_abbrev0:
 1221 0000 01       		.uleb128 0x1
ARM GAS  C:\Users\charl\AppData\Local\Temp\ccHKor3W.s 			page 26


 1222 0001 11       		.uleb128 0x11
 1223 0002 01       		.byte	0x1
 1224 0003 25       		.uleb128 0x25
 1225 0004 0E       		.uleb128 0xe
 1226 0005 13       		.uleb128 0x13
 1227 0006 0B       		.uleb128 0xb
 1228 0007 03       		.uleb128 0x3
 1229 0008 0E       		.uleb128 0xe
 1230 0009 1B       		.uleb128 0x1b
 1231 000a 0E       		.uleb128 0xe
 1232 000b 55       		.uleb128 0x55
 1233 000c 17       		.uleb128 0x17
 1234 000d 11       		.uleb128 0x11
 1235 000e 01       		.uleb128 0x1
 1236 000f 10       		.uleb128 0x10
 1237 0010 17       		.uleb128 0x17
 1238 0011 00       		.byte	0
 1239 0012 00       		.byte	0
 1240 0013 02       		.uleb128 0x2
 1241 0014 24       		.uleb128 0x24
 1242 0015 00       		.byte	0
 1243 0016 0B       		.uleb128 0xb
 1244 0017 0B       		.uleb128 0xb
 1245 0018 3E       		.uleb128 0x3e
 1246 0019 0B       		.uleb128 0xb
 1247 001a 03       		.uleb128 0x3
 1248 001b 0E       		.uleb128 0xe
 1249 001c 00       		.byte	0
 1250 001d 00       		.byte	0
 1251 001e 03       		.uleb128 0x3
 1252 001f 16       		.uleb128 0x16
 1253 0020 00       		.byte	0
 1254 0021 03       		.uleb128 0x3
 1255 0022 0E       		.uleb128 0xe
 1256 0023 3A       		.uleb128 0x3a
 1257 0024 0B       		.uleb128 0xb
 1258 0025 3B       		.uleb128 0x3b
 1259 0026 0B       		.uleb128 0xb
 1260 0027 49       		.uleb128 0x49
 1261 0028 13       		.uleb128 0x13
 1262 0029 00       		.byte	0
 1263 002a 00       		.byte	0
 1264 002b 04       		.uleb128 0x4
 1265 002c 24       		.uleb128 0x24
 1266 002d 00       		.byte	0
 1267 002e 0B       		.uleb128 0xb
 1268 002f 0B       		.uleb128 0xb
 1269 0030 3E       		.uleb128 0x3e
 1270 0031 0B       		.uleb128 0xb
 1271 0032 03       		.uleb128 0x3
 1272 0033 08       		.uleb128 0x8
 1273 0034 00       		.byte	0
 1274 0035 00       		.byte	0
 1275 0036 05       		.uleb128 0x5
 1276 0037 16       		.uleb128 0x16
 1277 0038 00       		.byte	0
 1278 0039 03       		.uleb128 0x3
ARM GAS  C:\Users\charl\AppData\Local\Temp\ccHKor3W.s 			page 27


 1279 003a 0E       		.uleb128 0xe
 1280 003b 3A       		.uleb128 0x3a
 1281 003c 0B       		.uleb128 0xb
 1282 003d 3B       		.uleb128 0x3b
 1283 003e 05       		.uleb128 0x5
 1284 003f 49       		.uleb128 0x49
 1285 0040 13       		.uleb128 0x13
 1286 0041 00       		.byte	0
 1287 0042 00       		.byte	0
 1288 0043 06       		.uleb128 0x6
 1289 0044 35       		.uleb128 0x35
 1290 0045 00       		.byte	0
 1291 0046 49       		.uleb128 0x49
 1292 0047 13       		.uleb128 0x13
 1293 0048 00       		.byte	0
 1294 0049 00       		.byte	0
 1295 004a 07       		.uleb128 0x7
 1296 004b 13       		.uleb128 0x13
 1297 004c 01       		.byte	0x1
 1298 004d 0B       		.uleb128 0xb
 1299 004e 0B       		.uleb128 0xb
 1300 004f 3A       		.uleb128 0x3a
 1301 0050 0B       		.uleb128 0xb
 1302 0051 3B       		.uleb128 0x3b
 1303 0052 0B       		.uleb128 0xb
 1304 0053 01       		.uleb128 0x1
 1305 0054 13       		.uleb128 0x13
 1306 0055 00       		.byte	0
 1307 0056 00       		.byte	0
 1308 0057 08       		.uleb128 0x8
 1309 0058 0D       		.uleb128 0xd
 1310 0059 00       		.byte	0
 1311 005a 03       		.uleb128 0x3
 1312 005b 0E       		.uleb128 0xe
 1313 005c 3A       		.uleb128 0x3a
 1314 005d 0B       		.uleb128 0xb
 1315 005e 3B       		.uleb128 0x3b
 1316 005f 0B       		.uleb128 0xb
 1317 0060 49       		.uleb128 0x49
 1318 0061 13       		.uleb128 0x13
 1319 0062 38       		.uleb128 0x38
 1320 0063 0B       		.uleb128 0xb
 1321 0064 00       		.byte	0
 1322 0065 00       		.byte	0
 1323 0066 09       		.uleb128 0x9
 1324 0067 01       		.uleb128 0x1
 1325 0068 01       		.byte	0x1
 1326 0069 49       		.uleb128 0x49
 1327 006a 13       		.uleb128 0x13
 1328 006b 01       		.uleb128 0x1
 1329 006c 13       		.uleb128 0x13
 1330 006d 00       		.byte	0
 1331 006e 00       		.byte	0
 1332 006f 0A       		.uleb128 0xa
 1333 0070 21       		.uleb128 0x21
 1334 0071 00       		.byte	0
 1335 0072 49       		.uleb128 0x49
ARM GAS  C:\Users\charl\AppData\Local\Temp\ccHKor3W.s 			page 28


 1336 0073 13       		.uleb128 0x13
 1337 0074 2F       		.uleb128 0x2f
 1338 0075 0B       		.uleb128 0xb
 1339 0076 00       		.byte	0
 1340 0077 00       		.byte	0
 1341 0078 0B       		.uleb128 0xb
 1342 0079 0D       		.uleb128 0xd
 1343 007a 00       		.byte	0
 1344 007b 03       		.uleb128 0x3
 1345 007c 08       		.uleb128 0x8
 1346 007d 3A       		.uleb128 0x3a
 1347 007e 0B       		.uleb128 0xb
 1348 007f 3B       		.uleb128 0x3b
 1349 0080 0B       		.uleb128 0xb
 1350 0081 49       		.uleb128 0x49
 1351 0082 13       		.uleb128 0x13
 1352 0083 38       		.uleb128 0x38
 1353 0084 0B       		.uleb128 0xb
 1354 0085 00       		.byte	0
 1355 0086 00       		.byte	0
 1356 0087 0C       		.uleb128 0xc
 1357 0088 0F       		.uleb128 0xf
 1358 0089 00       		.byte	0
 1359 008a 0B       		.uleb128 0xb
 1360 008b 0B       		.uleb128 0xb
 1361 008c 49       		.uleb128 0x49
 1362 008d 13       		.uleb128 0x13
 1363 008e 00       		.byte	0
 1364 008f 00       		.byte	0
 1365 0090 0D       		.uleb128 0xd
 1366 0091 04       		.uleb128 0x4
 1367 0092 01       		.byte	0x1
 1368 0093 0B       		.uleb128 0xb
 1369 0094 0B       		.uleb128 0xb
 1370 0095 3A       		.uleb128 0x3a
 1371 0096 0B       		.uleb128 0xb
 1372 0097 3B       		.uleb128 0x3b
 1373 0098 0B       		.uleb128 0xb
 1374 0099 01       		.uleb128 0x1
 1375 009a 13       		.uleb128 0x13
 1376 009b 00       		.byte	0
 1377 009c 00       		.byte	0
 1378 009d 0E       		.uleb128 0xe
 1379 009e 28       		.uleb128 0x28
 1380 009f 00       		.byte	0
 1381 00a0 03       		.uleb128 0x3
 1382 00a1 0E       		.uleb128 0xe
 1383 00a2 1C       		.uleb128 0x1c
 1384 00a3 0D       		.uleb128 0xd
 1385 00a4 00       		.byte	0
 1386 00a5 00       		.byte	0
 1387 00a6 0F       		.uleb128 0xf
 1388 00a7 2E       		.uleb128 0x2e
 1389 00a8 01       		.byte	0x1
 1390 00a9 3F       		.uleb128 0x3f
 1391 00aa 19       		.uleb128 0x19
 1392 00ab 03       		.uleb128 0x3
ARM GAS  C:\Users\charl\AppData\Local\Temp\ccHKor3W.s 			page 29


 1393 00ac 0E       		.uleb128 0xe
 1394 00ad 3A       		.uleb128 0x3a
 1395 00ae 0B       		.uleb128 0xb
 1396 00af 3B       		.uleb128 0x3b
 1397 00b0 0B       		.uleb128 0xb
 1398 00b1 49       		.uleb128 0x49
 1399 00b2 13       		.uleb128 0x13
 1400 00b3 11       		.uleb128 0x11
 1401 00b4 01       		.uleb128 0x1
 1402 00b5 12       		.uleb128 0x12
 1403 00b6 06       		.uleb128 0x6
 1404 00b7 40       		.uleb128 0x40
 1405 00b8 18       		.uleb128 0x18
 1406 00b9 9642     		.uleb128 0x2116
 1407 00bb 19       		.uleb128 0x19
 1408 00bc 01       		.uleb128 0x1
 1409 00bd 13       		.uleb128 0x13
 1410 00be 00       		.byte	0
 1411 00bf 00       		.byte	0
 1412 00c0 10       		.uleb128 0x10
 1413 00c1 34       		.uleb128 0x34
 1414 00c2 00       		.byte	0
 1415 00c3 03       		.uleb128 0x3
 1416 00c4 0E       		.uleb128 0xe
 1417 00c5 3A       		.uleb128 0x3a
 1418 00c6 0B       		.uleb128 0xb
 1419 00c7 3B       		.uleb128 0x3b
 1420 00c8 0B       		.uleb128 0xb
 1421 00c9 49       		.uleb128 0x49
 1422 00ca 13       		.uleb128 0x13
 1423 00cb 1C       		.uleb128 0x1c
 1424 00cc 0B       		.uleb128 0xb
 1425 00cd 00       		.byte	0
 1426 00ce 00       		.byte	0
 1427 00cf 11       		.uleb128 0x11
 1428 00d0 34       		.uleb128 0x34
 1429 00d1 00       		.byte	0
 1430 00d2 03       		.uleb128 0x3
 1431 00d3 0E       		.uleb128 0xe
 1432 00d4 3A       		.uleb128 0x3a
 1433 00d5 0B       		.uleb128 0xb
 1434 00d6 3B       		.uleb128 0x3b
 1435 00d7 0B       		.uleb128 0xb
 1436 00d8 49       		.uleb128 0x49
 1437 00d9 13       		.uleb128 0x13
 1438 00da 02       		.uleb128 0x2
 1439 00db 17       		.uleb128 0x17
 1440 00dc 00       		.byte	0
 1441 00dd 00       		.byte	0
 1442 00de 12       		.uleb128 0x12
 1443 00df 34       		.uleb128 0x34
 1444 00e0 00       		.byte	0
 1445 00e1 03       		.uleb128 0x3
 1446 00e2 08       		.uleb128 0x8
 1447 00e3 3A       		.uleb128 0x3a
 1448 00e4 0B       		.uleb128 0xb
 1449 00e5 3B       		.uleb128 0x3b
ARM GAS  C:\Users\charl\AppData\Local\Temp\ccHKor3W.s 			page 30


 1450 00e6 0B       		.uleb128 0xb
 1451 00e7 49       		.uleb128 0x49
 1452 00e8 13       		.uleb128 0x13
 1453 00e9 02       		.uleb128 0x2
 1454 00ea 17       		.uleb128 0x17
 1455 00eb 00       		.byte	0
 1456 00ec 00       		.byte	0
 1457 00ed 13       		.uleb128 0x13
 1458 00ee 898201   		.uleb128 0x4109
 1459 00f1 00       		.byte	0
 1460 00f2 11       		.uleb128 0x11
 1461 00f3 01       		.uleb128 0x1
 1462 00f4 31       		.uleb128 0x31
 1463 00f5 13       		.uleb128 0x13
 1464 00f6 00       		.byte	0
 1465 00f7 00       		.byte	0
 1466 00f8 14       		.uleb128 0x14
 1467 00f9 898201   		.uleb128 0x4109
 1468 00fc 01       		.byte	0x1
 1469 00fd 11       		.uleb128 0x11
 1470 00fe 01       		.uleb128 0x1
 1471 00ff 31       		.uleb128 0x31
 1472 0100 13       		.uleb128 0x13
 1473 0101 01       		.uleb128 0x1
 1474 0102 13       		.uleb128 0x13
 1475 0103 00       		.byte	0
 1476 0104 00       		.byte	0
 1477 0105 15       		.uleb128 0x15
 1478 0106 8A8201   		.uleb128 0x410a
 1479 0109 00       		.byte	0
 1480 010a 02       		.uleb128 0x2
 1481 010b 18       		.uleb128 0x18
 1482 010c 9142     		.uleb128 0x2111
 1483 010e 18       		.uleb128 0x18
 1484 010f 00       		.byte	0
 1485 0110 00       		.byte	0
 1486 0111 16       		.uleb128 0x16
 1487 0112 898201   		.uleb128 0x4109
 1488 0115 01       		.byte	0x1
 1489 0116 11       		.uleb128 0x11
 1490 0117 01       		.uleb128 0x1
 1491 0118 31       		.uleb128 0x31
 1492 0119 13       		.uleb128 0x13
 1493 011a 00       		.byte	0
 1494 011b 00       		.byte	0
 1495 011c 17       		.uleb128 0x17
 1496 011d 34       		.uleb128 0x34
 1497 011e 00       		.byte	0
 1498 011f 03       		.uleb128 0x3
 1499 0120 0E       		.uleb128 0xe
 1500 0121 3A       		.uleb128 0x3a
 1501 0122 0B       		.uleb128 0xb
 1502 0123 3B       		.uleb128 0x3b
 1503 0124 05       		.uleb128 0x5
 1504 0125 49       		.uleb128 0x49
 1505 0126 13       		.uleb128 0x13
 1506 0127 3F       		.uleb128 0x3f
ARM GAS  C:\Users\charl\AppData\Local\Temp\ccHKor3W.s 			page 31


 1507 0128 19       		.uleb128 0x19
 1508 0129 3C       		.uleb128 0x3c
 1509 012a 19       		.uleb128 0x19
 1510 012b 00       		.byte	0
 1511 012c 00       		.byte	0
 1512 012d 18       		.uleb128 0x18
 1513 012e 34       		.uleb128 0x34
 1514 012f 00       		.byte	0
 1515 0130 03       		.uleb128 0x3
 1516 0131 08       		.uleb128 0x8
 1517 0132 3A       		.uleb128 0x3a
 1518 0133 0B       		.uleb128 0xb
 1519 0134 3B       		.uleb128 0x3b
 1520 0135 0B       		.uleb128 0xb
 1521 0136 49       		.uleb128 0x49
 1522 0137 13       		.uleb128 0x13
 1523 0138 3F       		.uleb128 0x3f
 1524 0139 19       		.uleb128 0x19
 1525 013a 02       		.uleb128 0x2
 1526 013b 18       		.uleb128 0x18
 1527 013c 00       		.byte	0
 1528 013d 00       		.byte	0
 1529 013e 19       		.uleb128 0x19
 1530 013f 34       		.uleb128 0x34
 1531 0140 00       		.byte	0
 1532 0141 03       		.uleb128 0x3
 1533 0142 0E       		.uleb128 0xe
 1534 0143 3A       		.uleb128 0x3a
 1535 0144 0B       		.uleb128 0xb
 1536 0145 3B       		.uleb128 0x3b
 1537 0146 0B       		.uleb128 0xb
 1538 0147 49       		.uleb128 0x49
 1539 0148 13       		.uleb128 0x13
 1540 0149 3F       		.uleb128 0x3f
 1541 014a 19       		.uleb128 0x19
 1542 014b 02       		.uleb128 0x2
 1543 014c 18       		.uleb128 0x18
 1544 014d 00       		.byte	0
 1545 014e 00       		.byte	0
 1546 014f 1A       		.uleb128 0x1a
 1547 0150 2E       		.uleb128 0x2e
 1548 0151 00       		.byte	0
 1549 0152 3F       		.uleb128 0x3f
 1550 0153 19       		.uleb128 0x19
 1551 0154 03       		.uleb128 0x3
 1552 0155 0E       		.uleb128 0xe
 1553 0156 3A       		.uleb128 0x3a
 1554 0157 0B       		.uleb128 0xb
 1555 0158 3B       		.uleb128 0x3b
 1556 0159 0B       		.uleb128 0xb
 1557 015a 27       		.uleb128 0x27
 1558 015b 19       		.uleb128 0x19
 1559 015c 49       		.uleb128 0x49
 1560 015d 13       		.uleb128 0x13
 1561 015e 3C       		.uleb128 0x3c
 1562 015f 19       		.uleb128 0x19
 1563 0160 00       		.byte	0
ARM GAS  C:\Users\charl\AppData\Local\Temp\ccHKor3W.s 			page 32


 1564 0161 00       		.byte	0
 1565 0162 1B       		.uleb128 0x1b
 1566 0163 2E       		.uleb128 0x2e
 1567 0164 00       		.byte	0
 1568 0165 3F       		.uleb128 0x3f
 1569 0166 19       		.uleb128 0x19
 1570 0167 03       		.uleb128 0x3
 1571 0168 0E       		.uleb128 0xe
 1572 0169 3A       		.uleb128 0x3a
 1573 016a 0B       		.uleb128 0xb
 1574 016b 3B       		.uleb128 0x3b
 1575 016c 0B       		.uleb128 0xb
 1576 016d 27       		.uleb128 0x27
 1577 016e 19       		.uleb128 0x19
 1578 016f 3C       		.uleb128 0x3c
 1579 0170 19       		.uleb128 0x19
 1580 0171 00       		.byte	0
 1581 0172 00       		.byte	0
 1582 0173 1C       		.uleb128 0x1c
 1583 0174 2E       		.uleb128 0x2e
 1584 0175 01       		.byte	0x1
 1585 0176 3F       		.uleb128 0x3f
 1586 0177 19       		.uleb128 0x19
 1587 0178 03       		.uleb128 0x3
 1588 0179 0E       		.uleb128 0xe
 1589 017a 3A       		.uleb128 0x3a
 1590 017b 0B       		.uleb128 0xb
 1591 017c 3B       		.uleb128 0x3b
 1592 017d 0B       		.uleb128 0xb
 1593 017e 27       		.uleb128 0x27
 1594 017f 19       		.uleb128 0x19
 1595 0180 49       		.uleb128 0x49
 1596 0181 13       		.uleb128 0x13
 1597 0182 3C       		.uleb128 0x3c
 1598 0183 19       		.uleb128 0x19
 1599 0184 01       		.uleb128 0x1
 1600 0185 13       		.uleb128 0x13
 1601 0186 00       		.byte	0
 1602 0187 00       		.byte	0
 1603 0188 1D       		.uleb128 0x1d
 1604 0189 05       		.uleb128 0x5
 1605 018a 00       		.byte	0
 1606 018b 49       		.uleb128 0x49
 1607 018c 13       		.uleb128 0x13
 1608 018d 00       		.byte	0
 1609 018e 00       		.byte	0
 1610 018f 1E       		.uleb128 0x1e
 1611 0190 2E       		.uleb128 0x2e
 1612 0191 01       		.byte	0x1
 1613 0192 3F       		.uleb128 0x3f
 1614 0193 19       		.uleb128 0x19
 1615 0194 03       		.uleb128 0x3
 1616 0195 0E       		.uleb128 0xe
 1617 0196 3A       		.uleb128 0x3a
 1618 0197 0B       		.uleb128 0xb
 1619 0198 3B       		.uleb128 0x3b
 1620 0199 0B       		.uleb128 0xb
ARM GAS  C:\Users\charl\AppData\Local\Temp\ccHKor3W.s 			page 33


 1621 019a 27       		.uleb128 0x27
 1622 019b 19       		.uleb128 0x19
 1623 019c 3C       		.uleb128 0x3c
 1624 019d 19       		.uleb128 0x19
 1625 019e 01       		.uleb128 0x1
 1626 019f 13       		.uleb128 0x13
 1627 01a0 00       		.byte	0
 1628 01a1 00       		.byte	0
 1629 01a2 1F       		.uleb128 0x1f
 1630 01a3 2E       		.uleb128 0x2e
 1631 01a4 01       		.byte	0x1
 1632 01a5 3F       		.uleb128 0x3f
 1633 01a6 19       		.uleb128 0x19
 1634 01a7 03       		.uleb128 0x3
 1635 01a8 0E       		.uleb128 0xe
 1636 01a9 3A       		.uleb128 0x3a
 1637 01aa 0B       		.uleb128 0xb
 1638 01ab 3B       		.uleb128 0x3b
 1639 01ac 0B       		.uleb128 0xb
 1640 01ad 49       		.uleb128 0x49
 1641 01ae 13       		.uleb128 0x13
 1642 01af 3C       		.uleb128 0x3c
 1643 01b0 19       		.uleb128 0x19
 1644 01b1 01       		.uleb128 0x1
 1645 01b2 13       		.uleb128 0x13
 1646 01b3 00       		.byte	0
 1647 01b4 00       		.byte	0
 1648 01b5 20       		.uleb128 0x20
 1649 01b6 18       		.uleb128 0x18
 1650 01b7 00       		.byte	0
 1651 01b8 00       		.byte	0
 1652 01b9 00       		.byte	0
 1653 01ba 21       		.uleb128 0x21
 1654 01bb 2E       		.uleb128 0x2e
 1655 01bc 01       		.byte	0x1
 1656 01bd 3F       		.uleb128 0x3f
 1657 01be 19       		.uleb128 0x19
 1658 01bf 03       		.uleb128 0x3
 1659 01c0 0E       		.uleb128 0xe
 1660 01c1 3A       		.uleb128 0x3a
 1661 01c2 0B       		.uleb128 0xb
 1662 01c3 3B       		.uleb128 0x3b
 1663 01c4 0B       		.uleb128 0xb
 1664 01c5 27       		.uleb128 0x27
 1665 01c6 19       		.uleb128 0x19
 1666 01c7 49       		.uleb128 0x49
 1667 01c8 13       		.uleb128 0x13
 1668 01c9 3C       		.uleb128 0x3c
 1669 01ca 19       		.uleb128 0x19
 1670 01cb 00       		.byte	0
 1671 01cc 00       		.byte	0
 1672 01cd 00       		.byte	0
 1673              		.section	.debug_loc,"",%progbits
 1674              	.Ldebug_loc0:
 1675              	.LLST0:
 1676 0000 04000000 		.4byte	.LVL0
 1677 0004 5C000000 		.4byte	.LVL11
ARM GAS  C:\Users\charl\AppData\Local\Temp\ccHKor3W.s 			page 34


 1678 0008 0200     		.2byte	0x2
 1679 000a 30       		.byte	0x30
 1680 000b 9F       		.byte	0x9f
 1681 000c 5C000000 		.4byte	.LVL11
 1682 0010 EE000000 		.4byte	.LVL24
 1683 0014 0100     		.2byte	0x1
 1684 0016 58       		.byte	0x58
 1685 0017 EE000000 		.4byte	.LVL24
 1686 001b FE000000 		.4byte	.LVL25
 1687 001f 0100     		.2byte	0x1
 1688 0021 50       		.byte	0x50
 1689 0022 FE000000 		.4byte	.LVL25
 1690 0026 60010000 		.4byte	.LFE63
 1691 002a 0100     		.2byte	0x1
 1692 002c 58       		.byte	0x58
 1693 002d 00000000 		.4byte	0
 1694 0031 00000000 		.4byte	0
 1695              	.LLST1:
 1696 0035 04000000 		.4byte	.LVL0
 1697 0039 5C000000 		.4byte	.LVL11
 1698 003d 0200     		.2byte	0x2
 1699 003f 30       		.byte	0x30
 1700 0040 9F       		.byte	0x9f
 1701 0041 5C000000 		.4byte	.LVL11
 1702 0045 60010000 		.4byte	.LFE63
 1703 0049 0100     		.2byte	0x1
 1704 004b 56       		.byte	0x56
 1705 004c 00000000 		.4byte	0
 1706 0050 00000000 		.4byte	0
 1707              	.LLST2:
 1708 0054 04000000 		.4byte	.LVL0
 1709 0058 5C000000 		.4byte	.LVL11
 1710 005c 0200     		.2byte	0x2
 1711 005e 30       		.byte	0x30
 1712 005f 9F       		.byte	0x9f
 1713 0060 5C000000 		.4byte	.LVL11
 1714 0064 6E000000 		.4byte	.LVL13
 1715 0068 0100     		.2byte	0x1
 1716 006a 54       		.byte	0x54
 1717 006b 80000000 		.4byte	.LVL15
 1718 006f B8000000 		.4byte	.LVL19
 1719 0073 0200     		.2byte	0x2
 1720 0075 30       		.byte	0x30
 1721 0076 9F       		.byte	0x9f
 1722 0077 B8000000 		.4byte	.LVL19
 1723 007b 60010000 		.4byte	.LFE63
 1724 007f 0100     		.2byte	0x1
 1725 0081 54       		.byte	0x54
 1726 0082 00000000 		.4byte	0
 1727 0086 00000000 		.4byte	0
 1728              	.LLST3:
 1729 008a 04000000 		.4byte	.LVL0
 1730 008e 5C000000 		.4byte	.LVL11
 1731 0092 0200     		.2byte	0x2
 1732 0094 30       		.byte	0x30
 1733 0095 9F       		.byte	0x9f
 1734 0096 5C000000 		.4byte	.LVL11
ARM GAS  C:\Users\charl\AppData\Local\Temp\ccHKor3W.s 			page 35


 1735 009a 30010000 		.4byte	.LVL33
 1736 009e 0100     		.2byte	0x1
 1737 00a0 55       		.byte	0x55
 1738 00a1 30010000 		.4byte	.LVL33
 1739 00a5 60010000 		.4byte	.LFE63
 1740 00a9 0100     		.2byte	0x1
 1741 00ab 50       		.byte	0x50
 1742 00ac 00000000 		.4byte	0
 1743 00b0 00000000 		.4byte	0
 1744              	.LLST4:
 1745 00b4 1C000000 		.4byte	.LVL1
 1746 00b8 5C000000 		.4byte	.LVL11
 1747 00bc 0200     		.2byte	0x2
 1748 00be 31       		.byte	0x31
 1749 00bf 9F       		.byte	0x9f
 1750 00c0 5C000000 		.4byte	.LVL11
 1751 00c4 B0000000 		.4byte	.LVL16
 1752 00c8 0100     		.2byte	0x1
 1753 00ca 57       		.byte	0x57
 1754 00cb B4000000 		.4byte	.LVL17
 1755 00cf B6000000 		.4byte	.LVL18
 1756 00d3 0100     		.2byte	0x1
 1757 00d5 57       		.byte	0x57
 1758 00d6 B8000000 		.4byte	.LVL19
 1759 00da 60010000 		.4byte	.LFE63
 1760 00de 0100     		.2byte	0x1
 1761 00e0 57       		.byte	0x57
 1762 00e1 00000000 		.4byte	0
 1763 00e5 00000000 		.4byte	0
 1764              	.LLST5:
 1765 00e9 40000000 		.4byte	.LVL6
 1766 00ed 44000000 		.4byte	.LVL7
 1767 00f1 0200     		.2byte	0x2
 1768 00f3 38       		.byte	0x38
 1769 00f4 9F       		.byte	0x9f
 1770 00f5 44000000 		.4byte	.LVL7
 1771 00f9 58000000 		.4byte	.LVL10
 1772 00fd 0100     		.2byte	0x1
 1773 00ff 54       		.byte	0x54
 1774 0100 00000000 		.4byte	0
 1775 0104 00000000 		.4byte	0
 1776              		.section	.debug_aranges,"",%progbits
 1777 0000 1C000000 		.4byte	0x1c
 1778 0004 0200     		.2byte	0x2
 1779 0006 00000000 		.4byte	.Ldebug_info0
 1780 000a 04       		.byte	0x4
 1781 000b 00       		.byte	0
 1782 000c 0000     		.2byte	0
 1783 000e 0000     		.2byte	0
 1784 0010 00000000 		.4byte	.LFB63
 1785 0014 60010000 		.4byte	.LFE63-.LFB63
 1786 0018 00000000 		.4byte	0
 1787 001c 00000000 		.4byte	0
 1788              		.section	.debug_ranges,"",%progbits
 1789              	.Ldebug_ranges0:
 1790 0000 00000000 		.4byte	.LFB63
 1791 0004 60010000 		.4byte	.LFE63
ARM GAS  C:\Users\charl\AppData\Local\Temp\ccHKor3W.s 			page 36


 1792 0008 00000000 		.4byte	0
 1793 000c 00000000 		.4byte	0
 1794              		.section	.debug_line,"",%progbits
 1795              	.Ldebug_line0:
 1796 0000 88020000 		.section	.debug_str,"MS",%progbits,1
 1796      02000602 
 1796      00000201 
 1796      FB0E0D00 
 1796      01010101 
 1797              	.LASF73:
 1798 0000 4C45445F 		.ascii	"LED_Driver_Gear_Start\000"
 1798      44726976 
 1798      65725F47 
 1798      6561725F 
 1798      53746172 
 1799              	.LASF48:
 1800 0016 52584D65 		.ascii	"RXMessage0\000"
 1800      73736167 
 1800      653000
 1801              	.LASF49:
 1802 0021 52584D65 		.ascii	"RXMessage1\000"
 1802      73736167 
 1802      653100
 1803              	.LASF50:
 1804 002c 52584D65 		.ascii	"RXMessage2\000"
 1804      73736167 
 1804      653200
 1805              	.LASF51:
 1806 0037 52584D65 		.ascii	"RXMessage3\000"
 1806      73736167 
 1806      653300
 1807              	.LASF52:
 1808 0042 52584D65 		.ascii	"RXMessage4\000"
 1808      73736167 
 1808      653400
 1809              	.LASF53:
 1810 004d 52584D65 		.ascii	"RXMessage5\000"
 1810      73736167 
 1810      653500
 1811              	.LASF79:
 1812 0058 53686966 		.ascii	"ShiftLights\000"
 1812      744C6967 
 1812      68747300 
 1813              	.LASF62:
 1814 0064 73746174 		.ascii	"state\000"
 1814      6500
 1815              	.LASF36:
 1816 006a 65677431 		.ascii	"egt1\000"
 1816      00
 1817              	.LASF82:
 1818 006f 53776974 		.ascii	"SwitchButtonCheck\000"
 1818      63684275 
 1818      74746F6E 
 1818      43686563 
 1818      6B00
 1819              	.LASF23:
 1820 0081 53544154 		.ascii	"STATE\000"
ARM GAS  C:\Users\charl\AppData\Local\Temp\ccHKor3W.s 			page 37


 1820      4500
 1821              	.LASF2:
 1822 0087 73686F72 		.ascii	"short int\000"
 1822      7420696E 
 1822      7400
 1823              	.LASF44:
 1824 0091 72675370 		.ascii	"rgSpd\000"
 1824      6400
 1825              	.LASF16:
 1826 0097 73697A65 		.ascii	"sizetype\000"
 1826      74797065 
 1826      00
 1827              	.LASF43:
 1828 00a0 72645370 		.ascii	"rdSpd\000"
 1828      6400
 1829              	.LASF40:
 1830 00a6 62617456 		.ascii	"batV\000"
 1830      00
 1831              	.LASF86:
 1832 00ab 6D61696E 		.ascii	"main\000"
 1832      00
 1833              	.LASF20:
 1834 00b0 75696E74 		.ascii	"uint\000"
 1834      00
 1835              	.LASF80:
 1836 00b5 5761726E 		.ascii	"WarningLights\000"
 1836      696E674C 
 1836      69676874 
 1836      7300
 1837              	.LASF71:
 1838 00c3 43414E5F 		.ascii	"CAN_Start\000"
 1838      53746172 
 1838      7400
 1839              	.LASF85:
 1840 00cd 433A5C55 		.ascii	"C:\\Users\\charl\\Documents\\GitHub\\VTM17_Dash_7se"
 1840      73657273 
 1840      5C636861 
 1840      726C5C44 
 1840      6F63756D 
 1841 00fb 675C5654 		.ascii	"g\\VTM17_Dash_7SEG\\VTM17_Display_7seg\\VTM17c_Disp"
 1841      4D31375F 
 1841      44617368 
 1841      5F375345 
 1841      475C5654 
 1842 012b 6C61795F 		.ascii	"lay_7seg.cydsn\000"
 1842      37736567 
 1842      2E637964 
 1842      736E00
 1843              	.LASF78:
 1844 013a 44726976 		.ascii	"DriveUpdate\000"
 1844      65557064 
 1844      61746500 
 1845              	.LASF77:
 1846 0146 42726967 		.ascii	"Brightness\000"
 1846      68746E65 
 1846      737300
 1847              	.LASF11:
ARM GAS  C:\Users\charl\AppData\Local\Temp\ccHKor3W.s 			page 38


 1848 0151 75696E74 		.ascii	"uint8\000"
 1848      3800
 1849              	.LASF45:
 1850 0157 72756E54 		.ascii	"runTime\000"
 1850      696D6500 
 1851              	.LASF30:
 1852 015f 77616974 		.ascii	"wait\000"
 1852      00
 1853              	.LASF60:
 1854 0164 5258444C 		.ascii	"RXDLC\000"
 1854      4300
 1855              	.LASF42:
 1856 016a 6C675370 		.ascii	"lgSpd\000"
 1856      6400
 1857              	.LASF13:
 1858 0170 666C6F61 		.ascii	"float\000"
 1858      7400
 1859              	.LASF33:
 1860 0176 52696768 		.ascii	"Right\000"
 1860      7400
 1861              	.LASF25:
 1862 017c 42726967 		.ascii	"Bright4Dig\000"
 1862      68743444 
 1862      696700
 1863              	.LASF6:
 1864 0187 6C6F6E67 		.ascii	"long long int\000"
 1864      206C6F6E 
 1864      6720696E 
 1864      7400
 1865              	.LASF27:
 1866 0195 50616765 		.ascii	"PageButton\000"
 1866      42757474 
 1866      6F6E00
 1867              	.LASF24:
 1868 01a0 42726967 		.ascii	"BrightGear\000"
 1868      68744765 
 1868      617200
 1869              	.LASF61:
 1870 01ab 44697370 		.ascii	"DispUpdate\000"
 1870      55706461 
 1870      746500
 1871              	.LASF4:
 1872 01b6 6C6F6E67 		.ascii	"long int\000"
 1872      20696E74 
 1872      00
 1873              	.LASF32:
 1874 01bf 4C656674 		.ascii	"Left\000"
 1874      00
 1875              	.LASF72:
 1876 01c4 4C45445F 		.ascii	"LED_Driver_LRBWS_Start\000"
 1876      44726976 
 1876      65725F4C 
 1876      52425753 
 1876      5F537461 
 1877              	.LASF37:
 1878 01db 6C61756E 		.ascii	"launch\000"
 1878      636800
ARM GAS  C:\Users\charl\AppData\Local\Temp\ccHKor3W.s 			page 39


 1879              	.LASF66:
 1880 01e2 4F666673 		.ascii	"OffsetFlash\000"
 1880      6574466C 
 1880      61736800 
 1881              	.LASF54:
 1882 01ee 5258466C 		.ascii	"RXFlag0\000"
 1882      61673000 
 1883              	.LASF55:
 1884 01f6 5258466C 		.ascii	"RXFlag1\000"
 1884      61673100 
 1885              	.LASF56:
 1886 01fe 5258466C 		.ascii	"RXFlag2\000"
 1886      61673200 
 1887              	.LASF57:
 1888 0206 5258466C 		.ascii	"RXFlag3\000"
 1888      61673300 
 1889              	.LASF58:
 1890 020e 5258466C 		.ascii	"RXFlag4\000"
 1890      61673400 
 1891              	.LASF59:
 1892 0216 5258466C 		.ascii	"RXFlag5\000"
 1892      61673500 
 1893              	.LASF18:
 1894 021e 62797465 		.ascii	"byte\000"
 1894      00
 1895              	.LASF22:
 1896 0223 44696167 		.ascii	"Diag\000"
 1896      00
 1897              	.LASF69:
 1898 0228 6D657373 		.ascii	"messagePWM\000"
 1898      61676550 
 1898      574D00
 1899              	.LASF1:
 1900 0233 756E7369 		.ascii	"unsigned char\000"
 1900      676E6564 
 1900      20636861 
 1900      7200
 1901              	.LASF31:
 1902 0241 5374696C 		.ascii	"StillPressed\000"
 1902      6C507265 
 1902      73736564 
 1902      00
 1903              	.LASF47:
 1904 024e 6F696C54 		.ascii	"oilTemp\000"
 1904      656D7000 
 1905              	.LASF0:
 1906 0256 7369676E 		.ascii	"signed char\000"
 1906      65642063 
 1906      68617200 
 1907              	.LASF7:
 1908 0262 6C6F6E67 		.ascii	"long long unsigned int\000"
 1908      206C6F6E 
 1908      6720756E 
 1908      7369676E 
 1908      65642069 
 1909              	.LASF70:
 1910 0279 43414E5F 		.ascii	"CAN_Init\000"
ARM GAS  C:\Users\charl\AppData\Local\Temp\ccHKor3W.s 			page 40


 1910      496E6974 
 1910      00
 1911              	.LASF8:
 1912 0282 756E7369 		.ascii	"unsigned int\000"
 1912      676E6564 
 1912      20696E74 
 1912      00
 1913              	.LASF41:
 1914 028f 6C645370 		.ascii	"ldSpd\000"
 1914      6400
 1915              	.LASF74:
 1916 0295 4C45445F 		.ascii	"LED_Driver_LRBWS_SetRC\000"
 1916      44726976 
 1916      65725F4C 
 1916      52425753 
 1916      5F536574 
 1917              	.LASF76:
 1918 02ac 47656172 		.ascii	"GearCalculation\000"
 1918      43616C63 
 1918      756C6174 
 1918      696F6E00 
 1919              	.LASF3:
 1920 02bc 73686F72 		.ascii	"short unsigned int\000"
 1920      7420756E 
 1920      7369676E 
 1920      65642069 
 1920      6E7400
 1921              	.LASF38:
 1922 02cf 6E74726C 		.ascii	"ntrl\000"
 1922      00
 1923              	.LASF15:
 1924 02d4 63686172 		.ascii	"char\000"
 1924      00
 1925              	.LASF83:
 1926 02d9 474E5520 		.ascii	"GNU C 4.9.3 20150303 (release) [ARM/embedded-4_9-br"
 1926      4320342E 
 1926      392E3320 
 1926      32303135 
 1926      30333033 
 1927 030c 616E6368 		.ascii	"anch revision 221220] -mcpu=cortex-m3 -mthumb -g -O"
 1927      20726576 
 1927      6973696F 
 1927      6E203232 
 1927      31323230 
 1928 033f 67202D66 		.ascii	"g -ffunction-sections -ffat-lto-objects\000"
 1928      66756E63 
 1928      74696F6E 
 1928      2D736563 
 1928      74696F6E 
 1929              	.LASF10:
 1930 0367 696E7433 		.ascii	"int32_t\000"
 1930      325F7400 
 1931              	.LASF39:
 1932 036f 62706631 		.ascii	"bpf1\000"
 1932      00
 1933              	.LASF68:
 1934 0374 64617461 		.ascii	"dataPWM\000"
ARM GAS  C:\Users\charl\AppData\Local\Temp\ccHKor3W.s 			page 41


 1934      50574D00 
 1935              	.LASF64:
 1936 037c 466C6173 		.ascii	"FlashCounter\000"
 1936      68436F75 
 1936      6E746572 
 1936      00
 1937              	.LASF28:
 1938 0389 52656164 		.ascii	"ReadyToDisplay\000"
 1938      79546F44 
 1938      6973706C 
 1938      617900
 1939              	.LASF26:
 1940 0398 47656172 		.ascii	"Gear\000"
 1940      00
 1941              	.LASF12:
 1942 039d 75696E74 		.ascii	"uint32\000"
 1942      333200
 1943              	.LASF5:
 1944 03a4 6C6F6E67 		.ascii	"long unsigned int\000"
 1944      20756E73 
 1944      69676E65 
 1944      6420696E 
 1944      7400
 1945              	.LASF19:
 1946 03b6 43414E5F 		.ascii	"CAN_TX_MSG\000"
 1946      54585F4D 
 1946      534700
 1947              	.LASF14:
 1948 03c1 646F7562 		.ascii	"double\000"
 1948      6C6500
 1949              	.LASF81:
 1950 03c8 44696167 		.ascii	"DiagUpdate\000"
 1950      55706461 
 1950      746500
 1951              	.LASF34:
 1952 03d3 44697265 		.ascii	"Direction\000"
 1952      6374696F 
 1952      6E00
 1953              	.LASF29:
 1954 03dd 636F756E 		.ascii	"count\000"
 1954      7400
 1955              	.LASF84:
 1956 03e3 2E5C6D61 		.ascii	".\\main.c\000"
 1956      696E2E63 
 1956      00
 1957              	.LASF9:
 1958 03ec 5F5F696E 		.ascii	"__int32_t\000"
 1958      7433325F 
 1958      7400
 1959              	.LASF17:
 1960 03f6 43414E5F 		.ascii	"CAN_DATA_BYTES_MSG\000"
 1960      44415441 
 1960      5F425954 
 1960      45535F4D 
 1960      534700
 1961              	.LASF67:
 1962 0409 72656365 		.ascii	"receiveMailboxNumber\000"
ARM GAS  C:\Users\charl\AppData\Local\Temp\ccHKor3W.s 			page 42


 1962      6976654D 
 1962      61696C62 
 1962      6F784E75 
 1962      6D626572 
 1963              	.LASF75:
 1964 041e 50617273 		.ascii	"ParseCAN\000"
 1964      6543414E 
 1964      00
 1965              	.LASF21:
 1966 0427 44726976 		.ascii	"Drive\000"
 1966      6500
 1967              	.LASF35:
 1968 042d 49544D5F 		.ascii	"ITM_RxBuffer\000"
 1968      52784275 
 1968      66666572 
 1968      00
 1969              	.LASF65:
 1970 043a 466C6173 		.ascii	"FlashFreq\000"
 1970      68467265 
 1970      7100
 1971              	.LASF46:
 1972 0444 6675656C 		.ascii	"fuel\000"
 1972      00
 1973              	.LASF63:
 1974 0449 50726576 		.ascii	"PrevState\000"
 1974      53746174 
 1974      6500
 1975              		.ident	"GCC: (GNU Tools for ARM Embedded Processors) 4.9.3 20150303 (release) [ARM/embedded-4_9-br
