ARM GAS  C:\Users\charl\AppData\Local\Temp\ccoslzjd.s 			page 1


   1              		.syntax unified
   2              		.cpu cortex-m3
   3              		.fpu softvfp
   4              		.eabi_attribute 20, 1
   5              		.eabi_attribute 21, 1
   6              		.eabi_attribute 23, 3
   7              		.eabi_attribute 24, 1
   8              		.eabi_attribute 25, 1
   9              		.eabi_attribute 26, 1
  10              		.eabi_attribute 30, 1
  11              		.eabi_attribute 34, 1
  12              		.eabi_attribute 18, 4
  13              		.thumb
  14              		.file	"cymetadata.c"
  15              		.text
  16              	.Ltext0:
  17              		.cfi_sections	.debug_frame
  18              		.global	cy_metadata
  19              		.global	cy_meta_flashprotect
  20              		.global	cy_meta_wonvl
  21              		.global	cy_meta_custnvl
  22              		.global	cy_meta_configecc
  23              		.section	.cyconfigecc,"a",%progbits
  24              		.align	2
  25              		.type	cy_meta_configecc, %object
  26              		.size	cy_meta_configecc, 1252
  27              	cy_meta_configecc:
  28 0000 0C       		.byte	12
  29 0001 52       		.byte	82
  30 0002 00       		.byte	0
  31 0003 40       		.byte	64
  32 0004 04       		.byte	4
  33 0005 03       		.byte	3
  34 0006 01       		.byte	1
  35 0007 40       		.byte	64
  36 0008 08       		.byte	8
  37 0009 05       		.byte	5
  38 000a 01       		.byte	1
  39 000b 40       		.byte	64
  40 000c 3A       		.byte	58
  41 000d 06       		.byte	6
  42 000e 01       		.byte	1
  43 000f 40       		.byte	64
  44 0010 36       		.byte	54
  45 0011 07       		.byte	7
  46 0012 01       		.byte	1
  47 0013 40       		.byte	64
  48 0014 05       		.byte	5
  49 0015 09       		.byte	9
  50 0016 01       		.byte	1
  51 0017 40       		.byte	64
  52 0018 04       		.byte	4
  53 0019 0A       		.byte	10
  54 001a 01       		.byte	1
  55 001b 40       		.byte	64
  56 001c 0E       		.byte	14
  57 001d 0B       		.byte	11
ARM GAS  C:\Users\charl\AppData\Local\Temp\ccoslzjd.s 			page 2


  58 001e 01       		.byte	1
  59 001f 40       		.byte	64
  60 0020 31       		.byte	49
  61 0021 14       		.byte	20
  62 0022 01       		.byte	1
  63 0023 40       		.byte	64
  64 0024 40       		.byte	64
  65 0025 15       		.byte	21
  66 0026 01       		.byte	1
  67 0027 40       		.byte	64
  68 0028 1C       		.byte	28
  69 0029 16       		.byte	22
  70 002a 01       		.byte	1
  71 002b 40       		.byte	64
  72 002c 33       		.byte	51
  73 002d 17       		.byte	23
  74 002e 01       		.byte	1
  75 002f 40       		.byte	64
  76 0030 01       		.byte	1
  77 0031 19       		.byte	25
  78 0032 01       		.byte	1
  79 0033 40       		.byte	64
  80 0034 03       		.byte	3
  81 0035 1B       		.byte	27
  82 0036 01       		.byte	1
  83 0037 40       		.byte	64
  84 0038 0A       		.byte	10
  85 0039 40       		.byte	64
  86 003a 01       		.byte	1
  87 003b 40       		.byte	64
  88 003c 14       		.byte	20
  89 003d 41       		.byte	65
  90 003e 01       		.byte	1
  91 003f 40       		.byte	64
  92 0040 0D       		.byte	13
  93 0041 42       		.byte	66
  94 0042 01       		.byte	1
  95 0043 40       		.byte	64
  96 0044 12       		.byte	18
  97 0045 43       		.byte	67
  98 0046 01       		.byte	1
  99 0047 40       		.byte	64
 100 0048 0A       		.byte	10
 101 0049 45       		.byte	69
 102 004a 01       		.byte	1
 103 004b 40       		.byte	64
 104 004c 0E       		.byte	14
 105 004d 46       		.byte	70
 106 004e 01       		.byte	1
 107 004f 40       		.byte	64
 108 0050 08       		.byte	8
 109 0051 47       		.byte	71
 110 0052 01       		.byte	1
 111 0053 40       		.byte	64
 112 0054 10       		.byte	16
 113 0055 48       		.byte	72
 114 0056 01       		.byte	1
ARM GAS  C:\Users\charl\AppData\Local\Temp\ccoslzjd.s 			page 3


 115 0057 40       		.byte	64
 116 0058 22       		.byte	34
 117 0059 49       		.byte	73
 118 005a 01       		.byte	1
 119 005b 40       		.byte	64
 120 005c 13       		.byte	19
 121 005d 4C       		.byte	76
 122 005e 01       		.byte	1
 123 005f 40       		.byte	64
 124 0060 14       		.byte	20
 125 0061 4D       		.byte	77
 126 0062 01       		.byte	1
 127 0063 40       		.byte	64
 128 0064 04       		.byte	4
 129 0065 50       		.byte	80
 130 0066 01       		.byte	1
 131 0067 40       		.byte	64
 132 0068 02       		.byte	2
 133 0069 51       		.byte	81
 134 006a 01       		.byte	1
 135 006b 40       		.byte	64
 136 006c 00       		.byte	0
 137 006d 32       		.byte	50
 138 006e 01       		.byte	1
 139 006f 96       		.byte	-106
 140 0070 08       		.byte	8
 141 0071 C0       		.byte	-64
 142 0072 09       		.byte	9
 143 0073 A4       		.byte	-92
 144 0074 10       		.byte	16
 145 0075 55       		.byte	85
 146 0076 11       		.byte	17
 147 0077 9C       		.byte	-100
 148 0078 18       		.byte	24
 149 0079 69       		.byte	105
 150 007a 19       		.byte	25
 151 007b AA       		.byte	-86
 152 007c 60       		.byte	96
 153 007d 84       		.byte	-124
 154 007e 61       		.byte	97
 155 007f C8       		.byte	-56
 156 0080 78       		.byte	120
 157 0081 1A       		.byte	26
 158 0082 79       		.byte	121
 159 0083 33       		.byte	51
 160 0084 9A       		.byte	-102
 161 0085 04       		.byte	4
 162 0086 A3       		.byte	-93
 163 0087 04       		.byte	4
 164 0088 AA       		.byte	-86
 165 0089 04       		.byte	4
 166 008a AB       		.byte	-85
 167 008b 04       		.byte	4
 168 008c 8F       		.byte	-113
 169 008d 88       		.byte	-120
 170 008e 9A       		.byte	-102
 171 008f 04       		.byte	4
ARM GAS  C:\Users\charl\AppData\Local\Temp\ccoslzjd.s 			page 4


 172 0090 A3       		.byte	-93
 173 0091 04       		.byte	4
 174 0092 A4       		.byte	-92
 175 0093 80       		.byte	-128
 176 0094 A8       		.byte	-88
 177 0095 80       		.byte	-128
 178 0096 E2       		.byte	-30
 179 0097 40       		.byte	64
 180 0098 E6       		.byte	-26
 181 0099 40       		.byte	64
 182 009a EE       		.byte	-18
 183 009b 04       		.byte	4
 184 009c 05       		.byte	5
 185 009d 08       		.byte	8
 186 009e 07       		.byte	7
 187 009f 04       		.byte	4
 188 00a0 0D       		.byte	13
 189 00a1 01       		.byte	1
 190 00a2 12       		.byte	18
 191 00a3 03       		.byte	3
 192 00a4 15       		.byte	21
 193 00a5 04       		.byte	4
 194 00a6 16       		.byte	22
 195 00a7 01       		.byte	1
 196 00a8 17       		.byte	23
 197 00a9 08       		.byte	8
 198 00aa 1B       		.byte	27
 199 00ab 02       		.byte	2
 200 00ac 1E       		.byte	30
 201 00ad 02       		.byte	2
 202 00ae 28       		.byte	40
 203 00af 03       		.byte	3
 204 00b0 2B       		.byte	43
 205 00b1 02       		.byte	2
 206 00b2 2D       		.byte	45
 207 00b3 02       		.byte	2
 208 00b4 33       		.byte	51
 209 00b5 03       		.byte	3
 210 00b6 34       		.byte	52
 211 00b7 03       		.byte	3
 212 00b8 35       		.byte	53
 213 00b9 0C       		.byte	12
 214 00ba 3F       		.byte	63
 215 00bb 10       		.byte	16
 216 00bc 58       		.byte	88
 217 00bd 04       		.byte	4
 218 00be 59       		.byte	89
 219 00bf 04       		.byte	4
 220 00c0 5B       		.byte	91
 221 00c1 04       		.byte	4
 222 00c2 5C       		.byte	92
 223 00c3 11       		.byte	17
 224 00c4 5F       		.byte	95
 225 00c5 01       		.byte	1
 226 00c6 85       		.byte	-123
 227 00c7 04       		.byte	4
 228 00c8 87       		.byte	-121
ARM GAS  C:\Users\charl\AppData\Local\Temp\ccoslzjd.s 			page 5


 229 00c9 02       		.byte	2
 230 00ca 8E       		.byte	-114
 231 00cb 01       		.byte	1
 232 00cc 8F       		.byte	-113
 233 00cd 01       		.byte	1
 234 00ce 95       		.byte	-107
 235 00cf 01       		.byte	1
 236 00d0 A5       		.byte	-91
 237 00d1 02       		.byte	2
 238 00d2 A7       		.byte	-89
 239 00d3 04       		.byte	4
 240 00d4 AA       		.byte	-86
 241 00d5 01       		.byte	1
 242 00d6 B3       		.byte	-77
 243 00d7 06       		.byte	6
 244 00d8 B4       		.byte	-76
 245 00d9 01       		.byte	1
 246 00da B7       		.byte	-73
 247 00db 01       		.byte	1
 248 00dc BF       		.byte	-65
 249 00dd 04       		.byte	4
 250 00de C0       		.byte	-64
 251 00df 25       		.byte	37
 252 00e0 C5       		.byte	-59
 253 00e1 50       		.byte	80
 254 00e2 C7       		.byte	-57
 255 00e3 06       		.byte	6
 256 00e4 C8       		.byte	-56
 257 00e5 12       		.byte	18
 258 00e6 C9       		.byte	-55
 259 00e7 FF       		.byte	-1
 260 00e8 CA       		.byte	-54
 261 00e9 FF       		.byte	-1
 262 00ea CB       		.byte	-53
 263 00eb FF       		.byte	-1
 264 00ec CD       		.byte	-51
 265 00ed 10       		.byte	16
 266 00ee CE       		.byte	-50
 267 00ef 70       		.byte	112
 268 00f0 CF       		.byte	-49
 269 00f1 0F       		.byte	15
 270 00f2 D0       		.byte	-48
 271 00f3 08       		.byte	8
 272 00f4 D2       		.byte	-46
 273 00f5 01       		.byte	1
 274 00f6 D8       		.byte	-40
 275 00f7 04       		.byte	4
 276 00f8 D9       		.byte	-39
 277 00f9 04       		.byte	4
 278 00fa DA       		.byte	-38
 279 00fb 04       		.byte	4
 280 00fc DB       		.byte	-37
 281 00fd 04       		.byte	4
 282 00fe DC       		.byte	-36
 283 00ff 11       		.byte	17
 284 0100 DD       		.byte	-35
 285 0101 11       		.byte	17
ARM GAS  C:\Users\charl\AppData\Local\Temp\ccoslzjd.s 			page 6


 286 0102 DF       		.byte	-33
 287 0103 01       		.byte	1
 288 0104 E0       		.byte	-32
 289 0105 10       		.byte	16
 290 0106 E1       		.byte	-31
 291 0107 BC       		.byte	-68
 292 0108 E2       		.byte	-30
 293 0109 10       		.byte	16
 294 010a E3       		.byte	-29
 295 010b 58       		.byte	88
 296 010c E4       		.byte	-28
 297 010d 90       		.byte	-112
 298 010e E5       		.byte	-27
 299 010f 58       		.byte	88
 300 0110 01       		.byte	1
 301 0111 40       		.byte	64
 302 0112 0C       		.byte	12
 303 0113 08       		.byte	8
 304 0114 0E       		.byte	14
 305 0115 40       		.byte	64
 306 0116 0F       		.byte	15
 307 0117 01       		.byte	1
 308 0118 10       		.byte	16
 309 0119 08       		.byte	8
 310 011a 17       		.byte	23
 311 011b 20       		.byte	32
 312 011c 18       		.byte	24
 313 011d 04       		.byte	4
 314 011e 1B       		.byte	27
 315 011f 10       		.byte	16
 316 0120 1F       		.byte	31
 317 0121 20       		.byte	32
 318 0122 20       		.byte	32
 319 0123 02       		.byte	2
 320 0124 22       		.byte	34
 321 0125 04       		.byte	4
 322 0126 25       		.byte	37
 323 0127 20       		.byte	32
 324 0128 27       		.byte	39
 325 0129 20       		.byte	32
 326 012a 2B       		.byte	43
 327 012b 10       		.byte	16
 328 012c 2C       		.byte	44
 329 012d 08       		.byte	8
 330 012e 2D       		.byte	45
 331 012f 80       		.byte	-128
 332 0130 30       		.byte	48
 333 0131 08       		.byte	8
 334 0132 37       		.byte	55
 335 0133 28       		.byte	40
 336 0134 39       		.byte	57
 337 0135 40       		.byte	64
 338 0136 3A       		.byte	58
 339 0137 04       		.byte	4
 340 0138 3E       		.byte	62
 341 0139 40       		.byte	64
 342 013a 3F       		.byte	63
ARM GAS  C:\Users\charl\AppData\Local\Temp\ccoslzjd.s 			page 7


 343 013b 08       		.byte	8
 344 013c 40       		.byte	64
 345 013d 04       		.byte	4
 346 013e 48       		.byte	72
 347 013f 01       		.byte	1
 348 0140 4B       		.byte	75
 349 0141 01       		.byte	1
 350 0142 50       		.byte	80
 351 0143 08       		.byte	8
 352 0144 69       		.byte	105
 353 0145 40       		.byte	64
 354 0146 6A       		.byte	106
 355 0147 40       		.byte	64
 356 0148 6E       		.byte	110
 357 0149 A8       		.byte	-88
 358 014a 6F       		.byte	111
 359 014b 80       		.byte	-128
 360 014c 74       		.byte	116
 361 014d 80       		.byte	-128
 362 014e 83       		.byte	-125
 363 014f 10       		.byte	16
 364 0150 86       		.byte	-122
 365 0151 40       		.byte	64
 366 0152 8D       		.byte	-115
 367 0153 20       		.byte	32
 368 0154 8E       		.byte	-114
 369 0155 04       		.byte	4
 370 0156 9A       		.byte	-102
 371 0157 04       		.byte	4
 372 0158 9E       		.byte	-98
 373 0159 01       		.byte	1
 374 015a 9F       		.byte	-97
 375 015b 08       		.byte	8
 376 015c A3       		.byte	-93
 377 015d 04       		.byte	4
 378 015e A4       		.byte	-92
 379 015f 80       		.byte	-128
 380 0160 A7       		.byte	-89
 381 0161 80       		.byte	-128
 382 0162 AA       		.byte	-86
 383 0163 01       		.byte	1
 384 0164 C0       		.byte	-64
 385 0165 01       		.byte	1
 386 0166 C2       		.byte	-62
 387 0167 B0       		.byte	-80
 388 0168 C4       		.byte	-60
 389 0169 42       		.byte	66
 390 016a CA       		.byte	-54
 391 016b 32       		.byte	50
 392 016c CC       		.byte	-52
 393 016d 62       		.byte	98
 394 016e CE       		.byte	-50
 395 016f 5A       		.byte	90
 396 0170 D0       		.byte	-48
 397 0171 04       		.byte	4
 398 0172 D2       		.byte	-46
 399 0173 08       		.byte	8
ARM GAS  C:\Users\charl\AppData\Local\Temp\ccoslzjd.s 			page 8


 400 0174 E2       		.byte	-30
 401 0175 40       		.byte	64
 402 0176 E4       		.byte	-28
 403 0177 04       		.byte	4
 404 0178 E6       		.byte	-26
 405 0179 40       		.byte	64
 406 017a EE       		.byte	-18
 407 017b 02       		.byte	2
 408 017c AD       		.byte	-83
 409 017d 09       		.byte	9
 410 017e B0       		.byte	-80
 411 017f 10       		.byte	16
 412 0180 E4       		.byte	-28
 413 0181 04       		.byte	4
 414 0182 E8       		.byte	-24
 415 0183 0A       		.byte	10
 416 0184 EE       		.byte	-18
 417 0185 02       		.byte	2
 418 0186 5B       		.byte	91
 419 0187 04       		.byte	4
 420 0188 5F       		.byte	95
 421 0189 01       		.byte	1
 422 018a DB       		.byte	-37
 423 018b 04       		.byte	4
 424 018c DF       		.byte	-33
 425 018d 01       		.byte	1
 426 018e 68       		.byte	104
 427 018f 10       		.byte	16
 428 0190 69       		.byte	105
 429 0191 91       		.byte	-111
 430 0192 6C       		.byte	108
 431 0193 02       		.byte	2
 432 0194 70       		.byte	112
 433 0195 80       		.byte	-128
 434 0196 71       		.byte	113
 435 0197 08       		.byte	8
 436 0198 72       		.byte	114
 437 0199 08       		.byte	8
 438 019a 84       		.byte	-124
 439 019b 02       		.byte	2
 440 019c 86       		.byte	-122
 441 019d 08       		.byte	8
 442 019e 89       		.byte	-119
 443 019f 10       		.byte	16
 444 01a0 8C       		.byte	-116
 445 01a1 80       		.byte	-128
 446 01a2 8D       		.byte	-115
 447 01a3 40       		.byte	64
 448 01a4 E0       		.byte	-32
 449 01a5 08       		.byte	8
 450 01a6 E4       		.byte	-28
 451 01a7 02       		.byte	2
 452 01a8 EE       		.byte	-18
 453 01a9 04       		.byte	4
 454 01aa 02       		.byte	2
 455 01ab 01       		.byte	1
 456 01ac 03       		.byte	3
ARM GAS  C:\Users\charl\AppData\Local\Temp\ccoslzjd.s 			page 9


 457 01ad 01       		.byte	1
 458 01ae 0A       		.byte	10
 459 01af 02       		.byte	2
 460 01b0 0D       		.byte	13
 461 01b1 01       		.byte	1
 462 01b2 0E       		.byte	14
 463 01b3 03       		.byte	3
 464 01b4 0F       		.byte	15
 465 01b5 02       		.byte	2
 466 01b6 17       		.byte	23
 467 01b7 02       		.byte	2
 468 01b8 25       		.byte	37
 469 01b9 02       		.byte	2
 470 01ba 2A       		.byte	42
 471 01bb 01       		.byte	1
 472 01bc 32       		.byte	50
 473 01bd 03       		.byte	3
 474 01be 36       		.byte	54
 475 01bf 03       		.byte	3
 476 01c0 37       		.byte	55
 477 01c1 03       		.byte	3
 478 01c2 3B       		.byte	59
 479 01c3 80       		.byte	-128
 480 01c4 52       		.byte	82
 481 01c5 01       		.byte	1
 482 01c6 58       		.byte	88
 483 01c7 04       		.byte	4
 484 01c8 59       		.byte	89
 485 01c9 04       		.byte	4
 486 01ca 5B       		.byte	91
 487 01cb 04       		.byte	4
 488 01cc 5C       		.byte	92
 489 01cd 11       		.byte	17
 490 01ce 5F       		.byte	95
 491 01cf 01       		.byte	1
 492 01d0 8E       		.byte	-114
 493 01d1 01       		.byte	1
 494 01d2 93       		.byte	-109
 495 01d3 03       		.byte	3
 496 01d4 94       		.byte	-108
 497 01d5 01       		.byte	1
 498 01d6 A7       		.byte	-89
 499 01d7 01       		.byte	1
 500 01d8 AB       		.byte	-85
 501 01d9 02       		.byte	2
 502 01da AD       		.byte	-83
 503 01db 03       		.byte	3
 504 01dc B5       		.byte	-75
 505 01dd 03       		.byte	3
 506 01de B6       		.byte	-74
 507 01df 01       		.byte	1
 508 01e0 C0       		.byte	-64
 509 01e1 31       		.byte	49
 510 01e2 C6       		.byte	-58
 511 01e3 60       		.byte	96
 512 01e4 C7       		.byte	-57
 513 01e5 05       		.byte	5
ARM GAS  C:\Users\charl\AppData\Local\Temp\ccoslzjd.s 			page 10


 514 01e6 C8       		.byte	-56
 515 01e7 18       		.byte	24
 516 01e8 C9       		.byte	-55
 517 01e9 FF       		.byte	-1
 518 01ea CA       		.byte	-54
 519 01eb FF       		.byte	-1
 520 01ec CB       		.byte	-53
 521 01ed FF       		.byte	-1
 522 01ee CD       		.byte	-51
 523 01ef 10       		.byte	16
 524 01f0 CE       		.byte	-50
 525 01f1 70       		.byte	112
 526 01f2 CF       		.byte	-49
 527 01f3 0F       		.byte	15
 528 01f4 D0       		.byte	-48
 529 01f5 08       		.byte	8
 530 01f6 D8       		.byte	-40
 531 01f7 04       		.byte	4
 532 01f8 D9       		.byte	-39
 533 01f9 04       		.byte	4
 534 01fa DA       		.byte	-38
 535 01fb 04       		.byte	4
 536 01fc DB       		.byte	-37
 537 01fd 04       		.byte	4
 538 01fe DF       		.byte	-33
 539 01ff 01       		.byte	1
 540 0200 E0       		.byte	-32
 541 0201 10       		.byte	16
 542 0202 E1       		.byte	-31
 543 0203 BC       		.byte	-68
 544 0204 E2       		.byte	-30
 545 0205 10       		.byte	16
 546 0206 E3       		.byte	-29
 547 0207 58       		.byte	88
 548 0208 E4       		.byte	-28
 549 0209 90       		.byte	-112
 550 020a E5       		.byte	-27
 551 020b 58       		.byte	88
 552 020c 00       		.byte	0
 553 020d 11       		.byte	17
 554 020e 01       		.byte	1
 555 020f 40       		.byte	64
 556 0210 07       		.byte	7
 557 0211 01       		.byte	1
 558 0212 0F       		.byte	15
 559 0213 20       		.byte	32
 560 0214 10       		.byte	16
 561 0215 08       		.byte	8
 562 0216 18       		.byte	24
 563 0217 10       		.byte	16
 564 0218 19       		.byte	25
 565 0219 88       		.byte	-120
 566 021a 1D       		.byte	29
 567 021b 80       		.byte	-128
 568 021c 20       		.byte	32
 569 021d 01       		.byte	1
 570 021e 27       		.byte	39
ARM GAS  C:\Users\charl\AppData\Local\Temp\ccoslzjd.s 			page 11


 571 021f 04       		.byte	4
 572 0220 29       		.byte	41
 573 0221 08       		.byte	8
 574 0222 2F       		.byte	47
 575 0223 2A       		.byte	42
 576 0224 30       		.byte	48
 577 0225 08       		.byte	8
 578 0226 37       		.byte	55
 579 0227 01       		.byte	1
 580 0228 38       		.byte	56
 581 0229 01       		.byte	1
 582 022a 39       		.byte	57
 583 022b 40       		.byte	64
 584 022c 45       		.byte	69
 585 022d 80       		.byte	-128
 586 022e 47       		.byte	71
 587 022f 08       		.byte	8
 588 0230 57       		.byte	87
 589 0231 38       		.byte	56
 590 0232 5E       		.byte	94
 591 0233 40       		.byte	64
 592 0234 6A       		.byte	106
 593 0235 80       		.byte	-128
 594 0236 6B       		.byte	107
 595 0237 01       		.byte	1
 596 0238 6D       		.byte	109
 597 0239 84       		.byte	-124
 598 023a 6E       		.byte	110
 599 023b 20       		.byte	32
 600 023c 6F       		.byte	111
 601 023d 80       		.byte	-128
 602 023e 74       		.byte	116
 603 023f 14       		.byte	20
 604 0240 76       		.byte	118
 605 0241 41       		.byte	65
 606 0242 82       		.byte	-126
 607 0243 01       		.byte	1
 608 0244 83       		.byte	-125
 609 0245 80       		.byte	-128
 610 0246 84       		.byte	-124
 611 0247 14       		.byte	20
 612 0248 86       		.byte	-122
 613 0249 10       		.byte	16
 614 024a 89       		.byte	-119
 615 024b 44       		.byte	68
 616 024c 8A       		.byte	-118
 617 024d 40       		.byte	64
 618 024e 8E       		.byte	-114
 619 024f 40       		.byte	64
 620 0250 8F       		.byte	-113
 621 0251 04       		.byte	4
 622 0252 91       		.byte	-111
 623 0253 40       		.byte	64
 624 0254 96       		.byte	-106
 625 0255 80       		.byte	-128
 626 0256 9B       		.byte	-101
 627 0257 08       		.byte	8
ARM GAS  C:\Users\charl\AppData\Local\Temp\ccoslzjd.s 			page 12


 628 0258 9D       		.byte	-99
 629 0259 80       		.byte	-128
 630 025a 9F       		.byte	-97
 631 025b 01       		.byte	1
 632 025c A0       		.byte	-96
 633 025d 08       		.byte	8
 634 025e A3       		.byte	-93
 635 025f 02       		.byte	2
 636 0260 A7       		.byte	-89
 637 0261 30       		.byte	48
 638 0262 A8       		.byte	-88
 639 0263 10       		.byte	16
 640 0264 AB       		.byte	-85
 641 0265 20       		.byte	32
 642 0266 AD       		.byte	-83
 643 0267 40       		.byte	64
 644 0268 AE       		.byte	-82
 645 0269 80       		.byte	-128
 646 026a B0       		.byte	-80
 647 026b 80       		.byte	-128
 648 026c B1       		.byte	-79
 649 026d 50       		.byte	80
 650 026e B4       		.byte	-76
 651 026f 20       		.byte	32
 652 0270 B6       		.byte	-74
 653 0271 40       		.byte	64
 654 0272 C0       		.byte	-64
 655 0273 8B       		.byte	-117
 656 0274 C2       		.byte	-62
 657 0275 20       		.byte	32
 658 0276 C4       		.byte	-60
 659 0277 02       		.byte	2
 660 0278 CA       		.byte	-54
 661 0279 72       		.byte	114
 662 027a CC       		.byte	-52
 663 027b 82       		.byte	-126
 664 027c CE       		.byte	-50
 665 027d 09       		.byte	9
 666 027e D0       		.byte	-48
 667 027f 50       		.byte	80
 668 0280 D6       		.byte	-42
 669 0281 10       		.byte	16
 670 0282 E2       		.byte	-30
 671 0283 20       		.byte	32
 672 0284 E4       		.byte	-28
 673 0285 40       		.byte	64
 674 0286 E6       		.byte	-26
 675 0287 90       		.byte	-112
 676 0288 EC       		.byte	-20
 677 0289 08       		.byte	8
 678 028a EE       		.byte	-18
 679 028b 10       		.byte	16
 680 028c 0C       		.byte	12
 681 028d 01       		.byte	1
 682 028e 12       		.byte	18
 683 028f 02       		.byte	2
 684 0290 13       		.byte	19
ARM GAS  C:\Users\charl\AppData\Local\Temp\ccoslzjd.s 			page 13


 685 0291 01       		.byte	1
 686 0292 16       		.byte	22
 687 0293 02       		.byte	2
 688 0294 1C       		.byte	28
 689 0295 02       		.byte	2
 690 0296 27       		.byte	39
 691 0297 01       		.byte	1
 692 0298 30       		.byte	48
 693 0299 03       		.byte	3
 694 029a 35       		.byte	53
 695 029b 01       		.byte	1
 696 029c 58       		.byte	88
 697 029d 04       		.byte	4
 698 029e 59       		.byte	89
 699 029f 04       		.byte	4
 700 02a0 5B       		.byte	91
 701 02a1 04       		.byte	4
 702 02a2 5F       		.byte	95
 703 02a3 01       		.byte	1
 704 02a4 86       		.byte	-122
 705 02a5 02       		.byte	2
 706 02a6 8A       		.byte	-118
 707 02a7 01       		.byte	1
 708 02a8 8C       		.byte	-116
 709 02a9 01       		.byte	1
 710 02aa 8E       		.byte	-114
 711 02ab 02       		.byte	2
 712 02ac 8F       		.byte	-113
 713 02ad 02       		.byte	2
 714 02ae 9B       		.byte	-101
 715 02af 01       		.byte	1
 716 02b0 9C       		.byte	-100
 717 02b1 02       		.byte	2
 718 02b2 9F       		.byte	-97
 719 02b3 03       		.byte	3
 720 02b4 A7       		.byte	-89
 721 02b5 01       		.byte	1
 722 02b6 B2       		.byte	-78
 723 02b7 03       		.byte	3
 724 02b8 B7       		.byte	-73
 725 02b9 03       		.byte	3
 726 02ba BA       		.byte	-70
 727 02bb 08       		.byte	8
 728 02bc D8       		.byte	-40
 729 02bd 04       		.byte	4
 730 02be D9       		.byte	-39
 731 02bf 04       		.byte	4
 732 02c0 DB       		.byte	-37
 733 02c1 04       		.byte	4
 734 02c2 DF       		.byte	-33
 735 02c3 01       		.byte	1
 736 02c4 00       		.byte	0
 737 02c5 10       		.byte	16
 738 02c6 03       		.byte	3
 739 02c7 21       		.byte	33
 740 02c8 07       		.byte	7
 741 02c9 01       		.byte	1
ARM GAS  C:\Users\charl\AppData\Local\Temp\ccoslzjd.s 			page 14


 742 02ca 09       		.byte	9
 743 02cb 80       		.byte	-128
 744 02cc 0D       		.byte	13
 745 02cd 80       		.byte	-128
 746 02ce 0E       		.byte	14
 747 02cf 80       		.byte	-128
 748 02d0 0F       		.byte	15
 749 02d1 20       		.byte	32
 750 02d2 18       		.byte	24
 751 02d3 10       		.byte	16
 752 02d4 19       		.byte	25
 753 02d5 08       		.byte	8
 754 02d6 1E       		.byte	30
 755 02d7 80       		.byte	-128
 756 02d8 1F       		.byte	31
 757 02d9 02       		.byte	2
 758 02da 21       		.byte	33
 759 02db C0       		.byte	-64
 760 02dc 27       		.byte	39
 761 02dd 08       		.byte	8
 762 02de 29       		.byte	41
 763 02df 08       		.byte	8
 764 02e0 2F       		.byte	47
 765 02e1 20       		.byte	32
 766 02e2 32       		.byte	50
 767 02e3 40       		.byte	64
 768 02e4 33       		.byte	51
 769 02e5 20       		.byte	32
 770 02e6 37       		.byte	55
 771 02e7 01       		.byte	1
 772 02e8 39       		.byte	57
 773 02e9 80       		.byte	-128
 774 02ea 68       		.byte	104
 775 02eb 80       		.byte	-128
 776 02ec 69       		.byte	105
 777 02ed 10       		.byte	16
 778 02ee 6A       		.byte	106
 779 02ef 44       		.byte	68
 780 02f0 6C       		.byte	108
 781 02f1 50       		.byte	80
 782 02f2 6D       		.byte	109
 783 02f3 80       		.byte	-128
 784 02f4 6F       		.byte	111
 785 02f5 08       		.byte	8
 786 02f6 70       		.byte	112
 787 02f7 20       		.byte	32
 788 02f8 71       		.byte	113
 789 02f9 41       		.byte	65
 790 02fa 73       		.byte	115
 791 02fb 10       		.byte	16
 792 02fc 74       		.byte	116
 793 02fd 10       		.byte	16
 794 02fe 76       		.byte	118
 795 02ff 81       		.byte	-127
 796 0300 77       		.byte	119
 797 0301 20       		.byte	32
 798 0302 81       		.byte	-127
ARM GAS  C:\Users\charl\AppData\Local\Temp\ccoslzjd.s 			page 15


 799 0303 01       		.byte	1
 800 0304 83       		.byte	-125
 801 0305 08       		.byte	8
 802 0306 87       		.byte	-121
 803 0307 10       		.byte	16
 804 0308 88       		.byte	-120
 805 0309 10       		.byte	16
 806 030a 8A       		.byte	-118
 807 030b 04       		.byte	4
 808 030c 8C       		.byte	-116
 809 030d 40       		.byte	64
 810 030e 91       		.byte	-111
 811 030f 40       		.byte	64
 812 0310 9D       		.byte	-99
 813 0311 80       		.byte	-128
 814 0312 9E       		.byte	-98
 815 0313 01       		.byte	1
 816 0314 9F       		.byte	-97
 817 0315 08       		.byte	8
 818 0316 A0       		.byte	-96
 819 0317 08       		.byte	8
 820 0318 AB       		.byte	-85
 821 0319 20       		.byte	32
 822 031a AE       		.byte	-82
 823 031b 04       		.byte	4
 824 031c B2       		.byte	-78
 825 031d 10       		.byte	16
 826 031e C0       		.byte	-64
 827 031f 87       		.byte	-121
 828 0320 C2       		.byte	-62
 829 0321 B1       		.byte	-79
 830 0322 CA       		.byte	-54
 831 0323 42       		.byte	66
 832 0324 CC       		.byte	-52
 833 0325 8C       		.byte	-116
 834 0326 CE       		.byte	-50
 835 0327 08       		.byte	8
 836 0328 EA       		.byte	-22
 837 0329 80       		.byte	-128
 838 032a E4       		.byte	-28
 839 032b B0       		.byte	-80
 840 032c E4       		.byte	-28
 841 032d 20       		.byte	32
 842 032e E8       		.byte	-24
 843 032f 80       		.byte	-128
 844 0330 EC       		.byte	-20
 845 0331 E8       		.byte	-24
 846 0332 13       		.byte	19
 847 0333 80       		.byte	-128
 848 0334 1F       		.byte	31
 849 0335 01       		.byte	1
 850 0336 3B       		.byte	59
 851 0337 08       		.byte	8
 852 0338 3C       		.byte	60
 853 0339 10       		.byte	16
 854 033a 3F       		.byte	63
 855 033b 08       		.byte	8
ARM GAS  C:\Users\charl\AppData\Local\Temp\ccoslzjd.s 			page 16


 856 033c 40       		.byte	64
 857 033d 04       		.byte	4
 858 033e C4       		.byte	-60
 859 033f 40       		.byte	64
 860 0340 C6       		.byte	-58
 861 0341 20       		.byte	32
 862 0342 CE       		.byte	-50
 863 0343 E0       		.byte	-32
 864 0344 D0       		.byte	-48
 865 0345 10       		.byte	16
 866 0346 02       		.byte	2
 867 0347 80       		.byte	-128
 868 0348 3A       		.byte	58
 869 0349 04       		.byte	4
 870 034a 3E       		.byte	62
 871 034b 20       		.byte	32
 872 034c 53       		.byte	83
 873 034d 08       		.byte	8
 874 034e 56       		.byte	86
 875 034f 02       		.byte	2
 876 0350 58       		.byte	88
 877 0351 18       		.byte	24
 878 0352 5D       		.byte	93
 879 0353 08       		.byte	8
 880 0354 62       		.byte	98
 881 0355 01       		.byte	1
 882 0356 64       		.byte	100
 883 0357 40       		.byte	64
 884 0358 94       		.byte	-108
 885 0359 14       		.byte	20
 886 035a 97       		.byte	-105
 887 035b 08       		.byte	8
 888 035c A7       		.byte	-89
 889 035d 04       		.byte	4
 890 035e AB       		.byte	-85
 891 035f 81       		.byte	-127
 892 0360 C0       		.byte	-64
 893 0361 10       		.byte	16
 894 0362 CE       		.byte	-50
 895 0363 60       		.byte	96
 896 0364 D4       		.byte	-44
 897 0365 A0       		.byte	-96
 898 0366 D6       		.byte	-42
 899 0367 E0       		.byte	-32
 900 0368 D8       		.byte	-40
 901 0369 C0       		.byte	-64
 902 036a E8       		.byte	-24
 903 036b 80       		.byte	-128
 904 036c EC       		.byte	-20
 905 036d 20       		.byte	32
 906 036e 50       		.byte	80
 907 036f 80       		.byte	-128
 908 0370 8C       		.byte	-116
 909 0371 0C       		.byte	12
 910 0372 94       		.byte	-108
 911 0373 14       		.byte	20
 912 0374 97       		.byte	-105
ARM GAS  C:\Users\charl\AppData\Local\Temp\ccoslzjd.s 			page 17


 913 0375 08       		.byte	8
 914 0376 9C       		.byte	-100
 915 0377 58       		.byte	88
 916 0378 9D       		.byte	-99
 917 0379 08       		.byte	8
 918 037a 9E       		.byte	-98
 919 037b 24       		.byte	36
 920 037c A2       		.byte	-94
 921 037d 80       		.byte	-128
 922 037e A7       		.byte	-89
 923 037f 0C       		.byte	12
 924 0380 AA       		.byte	-86
 925 0381 03       		.byte	3
 926 0382 D4       		.byte	-44
 927 0383 20       		.byte	32
 928 0384 EA       		.byte	-22
 929 0385 20       		.byte	32
 930 0386 EE       		.byte	-18
 931 0387 20       		.byte	32
 932 0388 80       		.byte	-128
 933 0389 10       		.byte	16
 934 038a 82       		.byte	-126
 935 038b 80       		.byte	-128
 936 038c 87       		.byte	-121
 937 038d 08       		.byte	8
 938 038e 8D       		.byte	-115
 939 038f 08       		.byte	8
 940 0390 8E       		.byte	-114
 941 0391 20       		.byte	32
 942 0392 94       		.byte	-108
 943 0393 10       		.byte	16
 944 0394 97       		.byte	-105
 945 0395 08       		.byte	8
 946 0396 9C       		.byte	-100
 947 0397 40       		.byte	64
 948 0398 9D       		.byte	-99
 949 0399 08       		.byte	8
 950 039a 9E       		.byte	-98
 951 039b 24       		.byte	36
 952 039c A2       		.byte	-94
 953 039d 80       		.byte	-128
 954 039e A7       		.byte	-89
 955 039f 0C       		.byte	12
 956 03a0 A8       		.byte	-88
 957 03a1 80       		.byte	-128
 958 03a2 AC       		.byte	-84
 959 03a3 10       		.byte	16
 960 03a4 E4       		.byte	-28
 961 03a5 20       		.byte	32
 962 03a6 E6       		.byte	-26
 963 03a7 C0       		.byte	-64
 964 03a8 EA       		.byte	-22
 965 03a9 20       		.byte	32
 966 03aa EE       		.byte	-18
 967 03ab 40       		.byte	64
 968 03ac 50       		.byte	80
 969 03ad 40       		.byte	64
ARM GAS  C:\Users\charl\AppData\Local\Temp\ccoslzjd.s 			page 18


 970 03ae 53       		.byte	83
 971 03af 02       		.byte	2
 972 03b0 54       		.byte	84
 973 03b1 81       		.byte	-127
 974 03b2 5B       		.byte	91
 975 03b3 08       		.byte	8
 976 03b4 5C       		.byte	92
 977 03b5 02       		.byte	2
 978 03b6 61       		.byte	97
 979 03b7 02       		.byte	2
 980 03b8 67       		.byte	103
 981 03b9 80       		.byte	-128
 982 03ba D4       		.byte	-44
 983 03bb 07       		.byte	7
 984 03bc D6       		.byte	-42
 985 03bd 07       		.byte	7
 986 03be D8       		.byte	-40
 987 03bf 03       		.byte	3
 988 03c0 84       		.byte	-124
 989 03c1 82       		.byte	-126
 990 03c2 88       		.byte	-120
 991 03c3 01       		.byte	1
 992 03c4 8C       		.byte	-116
 993 03c5 40       		.byte	64
 994 03c6 8F       		.byte	-113
 995 03c7 08       		.byte	8
 996 03c8 94       		.byte	-108
 997 03c9 C0       		.byte	-64
 998 03ca 97       		.byte	-105
 999 03cb 80       		.byte	-128
 1000 03cc 9C       		.byte	-100
 1001 03cd 02       		.byte	2
 1002 03ce 9F       		.byte	-97
 1003 03cf 08       		.byte	8
 1004 03d0 A4       		.byte	-92
 1005 03d1 81       		.byte	-127
 1006 03d2 A5       		.byte	-91
 1007 03d3 02       		.byte	2
 1008 03d4 A7       		.byte	-89
 1009 03d5 02       		.byte	2
 1010 03d6 A8       		.byte	-88
 1011 03d7 40       		.byte	64
 1012 03d8 E0       		.byte	-32
 1013 03d9 01       		.byte	1
 1014 03da E4       		.byte	-28
 1015 03db 0A       		.byte	10
 1016 03dc 83       		.byte	-125
 1017 03dd 80       		.byte	-128
 1018 03de 94       		.byte	-108
 1019 03df 40       		.byte	64
 1020 03e0 A6       		.byte	-90
 1021 03e1 40       		.byte	64
 1022 03e2 AD       		.byte	-83
 1023 03e3 02       		.byte	2
 1024 03e4 AE       		.byte	-82
 1025 03e5 40       		.byte	64
 1026 03e6 AF       		.byte	-81
ARM GAS  C:\Users\charl\AppData\Local\Temp\ccoslzjd.s 			page 19


 1027 03e7 40       		.byte	64
 1028 03e8 B3       		.byte	-77
 1029 03e9 02       		.byte	2
 1030 03ea EC       		.byte	-20
 1031 03eb 01       		.byte	1
 1032 03ec 50       		.byte	80
 1033 03ed 04       		.byte	4
 1034 03ee 53       		.byte	83
 1035 03ef 02       		.byte	2
 1036 03f0 55       		.byte	85
 1037 03f1 08       		.byte	8
 1038 03f2 5F       		.byte	95
 1039 03f3 80       		.byte	-128
 1040 03f4 80       		.byte	-128
 1041 03f5 04       		.byte	4
 1042 03f6 81       		.byte	-127
 1043 03f7 80       		.byte	-128
 1044 03f8 86       		.byte	-122
 1045 03f9 20       		.byte	32
 1046 03fa 9E       		.byte	-98
 1047 03fb 04       		.byte	4
 1048 03fc AB       		.byte	-85
 1049 03fd 04       		.byte	4
 1050 03fe AF       		.byte	-81
 1051 03ff 04       		.byte	4
 1052 0400 B0       		.byte	-80
 1053 0401 40       		.byte	64
 1054 0402 D4       		.byte	-44
 1055 0403 E0       		.byte	-32
 1056 0404 D6       		.byte	-42
 1057 0405 20       		.byte	32
 1058 0406 E2       		.byte	-30
 1059 0407 30       		.byte	48
 1060 0408 E6       		.byte	-26
 1061 0409 80       		.byte	-128
 1062 040a EE       		.byte	-18
 1063 040b 30       		.byte	48
 1064 040c 17       		.byte	23
 1065 040d 08       		.byte	8
 1066 040e 53       		.byte	83
 1067 040f 11       		.byte	17
 1068 0410 55       		.byte	85
 1069 0411 10       		.byte	16
 1070 0412 5D       		.byte	93
 1071 0413 80       		.byte	-128
 1072 0414 63       		.byte	99
 1073 0415 42       		.byte	66
 1074 0416 65       		.byte	101
 1075 0417 01       		.byte	1
 1076 0418 66       		.byte	102
 1077 0419 40       		.byte	64
 1078 041a 70       		.byte	112
 1079 041b 02       		.byte	2
 1080 041c 76       		.byte	118
 1081 041d 20       		.byte	32
 1082 041e 81       		.byte	-127
 1083 041f 01       		.byte	1
ARM GAS  C:\Users\charl\AppData\Local\Temp\ccoslzjd.s 			page 20


 1084 0420 83       		.byte	-125
 1085 0421 01       		.byte	1
 1086 0422 86       		.byte	-122
 1087 0423 40       		.byte	64
 1088 0424 87       		.byte	-121
 1089 0425 41       		.byte	65
 1090 0426 88       		.byte	-120
 1091 0427 02       		.byte	2
 1092 0428 8B       		.byte	-117
 1093 0429 10       		.byte	16
 1094 042a 8E       		.byte	-114
 1095 042b 04       		.byte	4
 1096 042c 8F       		.byte	-113
 1097 042d 08       		.byte	8
 1098 042e 99       		.byte	-103
 1099 042f 80       		.byte	-128
 1100 0430 9A       		.byte	-102
 1101 0431 20       		.byte	32
 1102 0432 9E       		.byte	-98
 1103 0433 04       		.byte	4
 1104 0434 A1       		.byte	-95
 1105 0435 10       		.byte	16
 1106 0436 A9       		.byte	-87
 1107 0437 08       		.byte	8
 1108 0438 AB       		.byte	-85
 1109 0439 02       		.byte	2
 1110 043a AF       		.byte	-81
 1111 043b 80       		.byte	-128
 1112 043c B5       		.byte	-75
 1113 043d 10       		.byte	16
 1114 043e C4       		.byte	-60
 1115 043f 20       		.byte	32
 1116 0440 D4       		.byte	-44
 1117 0441 E0       		.byte	-32
 1118 0442 D6       		.byte	-42
 1119 0443 E0       		.byte	-32
 1120 0444 D8       		.byte	-40
 1121 0445 C0       		.byte	-64
 1122 0446 DC       		.byte	-36
 1123 0447 80       		.byte	-128
 1124 0448 DE       		.byte	-34
 1125 0449 20       		.byte	32
 1126 044a E2       		.byte	-30
 1127 044b 30       		.byte	48
 1128 044c E6       		.byte	-26
 1129 044d 70       		.byte	112
 1130 044e EA       		.byte	-22
 1131 044f E0       		.byte	-32
 1132 0450 58       		.byte	88
 1133 0451 08       		.byte	8
 1134 0452 5B       		.byte	91
 1135 0453 10       		.byte	16
 1136 0454 5F       		.byte	95
 1137 0455 04       		.byte	4
 1138 0456 61       		.byte	97
 1139 0457 02       		.byte	2
 1140 0458 67       		.byte	103
ARM GAS  C:\Users\charl\AppData\Local\Temp\ccoslzjd.s 			page 21


 1141 0459 08       		.byte	8
 1142 045a 70       		.byte	112
 1143 045b 02       		.byte	2
 1144 045c 7F       		.byte	127
 1145 045d 02       		.byte	2
 1146 045e 88       		.byte	-120
 1147 045f 02       		.byte	2
 1148 0460 89       		.byte	-119
 1149 0461 02       		.byte	2
 1150 0462 8C       		.byte	-116
 1151 0463 08       		.byte	8
 1152 0464 94       		.byte	-108
 1153 0465 40       		.byte	64
 1154 0466 A3       		.byte	-93
 1155 0467 80       		.byte	-128
 1156 0468 A6       		.byte	-90
 1157 0469 40       		.byte	64
 1158 046a D4       		.byte	-44
 1159 046b 01       		.byte	1
 1160 046c D6       		.byte	-42
 1161 046d 03       		.byte	3
 1162 046e D8       		.byte	-40
 1163 046f 03       		.byte	3
 1164 0470 DC       		.byte	-36
 1165 0471 01       		.byte	1
 1166 0472 DE       		.byte	-34
 1167 0473 04       		.byte	4
 1168 0474 E4       		.byte	-28
 1169 0475 0D       		.byte	13
 1170 0476 18       		.byte	24
 1171 0477 40       		.byte	64
 1172 0478 1E       		.byte	30
 1173 0479 80       		.byte	-128
 1174 047a 73       		.byte	115
 1175 047b 80       		.byte	-128
 1176 047c 74       		.byte	116
 1177 047d 08       		.byte	8
 1178 047e 7B       		.byte	123
 1179 047f 80       		.byte	-128
 1180 0480 8B       		.byte	-117
 1181 0481 80       		.byte	-128
 1182 0482 94       		.byte	-108
 1183 0483 40       		.byte	64
 1184 0484 A0       		.byte	-96
 1185 0485 08       		.byte	8
 1186 0486 A3       		.byte	-93
 1187 0487 80       		.byte	-128
 1188 0488 A6       		.byte	-90
 1189 0489 40       		.byte	64
 1190 048a AF       		.byte	-81
 1191 048b 04       		.byte	4
 1192 048c B0       		.byte	-80
 1193 048d 08       		.byte	8
 1194 048e B3       		.byte	-77
 1195 048f 06       		.byte	6
 1196 0490 B7       		.byte	-73
 1197 0491 10       		.byte	16
ARM GAS  C:\Users\charl\AppData\Local\Temp\ccoslzjd.s 			page 22


 1198 0492 C6       		.byte	-58
 1199 0493 0C       		.byte	12
 1200 0494 DC       		.byte	-36
 1201 0495 01       		.byte	1
 1202 0496 DE       		.byte	-34
 1203 0497 06       		.byte	6
 1204 0498 E4       		.byte	-28
 1205 0499 04       		.byte	4
 1206 049a E8       		.byte	-24
 1207 049b 01       		.byte	1
 1208 049c EC       		.byte	-20
 1209 049d 07       		.byte	7
 1210 049e 00       		.byte	0
 1211 049f 02       		.byte	2
 1212 04a0 0A       		.byte	10
 1213 04a1 02       		.byte	2
 1214 04a2 10       		.byte	16
 1215 04a3 03       		.byte	3
 1216 04a4 1A       		.byte	26
 1217 04a5 03       		.byte	3
 1218 04a6 10       		.byte	16
 1219 04a7 AA       		.byte	-86
 1220 04a8 11       		.byte	17
 1221 04a9 0A       		.byte	10
 1222 04aa 00       		.byte	0
 1223 04ab 00       		.byte	0
 1224 04ac 01       		.byte	1
 1225 04ad FE       		.byte	-2
 1226 04ae FE       		.byte	-2
 1227 04af 00       		.byte	0
 1228 04b0 FE       		.byte	-2
 1229 04b1 00       		.byte	0
 1230 04b2 00       		.byte	0
 1231 04b3 00       		.byte	0
 1232 04b4 02       		.byte	2
 1233 04b5 CF       		.byte	-49
 1234 04b6 CD       		.byte	-51
 1235 04b7 00       		.byte	0
 1236 04b8 CD       		.byte	-51
 1237 04b9 00       		.byte	0
 1238 04ba 00       		.byte	0
 1239 04bb 00       		.byte	0
 1240 04bc 00       		.byte	0
 1241 04bd 3F       		.byte	63
 1242 04be 3F       		.byte	63
 1243 04bf 00       		.byte	0
 1244 04c0 3F       		.byte	63
 1245 04c1 00       		.byte	0
 1246 04c2 00       		.byte	0
 1247 04c3 00       		.byte	0
 1248 04c4 00       		.byte	0
 1249 04c5 F4       		.byte	-12
 1250 04c6 F4       		.byte	-12
 1251 04c7 00       		.byte	0
 1252 04c8 F4       		.byte	-12
 1253 04c9 00       		.byte	0
 1254 04ca 00       		.byte	0
ARM GAS  C:\Users\charl\AppData\Local\Temp\ccoslzjd.s 			page 23


 1255 04cb 00       		.byte	0
 1256 04cc 00       		.byte	0
 1257 04cd FF       		.byte	-1
 1258 04ce FF       		.byte	-1
 1259 04cf 00       		.byte	0
 1260 04d0 FF       		.byte	-1
 1261 04d1 00       		.byte	0
 1262 04d2 00       		.byte	0
 1263 04d3 00       		.byte	0
 1264 04d4 00       		.byte	0
 1265 04d5 FF       		.byte	-1
 1266 04d6 FF       		.byte	-1
 1267 04d7 00       		.byte	0
 1268 04d8 FF       		.byte	-1
 1269 04d9 00       		.byte	0
 1270 04da 00       		.byte	0
 1271 04db 00       		.byte	0
 1272 04dc 00       		.byte	0
 1273 04dd 02       		.byte	2
 1274 04de 00       		.byte	0
 1275 04df 00       		.byte	0
 1276 04e0 00       		.byte	0
 1277 04e1 05       		.byte	5
 1278 04e2 00       		.byte	0
 1279 04e3 00       		.byte	0
 1280              		.section	.cywolatch,"a",%progbits
 1281              		.align	2
 1282              		.type	cy_meta_wonvl, %object
 1283              		.size	cy_meta_wonvl, 4
 1284              	cy_meta_wonvl:
 1285 0000 BC       		.byte	-68
 1286 0001 90       		.byte	-112
 1287 0002 AC       		.byte	-84
 1288 0003 AF       		.byte	-81
 1289              		.section	.cycustnvl,"a",%progbits
 1290              		.align	2
 1291              		.type	cy_meta_custnvl, %object
 1292              		.size	cy_meta_custnvl, 4
 1293              	cy_meta_custnvl:
 1294 0000 00       		.byte	0
 1295 0001 00       		.byte	0
 1296 0002 40       		.byte	64
 1297 0003 05       		.byte	5
 1298              		.section	.cymeta,"a",%progbits
 1299              		.align	2
 1300              		.type	cy_metadata, %object
 1301              		.size	cy_metadata, 12
 1302              	cy_metadata:
 1303 0000 00       		.byte	0
 1304 0001 01       		.byte	1
 1305 0002 2E       		.byte	46
 1306 0003 16       		.byte	22
 1307 0004 10       		.byte	16
 1308 0005 69       		.byte	105
 1309 0006 00       		.byte	0
 1310 0007 01       		.byte	1
 1311 0008 00       		.byte	0
ARM GAS  C:\Users\charl\AppData\Local\Temp\ccoslzjd.s 			page 24


 1312 0009 00       		.byte	0
 1313 000a 00       		.byte	0
 1314 000b 00       		.byte	0
 1315              		.section	.cyflashprotect,"a",%progbits
 1316              		.align	2
 1317              		.type	cy_meta_flashprotect, %object
 1318              		.size	cy_meta_flashprotect, 256
 1319              	cy_meta_flashprotect:
 1320 0000 00000000 		.space	256
 1320      00000000 
 1320      00000000 
 1320      00000000 
 1320      00000000 
 1321              		.text
 1322              	.Letext0:
 1323              		.file 1 ".\\Generated_Source\\PSoC5\\cymetadata.c"
 1324              		.file 2 ".\\Generated_Source\\PSoC5\\cytypes.h"
 1325              		.section	.debug_info,"",%progbits
 1326              	.Ldebug_info0:
 1327 0000 38010000 		.4byte	0x138
 1328 0004 0400     		.2byte	0x4
 1329 0006 00000000 		.4byte	.Ldebug_abbrev0
 1330 000a 04       		.byte	0x4
 1331 000b 01       		.uleb128 0x1
 1332 000c 09010000 		.4byte	.LASF18
 1333 0010 01       		.byte	0x1
 1334 0011 75000000 		.4byte	.LASF19
 1335 0015 00000000 		.4byte	.LASF20
 1336 0019 00000000 		.4byte	.Ldebug_line0
 1337 001d 02       		.uleb128 0x2
 1338 001e 01       		.byte	0x1
 1339 001f 06       		.byte	0x6
 1340 0020 13020000 		.4byte	.LASF0
 1341 0024 02       		.uleb128 0x2
 1342 0025 01       		.byte	0x1
 1343 0026 08       		.byte	0x8
 1344 0027 AD000000 		.4byte	.LASF1
 1345 002b 02       		.uleb128 0x2
 1346 002c 02       		.byte	0x2
 1347 002d 05       		.byte	0x5
 1348 002e FA010000 		.4byte	.LASF2
 1349 0032 02       		.uleb128 0x2
 1350 0033 02       		.byte	0x2
 1351 0034 07       		.byte	0x7
 1352 0035 CD000000 		.4byte	.LASF3
 1353 0039 02       		.uleb128 0x2
 1354 003a 04       		.byte	0x4
 1355 003b 05       		.byte	0x5
 1356 003c 0A020000 		.4byte	.LASF4
 1357 0040 02       		.uleb128 0x2
 1358 0041 04       		.byte	0x4
 1359 0042 07       		.byte	0x7
 1360 0043 BB000000 		.4byte	.LASF5
 1361 0047 02       		.uleb128 0x2
 1362 0048 08       		.byte	0x8
 1363 0049 05       		.byte	0x5
 1364 004a E7010000 		.4byte	.LASF6
ARM GAS  C:\Users\charl\AppData\Local\Temp\ccoslzjd.s 			page 25


 1365 004e 02       		.uleb128 0x2
 1366 004f 08       		.byte	0x8
 1367 0050 07       		.byte	0x7
 1368 0051 A4010000 		.4byte	.LASF7
 1369 0055 03       		.uleb128 0x3
 1370 0056 04       		.byte	0x4
 1371 0057 05       		.byte	0x5
 1372 0058 696E7400 		.ascii	"int\000"
 1373 005c 02       		.uleb128 0x2
 1374 005d 04       		.byte	0x4
 1375 005e 07       		.byte	0x7
 1376 005f 97010000 		.4byte	.LASF8
 1377 0063 04       		.uleb128 0x4
 1378 0064 04020000 		.4byte	.LASF21
 1379 0068 02       		.byte	0x2
 1380 0069 9201     		.2byte	0x192
 1381 006b 24000000 		.4byte	0x24
 1382 006f 02       		.uleb128 0x2
 1383 0070 04       		.byte	0x4
 1384 0071 04       		.byte	0x4
 1385 0072 A7000000 		.4byte	.LASF9
 1386 0076 02       		.uleb128 0x2
 1387 0077 08       		.byte	0x8
 1388 0078 04       		.byte	0x4
 1389 0079 E0000000 		.4byte	.LASF10
 1390 007d 02       		.uleb128 0x2
 1391 007e 01       		.byte	0x1
 1392 007f 08       		.byte	0x8
 1393 0080 F5010000 		.4byte	.LASF11
 1394 0084 05       		.uleb128 0x5
 1395 0085 63000000 		.4byte	0x63
 1396 0089 95000000 		.4byte	0x95
 1397 008d 06       		.uleb128 0x6
 1398 008e 95000000 		.4byte	0x95
 1399 0092 E304     		.2byte	0x4e3
 1400 0094 00       		.byte	0
 1401 0095 02       		.uleb128 0x2
 1402 0096 04       		.byte	0x4
 1403 0097 07       		.byte	0x7
 1404 0098 DE010000 		.4byte	.LASF12
 1405 009c 07       		.uleb128 0x7
 1406 009d F7000000 		.4byte	.LASF13
 1407 00a1 01       		.byte	0x1
 1408 00a2 1F       		.byte	0x1f
 1409 00a3 AD000000 		.4byte	0xad
 1410 00a7 05       		.uleb128 0x5
 1411 00a8 03       		.byte	0x3
 1412 00a9 00000000 		.4byte	cy_meta_configecc
 1413 00ad 08       		.uleb128 0x8
 1414 00ae 84000000 		.4byte	0x84
 1415 00b2 05       		.uleb128 0x5
 1416 00b3 63000000 		.4byte	0x63
 1417 00b7 C2000000 		.4byte	0xc2
 1418 00bb 09       		.uleb128 0x9
 1419 00bc 95000000 		.4byte	0x95
 1420 00c0 03       		.byte	0x3
 1421 00c1 00       		.byte	0
ARM GAS  C:\Users\charl\AppData\Local\Temp\ccoslzjd.s 			page 26


 1422 00c2 07       		.uleb128 0x7
 1423 00c3 E7000000 		.4byte	.LASF14
 1424 00c7 01       		.byte	0x1
 1425 00c8 C9       		.byte	0xc9
 1426 00c9 D3000000 		.4byte	0xd3
 1427 00cd 05       		.uleb128 0x5
 1428 00ce 03       		.byte	0x3
 1429 00cf 00000000 		.4byte	cy_meta_custnvl
 1430 00d3 08       		.uleb128 0x8
 1431 00d4 B2000000 		.4byte	0xb2
 1432 00d8 07       		.uleb128 0x7
 1433 00d9 D0010000 		.4byte	.LASF15
 1434 00dd 01       		.byte	0x1
 1435 00de D7       		.byte	0xd7
 1436 00df E9000000 		.4byte	0xe9
 1437 00e3 05       		.uleb128 0x5
 1438 00e4 03       		.byte	0x3
 1439 00e5 00000000 		.4byte	cy_meta_wonvl
 1440 00e9 08       		.uleb128 0x8
 1441 00ea B2000000 		.4byte	0xb2
 1442 00ee 05       		.uleb128 0x5
 1443 00ef 63000000 		.4byte	0x63
 1444 00f3 FE000000 		.4byte	0xfe
 1445 00f7 09       		.uleb128 0x9
 1446 00f8 95000000 		.4byte	0x95
 1447 00fc FF       		.byte	0xff
 1448 00fd 00       		.byte	0
 1449 00fe 07       		.uleb128 0x7
 1450 00ff BB010000 		.4byte	.LASF16
 1451 0103 01       		.byte	0x1
 1452 0104 E5       		.byte	0xe5
 1453 0105 0F010000 		.4byte	0x10f
 1454 0109 05       		.uleb128 0x5
 1455 010a 03       		.byte	0x3
 1456 010b 00000000 		.4byte	cy_meta_flashprotect
 1457 010f 08       		.uleb128 0x8
 1458 0110 EE000000 		.4byte	0xee
 1459 0114 05       		.uleb128 0x5
 1460 0115 63000000 		.4byte	0x63
 1461 0119 24010000 		.4byte	0x124
 1462 011d 09       		.uleb128 0x9
 1463 011e 95000000 		.4byte	0x95
 1464 0122 0B       		.byte	0xb
 1465 0123 00       		.byte	0
 1466 0124 0A       		.uleb128 0xa
 1467 0125 9B000000 		.4byte	.LASF17
 1468 0129 01       		.byte	0x1
 1469 012a 1201     		.2byte	0x112
 1470 012c 36010000 		.4byte	0x136
 1471 0130 05       		.uleb128 0x5
 1472 0131 03       		.byte	0x3
 1473 0132 00000000 		.4byte	cy_metadata
 1474 0136 08       		.uleb128 0x8
 1475 0137 14010000 		.4byte	0x114
 1476 013b 00       		.byte	0
 1477              		.section	.debug_abbrev,"",%progbits
 1478              	.Ldebug_abbrev0:
ARM GAS  C:\Users\charl\AppData\Local\Temp\ccoslzjd.s 			page 27


 1479 0000 01       		.uleb128 0x1
 1480 0001 11       		.uleb128 0x11
 1481 0002 01       		.byte	0x1
 1482 0003 25       		.uleb128 0x25
 1483 0004 0E       		.uleb128 0xe
 1484 0005 13       		.uleb128 0x13
 1485 0006 0B       		.uleb128 0xb
 1486 0007 03       		.uleb128 0x3
 1487 0008 0E       		.uleb128 0xe
 1488 0009 1B       		.uleb128 0x1b
 1489 000a 0E       		.uleb128 0xe
 1490 000b 10       		.uleb128 0x10
 1491 000c 17       		.uleb128 0x17
 1492 000d 00       		.byte	0
 1493 000e 00       		.byte	0
 1494 000f 02       		.uleb128 0x2
 1495 0010 24       		.uleb128 0x24
 1496 0011 00       		.byte	0
 1497 0012 0B       		.uleb128 0xb
 1498 0013 0B       		.uleb128 0xb
 1499 0014 3E       		.uleb128 0x3e
 1500 0015 0B       		.uleb128 0xb
 1501 0016 03       		.uleb128 0x3
 1502 0017 0E       		.uleb128 0xe
 1503 0018 00       		.byte	0
 1504 0019 00       		.byte	0
 1505 001a 03       		.uleb128 0x3
 1506 001b 24       		.uleb128 0x24
 1507 001c 00       		.byte	0
 1508 001d 0B       		.uleb128 0xb
 1509 001e 0B       		.uleb128 0xb
 1510 001f 3E       		.uleb128 0x3e
 1511 0020 0B       		.uleb128 0xb
 1512 0021 03       		.uleb128 0x3
 1513 0022 08       		.uleb128 0x8
 1514 0023 00       		.byte	0
 1515 0024 00       		.byte	0
 1516 0025 04       		.uleb128 0x4
 1517 0026 16       		.uleb128 0x16
 1518 0027 00       		.byte	0
 1519 0028 03       		.uleb128 0x3
 1520 0029 0E       		.uleb128 0xe
 1521 002a 3A       		.uleb128 0x3a
 1522 002b 0B       		.uleb128 0xb
 1523 002c 3B       		.uleb128 0x3b
 1524 002d 05       		.uleb128 0x5
 1525 002e 49       		.uleb128 0x49
 1526 002f 13       		.uleb128 0x13
 1527 0030 00       		.byte	0
 1528 0031 00       		.byte	0
 1529 0032 05       		.uleb128 0x5
 1530 0033 01       		.uleb128 0x1
 1531 0034 01       		.byte	0x1
 1532 0035 49       		.uleb128 0x49
 1533 0036 13       		.uleb128 0x13
 1534 0037 01       		.uleb128 0x1
 1535 0038 13       		.uleb128 0x13
ARM GAS  C:\Users\charl\AppData\Local\Temp\ccoslzjd.s 			page 28


 1536 0039 00       		.byte	0
 1537 003a 00       		.byte	0
 1538 003b 06       		.uleb128 0x6
 1539 003c 21       		.uleb128 0x21
 1540 003d 00       		.byte	0
 1541 003e 49       		.uleb128 0x49
 1542 003f 13       		.uleb128 0x13
 1543 0040 2F       		.uleb128 0x2f
 1544 0041 05       		.uleb128 0x5
 1545 0042 00       		.byte	0
 1546 0043 00       		.byte	0
 1547 0044 07       		.uleb128 0x7
 1548 0045 34       		.uleb128 0x34
 1549 0046 00       		.byte	0
 1550 0047 03       		.uleb128 0x3
 1551 0048 0E       		.uleb128 0xe
 1552 0049 3A       		.uleb128 0x3a
 1553 004a 0B       		.uleb128 0xb
 1554 004b 3B       		.uleb128 0x3b
 1555 004c 0B       		.uleb128 0xb
 1556 004d 49       		.uleb128 0x49
 1557 004e 13       		.uleb128 0x13
 1558 004f 3F       		.uleb128 0x3f
 1559 0050 19       		.uleb128 0x19
 1560 0051 02       		.uleb128 0x2
 1561 0052 18       		.uleb128 0x18
 1562 0053 00       		.byte	0
 1563 0054 00       		.byte	0
 1564 0055 08       		.uleb128 0x8
 1565 0056 26       		.uleb128 0x26
 1566 0057 00       		.byte	0
 1567 0058 49       		.uleb128 0x49
 1568 0059 13       		.uleb128 0x13
 1569 005a 00       		.byte	0
 1570 005b 00       		.byte	0
 1571 005c 09       		.uleb128 0x9
 1572 005d 21       		.uleb128 0x21
 1573 005e 00       		.byte	0
 1574 005f 49       		.uleb128 0x49
 1575 0060 13       		.uleb128 0x13
 1576 0061 2F       		.uleb128 0x2f
 1577 0062 0B       		.uleb128 0xb
 1578 0063 00       		.byte	0
 1579 0064 00       		.byte	0
 1580 0065 0A       		.uleb128 0xa
 1581 0066 34       		.uleb128 0x34
 1582 0067 00       		.byte	0
 1583 0068 03       		.uleb128 0x3
 1584 0069 0E       		.uleb128 0xe
 1585 006a 3A       		.uleb128 0x3a
 1586 006b 0B       		.uleb128 0xb
 1587 006c 3B       		.uleb128 0x3b
 1588 006d 05       		.uleb128 0x5
 1589 006e 49       		.uleb128 0x49
 1590 006f 13       		.uleb128 0x13
 1591 0070 3F       		.uleb128 0x3f
 1592 0071 19       		.uleb128 0x19
ARM GAS  C:\Users\charl\AppData\Local\Temp\ccoslzjd.s 			page 29


 1593 0072 02       		.uleb128 0x2
 1594 0073 18       		.uleb128 0x18
 1595 0074 00       		.byte	0
 1596 0075 00       		.byte	0
 1597 0076 00       		.byte	0
 1598              		.section	.debug_aranges,"",%progbits
 1599 0000 14000000 		.4byte	0x14
 1600 0004 0200     		.2byte	0x2
 1601 0006 00000000 		.4byte	.Ldebug_info0
 1602 000a 04       		.byte	0x4
 1603 000b 00       		.byte	0
 1604 000c 0000     		.2byte	0
 1605 000e 0000     		.2byte	0
 1606 0010 00000000 		.4byte	0
 1607 0014 00000000 		.4byte	0
 1608              		.section	.debug_line,"",%progbits
 1609              	.Ldebug_line0:
 1610 0000 4F000000 		.section	.debug_str,"MS",%progbits,1
 1610      02004900 
 1610      00000201 
 1610      FB0E0D00 
 1610      01010101 
 1611              	.LASF20:
 1612 0000 433A5C55 		.ascii	"C:\\Users\\charl\\Documents\\GitHub\\VTM17_Dash_7se"
 1612      73657273 
 1612      5C636861 
 1612      726C5C44 
 1612      6F63756D 
 1613 002e 675C5654 		.ascii	"g\\VTM17_Dash_7SEG\\VTM17_Display_7seg\\VTM17E_Disp"
 1613      4D31375F 
 1613      44617368 
 1613      5F375345 
 1613      475C5654 
 1614 005e 6C61795F 		.ascii	"lay_7seg_Copy_01.cydsn\000"
 1614      37736567 
 1614      5F436F70 
 1614      795F3031 
 1614      2E637964 
 1615              	.LASF19:
 1616 0075 2E5C4765 		.ascii	".\\Generated_Source\\PSoC5\\cymetadata.c\000"
 1616      6E657261 
 1616      7465645F 
 1616      536F7572 
 1616      63655C50 
 1617              	.LASF17:
 1618 009b 63795F6D 		.ascii	"cy_metadata\000"
 1618      65746164 
 1618      61746100 
 1619              	.LASF9:
 1620 00a7 666C6F61 		.ascii	"float\000"
 1620      7400
 1621              	.LASF1:
 1622 00ad 756E7369 		.ascii	"unsigned char\000"
 1622      676E6564 
 1622      20636861 
 1622      7200
 1623              	.LASF5:
ARM GAS  C:\Users\charl\AppData\Local\Temp\ccoslzjd.s 			page 30


 1624 00bb 6C6F6E67 		.ascii	"long unsigned int\000"
 1624      20756E73 
 1624      69676E65 
 1624      6420696E 
 1624      7400
 1625              	.LASF3:
 1626 00cd 73686F72 		.ascii	"short unsigned int\000"
 1626      7420756E 
 1626      7369676E 
 1626      65642069 
 1626      6E7400
 1627              	.LASF10:
 1628 00e0 646F7562 		.ascii	"double\000"
 1628      6C6500
 1629              	.LASF14:
 1630 00e7 63795F6D 		.ascii	"cy_meta_custnvl\000"
 1630      6574615F 
 1630      63757374 
 1630      6E766C00 
 1631              	.LASF13:
 1632 00f7 63795F6D 		.ascii	"cy_meta_configecc\000"
 1632      6574615F 
 1632      636F6E66 
 1632      69676563 
 1632      6300
 1633              	.LASF18:
 1634 0109 474E5520 		.ascii	"GNU C 4.9.3 20150303 (release) [ARM/embedded-4_9-br"
 1634      4320342E 
 1634      392E3320 
 1634      32303135 
 1634      30333033 
 1635 013c 616E6368 		.ascii	"anch revision 221220] -mcpu=cortex-m3 -mthumb -g -O"
 1635      20726576 
 1635      6973696F 
 1635      6E203232 
 1635      31323230 
 1636 016f 67202D66 		.ascii	"g -ffunction-sections -ffat-lto-objects\000"
 1636      66756E63 
 1636      74696F6E 
 1636      2D736563 
 1636      74696F6E 
 1637              	.LASF8:
 1638 0197 756E7369 		.ascii	"unsigned int\000"
 1638      676E6564 
 1638      20696E74 
 1638      00
 1639              	.LASF7:
 1640 01a4 6C6F6E67 		.ascii	"long long unsigned int\000"
 1640      206C6F6E 
 1640      6720756E 
 1640      7369676E 
 1640      65642069 
 1641              	.LASF16:
 1642 01bb 63795F6D 		.ascii	"cy_meta_flashprotect\000"
 1642      6574615F 
 1642      666C6173 
 1642      6870726F 
ARM GAS  C:\Users\charl\AppData\Local\Temp\ccoslzjd.s 			page 31


 1642      74656374 
 1643              	.LASF15:
 1644 01d0 63795F6D 		.ascii	"cy_meta_wonvl\000"
 1644      6574615F 
 1644      776F6E76 
 1644      6C00
 1645              	.LASF12:
 1646 01de 73697A65 		.ascii	"sizetype\000"
 1646      74797065 
 1646      00
 1647              	.LASF6:
 1648 01e7 6C6F6E67 		.ascii	"long long int\000"
 1648      206C6F6E 
 1648      6720696E 
 1648      7400
 1649              	.LASF11:
 1650 01f5 63686172 		.ascii	"char\000"
 1650      00
 1651              	.LASF2:
 1652 01fa 73686F72 		.ascii	"short int\000"
 1652      7420696E 
 1652      7400
 1653              	.LASF21:
 1654 0204 75696E74 		.ascii	"uint8\000"
 1654      3800
 1655              	.LASF4:
 1656 020a 6C6F6E67 		.ascii	"long int\000"
 1656      20696E74 
 1656      00
 1657              	.LASF0:
 1658 0213 7369676E 		.ascii	"signed char\000"
 1658      65642063 
 1658      68617200 
 1659              		.ident	"GCC: (GNU Tools for ARM Embedded Processors) 4.9.3 20150303 (release) [ARM/embedded-4_9-br
