ARM GAS  C:\Users\charl\AppData\Local\Temp\cchvguYk.s 			page 1


   1              		.syntax unified
   2              		.cpu cortex-m3
   3              		.fpu softvfp
   4              		.eabi_attribute 20, 1
   5              		.eabi_attribute 21, 1
   6              		.eabi_attribute 23, 3
   7              		.eabi_attribute 24, 1
   8              		.eabi_attribute 25, 1
   9              		.eabi_attribute 26, 1
  10              		.eabi_attribute 30, 1
  11              		.eabi_attribute 34, 1
  12              		.eabi_attribute 18, 4
  13              		.thumb
  14              		.file	"CAN_INT.c"
  15              		.text
  16              	.Ltext0:
  17              		.cfi_sections	.debug_frame
  18              		.section	.text.CAN_BusOffIsr,"ax",%progbits
  19              		.align	2
  20              		.global	CAN_BusOffIsr
  21              		.thumb
  22              		.thumb_func
  23              		.type	CAN_BusOffIsr, %function
  24              	CAN_BusOffIsr:
  25              	.LFB0:
  26              		.file 1 ".\\Generated_Source\\PSoC5\\CAN_INT.c"
   1:.\Generated_Source\PSoC5/CAN_INT.c **** /*******************************************************************************
   2:.\Generated_Source\PSoC5/CAN_INT.c **** * File Name: CAN_INT.c
   3:.\Generated_Source\PSoC5/CAN_INT.c **** * Version 3.0
   4:.\Generated_Source\PSoC5/CAN_INT.c **** *
   5:.\Generated_Source\PSoC5/CAN_INT.c **** * Description:
   6:.\Generated_Source\PSoC5/CAN_INT.c **** *  This file contains Interrupt Service Routine (ISR) for CAN Component.
   7:.\Generated_Source\PSoC5/CAN_INT.c **** *  The Interrupt handlers functions are generated accordingly to the PSoC
   8:.\Generated_Source\PSoC5/CAN_INT.c **** *  Creator Customizer inputs.
   9:.\Generated_Source\PSoC5/CAN_INT.c **** *
  10:.\Generated_Source\PSoC5/CAN_INT.c **** * Note:
  11:.\Generated_Source\PSoC5/CAN_INT.c **** *  None
  12:.\Generated_Source\PSoC5/CAN_INT.c **** *
  13:.\Generated_Source\PSoC5/CAN_INT.c **** ********************************************************************************
  14:.\Generated_Source\PSoC5/CAN_INT.c **** * Copyright 2008-2015, Cypress Semiconductor Corporation.  All rights reserved.
  15:.\Generated_Source\PSoC5/CAN_INT.c **** * You may use this file only in accordance with the license, terms, conditions,
  16:.\Generated_Source\PSoC5/CAN_INT.c **** * disclaimers, and limitations in the end user license agreement accompanying
  17:.\Generated_Source\PSoC5/CAN_INT.c **** * the software package with which this file was provided.
  18:.\Generated_Source\PSoC5/CAN_INT.c **** *******************************************************************************/
  19:.\Generated_Source\PSoC5/CAN_INT.c **** 
  20:.\Generated_Source\PSoC5/CAN_INT.c **** #include "CAN.h"
  21:.\Generated_Source\PSoC5/CAN_INT.c **** #include "cyapicallbacks.h"
  22:.\Generated_Source\PSoC5/CAN_INT.c **** 
  23:.\Generated_Source\PSoC5/CAN_INT.c **** /* `#START CAN_INT_C_CODE_DEFINITION` */
  24:.\Generated_Source\PSoC5/CAN_INT.c **** 
  25:.\Generated_Source\PSoC5/CAN_INT.c **** /* `#END` */
  26:.\Generated_Source\PSoC5/CAN_INT.c **** 
  27:.\Generated_Source\PSoC5/CAN_INT.c **** #if (CAN_ARB_LOST)
  28:.\Generated_Source\PSoC5/CAN_INT.c ****     /*******************************************************************************
  29:.\Generated_Source\PSoC5/CAN_INT.c ****     * FUNCTION NAME:   CAN_ArbLostIsr
  30:.\Generated_Source\PSoC5/CAN_INT.c ****     ********************************************************************************
  31:.\Generated_Source\PSoC5/CAN_INT.c ****     *
ARM GAS  C:\Users\charl\AppData\Local\Temp\cchvguYk.s 			page 2


  32:.\Generated_Source\PSoC5/CAN_INT.c ****     * Summary:
  33:.\Generated_Source\PSoC5/CAN_INT.c ****     *  This function is entry point to Arbitration Lost Interrupt. Clears
  34:.\Generated_Source\PSoC5/CAN_INT.c ****     *  Arbitration Lost interrupt flag. Only generated if Arbitration Lost
  35:.\Generated_Source\PSoC5/CAN_INT.c ****     *  Interrupt enable in Customizer.
  36:.\Generated_Source\PSoC5/CAN_INT.c ****     *
  37:.\Generated_Source\PSoC5/CAN_INT.c ****     * Parameters:
  38:.\Generated_Source\PSoC5/CAN_INT.c ****     *  None.
  39:.\Generated_Source\PSoC5/CAN_INT.c ****     *
  40:.\Generated_Source\PSoC5/CAN_INT.c ****     * Return:
  41:.\Generated_Source\PSoC5/CAN_INT.c ****     *  None.
  42:.\Generated_Source\PSoC5/CAN_INT.c ****     *
  43:.\Generated_Source\PSoC5/CAN_INT.c ****     * Reentrant:
  44:.\Generated_Source\PSoC5/CAN_INT.c ****     *  Depends on Customer code.
  45:.\Generated_Source\PSoC5/CAN_INT.c ****     *
  46:.\Generated_Source\PSoC5/CAN_INT.c ****     *******************************************************************************/
  47:.\Generated_Source\PSoC5/CAN_INT.c ****     void CAN_ArbLostIsr(void) 
  48:.\Generated_Source\PSoC5/CAN_INT.c ****     {
  49:.\Generated_Source\PSoC5/CAN_INT.c ****         /* Clear Arbitration Lost flag */
  50:.\Generated_Source\PSoC5/CAN_INT.c ****         CAN_INT_SR_REG.byte[0u] = CAN_ARBITRATION_LOST_MASK;
  51:.\Generated_Source\PSoC5/CAN_INT.c **** 
  52:.\Generated_Source\PSoC5/CAN_INT.c ****         /* `#START ARBITRATION_LOST_ISR` */
  53:.\Generated_Source\PSoC5/CAN_INT.c **** 
  54:.\Generated_Source\PSoC5/CAN_INT.c ****         /* `#END` */
  55:.\Generated_Source\PSoC5/CAN_INT.c **** 
  56:.\Generated_Source\PSoC5/CAN_INT.c ****         #ifdef CAN_ARB_LOST_ISR_CALLBACK
  57:.\Generated_Source\PSoC5/CAN_INT.c ****             CAN_ArbLostIsr_Callback();
  58:.\Generated_Source\PSoC5/CAN_INT.c ****         #endif /* CAN_ARB_LOST_ISR_CALLBACK */
  59:.\Generated_Source\PSoC5/CAN_INT.c ****     }
  60:.\Generated_Source\PSoC5/CAN_INT.c **** #endif /* CAN_ARB_LOST */
  61:.\Generated_Source\PSoC5/CAN_INT.c **** 
  62:.\Generated_Source\PSoC5/CAN_INT.c **** 
  63:.\Generated_Source\PSoC5/CAN_INT.c **** #if (CAN_OVERLOAD)
  64:.\Generated_Source\PSoC5/CAN_INT.c ****     /*******************************************************************************
  65:.\Generated_Source\PSoC5/CAN_INT.c ****     * FUNCTION NAME:   CAN_OvrLdErrorIsr
  66:.\Generated_Source\PSoC5/CAN_INT.c ****     ********************************************************************************
  67:.\Generated_Source\PSoC5/CAN_INT.c ****     *
  68:.\Generated_Source\PSoC5/CAN_INT.c ****     * Summary:
  69:.\Generated_Source\PSoC5/CAN_INT.c ****     *  This function is entry point to Overload Error Interrupt. Clears Overload
  70:.\Generated_Source\PSoC5/CAN_INT.c ****     *  Error interrupt flag. Only generated if Overload Error Interrupt enable
  71:.\Generated_Source\PSoC5/CAN_INT.c ****     *  in Customizer.
  72:.\Generated_Source\PSoC5/CAN_INT.c ****     *
  73:.\Generated_Source\PSoC5/CAN_INT.c ****     * Parameters:
  74:.\Generated_Source\PSoC5/CAN_INT.c ****     *  None.
  75:.\Generated_Source\PSoC5/CAN_INT.c ****     *
  76:.\Generated_Source\PSoC5/CAN_INT.c ****     * Return:
  77:.\Generated_Source\PSoC5/CAN_INT.c ****     *  None.
  78:.\Generated_Source\PSoC5/CAN_INT.c ****     *
  79:.\Generated_Source\PSoC5/CAN_INT.c ****     * Reentrant:
  80:.\Generated_Source\PSoC5/CAN_INT.c ****     *  Depends on Customer code.
  81:.\Generated_Source\PSoC5/CAN_INT.c ****     *
  82:.\Generated_Source\PSoC5/CAN_INT.c ****     *******************************************************************************/
  83:.\Generated_Source\PSoC5/CAN_INT.c ****     void CAN_OvrLdErrorIsr(void) 
  84:.\Generated_Source\PSoC5/CAN_INT.c ****     {
  85:.\Generated_Source\PSoC5/CAN_INT.c ****         /* Clear Overload Error flag */
  86:.\Generated_Source\PSoC5/CAN_INT.c ****         CAN_INT_SR_REG.byte[0u] = CAN_OVERLOAD_ERROR_MASK;
  87:.\Generated_Source\PSoC5/CAN_INT.c **** 
  88:.\Generated_Source\PSoC5/CAN_INT.c ****         /* `#START OVER_LOAD_ERROR_ISR` */
ARM GAS  C:\Users\charl\AppData\Local\Temp\cchvguYk.s 			page 3


  89:.\Generated_Source\PSoC5/CAN_INT.c **** 
  90:.\Generated_Source\PSoC5/CAN_INT.c ****         /* `#END` */
  91:.\Generated_Source\PSoC5/CAN_INT.c **** 
  92:.\Generated_Source\PSoC5/CAN_INT.c ****         #ifdef CAN_OVR_LD_ERROR_ISR_CALLBACK
  93:.\Generated_Source\PSoC5/CAN_INT.c ****             CAN_OvrLdErrorIsr_Callback();
  94:.\Generated_Source\PSoC5/CAN_INT.c ****         #endif /* CAN_OVR_LD_ERROR_ISR_CALLBACK */
  95:.\Generated_Source\PSoC5/CAN_INT.c ****     }
  96:.\Generated_Source\PSoC5/CAN_INT.c **** #endif /* CAN_OVERLOAD */
  97:.\Generated_Source\PSoC5/CAN_INT.c **** 
  98:.\Generated_Source\PSoC5/CAN_INT.c **** 
  99:.\Generated_Source\PSoC5/CAN_INT.c **** #if (CAN_BIT_ERR)
 100:.\Generated_Source\PSoC5/CAN_INT.c ****     /*******************************************************************************
 101:.\Generated_Source\PSoC5/CAN_INT.c ****     * FUNCTION NAME:   CAN_BitErrorIsr
 102:.\Generated_Source\PSoC5/CAN_INT.c ****     ********************************************************************************
 103:.\Generated_Source\PSoC5/CAN_INT.c ****     *
 104:.\Generated_Source\PSoC5/CAN_INT.c ****     * Summary:
 105:.\Generated_Source\PSoC5/CAN_INT.c ****     *  This function is entry point to Bit Error Interrupt. Clears Bit Error
 106:.\Generated_Source\PSoC5/CAN_INT.c ****     *  interrupt flag. Only generated if Bit Error Interrupt enable in Customizer.
 107:.\Generated_Source\PSoC5/CAN_INT.c ****     *
 108:.\Generated_Source\PSoC5/CAN_INT.c ****     * Parameters:
 109:.\Generated_Source\PSoC5/CAN_INT.c ****     *  None.
 110:.\Generated_Source\PSoC5/CAN_INT.c ****     *
 111:.\Generated_Source\PSoC5/CAN_INT.c ****     * Return:
 112:.\Generated_Source\PSoC5/CAN_INT.c ****     *  None.
 113:.\Generated_Source\PSoC5/CAN_INT.c ****     *
 114:.\Generated_Source\PSoC5/CAN_INT.c ****     * Reentrant:
 115:.\Generated_Source\PSoC5/CAN_INT.c ****     *  Depends on Customer code.
 116:.\Generated_Source\PSoC5/CAN_INT.c ****     *
 117:.\Generated_Source\PSoC5/CAN_INT.c ****     *******************************************************************************/
 118:.\Generated_Source\PSoC5/CAN_INT.c ****     void CAN_BitErrorIsr(void) 
 119:.\Generated_Source\PSoC5/CAN_INT.c ****     {
 120:.\Generated_Source\PSoC5/CAN_INT.c ****         /* Clear Bit Error flag */
 121:.\Generated_Source\PSoC5/CAN_INT.c ****         CAN_INT_SR_REG.byte[0u] = CAN_BIT_ERROR_MASK;
 122:.\Generated_Source\PSoC5/CAN_INT.c **** 
 123:.\Generated_Source\PSoC5/CAN_INT.c ****         /* `#START BIT_ERROR_ISR` */
 124:.\Generated_Source\PSoC5/CAN_INT.c **** 
 125:.\Generated_Source\PSoC5/CAN_INT.c ****         /* `#END` */
 126:.\Generated_Source\PSoC5/CAN_INT.c **** 
 127:.\Generated_Source\PSoC5/CAN_INT.c ****         #ifdef CAN_BIT_ERROR_ISR_CALLBACK
 128:.\Generated_Source\PSoC5/CAN_INT.c ****             CAN_BitErrorIsr_Callback();
 129:.\Generated_Source\PSoC5/CAN_INT.c ****         #endif /* CAN_BIT_ERROR_ISR_CALLBACK */
 130:.\Generated_Source\PSoC5/CAN_INT.c ****     }
 131:.\Generated_Source\PSoC5/CAN_INT.c **** #endif /* CAN_BIT_ERR */
 132:.\Generated_Source\PSoC5/CAN_INT.c **** 
 133:.\Generated_Source\PSoC5/CAN_INT.c **** 
 134:.\Generated_Source\PSoC5/CAN_INT.c **** #if (CAN_STUFF_ERR)
 135:.\Generated_Source\PSoC5/CAN_INT.c ****     /*******************************************************************************
 136:.\Generated_Source\PSoC5/CAN_INT.c ****     * FUNCTION NAME:   CAN_BitStuffErrorIsr
 137:.\Generated_Source\PSoC5/CAN_INT.c ****     ********************************************************************************
 138:.\Generated_Source\PSoC5/CAN_INT.c ****     *
 139:.\Generated_Source\PSoC5/CAN_INT.c ****     * Summary:
 140:.\Generated_Source\PSoC5/CAN_INT.c ****     *  This function is entry point to Bit Stuff Error Interrupt. Clears Bit Stuff
 141:.\Generated_Source\PSoC5/CAN_INT.c ****     *  Error interrupt flag. Only generated if Bit Stuff Error Interrupt enable
 142:.\Generated_Source\PSoC5/CAN_INT.c ****     *  in Customizer.
 143:.\Generated_Source\PSoC5/CAN_INT.c ****     *
 144:.\Generated_Source\PSoC5/CAN_INT.c ****     * Parameters:
 145:.\Generated_Source\PSoC5/CAN_INT.c ****     *  None.
ARM GAS  C:\Users\charl\AppData\Local\Temp\cchvguYk.s 			page 4


 146:.\Generated_Source\PSoC5/CAN_INT.c ****     *
 147:.\Generated_Source\PSoC5/CAN_INT.c ****     * Return:
 148:.\Generated_Source\PSoC5/CAN_INT.c ****     *  None.
 149:.\Generated_Source\PSoC5/CAN_INT.c ****     *
 150:.\Generated_Source\PSoC5/CAN_INT.c ****     * Reentrant:
 151:.\Generated_Source\PSoC5/CAN_INT.c ****     *  Depends on Customer code.
 152:.\Generated_Source\PSoC5/CAN_INT.c ****     *
 153:.\Generated_Source\PSoC5/CAN_INT.c ****     *******************************************************************************/
 154:.\Generated_Source\PSoC5/CAN_INT.c ****     void CAN_BitStuffErrorIsr(void) 
 155:.\Generated_Source\PSoC5/CAN_INT.c ****     {
 156:.\Generated_Source\PSoC5/CAN_INT.c ****         /* Clear Stuff Error flag */
 157:.\Generated_Source\PSoC5/CAN_INT.c ****         CAN_INT_SR_REG.byte[0u] = CAN_STUFF_ERROR_MASK;
 158:.\Generated_Source\PSoC5/CAN_INT.c **** 
 159:.\Generated_Source\PSoC5/CAN_INT.c ****         /* `#START BIT_STUFF_ERROR_ISR` */
 160:.\Generated_Source\PSoC5/CAN_INT.c **** 
 161:.\Generated_Source\PSoC5/CAN_INT.c ****         /* `#END` */
 162:.\Generated_Source\PSoC5/CAN_INT.c **** 
 163:.\Generated_Source\PSoC5/CAN_INT.c ****         #ifdef CAN_BIT_STUFF_ERROR_ISR_CALLBACK
 164:.\Generated_Source\PSoC5/CAN_INT.c ****             CAN_BitStuffErrorIsr_Callback();
 165:.\Generated_Source\PSoC5/CAN_INT.c ****         #endif /* CAN_BIT_STUFF_ERROR_ISR_CALLBACK */
 166:.\Generated_Source\PSoC5/CAN_INT.c ****     }
 167:.\Generated_Source\PSoC5/CAN_INT.c **** #endif /* CAN_STUFF_ERR */
 168:.\Generated_Source\PSoC5/CAN_INT.c **** 
 169:.\Generated_Source\PSoC5/CAN_INT.c **** 
 170:.\Generated_Source\PSoC5/CAN_INT.c **** #if (CAN_ACK_ERR)
 171:.\Generated_Source\PSoC5/CAN_INT.c ****     /*******************************************************************************
 172:.\Generated_Source\PSoC5/CAN_INT.c ****     * FUNCTION NAME:   CAN_AckErrorIsr
 173:.\Generated_Source\PSoC5/CAN_INT.c ****     ********************************************************************************
 174:.\Generated_Source\PSoC5/CAN_INT.c ****     *
 175:.\Generated_Source\PSoC5/CAN_INT.c ****     * Summary:
 176:.\Generated_Source\PSoC5/CAN_INT.c ****     *  This function is entry point to Acknowledge Error Interrupt. Clears
 177:.\Generated_Source\PSoC5/CAN_INT.c ****     *  Acknowledge Error interrupt flag. Only generated if Acknowledge Error
 178:.\Generated_Source\PSoC5/CAN_INT.c ****     *  Interrupt enable in Customizer.
 179:.\Generated_Source\PSoC5/CAN_INT.c ****     *
 180:.\Generated_Source\PSoC5/CAN_INT.c ****     * Parameters:
 181:.\Generated_Source\PSoC5/CAN_INT.c ****     *  None.
 182:.\Generated_Source\PSoC5/CAN_INT.c ****     *
 183:.\Generated_Source\PSoC5/CAN_INT.c ****     * Return:
 184:.\Generated_Source\PSoC5/CAN_INT.c ****     *  None.
 185:.\Generated_Source\PSoC5/CAN_INT.c ****     *
 186:.\Generated_Source\PSoC5/CAN_INT.c ****     * Reentrant:
 187:.\Generated_Source\PSoC5/CAN_INT.c ****     *  Depends on Customer code.
 188:.\Generated_Source\PSoC5/CAN_INT.c ****     *
 189:.\Generated_Source\PSoC5/CAN_INT.c ****     *******************************************************************************/
 190:.\Generated_Source\PSoC5/CAN_INT.c ****     void CAN_AckErrorIsr(void) 
 191:.\Generated_Source\PSoC5/CAN_INT.c ****     {
 192:.\Generated_Source\PSoC5/CAN_INT.c ****         /* Clear Acknoledge Error flag */
 193:.\Generated_Source\PSoC5/CAN_INT.c ****         CAN_INT_SR_REG.byte[0u] = CAN_ACK_ERROR_MASK;
 194:.\Generated_Source\PSoC5/CAN_INT.c **** 
 195:.\Generated_Source\PSoC5/CAN_INT.c ****         /* `#START ACKNOWLEDGE_ERROR_ISR` */
 196:.\Generated_Source\PSoC5/CAN_INT.c **** 
 197:.\Generated_Source\PSoC5/CAN_INT.c ****         /* `#END` */
 198:.\Generated_Source\PSoC5/CAN_INT.c **** 
 199:.\Generated_Source\PSoC5/CAN_INT.c ****         #ifdef CAN_ACK_ERROR_ISR_CALLBACK
 200:.\Generated_Source\PSoC5/CAN_INT.c ****             CAN_AckErrorIsr_Callback();
 201:.\Generated_Source\PSoC5/CAN_INT.c ****         #endif /* CAN_ACK_ERROR_ISR_CALLBACK */
 202:.\Generated_Source\PSoC5/CAN_INT.c ****     }
ARM GAS  C:\Users\charl\AppData\Local\Temp\cchvguYk.s 			page 5


 203:.\Generated_Source\PSoC5/CAN_INT.c **** #endif /* CAN_ACK_ERR */
 204:.\Generated_Source\PSoC5/CAN_INT.c **** 
 205:.\Generated_Source\PSoC5/CAN_INT.c **** 
 206:.\Generated_Source\PSoC5/CAN_INT.c **** #if (CAN_FORM_ERR)
 207:.\Generated_Source\PSoC5/CAN_INT.c ****     /*******************************************************************************
 208:.\Generated_Source\PSoC5/CAN_INT.c ****     * FUNCTION NAME:   CAN_MsgErrorIsr
 209:.\Generated_Source\PSoC5/CAN_INT.c ****     ********************************************************************************
 210:.\Generated_Source\PSoC5/CAN_INT.c ****     *
 211:.\Generated_Source\PSoC5/CAN_INT.c ****     * Summary:
 212:.\Generated_Source\PSoC5/CAN_INT.c ****     *  This function is entry point to Form Error Interrupt. Clears Form Error
 213:.\Generated_Source\PSoC5/CAN_INT.c ****     *  interrupt flag. Only generated if Form Error Interrupt enable in Customizer.
 214:.\Generated_Source\PSoC5/CAN_INT.c ****     *
 215:.\Generated_Source\PSoC5/CAN_INT.c ****     * Parameters:
 216:.\Generated_Source\PSoC5/CAN_INT.c ****     *  None.
 217:.\Generated_Source\PSoC5/CAN_INT.c ****     *
 218:.\Generated_Source\PSoC5/CAN_INT.c ****     * Return:
 219:.\Generated_Source\PSoC5/CAN_INT.c ****     *  None.
 220:.\Generated_Source\PSoC5/CAN_INT.c ****     *
 221:.\Generated_Source\PSoC5/CAN_INT.c ****     * Reentrant:
 222:.\Generated_Source\PSoC5/CAN_INT.c ****     *  Depends on Customer code.
 223:.\Generated_Source\PSoC5/CAN_INT.c ****     *
 224:.\Generated_Source\PSoC5/CAN_INT.c ****     *******************************************************************************/
 225:.\Generated_Source\PSoC5/CAN_INT.c ****     void CAN_MsgErrorIsr(void) 
 226:.\Generated_Source\PSoC5/CAN_INT.c ****     {
 227:.\Generated_Source\PSoC5/CAN_INT.c ****         /* Clear Form Error flag */
 228:.\Generated_Source\PSoC5/CAN_INT.c ****         CAN_INT_SR_REG.byte[0u] = CAN_FORM_ERROR_MASK;
 229:.\Generated_Source\PSoC5/CAN_INT.c **** 
 230:.\Generated_Source\PSoC5/CAN_INT.c ****         /* `#START MESSAGE_ERROR_ISR` */
 231:.\Generated_Source\PSoC5/CAN_INT.c **** 
 232:.\Generated_Source\PSoC5/CAN_INT.c ****         /* `#END` */
 233:.\Generated_Source\PSoC5/CAN_INT.c **** 
 234:.\Generated_Source\PSoC5/CAN_INT.c ****         #ifdef CAN_MSG_ERROR_ISR_CALLBACK
 235:.\Generated_Source\PSoC5/CAN_INT.c ****             CAN_MsgErrorIsr_Callback();
 236:.\Generated_Source\PSoC5/CAN_INT.c ****         #endif /* CAN_MSG_ERROR_ISR_CALLBACK */
 237:.\Generated_Source\PSoC5/CAN_INT.c ****     }
 238:.\Generated_Source\PSoC5/CAN_INT.c **** #endif /* CAN_FORM_ERR */
 239:.\Generated_Source\PSoC5/CAN_INT.c **** 
 240:.\Generated_Source\PSoC5/CAN_INT.c **** 
 241:.\Generated_Source\PSoC5/CAN_INT.c **** #if (CAN_CRC_ERR)
 242:.\Generated_Source\PSoC5/CAN_INT.c ****     /*******************************************************************************
 243:.\Generated_Source\PSoC5/CAN_INT.c ****     * FUNCTION NAME:   CAN_CrcErrorIsr
 244:.\Generated_Source\PSoC5/CAN_INT.c ****     ********************************************************************************
 245:.\Generated_Source\PSoC5/CAN_INT.c ****     *
 246:.\Generated_Source\PSoC5/CAN_INT.c ****     * Summary:
 247:.\Generated_Source\PSoC5/CAN_INT.c ****     *  This function is entry point to CRC Error Interrupt. Clears CRC Error
 248:.\Generated_Source\PSoC5/CAN_INT.c ****     *  interrupt flag. Only generated if CRC Error Interrupt enable in Customizer.
 249:.\Generated_Source\PSoC5/CAN_INT.c ****     *
 250:.\Generated_Source\PSoC5/CAN_INT.c ****     * Parameters:
 251:.\Generated_Source\PSoC5/CAN_INT.c ****     *  None.
 252:.\Generated_Source\PSoC5/CAN_INT.c ****     *
 253:.\Generated_Source\PSoC5/CAN_INT.c ****     * Return:
 254:.\Generated_Source\PSoC5/CAN_INT.c ****     *  None.
 255:.\Generated_Source\PSoC5/CAN_INT.c ****     *
 256:.\Generated_Source\PSoC5/CAN_INT.c ****     * Reentrant:
 257:.\Generated_Source\PSoC5/CAN_INT.c ****     *  Depends on Customer code.
 258:.\Generated_Source\PSoC5/CAN_INT.c ****     *
 259:.\Generated_Source\PSoC5/CAN_INT.c ****     *******************************************************************************/
ARM GAS  C:\Users\charl\AppData\Local\Temp\cchvguYk.s 			page 6


 260:.\Generated_Source\PSoC5/CAN_INT.c ****     void CAN_CrcErrorIsr(void) 
 261:.\Generated_Source\PSoC5/CAN_INT.c ****     {
 262:.\Generated_Source\PSoC5/CAN_INT.c ****         /* Clear CRC Error flag */
 263:.\Generated_Source\PSoC5/CAN_INT.c ****         CAN_INT_SR_REG.byte[1u] = CAN_CRC_ERROR_MASK;
 264:.\Generated_Source\PSoC5/CAN_INT.c **** 
 265:.\Generated_Source\PSoC5/CAN_INT.c ****         /* `#START CRC_ERROR_ISR` */
 266:.\Generated_Source\PSoC5/CAN_INT.c **** 
 267:.\Generated_Source\PSoC5/CAN_INT.c ****         /* `#END` */
 268:.\Generated_Source\PSoC5/CAN_INT.c **** 
 269:.\Generated_Source\PSoC5/CAN_INT.c ****         #ifdef CAN_CRC_ERROR_ISR_CALLBACK
 270:.\Generated_Source\PSoC5/CAN_INT.c ****             CAN_CrcErrorIsr_Callback();
 271:.\Generated_Source\PSoC5/CAN_INT.c ****         #endif /* CAN_CRC_ERROR_ISR_CALLBACK */
 272:.\Generated_Source\PSoC5/CAN_INT.c ****     }
 273:.\Generated_Source\PSoC5/CAN_INT.c **** #endif /* CAN_CRC_ERR */
 274:.\Generated_Source\PSoC5/CAN_INT.c **** 
 275:.\Generated_Source\PSoC5/CAN_INT.c **** 
 276:.\Generated_Source\PSoC5/CAN_INT.c **** #if (CAN_BUS_OFF)
 277:.\Generated_Source\PSoC5/CAN_INT.c ****     /*******************************************************************************
 278:.\Generated_Source\PSoC5/CAN_INT.c ****     * FUNCTION NAME:   CAN_BusOffIsr
 279:.\Generated_Source\PSoC5/CAN_INT.c ****     ********************************************************************************
 280:.\Generated_Source\PSoC5/CAN_INT.c ****     *
 281:.\Generated_Source\PSoC5/CAN_INT.c ****     * Summary:
 282:.\Generated_Source\PSoC5/CAN_INT.c ****     *  This function is entry point to Bus Off Interrupt. Places CAN Component
 283:.\Generated_Source\PSoC5/CAN_INT.c ****     *  to Stop mode. Only generated if Bus Off Interrupt enable in Customizer.
 284:.\Generated_Source\PSoC5/CAN_INT.c ****     *  Recommended setting to enable this interrupt.
 285:.\Generated_Source\PSoC5/CAN_INT.c ****     *
 286:.\Generated_Source\PSoC5/CAN_INT.c ****     * Parameters:
 287:.\Generated_Source\PSoC5/CAN_INT.c ****     *  None.
 288:.\Generated_Source\PSoC5/CAN_INT.c ****     *
 289:.\Generated_Source\PSoC5/CAN_INT.c ****     * Return:
 290:.\Generated_Source\PSoC5/CAN_INT.c ****     *  None.
 291:.\Generated_Source\PSoC5/CAN_INT.c ****     *
 292:.\Generated_Source\PSoC5/CAN_INT.c ****     * Side Effects:
 293:.\Generated_Source\PSoC5/CAN_INT.c ****     *  Stops CAN component operation.
 294:.\Generated_Source\PSoC5/CAN_INT.c ****     *
 295:.\Generated_Source\PSoC5/CAN_INT.c ****     *******************************************************************************/
 296:.\Generated_Source\PSoC5/CAN_INT.c ****     void CAN_BusOffIsr(void) 
 297:.\Generated_Source\PSoC5/CAN_INT.c ****     {
  27              		.loc 1 297 0
  28              		.cfi_startproc
  29              		@ args = 0, pretend = 0, frame = 0
  30              		@ frame_needed = 0, uses_anonymous_args = 0
  31 0000 08B5     		push	{r3, lr}
  32              		.cfi_def_cfa_offset 8
  33              		.cfi_offset 3, -8
  34              		.cfi_offset 14, -4
 298:.\Generated_Source\PSoC5/CAN_INT.c ****         /* Clear Bus Off flag */
 299:.\Generated_Source\PSoC5/CAN_INT.c ****         CAN_INT_SR_REG.byte[1u] = CAN_BUS_OFF_MASK;
  35              		.loc 1 299 0
  36 0002 0222     		movs	r2, #2
  37 0004 034B     		ldr	r3, .L3
  38 0006 5A70     		strb	r2, [r3, #1]
 300:.\Generated_Source\PSoC5/CAN_INT.c ****         (void) CAN_GlobalIntDisable();
  39              		.loc 1 300 0
  40 0008 FFF7FEFF 		bl	CAN_GlobalIntDisable
  41              	.LVL0:
 301:.\Generated_Source\PSoC5/CAN_INT.c **** 
ARM GAS  C:\Users\charl\AppData\Local\Temp\cchvguYk.s 			page 7


 302:.\Generated_Source\PSoC5/CAN_INT.c ****         /* `#START BUS_OFF_ISR` */
 303:.\Generated_Source\PSoC5/CAN_INT.c **** 
 304:.\Generated_Source\PSoC5/CAN_INT.c ****         /* `#END` */
 305:.\Generated_Source\PSoC5/CAN_INT.c **** 
 306:.\Generated_Source\PSoC5/CAN_INT.c ****         #ifdef CAN_BUS_OFF_ISR_CALLBACK
 307:.\Generated_Source\PSoC5/CAN_INT.c ****             CAN_BusOffIsr_Callback();
 308:.\Generated_Source\PSoC5/CAN_INT.c ****         #endif /* CAN_BUS_OFF_ISR_CALLBACK */
 309:.\Generated_Source\PSoC5/CAN_INT.c **** 
 310:.\Generated_Source\PSoC5/CAN_INT.c ****         (void) CAN_Stop();
  42              		.loc 1 310 0
  43 000c FFF7FEFF 		bl	CAN_Stop
  44              	.LVL1:
  45 0010 08BD     		pop	{r3, pc}
  46              	.L4:
  47 0012 00BF     		.align	2
  48              	.L3:
  49 0014 00A00040 		.word	1073782784
  50              		.cfi_endproc
  51              	.LFE0:
  52              		.size	CAN_BusOffIsr, .-CAN_BusOffIsr
  53              		.section	.text.CAN_MsgRXIsr,"ax",%progbits
  54              		.align	2
  55              		.global	CAN_MsgRXIsr
  56              		.thumb
  57              		.thumb_func
  58              		.type	CAN_MsgRXIsr, %function
  59              	CAN_MsgRXIsr:
  60              	.LFB1:
 311:.\Generated_Source\PSoC5/CAN_INT.c ****     }
 312:.\Generated_Source\PSoC5/CAN_INT.c **** #endif /* CAN_BUS_OFF */
 313:.\Generated_Source\PSoC5/CAN_INT.c **** 
 314:.\Generated_Source\PSoC5/CAN_INT.c **** 
 315:.\Generated_Source\PSoC5/CAN_INT.c **** #if (CAN_RX_MSG_LOST)
 316:.\Generated_Source\PSoC5/CAN_INT.c ****     /*******************************************************************************
 317:.\Generated_Source\PSoC5/CAN_INT.c ****     * FUNCTION NAME:   CAN_MsgLostIsr
 318:.\Generated_Source\PSoC5/CAN_INT.c ****     ********************************************************************************
 319:.\Generated_Source\PSoC5/CAN_INT.c ****     *
 320:.\Generated_Source\PSoC5/CAN_INT.c ****     * Summary:
 321:.\Generated_Source\PSoC5/CAN_INT.c ****     *  This function is entry point to Message Lost Interrupt. Clears Message Lost
 322:.\Generated_Source\PSoC5/CAN_INT.c ****     *  interrupt flag. Only generated if Message Lost Interrupt enable in Customizer
 323:.\Generated_Source\PSoC5/CAN_INT.c ****     *
 324:.\Generated_Source\PSoC5/CAN_INT.c ****     * Parameters:
 325:.\Generated_Source\PSoC5/CAN_INT.c ****     *  None.
 326:.\Generated_Source\PSoC5/CAN_INT.c ****     *
 327:.\Generated_Source\PSoC5/CAN_INT.c ****     * Return:
 328:.\Generated_Source\PSoC5/CAN_INT.c ****     *  None.
 329:.\Generated_Source\PSoC5/CAN_INT.c ****     *
 330:.\Generated_Source\PSoC5/CAN_INT.c ****     * Reentrant:
 331:.\Generated_Source\PSoC5/CAN_INT.c ****     *  Depends on Customer code.
 332:.\Generated_Source\PSoC5/CAN_INT.c ****     *
 333:.\Generated_Source\PSoC5/CAN_INT.c ****     *******************************************************************************/
 334:.\Generated_Source\PSoC5/CAN_INT.c ****     void CAN_MsgLostIsr(void) 
 335:.\Generated_Source\PSoC5/CAN_INT.c ****     {
 336:.\Generated_Source\PSoC5/CAN_INT.c ****         /* Clear Receive Message Lost flag */
 337:.\Generated_Source\PSoC5/CAN_INT.c ****         CAN_INT_SR_REG.byte[1u] = CAN_RX_MSG_LOST_MASK;
 338:.\Generated_Source\PSoC5/CAN_INT.c **** 
 339:.\Generated_Source\PSoC5/CAN_INT.c ****         /* `#START MESSAGE_LOST_ISR` */
ARM GAS  C:\Users\charl\AppData\Local\Temp\cchvguYk.s 			page 8


 340:.\Generated_Source\PSoC5/CAN_INT.c **** 
 341:.\Generated_Source\PSoC5/CAN_INT.c ****         /* `#END` */
 342:.\Generated_Source\PSoC5/CAN_INT.c **** 
 343:.\Generated_Source\PSoC5/CAN_INT.c ****         #ifdef CAN_MSG_LOST_ISR_CALLBACK
 344:.\Generated_Source\PSoC5/CAN_INT.c ****             CAN_MsgLostIsr_Callback();
 345:.\Generated_Source\PSoC5/CAN_INT.c ****         #endif /* CAN_MSG_LOST_ISR_CALLBACK */
 346:.\Generated_Source\PSoC5/CAN_INT.c ****     }
 347:.\Generated_Source\PSoC5/CAN_INT.c **** #endif /* CAN_RX_MSG_LOST */
 348:.\Generated_Source\PSoC5/CAN_INT.c **** 
 349:.\Generated_Source\PSoC5/CAN_INT.c **** 
 350:.\Generated_Source\PSoC5/CAN_INT.c **** #if (CAN_TX_MESSAGE)
 351:.\Generated_Source\PSoC5/CAN_INT.c ****     /*******************************************************************************
 352:.\Generated_Source\PSoC5/CAN_INT.c ****     * FUNCTION NAME:   CAN_MsgTXIsr
 353:.\Generated_Source\PSoC5/CAN_INT.c ****     ********************************************************************************
 354:.\Generated_Source\PSoC5/CAN_INT.c ****     *
 355:.\Generated_Source\PSoC5/CAN_INT.c ****     * Summary:
 356:.\Generated_Source\PSoC5/CAN_INT.c ****     *  This function is entry point to Transmit Message Interrupt. Clears Transmit
 357:.\Generated_Source\PSoC5/CAN_INT.c ****     *  Message interrupt flag. Only generated if Transmit Message Interrupt enable
 358:.\Generated_Source\PSoC5/CAN_INT.c ****     *  in Customizer.
 359:.\Generated_Source\PSoC5/CAN_INT.c ****     *
 360:.\Generated_Source\PSoC5/CAN_INT.c ****     * Parameters:
 361:.\Generated_Source\PSoC5/CAN_INT.c ****     *  None.
 362:.\Generated_Source\PSoC5/CAN_INT.c ****     *
 363:.\Generated_Source\PSoC5/CAN_INT.c ****     * Return:
 364:.\Generated_Source\PSoC5/CAN_INT.c ****     *  None.
 365:.\Generated_Source\PSoC5/CAN_INT.c ****     *
 366:.\Generated_Source\PSoC5/CAN_INT.c ****     * Reentrant:
 367:.\Generated_Source\PSoC5/CAN_INT.c ****     *  Depends on Customer code.
 368:.\Generated_Source\PSoC5/CAN_INT.c ****     *
 369:.\Generated_Source\PSoC5/CAN_INT.c ****     *******************************************************************************/
 370:.\Generated_Source\PSoC5/CAN_INT.c ****     void CAN_MsgTXIsr(void) 
 371:.\Generated_Source\PSoC5/CAN_INT.c ****     {
 372:.\Generated_Source\PSoC5/CAN_INT.c ****         /* Clear Transmit Message flag */
 373:.\Generated_Source\PSoC5/CAN_INT.c ****         CAN_INT_SR_REG.byte[1u] = CAN_TX_MESSAGE_MASK;
 374:.\Generated_Source\PSoC5/CAN_INT.c **** 
 375:.\Generated_Source\PSoC5/CAN_INT.c ****         /* `#START MESSAGE_TRANSMITTED_ISR` */
 376:.\Generated_Source\PSoC5/CAN_INT.c **** 
 377:.\Generated_Source\PSoC5/CAN_INT.c ****         /* `#END` */
 378:.\Generated_Source\PSoC5/CAN_INT.c **** 
 379:.\Generated_Source\PSoC5/CAN_INT.c ****         #ifdef CAN_MSG_TX_ISR_CALLBACK
 380:.\Generated_Source\PSoC5/CAN_INT.c ****             CAN_MsgTXIsr_Callback();
 381:.\Generated_Source\PSoC5/CAN_INT.c ****         #endif /* CAN_MSG_TX_ISR_CALLBACK */
 382:.\Generated_Source\PSoC5/CAN_INT.c ****     }
 383:.\Generated_Source\PSoC5/CAN_INT.c **** #endif /* CAN_TX_MESSAGE */
 384:.\Generated_Source\PSoC5/CAN_INT.c **** 
 385:.\Generated_Source\PSoC5/CAN_INT.c **** 
 386:.\Generated_Source\PSoC5/CAN_INT.c **** #if (CAN_RX_MESSAGE)
 387:.\Generated_Source\PSoC5/CAN_INT.c ****     /*******************************************************************************
 388:.\Generated_Source\PSoC5/CAN_INT.c ****     * FUNCTION NAME:   CAN_MsgRXIsr
 389:.\Generated_Source\PSoC5/CAN_INT.c ****     ********************************************************************************
 390:.\Generated_Source\PSoC5/CAN_INT.c ****     *
 391:.\Generated_Source\PSoC5/CAN_INT.c ****     * Summary:
 392:.\Generated_Source\PSoC5/CAN_INT.c ****     *  This function is entry point to Receive Message Interrupt. Clears Receive
 393:.\Generated_Source\PSoC5/CAN_INT.c ****     *  Message interrupt flag and call appropriate handlers for Basic and Full
 394:.\Generated_Source\PSoC5/CAN_INT.c ****     *  interrupt based mailboxes. Only generated if Receive Message Interrupt
 395:.\Generated_Source\PSoC5/CAN_INT.c ****     *  enable in Customizer. Recommended setting to enable this interrupt.
 396:.\Generated_Source\PSoC5/CAN_INT.c ****     *
ARM GAS  C:\Users\charl\AppData\Local\Temp\cchvguYk.s 			page 9


 397:.\Generated_Source\PSoC5/CAN_INT.c ****     * Parameters:
 398:.\Generated_Source\PSoC5/CAN_INT.c ****     *  None.
 399:.\Generated_Source\PSoC5/CAN_INT.c ****     *
 400:.\Generated_Source\PSoC5/CAN_INT.c ****     * Return:
 401:.\Generated_Source\PSoC5/CAN_INT.c ****     *  None.
 402:.\Generated_Source\PSoC5/CAN_INT.c ****     *
 403:.\Generated_Source\PSoC5/CAN_INT.c ****     *******************************************************************************/
 404:.\Generated_Source\PSoC5/CAN_INT.c ****     void CAN_MsgRXIsr(void) 
 405:.\Generated_Source\PSoC5/CAN_INT.c ****     {
  61              		.loc 1 405 0
  62              		.cfi_startproc
  63              		@ args = 0, pretend = 0, frame = 0
  64              		@ frame_needed = 0, uses_anonymous_args = 0
  65 0000 38B5     		push	{r3, r4, r5, lr}
  66              		.cfi_def_cfa_offset 16
  67              		.cfi_offset 3, -16
  68              		.cfi_offset 4, -12
  69              		.cfi_offset 5, -8
  70              		.cfi_offset 14, -4
  71              	.LVL2:
 406:.\Generated_Source\PSoC5/CAN_INT.c ****         uint8 mailboxNumber;
 407:.\Generated_Source\PSoC5/CAN_INT.c ****         uint16 shift = 0x01u;
 408:.\Generated_Source\PSoC5/CAN_INT.c **** 
 409:.\Generated_Source\PSoC5/CAN_INT.c ****         /* Clear Receive Message flag */
 410:.\Generated_Source\PSoC5/CAN_INT.c ****         CAN_INT_SR_REG.byte[1u] = CAN_RX_MESSAGE_MASK;
  72              		.loc 1 410 0
  73 0002 1022     		movs	r2, #16
  74 0004 1C4B     		ldr	r3, .L19
  75 0006 5A70     		strb	r2, [r3, #1]
  76              	.LVL3:
 407:.\Generated_Source\PSoC5/CAN_INT.c **** 
  77              		.loc 1 407 0
  78 0008 0125     		movs	r5, #1
 411:.\Generated_Source\PSoC5/CAN_INT.c **** 
 412:.\Generated_Source\PSoC5/CAN_INT.c ****         /* `#START MESSAGE_RECEIVE_ISR` */
 413:.\Generated_Source\PSoC5/CAN_INT.c **** 
 414:.\Generated_Source\PSoC5/CAN_INT.c ****         /* `#END` */
 415:.\Generated_Source\PSoC5/CAN_INT.c **** 
 416:.\Generated_Source\PSoC5/CAN_INT.c ****         #ifdef CAN_MSG_RX_ISR_CALLBACK
 417:.\Generated_Source\PSoC5/CAN_INT.c ****             CAN_MsgRXIsr_Callback();
 418:.\Generated_Source\PSoC5/CAN_INT.c ****         #endif /* CAN_MSG_RX_ISR_CALLBACK */
 419:.\Generated_Source\PSoC5/CAN_INT.c **** 
 420:.\Generated_Source\PSoC5/CAN_INT.c ****         for (mailboxNumber = 0u; mailboxNumber < CAN_NUMBER_OF_RX_MAILBOXES; mailboxNumber++)
  79              		.loc 1 420 0
  80 000a 0024     		movs	r4, #0
  81 000c 30E0     		b	.L6
  82              	.LVL4:
  83              	.L17:
 421:.\Generated_Source\PSoC5/CAN_INT.c ****         {
 422:.\Generated_Source\PSoC5/CAN_INT.c ****             if ((CY_GET_REG16((reg16 *) &CAN_BUF_SR_REG.byte[0u]) & shift) != 0u)
  84              		.loc 1 422 0
  85 000e 1B4B     		ldr	r3, .L19+4
  86 0010 1B88     		ldrh	r3, [r3]
  87 0012 1D42     		tst	r5, r3
  88 0014 28D0     		beq	.L7
 423:.\Generated_Source\PSoC5/CAN_INT.c ****             {
 424:.\Generated_Source\PSoC5/CAN_INT.c ****                 if ((CAN_RX[mailboxNumber].rxcmd.byte[0u] & CAN_RX_INT_ENABLE_MASK) != 0u)
ARM GAS  C:\Users\charl\AppData\Local\Temp\cchvguYk.s 			page 10


  89              		.loc 1 424 0
  90 0016 6301     		lsls	r3, r4, #5
  91 0018 194A     		ldr	r2, .L19+8
  92 001a 9B5C     		ldrb	r3, [r3, r2]	@ zero_extendqisi2
  93 001c 13F0200F 		tst	r3, #32
  94 0020 22D0     		beq	.L7
 425:.\Generated_Source\PSoC5/CAN_INT.c ****                 {
 426:.\Generated_Source\PSoC5/CAN_INT.c ****                     if ((CAN_RX_MAILBOX_TYPE & shift) != 0u)
  95              		.loc 1 426 0
  96 0022 15F07F0F 		tst	r5, #127
  97 0026 1CD0     		beq	.L8
 427:.\Generated_Source\PSoC5/CAN_INT.c ****                     {
 428:.\Generated_Source\PSoC5/CAN_INT.c ****                         /* RX Full mailboxes handler */
 429:.\Generated_Source\PSoC5/CAN_INT.c ****                         switch(mailboxNumber)
  98              		.loc 1 429 0
  99 0028 062C     		cmp	r4, #6
 100 002a 1DD8     		bhi	.L7
 101 002c DFE804F0 		tbb	[pc, r4]
 102              	.L10:
 103 0030 04       		.byte	(.L9-.L10)/2
 104 0031 07       		.byte	(.L11-.L10)/2
 105 0032 0A       		.byte	(.L12-.L10)/2
 106 0033 0D       		.byte	(.L13-.L10)/2
 107 0034 10       		.byte	(.L14-.L10)/2
 108 0035 13       		.byte	(.L15-.L10)/2
 109 0036 16       		.byte	(.L16-.L10)/2
 110 0037 00       		.p2align 1
 111              	.L9:
 430:.\Generated_Source\PSoC5/CAN_INT.c ****                         {
 431:.\Generated_Source\PSoC5/CAN_INT.c ****                             case 0u : CAN_ReceiveMsgInverter1();
 112              		.loc 1 431 0
 113 0038 FFF7FEFF 		bl	CAN_ReceiveMsgInverter1
 114              	.LVL5:
 432:.\Generated_Source\PSoC5/CAN_INT.c ****                             break;
 115              		.loc 1 432 0
 116 003c 14E0     		b	.L7
 117              	.L11:
 433:.\Generated_Source\PSoC5/CAN_INT.c ****                             case 1u : CAN_ReceiveMsgInverter2();
 118              		.loc 1 433 0
 119 003e FFF7FEFF 		bl	CAN_ReceiveMsgInverter2
 120              	.LVL6:
 434:.\Generated_Source\PSoC5/CAN_INT.c ****                             break;
 121              		.loc 1 434 0
 122 0042 11E0     		b	.L7
 123              	.L12:
 435:.\Generated_Source\PSoC5/CAN_INT.c ****                             case 2u : CAN_ReceiveMsgVMC30_1();
 124              		.loc 1 435 0
 125 0044 FFF7FEFF 		bl	CAN_ReceiveMsgVMC30_1
 126              	.LVL7:
 436:.\Generated_Source\PSoC5/CAN_INT.c ****                             break;
 127              		.loc 1 436 0
 128 0048 0EE0     		b	.L7
 129              	.L13:
 437:.\Generated_Source\PSoC5/CAN_INT.c ****                             case 3u : CAN_ReceiveMsgVMC30_2();
 130              		.loc 1 437 0
 131 004a FFF7FEFF 		bl	CAN_ReceiveMsgVMC30_2
 132              	.LVL8:
ARM GAS  C:\Users\charl\AppData\Local\Temp\cchvguYk.s 			page 11


 438:.\Generated_Source\PSoC5/CAN_INT.c ****                             break;
 133              		.loc 1 438 0
 134 004e 0BE0     		b	.L7
 135              	.L14:
 439:.\Generated_Source\PSoC5/CAN_INT.c ****                             case 4u : CAN_ReceiveMsgBMS1();
 136              		.loc 1 439 0
 137 0050 FFF7FEFF 		bl	CAN_ReceiveMsgBMS1
 138              	.LVL9:
 440:.\Generated_Source\PSoC5/CAN_INT.c ****                             break;
 139              		.loc 1 440 0
 140 0054 08E0     		b	.L7
 141              	.L15:
 441:.\Generated_Source\PSoC5/CAN_INT.c ****                             case 5u : CAN_ReceiveMsgVMC30_3();
 142              		.loc 1 441 0
 143 0056 FFF7FEFF 		bl	CAN_ReceiveMsgVMC30_3
 144              	.LVL10:
 442:.\Generated_Source\PSoC5/CAN_INT.c ****                             break;
 145              		.loc 1 442 0
 146 005a 05E0     		b	.L7
 147              	.L16:
 443:.\Generated_Source\PSoC5/CAN_INT.c ****                             case 6u : CAN_ReceiveMsgBMS2();
 148              		.loc 1 443 0
 149 005c FFF7FEFF 		bl	CAN_ReceiveMsgBMS2
 150              	.LVL11:
 444:.\Generated_Source\PSoC5/CAN_INT.c ****                             break;
 151              		.loc 1 444 0
 152 0060 02E0     		b	.L7
 153              	.L8:
 445:.\Generated_Source\PSoC5/CAN_INT.c ****                             default:
 446:.\Generated_Source\PSoC5/CAN_INT.c ****                             break;
 447:.\Generated_Source\PSoC5/CAN_INT.c ****                         }
 448:.\Generated_Source\PSoC5/CAN_INT.c ****                     }
 449:.\Generated_Source\PSoC5/CAN_INT.c ****                     else
 450:.\Generated_Source\PSoC5/CAN_INT.c ****                     {
 451:.\Generated_Source\PSoC5/CAN_INT.c ****                         /* RX Basic mailbox handler */
 452:.\Generated_Source\PSoC5/CAN_INT.c ****                         CAN_ReceiveMsg(mailboxNumber);
 154              		.loc 1 452 0
 155 0062 2046     		mov	r0, r4
 156 0064 FFF7FEFF 		bl	CAN_ReceiveMsg
 157              	.LVL12:
 158              	.L7:
 453:.\Generated_Source\PSoC5/CAN_INT.c ****                     }
 454:.\Generated_Source\PSoC5/CAN_INT.c ****                 }
 455:.\Generated_Source\PSoC5/CAN_INT.c ****             }
 456:.\Generated_Source\PSoC5/CAN_INT.c ****             shift <<= 1u;
 159              		.loc 1 456 0 discriminator 2
 160 0068 6D00     		lsls	r5, r5, #1
 161              	.LVL13:
 162 006a ADB2     		uxth	r5, r5
 163              	.LVL14:
 420:.\Generated_Source\PSoC5/CAN_INT.c ****         {
 164              		.loc 1 420 0 discriminator 2
 165 006c 0134     		adds	r4, r4, #1
 166              	.LVL15:
 167 006e E4B2     		uxtb	r4, r4
 168              	.LVL16:
 169              	.L6:
ARM GAS  C:\Users\charl\AppData\Local\Temp\cchvguYk.s 			page 12


 420:.\Generated_Source\PSoC5/CAN_INT.c ****         {
 170              		.loc 1 420 0 is_stmt 0 discriminator 1
 171 0070 0F2C     		cmp	r4, #15
 172 0072 CCD9     		bls	.L17
 457:.\Generated_Source\PSoC5/CAN_INT.c ****         }
 458:.\Generated_Source\PSoC5/CAN_INT.c ****     }
 173              		.loc 1 458 0 is_stmt 1
 174 0074 38BD     		pop	{r3, r4, r5, pc}
 175              	.LVL17:
 176              	.L20:
 177 0076 00BF     		.align	2
 178              	.L19:
 179 0078 00A00040 		.word	1073782784
 180 007c 08A00040 		.word	1073782792
 181 0080 A0A00040 		.word	1073782944
 182              		.cfi_endproc
 183              	.LFE1:
 184              		.size	CAN_MsgRXIsr, .-CAN_MsgRXIsr
 185              		.section	.text.CAN_ISR,"ax",%progbits
 186              		.align	2
 187              		.global	CAN_ISR
 188              		.thumb
 189              		.thumb_func
 190              		.type	CAN_ISR, %function
 191              	CAN_ISR:
 192              	.LFB2:
 459:.\Generated_Source\PSoC5/CAN_INT.c **** #endif /* CAN_RX_MESSAGE */
 460:.\Generated_Source\PSoC5/CAN_INT.c **** 
 461:.\Generated_Source\PSoC5/CAN_INT.c **** 
 462:.\Generated_Source\PSoC5/CAN_INT.c **** /*******************************************************************************
 463:.\Generated_Source\PSoC5/CAN_INT.c **** * Function Name: CAN_ISR
 464:.\Generated_Source\PSoC5/CAN_INT.c **** ********************************************************************************
 465:.\Generated_Source\PSoC5/CAN_INT.c **** *
 466:.\Generated_Source\PSoC5/CAN_INT.c **** * Summary:
 467:.\Generated_Source\PSoC5/CAN_INT.c **** *  This ISR is executed when CAN Core generates and interrupt on one of events:
 468:.\Generated_Source\PSoC5/CAN_INT.c **** *  Arb_lost, Overload, Bit_err, Stuff_err, Ack_err, Form_err, Crc_err,
 469:.\Generated_Source\PSoC5/CAN_INT.c **** *  Buss_off, Rx_msg_lost, Tx_msg or Rx_msg. The interrupt sources depends
 470:.\Generated_Source\PSoC5/CAN_INT.c **** *  on the Customizer inputs.
 471:.\Generated_Source\PSoC5/CAN_INT.c **** *
 472:.\Generated_Source\PSoC5/CAN_INT.c **** * Parameters:
 473:.\Generated_Source\PSoC5/CAN_INT.c **** *  None.
 474:.\Generated_Source\PSoC5/CAN_INT.c **** *
 475:.\Generated_Source\PSoC5/CAN_INT.c **** * Return:
 476:.\Generated_Source\PSoC5/CAN_INT.c **** *  None.
 477:.\Generated_Source\PSoC5/CAN_INT.c **** *
 478:.\Generated_Source\PSoC5/CAN_INT.c **** *******************************************************************************/
 479:.\Generated_Source\PSoC5/CAN_INT.c **** CY_ISR(CAN_ISR)
 480:.\Generated_Source\PSoC5/CAN_INT.c **** {
 193              		.loc 1 480 0
 194              		.cfi_startproc
 195              		@ args = 0, pretend = 0, frame = 0
 196              		@ frame_needed = 0, uses_anonymous_args = 0
 197 0000 08B5     		push	{r3, lr}
 198              		.cfi_def_cfa_offset 8
 199              		.cfi_offset 3, -8
 200              		.cfi_offset 14, -4
 481:.\Generated_Source\PSoC5/CAN_INT.c ****     #ifdef CAN_ISR_INTERRUPT_CALLBACK
ARM GAS  C:\Users\charl\AppData\Local\Temp\cchvguYk.s 			page 13


 482:.\Generated_Source\PSoC5/CAN_INT.c ****         CAN_ISR_InterruptCallback();
 483:.\Generated_Source\PSoC5/CAN_INT.c ****     #endif /* CAN_ISR_INTERRUPT_CALLBACK */
 484:.\Generated_Source\PSoC5/CAN_INT.c ****     
 485:.\Generated_Source\PSoC5/CAN_INT.c ****     /* Place your Interrupt code here. */
 486:.\Generated_Source\PSoC5/CAN_INT.c ****     /* `#START CAN_ISR` */
 487:.\Generated_Source\PSoC5/CAN_INT.c **** 
 488:.\Generated_Source\PSoC5/CAN_INT.c ****     /* `#END` */
 489:.\Generated_Source\PSoC5/CAN_INT.c ****     
 490:.\Generated_Source\PSoC5/CAN_INT.c ****     /* Arbitration */
 491:.\Generated_Source\PSoC5/CAN_INT.c ****     #if (CAN_ARB_LOST && (CAN_ARB_LOST_USE_HELPER || \
 492:.\Generated_Source\PSoC5/CAN_INT.c ****         (!CAN_ADVANCED_INTERRUPT_CFG)))
 493:.\Generated_Source\PSoC5/CAN_INT.c ****         if ((CAN_INT_SR_REG.byte[0u] & CAN_ARBITRATION_LOST_MASK) != 0u)
 494:.\Generated_Source\PSoC5/CAN_INT.c ****         {
 495:.\Generated_Source\PSoC5/CAN_INT.c ****             CAN_ArbLostIsr();
 496:.\Generated_Source\PSoC5/CAN_INT.c ****         }
 497:.\Generated_Source\PSoC5/CAN_INT.c ****     #endif /* CAN_ARB_LOST && CAN_ARB_LOST_USE_HELPER */
 498:.\Generated_Source\PSoC5/CAN_INT.c **** 
 499:.\Generated_Source\PSoC5/CAN_INT.c ****     /* Overload Error */
 500:.\Generated_Source\PSoC5/CAN_INT.c ****     #if (CAN_OVERLOAD && (CAN_OVERLOAD_USE_HELPER || \
 501:.\Generated_Source\PSoC5/CAN_INT.c ****         (!CAN_ADVANCED_INTERRUPT_CFG)))
 502:.\Generated_Source\PSoC5/CAN_INT.c ****         if ((CAN_INT_SR_REG.byte[0u] & CAN_OVERLOAD_ERROR_MASK) != 0u)
 503:.\Generated_Source\PSoC5/CAN_INT.c ****         {
 504:.\Generated_Source\PSoC5/CAN_INT.c ****             CAN_OvrLdErrorIsr();
 505:.\Generated_Source\PSoC5/CAN_INT.c ****         }
 506:.\Generated_Source\PSoC5/CAN_INT.c ****     #endif /* CAN_OVERLOAD && CAN_OVERLOAD_USE_HELPER */
 507:.\Generated_Source\PSoC5/CAN_INT.c **** 
 508:.\Generated_Source\PSoC5/CAN_INT.c ****     /* Bit Error */
 509:.\Generated_Source\PSoC5/CAN_INT.c ****     #if (CAN_BIT_ERR && (CAN_BIT_ERR_USE_HELPER || \
 510:.\Generated_Source\PSoC5/CAN_INT.c ****         (!CAN_ADVANCED_INTERRUPT_CFG)))
 511:.\Generated_Source\PSoC5/CAN_INT.c ****         if ((CAN_INT_SR_REG.byte[0u] & CAN_BIT_ERROR_MASK) != 0u)
 512:.\Generated_Source\PSoC5/CAN_INT.c ****         {
 513:.\Generated_Source\PSoC5/CAN_INT.c ****             CAN_BitErrorIsr();
 514:.\Generated_Source\PSoC5/CAN_INT.c ****         }
 515:.\Generated_Source\PSoC5/CAN_INT.c ****     #endif /* CAN_BIT_ERR && CAN_BIT_ERR_USE_HELPER */
 516:.\Generated_Source\PSoC5/CAN_INT.c **** 
 517:.\Generated_Source\PSoC5/CAN_INT.c ****     /* Bit Staff Error */
 518:.\Generated_Source\PSoC5/CAN_INT.c ****     #if (CAN_STUFF_ERR && (CAN_STUFF_ERR_USE_HELPER || \
 519:.\Generated_Source\PSoC5/CAN_INT.c ****         (!CAN_ADVANCED_INTERRUPT_CFG)))
 520:.\Generated_Source\PSoC5/CAN_INT.c ****         if ((CAN_INT_SR_REG.byte[0u] & CAN_STUFF_ERROR_MASK) != 0u)
 521:.\Generated_Source\PSoC5/CAN_INT.c ****         {
 522:.\Generated_Source\PSoC5/CAN_INT.c ****             CAN_BitStuffErrorIsr();
 523:.\Generated_Source\PSoC5/CAN_INT.c ****         }
 524:.\Generated_Source\PSoC5/CAN_INT.c ****     #endif /* CAN_STUFF_ERR && CAN_STUFF_ERR_USE_HELPER */
 525:.\Generated_Source\PSoC5/CAN_INT.c **** 
 526:.\Generated_Source\PSoC5/CAN_INT.c ****     /* ACK Error */
 527:.\Generated_Source\PSoC5/CAN_INT.c ****     #if (CAN_ACK_ERR && (CAN_ACK_ERR_USE_HELPER || \
 528:.\Generated_Source\PSoC5/CAN_INT.c ****         (!CAN_ADVANCED_INTERRUPT_CFG)))
 529:.\Generated_Source\PSoC5/CAN_INT.c ****         if ((CAN_INT_SR_REG.byte[0u] & CAN_ACK_ERROR_MASK) != 0u)
 530:.\Generated_Source\PSoC5/CAN_INT.c ****         {
 531:.\Generated_Source\PSoC5/CAN_INT.c ****             CAN_AckErrorIsr();
 532:.\Generated_Source\PSoC5/CAN_INT.c ****         }
 533:.\Generated_Source\PSoC5/CAN_INT.c ****     #endif /* CAN_ACK_ERR && CAN_ACK_ERR_USE_HELPER */
 534:.\Generated_Source\PSoC5/CAN_INT.c **** 
 535:.\Generated_Source\PSoC5/CAN_INT.c ****     /* Form(msg) Error */
 536:.\Generated_Source\PSoC5/CAN_INT.c ****     #if (CAN_FORM_ERR && (CAN_FORM_ERR_USE_HELPER || \
 537:.\Generated_Source\PSoC5/CAN_INT.c ****         (!CAN_ADVANCED_INTERRUPT_CFG)))
 538:.\Generated_Source\PSoC5/CAN_INT.c ****         if ((CAN_INT_SR_REG.byte[0u] & CAN_FORM_ERROR_MASK) != 0u)
ARM GAS  C:\Users\charl\AppData\Local\Temp\cchvguYk.s 			page 14


 539:.\Generated_Source\PSoC5/CAN_INT.c ****         {
 540:.\Generated_Source\PSoC5/CAN_INT.c ****             CAN_MsgErrorIsr();
 541:.\Generated_Source\PSoC5/CAN_INT.c ****         }
 542:.\Generated_Source\PSoC5/CAN_INT.c ****     #endif /* CAN_FORM_ERR && CAN_FORM_ERR_USE_HELPER */
 543:.\Generated_Source\PSoC5/CAN_INT.c **** 
 544:.\Generated_Source\PSoC5/CAN_INT.c ****     /* CRC Error */
 545:.\Generated_Source\PSoC5/CAN_INT.c ****     #if (CAN_CRC_ERR && (CAN_CRC_ERR_USE_HELPER || \
 546:.\Generated_Source\PSoC5/CAN_INT.c ****         (!CAN_ADVANCED_INTERRUPT_CFG)))
 547:.\Generated_Source\PSoC5/CAN_INT.c ****         if ((CAN_INT_SR_REG.byte[1u] & CAN_CRC_ERROR_MASK) != 0u)
 548:.\Generated_Source\PSoC5/CAN_INT.c ****         {
 549:.\Generated_Source\PSoC5/CAN_INT.c ****             CAN_CrcErrorIsr();
 550:.\Generated_Source\PSoC5/CAN_INT.c ****         }
 551:.\Generated_Source\PSoC5/CAN_INT.c ****     #endif /* CAN_CRC_ERR && CAN_CRC_ERR_USE_HELPER */
 552:.\Generated_Source\PSoC5/CAN_INT.c **** 
 553:.\Generated_Source\PSoC5/CAN_INT.c ****     /* Bus Off state */
 554:.\Generated_Source\PSoC5/CAN_INT.c ****     #if (CAN_BUS_OFF && (CAN_BUS_OFF_USE_HELPER || \
 555:.\Generated_Source\PSoC5/CAN_INT.c ****         (!CAN_ADVANCED_INTERRUPT_CFG)))
 556:.\Generated_Source\PSoC5/CAN_INT.c ****         if ((CAN_INT_SR_REG.byte[1u] & CAN_BUS_OFF_MASK) != 0u)
 201              		.loc 1 556 0
 202 0002 074B     		ldr	r3, .L25
 203 0004 5B78     		ldrb	r3, [r3, #1]	@ zero_extendqisi2
 204 0006 13F0020F 		tst	r3, #2
 205 000a 01D0     		beq	.L22
 557:.\Generated_Source\PSoC5/CAN_INT.c ****         {
 558:.\Generated_Source\PSoC5/CAN_INT.c ****             CAN_BusOffIsr();
 206              		.loc 1 558 0
 207 000c FFF7FEFF 		bl	CAN_BusOffIsr
 208              	.LVL18:
 209              	.L22:
 559:.\Generated_Source\PSoC5/CAN_INT.c ****         }
 560:.\Generated_Source\PSoC5/CAN_INT.c ****     #endif /* CAN_BUS_OFF && CAN_BUS_OFF_USE_HELPER */
 561:.\Generated_Source\PSoC5/CAN_INT.c **** 
 562:.\Generated_Source\PSoC5/CAN_INT.c ****     /* Message Lost */
 563:.\Generated_Source\PSoC5/CAN_INT.c ****     #if (CAN_RX_MSG_LOST && (CAN_RX_MSG_LOST_USE_HELPER || \
 564:.\Generated_Source\PSoC5/CAN_INT.c ****         (!CAN_ADVANCED_INTERRUPT_CFG)))
 565:.\Generated_Source\PSoC5/CAN_INT.c ****         if ((CAN_INT_SR_REG.byte[1u] & CAN_RX_MSG_LOST_MASK) != 0u)
 566:.\Generated_Source\PSoC5/CAN_INT.c ****         {
 567:.\Generated_Source\PSoC5/CAN_INT.c ****             CAN_MsgLostIsr();
 568:.\Generated_Source\PSoC5/CAN_INT.c ****         }
 569:.\Generated_Source\PSoC5/CAN_INT.c ****     #endif /* CAN_RX_MSG_LOST && CAN_RX_MSG_LOST_USE_HELPER */
 570:.\Generated_Source\PSoC5/CAN_INT.c **** 
 571:.\Generated_Source\PSoC5/CAN_INT.c ****     /* TX Message Send */
 572:.\Generated_Source\PSoC5/CAN_INT.c ****     #if (CAN_TX_MESSAGE && (CAN_TX_MESSAGE_USE_HELPER || \
 573:.\Generated_Source\PSoC5/CAN_INT.c ****         (!CAN_ADVANCED_INTERRUPT_CFG)))
 574:.\Generated_Source\PSoC5/CAN_INT.c ****         if ((CAN_INT_SR_REG.byte[1u] & CAN_TX_MESSAGE_MASK) != 0u)
 575:.\Generated_Source\PSoC5/CAN_INT.c ****         {
 576:.\Generated_Source\PSoC5/CAN_INT.c ****             CAN_MsgTXIsr();
 577:.\Generated_Source\PSoC5/CAN_INT.c ****         }
 578:.\Generated_Source\PSoC5/CAN_INT.c ****     #endif /* CAN_TX_MESSAGE && CAN_TX_MESSAGE_USE_HELPER */
 579:.\Generated_Source\PSoC5/CAN_INT.c **** 
 580:.\Generated_Source\PSoC5/CAN_INT.c ****     /* RX Message Available */
 581:.\Generated_Source\PSoC5/CAN_INT.c ****     #if (CAN_RX_MESSAGE && (CAN_RX_MESSAGE_USE_HELPER || \
 582:.\Generated_Source\PSoC5/CAN_INT.c ****         (!CAN_ADVANCED_INTERRUPT_CFG)))
 583:.\Generated_Source\PSoC5/CAN_INT.c ****         if ((CAN_INT_SR_REG.byte[1u] & CAN_RX_MESSAGE_MASK) != 0u)
 210              		.loc 1 583 0
 211 0010 034B     		ldr	r3, .L25
 212 0012 5B78     		ldrb	r3, [r3, #1]	@ zero_extendqisi2
ARM GAS  C:\Users\charl\AppData\Local\Temp\cchvguYk.s 			page 15


 213 0014 13F0100F 		tst	r3, #16
 214 0018 01D0     		beq	.L21
 584:.\Generated_Source\PSoC5/CAN_INT.c ****         {
 585:.\Generated_Source\PSoC5/CAN_INT.c ****             CAN_MsgRXIsr();
 215              		.loc 1 585 0
 216 001a FFF7FEFF 		bl	CAN_MsgRXIsr
 217              	.LVL19:
 218              	.L21:
 219 001e 08BD     		pop	{r3, pc}
 220              	.L26:
 221              		.align	2
 222              	.L25:
 223 0020 00A00040 		.word	1073782784
 224              		.cfi_endproc
 225              	.LFE2:
 226              		.size	CAN_ISR, .-CAN_ISR
 227              		.text
 228              	.Letext0:
 229              		.file 2 ".\\Generated_Source\\PSoC5\\cytypes.h"
 230              		.file 3 ".\\Generated_Source\\PSoC5\\CAN.h"
 231              		.section	.debug_info,"",%progbits
 232              	.Ldebug_info0:
 233 0000 C4020000 		.4byte	0x2c4
 234 0004 0400     		.2byte	0x4
 235 0006 00000000 		.4byte	.Ldebug_abbrev0
 236 000a 04       		.byte	0x4
 237 000b 01       		.uleb128 0x1
 238 000c 10010000 		.4byte	.LASF42
 239 0010 01       		.byte	0x1
 240 0011 DC020000 		.4byte	.LASF43
 241 0015 43020000 		.4byte	.LASF44
 242 0019 00000000 		.4byte	.Ldebug_ranges0+0
 243 001d 00000000 		.4byte	0
 244 0021 00000000 		.4byte	.Ldebug_line0
 245 0025 02       		.uleb128 0x2
 246 0026 01       		.byte	0x1
 247 0027 06       		.byte	0x6
 248 0028 0F030000 		.4byte	.LASF0
 249 002c 02       		.uleb128 0x2
 250 002d 01       		.byte	0x1
 251 002e 08       		.byte	0x8
 252 002f A5000000 		.4byte	.LASF1
 253 0033 02       		.uleb128 0x2
 254 0034 02       		.byte	0x2
 255 0035 05       		.byte	0x5
 256 0036 F2000000 		.4byte	.LASF2
 257 003a 02       		.uleb128 0x2
 258 003b 02       		.byte	0x2
 259 003c 07       		.byte	0x7
 260 003d 50000000 		.4byte	.LASF3
 261 0041 02       		.uleb128 0x2
 262 0042 04       		.byte	0x4
 263 0043 05       		.byte	0x5
 264 0044 06030000 		.4byte	.LASF4
 265 0048 02       		.uleb128 0x2
 266 0049 04       		.byte	0x4
 267 004a 07       		.byte	0x7
ARM GAS  C:\Users\charl\AppData\Local\Temp\cchvguYk.s 			page 16


 268 004b BD000000 		.4byte	.LASF5
 269 004f 02       		.uleb128 0x2
 270 0050 08       		.byte	0x8
 271 0051 05       		.byte	0x5
 272 0052 E6010000 		.4byte	.LASF6
 273 0056 02       		.uleb128 0x2
 274 0057 08       		.byte	0x8
 275 0058 07       		.byte	0x7
 276 0059 AB010000 		.4byte	.LASF7
 277 005d 03       		.uleb128 0x3
 278 005e 04       		.byte	0x4
 279 005f 05       		.byte	0x5
 280 0060 696E7400 		.ascii	"int\000"
 281 0064 02       		.uleb128 0x2
 282 0065 04       		.byte	0x4
 283 0066 07       		.byte	0x7
 284 0067 9E010000 		.4byte	.LASF8
 285 006b 04       		.uleb128 0x4
 286 006c CF000000 		.4byte	.LASF9
 287 0070 02       		.byte	0x2
 288 0071 9201     		.2byte	0x192
 289 0073 2C000000 		.4byte	0x2c
 290 0077 04       		.uleb128 0x4
 291 0078 FC000000 		.4byte	.LASF10
 292 007c 02       		.byte	0x2
 293 007d 9301     		.2byte	0x193
 294 007f 3A000000 		.4byte	0x3a
 295 0083 02       		.uleb128 0x2
 296 0084 04       		.byte	0x4
 297 0085 04       		.byte	0x4
 298 0086 9F000000 		.4byte	.LASF11
 299 008a 02       		.uleb128 0x2
 300 008b 08       		.byte	0x8
 301 008c 04       		.byte	0x4
 302 008d DD000000 		.4byte	.LASF12
 303 0091 02       		.uleb128 0x2
 304 0092 01       		.byte	0x1
 305 0093 08       		.byte	0x8
 306 0094 F4010000 		.4byte	.LASF13
 307 0098 04       		.uleb128 0x4
 308 0099 B8000000 		.4byte	.LASF14
 309 009d 02       		.byte	0x2
 310 009e 3C02     		.2byte	0x23c
 311 00a0 A4000000 		.4byte	0xa4
 312 00a4 05       		.uleb128 0x5
 313 00a5 6B000000 		.4byte	0x6b
 314 00a9 04       		.uleb128 0x4
 315 00aa 00000000 		.4byte	.LASF15
 316 00ae 02       		.byte	0x2
 317 00af 3D02     		.2byte	0x23d
 318 00b1 B5000000 		.4byte	0xb5
 319 00b5 05       		.uleb128 0x5
 320 00b6 77000000 		.4byte	0x77
 321 00ba 02       		.uleb128 0x2
 322 00bb 04       		.byte	0x4
 323 00bc 07       		.byte	0x7
 324 00bd D6010000 		.4byte	.LASF16
ARM GAS  C:\Users\charl\AppData\Local\Temp\cchvguYk.s 			page 17


 325 00c1 06       		.uleb128 0x6
 326 00c2 08       		.byte	0x8
 327 00c3 03       		.byte	0x3
 328 00c4 75       		.byte	0x75
 329 00c5 D6000000 		.4byte	0xd6
 330 00c9 07       		.uleb128 0x7
 331 00ca 63000000 		.4byte	.LASF18
 332 00ce 03       		.byte	0x3
 333 00cf 77       		.byte	0x77
 334 00d0 E6000000 		.4byte	0xe6
 335 00d4 00       		.byte	0
 336 00d5 00       		.byte	0
 337 00d6 08       		.uleb128 0x8
 338 00d7 98000000 		.4byte	0x98
 339 00db E6000000 		.4byte	0xe6
 340 00df 09       		.uleb128 0x9
 341 00e0 BA000000 		.4byte	0xba
 342 00e4 07       		.byte	0x7
 343 00e5 00       		.byte	0
 344 00e6 05       		.uleb128 0x5
 345 00e7 D6000000 		.4byte	0xd6
 346 00eb 0A       		.uleb128 0xa
 347 00ec 0C000000 		.4byte	.LASF17
 348 00f0 03       		.byte	0x3
 349 00f1 78       		.byte	0x78
 350 00f2 C1000000 		.4byte	0xc1
 351 00f6 06       		.uleb128 0x6
 352 00f7 04       		.byte	0x4
 353 00f8 03       		.byte	0x3
 354 00f9 7B       		.byte	0x7b
 355 00fa 0B010000 		.4byte	0x10b
 356 00fe 07       		.uleb128 0x7
 357 00ff 63000000 		.4byte	.LASF18
 358 0103 03       		.byte	0x3
 359 0104 7D       		.byte	0x7d
 360 0105 1B010000 		.4byte	0x11b
 361 0109 00       		.byte	0
 362 010a 00       		.byte	0
 363 010b 08       		.uleb128 0x8
 364 010c 98000000 		.4byte	0x98
 365 0110 1B010000 		.4byte	0x11b
 366 0114 09       		.uleb128 0x9
 367 0115 BA000000 		.4byte	0xba
 368 0119 03       		.byte	0x3
 369 011a 00       		.byte	0
 370 011b 05       		.uleb128 0x5
 371 011c 0B010000 		.4byte	0x10b
 372 0120 0A       		.uleb128 0xa
 373 0121 45000000 		.4byte	.LASF19
 374 0125 03       		.byte	0x3
 375 0126 7E       		.byte	0x7e
 376 0127 F6000000 		.4byte	0xf6
 377 012b 06       		.uleb128 0x6
 378 012c 20       		.byte	0x20
 379 012d 03       		.byte	0x3
 380 012e A0       		.byte	0xa0
 381 012f 88010000 		.4byte	0x188
ARM GAS  C:\Users\charl\AppData\Local\Temp\cchvguYk.s 			page 18


 382 0133 07       		.uleb128 0x7
 383 0134 D0010000 		.4byte	.LASF20
 384 0138 03       		.byte	0x3
 385 0139 A2       		.byte	0xa2
 386 013a 20010000 		.4byte	0x120
 387 013e 00       		.byte	0
 388 013f 07       		.uleb128 0x7
 389 0140 B3000000 		.4byte	.LASF21
 390 0144 03       		.byte	0x3
 391 0145 A3       		.byte	0xa3
 392 0146 20010000 		.4byte	0x120
 393 014a 04       		.byte	0x4
 394 014b 07       		.uleb128 0x7
 395 014c 68000000 		.4byte	.LASF22
 396 0150 03       		.byte	0x3
 397 0151 A4       		.byte	0xa4
 398 0152 EB000000 		.4byte	0xeb
 399 0156 08       		.byte	0x8
 400 0157 07       		.uleb128 0x7
 401 0158 31000000 		.4byte	.LASF23
 402 015c 03       		.byte	0x3
 403 015d A5       		.byte	0xa5
 404 015e 20010000 		.4byte	0x120
 405 0162 10       		.byte	0x10
 406 0163 07       		.uleb128 0x7
 407 0164 3D020000 		.4byte	.LASF24
 408 0168 03       		.byte	0x3
 409 0169 A6       		.byte	0xa6
 410 016a 20010000 		.4byte	0x120
 411 016e 14       		.byte	0x14
 412 016f 07       		.uleb128 0x7
 413 0170 DF010000 		.4byte	.LASF25
 414 0174 03       		.byte	0x3
 415 0175 A7       		.byte	0xa7
 416 0176 20010000 		.4byte	0x120
 417 017a 18       		.byte	0x18
 418 017b 07       		.uleb128 0x7
 419 017c FF020000 		.4byte	.LASF26
 420 0180 03       		.byte	0x3
 421 0181 A8       		.byte	0xa8
 422 0182 20010000 		.4byte	0x120
 423 0186 1C       		.byte	0x1c
 424 0187 00       		.byte	0
 425 0188 0A       		.uleb128 0xa
 426 0189 C2010000 		.4byte	.LASF27
 427 018d 03       		.byte	0x3
 428 018e A9       		.byte	0xa9
 429 018f 2B010000 		.4byte	0x12b
 430 0193 0B       		.uleb128 0xb
 431 0194 E4000000 		.4byte	.LASF28
 432 0198 01       		.byte	0x1
 433 0199 2801     		.2byte	0x128
 434 019b 00000000 		.4byte	.LFB0
 435 019f 18000000 		.4byte	.LFE0-.LFB0
 436 01a3 01       		.uleb128 0x1
 437 01a4 9C       		.byte	0x9c
 438 01a5 BC010000 		.4byte	0x1bc
ARM GAS  C:\Users\charl\AppData\Local\Temp\cchvguYk.s 			page 19


 439 01a9 0C       		.uleb128 0xc
 440 01aa 0C000000 		.4byte	.LVL0
 441 01ae 6B020000 		.4byte	0x26b
 442 01b2 0C       		.uleb128 0xc
 443 01b3 10000000 		.4byte	.LVL1
 444 01b7 76020000 		.4byte	0x276
 445 01bb 00       		.byte	0
 446 01bc 0B       		.uleb128 0xb
 447 01bd 03010000 		.4byte	.LASF29
 448 01c1 01       		.byte	0x1
 449 01c2 9401     		.2byte	0x194
 450 01c4 00000000 		.4byte	.LFB1
 451 01c8 84000000 		.4byte	.LFE1-.LFB1
 452 01cc 01       		.uleb128 0x1
 453 01cd 9C       		.byte	0x9c
 454 01ce 42020000 		.4byte	0x242
 455 01d2 0D       		.uleb128 0xd
 456 01d3 37000000 		.4byte	.LASF30
 457 01d7 01       		.byte	0x1
 458 01d8 9601     		.2byte	0x196
 459 01da 6B000000 		.4byte	0x6b
 460 01de 00000000 		.4byte	.LLST0
 461 01e2 0D       		.uleb128 0xd
 462 01e3 06000000 		.4byte	.LASF31
 463 01e7 01       		.byte	0x1
 464 01e8 9701     		.2byte	0x197
 465 01ea 77000000 		.4byte	0x77
 466 01ee 2A000000 		.4byte	.LLST1
 467 01f2 0C       		.uleb128 0xc
 468 01f3 3C000000 		.4byte	.LVL5
 469 01f7 81020000 		.4byte	0x281
 470 01fb 0C       		.uleb128 0xc
 471 01fc 42000000 		.4byte	.LVL6
 472 0200 89020000 		.4byte	0x289
 473 0204 0C       		.uleb128 0xc
 474 0205 48000000 		.4byte	.LVL7
 475 0209 91020000 		.4byte	0x291
 476 020d 0C       		.uleb128 0xc
 477 020e 4E000000 		.4byte	.LVL8
 478 0212 99020000 		.4byte	0x299
 479 0216 0C       		.uleb128 0xc
 480 0217 54000000 		.4byte	.LVL9
 481 021b A1020000 		.4byte	0x2a1
 482 021f 0C       		.uleb128 0xc
 483 0220 5A000000 		.4byte	.LVL10
 484 0224 A9020000 		.4byte	0x2a9
 485 0228 0C       		.uleb128 0xc
 486 0229 60000000 		.4byte	.LVL11
 487 022d B1020000 		.4byte	0x2b1
 488 0231 0E       		.uleb128 0xe
 489 0232 68000000 		.4byte	.LVL12
 490 0236 B9020000 		.4byte	0x2b9
 491 023a 0F       		.uleb128 0xf
 492 023b 01       		.uleb128 0x1
 493 023c 50       		.byte	0x50
 494 023d 02       		.uleb128 0x2
 495 023e 74       		.byte	0x74
ARM GAS  C:\Users\charl\AppData\Local\Temp\cchvguYk.s 			page 20


 496 023f 00       		.sleb128 0
 497 0240 00       		.byte	0
 498 0241 00       		.byte	0
 499 0242 0B       		.uleb128 0xb
 500 0243 D5000000 		.4byte	.LASF32
 501 0247 01       		.byte	0x1
 502 0248 DF01     		.2byte	0x1df
 503 024a 00000000 		.4byte	.LFB2
 504 024e 24000000 		.4byte	.LFE2-.LFB2
 505 0252 01       		.uleb128 0x1
 506 0253 9C       		.byte	0x9c
 507 0254 6B020000 		.4byte	0x26b
 508 0258 0C       		.uleb128 0xc
 509 0259 10000000 		.4byte	.LVL18
 510 025d 93010000 		.4byte	0x193
 511 0261 0C       		.uleb128 0xc
 512 0262 1E000000 		.4byte	.LVL19
 513 0266 BC010000 		.4byte	0x1bc
 514 026a 00       		.byte	0
 515 026b 10       		.uleb128 0x10
 516 026c 28020000 		.4byte	.LASF33
 517 0270 03       		.byte	0x3
 518 0271 C9       		.byte	0xc9
 519 0272 6B000000 		.4byte	0x6b
 520 0276 10       		.uleb128 0x10
 521 0277 F9010000 		.4byte	.LASF34
 522 027b 03       		.byte	0x3
 523 027c C6       		.byte	0xc6
 524 027d 6B000000 		.4byte	0x6b
 525 0281 11       		.uleb128 0x11
 526 0282 6F000000 		.4byte	.LASF35
 527 0286 03       		.byte	0x3
 528 0287 3501     		.2byte	0x135
 529 0289 11       		.uleb128 0x11
 530 028a 87000000 		.4byte	.LASF36
 531 028e 03       		.byte	0x3
 532 028f 3801     		.2byte	0x138
 533 0291 11       		.uleb128 0x11
 534 0292 1B000000 		.4byte	.LASF37
 535 0296 03       		.byte	0x3
 536 0297 3B01     		.2byte	0x13b
 537 0299 11       		.uleb128 0x11
 538 029a B0020000 		.4byte	.LASF38
 539 029e 03       		.byte	0x3
 540 029f 3E01     		.2byte	0x13e
 541 02a1 11       		.uleb128 0x11
 542 02a2 02020000 		.4byte	.LASF39
 543 02a6 03       		.byte	0x3
 544 02a7 4101     		.2byte	0x141
 545 02a9 11       		.uleb128 0x11
 546 02aa C6020000 		.4byte	.LASF40
 547 02ae 03       		.byte	0x3
 548 02af 4401     		.2byte	0x144
 549 02b1 11       		.uleb128 0x11
 550 02b2 15020000 		.4byte	.LASF41
 551 02b6 03       		.byte	0x3
 552 02b7 4701     		.2byte	0x147
ARM GAS  C:\Users\charl\AppData\Local\Temp\cchvguYk.s 			page 21


 553 02b9 12       		.uleb128 0x12
 554 02ba 1B030000 		.4byte	.LASF45
 555 02be 03       		.byte	0x3
 556 02bf 1A01     		.2byte	0x11a
 557 02c1 13       		.uleb128 0x13
 558 02c2 6B000000 		.4byte	0x6b
 559 02c6 00       		.byte	0
 560 02c7 00       		.byte	0
 561              		.section	.debug_abbrev,"",%progbits
 562              	.Ldebug_abbrev0:
 563 0000 01       		.uleb128 0x1
 564 0001 11       		.uleb128 0x11
 565 0002 01       		.byte	0x1
 566 0003 25       		.uleb128 0x25
 567 0004 0E       		.uleb128 0xe
 568 0005 13       		.uleb128 0x13
 569 0006 0B       		.uleb128 0xb
 570 0007 03       		.uleb128 0x3
 571 0008 0E       		.uleb128 0xe
 572 0009 1B       		.uleb128 0x1b
 573 000a 0E       		.uleb128 0xe
 574 000b 55       		.uleb128 0x55
 575 000c 17       		.uleb128 0x17
 576 000d 11       		.uleb128 0x11
 577 000e 01       		.uleb128 0x1
 578 000f 10       		.uleb128 0x10
 579 0010 17       		.uleb128 0x17
 580 0011 00       		.byte	0
 581 0012 00       		.byte	0
 582 0013 02       		.uleb128 0x2
 583 0014 24       		.uleb128 0x24
 584 0015 00       		.byte	0
 585 0016 0B       		.uleb128 0xb
 586 0017 0B       		.uleb128 0xb
 587 0018 3E       		.uleb128 0x3e
 588 0019 0B       		.uleb128 0xb
 589 001a 03       		.uleb128 0x3
 590 001b 0E       		.uleb128 0xe
 591 001c 00       		.byte	0
 592 001d 00       		.byte	0
 593 001e 03       		.uleb128 0x3
 594 001f 24       		.uleb128 0x24
 595 0020 00       		.byte	0
 596 0021 0B       		.uleb128 0xb
 597 0022 0B       		.uleb128 0xb
 598 0023 3E       		.uleb128 0x3e
 599 0024 0B       		.uleb128 0xb
 600 0025 03       		.uleb128 0x3
 601 0026 08       		.uleb128 0x8
 602 0027 00       		.byte	0
 603 0028 00       		.byte	0
 604 0029 04       		.uleb128 0x4
 605 002a 16       		.uleb128 0x16
 606 002b 00       		.byte	0
 607 002c 03       		.uleb128 0x3
 608 002d 0E       		.uleb128 0xe
 609 002e 3A       		.uleb128 0x3a
ARM GAS  C:\Users\charl\AppData\Local\Temp\cchvguYk.s 			page 22


 610 002f 0B       		.uleb128 0xb
 611 0030 3B       		.uleb128 0x3b
 612 0031 05       		.uleb128 0x5
 613 0032 49       		.uleb128 0x49
 614 0033 13       		.uleb128 0x13
 615 0034 00       		.byte	0
 616 0035 00       		.byte	0
 617 0036 05       		.uleb128 0x5
 618 0037 35       		.uleb128 0x35
 619 0038 00       		.byte	0
 620 0039 49       		.uleb128 0x49
 621 003a 13       		.uleb128 0x13
 622 003b 00       		.byte	0
 623 003c 00       		.byte	0
 624 003d 06       		.uleb128 0x6
 625 003e 13       		.uleb128 0x13
 626 003f 01       		.byte	0x1
 627 0040 0B       		.uleb128 0xb
 628 0041 0B       		.uleb128 0xb
 629 0042 3A       		.uleb128 0x3a
 630 0043 0B       		.uleb128 0xb
 631 0044 3B       		.uleb128 0x3b
 632 0045 0B       		.uleb128 0xb
 633 0046 01       		.uleb128 0x1
 634 0047 13       		.uleb128 0x13
 635 0048 00       		.byte	0
 636 0049 00       		.byte	0
 637 004a 07       		.uleb128 0x7
 638 004b 0D       		.uleb128 0xd
 639 004c 00       		.byte	0
 640 004d 03       		.uleb128 0x3
 641 004e 0E       		.uleb128 0xe
 642 004f 3A       		.uleb128 0x3a
 643 0050 0B       		.uleb128 0xb
 644 0051 3B       		.uleb128 0x3b
 645 0052 0B       		.uleb128 0xb
 646 0053 49       		.uleb128 0x49
 647 0054 13       		.uleb128 0x13
 648 0055 38       		.uleb128 0x38
 649 0056 0B       		.uleb128 0xb
 650 0057 00       		.byte	0
 651 0058 00       		.byte	0
 652 0059 08       		.uleb128 0x8
 653 005a 01       		.uleb128 0x1
 654 005b 01       		.byte	0x1
 655 005c 49       		.uleb128 0x49
 656 005d 13       		.uleb128 0x13
 657 005e 01       		.uleb128 0x1
 658 005f 13       		.uleb128 0x13
 659 0060 00       		.byte	0
 660 0061 00       		.byte	0
 661 0062 09       		.uleb128 0x9
 662 0063 21       		.uleb128 0x21
 663 0064 00       		.byte	0
 664 0065 49       		.uleb128 0x49
 665 0066 13       		.uleb128 0x13
 666 0067 2F       		.uleb128 0x2f
ARM GAS  C:\Users\charl\AppData\Local\Temp\cchvguYk.s 			page 23


 667 0068 0B       		.uleb128 0xb
 668 0069 00       		.byte	0
 669 006a 00       		.byte	0
 670 006b 0A       		.uleb128 0xa
 671 006c 16       		.uleb128 0x16
 672 006d 00       		.byte	0
 673 006e 03       		.uleb128 0x3
 674 006f 0E       		.uleb128 0xe
 675 0070 3A       		.uleb128 0x3a
 676 0071 0B       		.uleb128 0xb
 677 0072 3B       		.uleb128 0x3b
 678 0073 0B       		.uleb128 0xb
 679 0074 49       		.uleb128 0x49
 680 0075 13       		.uleb128 0x13
 681 0076 00       		.byte	0
 682 0077 00       		.byte	0
 683 0078 0B       		.uleb128 0xb
 684 0079 2E       		.uleb128 0x2e
 685 007a 01       		.byte	0x1
 686 007b 3F       		.uleb128 0x3f
 687 007c 19       		.uleb128 0x19
 688 007d 03       		.uleb128 0x3
 689 007e 0E       		.uleb128 0xe
 690 007f 3A       		.uleb128 0x3a
 691 0080 0B       		.uleb128 0xb
 692 0081 3B       		.uleb128 0x3b
 693 0082 05       		.uleb128 0x5
 694 0083 27       		.uleb128 0x27
 695 0084 19       		.uleb128 0x19
 696 0085 11       		.uleb128 0x11
 697 0086 01       		.uleb128 0x1
 698 0087 12       		.uleb128 0x12
 699 0088 06       		.uleb128 0x6
 700 0089 40       		.uleb128 0x40
 701 008a 18       		.uleb128 0x18
 702 008b 9742     		.uleb128 0x2117
 703 008d 19       		.uleb128 0x19
 704 008e 01       		.uleb128 0x1
 705 008f 13       		.uleb128 0x13
 706 0090 00       		.byte	0
 707 0091 00       		.byte	0
 708 0092 0C       		.uleb128 0xc
 709 0093 898201   		.uleb128 0x4109
 710 0096 00       		.byte	0
 711 0097 11       		.uleb128 0x11
 712 0098 01       		.uleb128 0x1
 713 0099 31       		.uleb128 0x31
 714 009a 13       		.uleb128 0x13
 715 009b 00       		.byte	0
 716 009c 00       		.byte	0
 717 009d 0D       		.uleb128 0xd
 718 009e 34       		.uleb128 0x34
 719 009f 00       		.byte	0
 720 00a0 03       		.uleb128 0x3
 721 00a1 0E       		.uleb128 0xe
 722 00a2 3A       		.uleb128 0x3a
 723 00a3 0B       		.uleb128 0xb
ARM GAS  C:\Users\charl\AppData\Local\Temp\cchvguYk.s 			page 24


 724 00a4 3B       		.uleb128 0x3b
 725 00a5 05       		.uleb128 0x5
 726 00a6 49       		.uleb128 0x49
 727 00a7 13       		.uleb128 0x13
 728 00a8 02       		.uleb128 0x2
 729 00a9 17       		.uleb128 0x17
 730 00aa 00       		.byte	0
 731 00ab 00       		.byte	0
 732 00ac 0E       		.uleb128 0xe
 733 00ad 898201   		.uleb128 0x4109
 734 00b0 01       		.byte	0x1
 735 00b1 11       		.uleb128 0x11
 736 00b2 01       		.uleb128 0x1
 737 00b3 31       		.uleb128 0x31
 738 00b4 13       		.uleb128 0x13
 739 00b5 00       		.byte	0
 740 00b6 00       		.byte	0
 741 00b7 0F       		.uleb128 0xf
 742 00b8 8A8201   		.uleb128 0x410a
 743 00bb 00       		.byte	0
 744 00bc 02       		.uleb128 0x2
 745 00bd 18       		.uleb128 0x18
 746 00be 9142     		.uleb128 0x2111
 747 00c0 18       		.uleb128 0x18
 748 00c1 00       		.byte	0
 749 00c2 00       		.byte	0
 750 00c3 10       		.uleb128 0x10
 751 00c4 2E       		.uleb128 0x2e
 752 00c5 00       		.byte	0
 753 00c6 3F       		.uleb128 0x3f
 754 00c7 19       		.uleb128 0x19
 755 00c8 03       		.uleb128 0x3
 756 00c9 0E       		.uleb128 0xe
 757 00ca 3A       		.uleb128 0x3a
 758 00cb 0B       		.uleb128 0xb
 759 00cc 3B       		.uleb128 0x3b
 760 00cd 0B       		.uleb128 0xb
 761 00ce 27       		.uleb128 0x27
 762 00cf 19       		.uleb128 0x19
 763 00d0 49       		.uleb128 0x49
 764 00d1 13       		.uleb128 0x13
 765 00d2 3C       		.uleb128 0x3c
 766 00d3 19       		.uleb128 0x19
 767 00d4 00       		.byte	0
 768 00d5 00       		.byte	0
 769 00d6 11       		.uleb128 0x11
 770 00d7 2E       		.uleb128 0x2e
 771 00d8 00       		.byte	0
 772 00d9 3F       		.uleb128 0x3f
 773 00da 19       		.uleb128 0x19
 774 00db 03       		.uleb128 0x3
 775 00dc 0E       		.uleb128 0xe
 776 00dd 3A       		.uleb128 0x3a
 777 00de 0B       		.uleb128 0xb
 778 00df 3B       		.uleb128 0x3b
 779 00e0 05       		.uleb128 0x5
 780 00e1 27       		.uleb128 0x27
ARM GAS  C:\Users\charl\AppData\Local\Temp\cchvguYk.s 			page 25


 781 00e2 19       		.uleb128 0x19
 782 00e3 3C       		.uleb128 0x3c
 783 00e4 19       		.uleb128 0x19
 784 00e5 00       		.byte	0
 785 00e6 00       		.byte	0
 786 00e7 12       		.uleb128 0x12
 787 00e8 2E       		.uleb128 0x2e
 788 00e9 01       		.byte	0x1
 789 00ea 3F       		.uleb128 0x3f
 790 00eb 19       		.uleb128 0x19
 791 00ec 03       		.uleb128 0x3
 792 00ed 0E       		.uleb128 0xe
 793 00ee 3A       		.uleb128 0x3a
 794 00ef 0B       		.uleb128 0xb
 795 00f0 3B       		.uleb128 0x3b
 796 00f1 05       		.uleb128 0x5
 797 00f2 27       		.uleb128 0x27
 798 00f3 19       		.uleb128 0x19
 799 00f4 3C       		.uleb128 0x3c
 800 00f5 19       		.uleb128 0x19
 801 00f6 00       		.byte	0
 802 00f7 00       		.byte	0
 803 00f8 13       		.uleb128 0x13
 804 00f9 05       		.uleb128 0x5
 805 00fa 00       		.byte	0
 806 00fb 49       		.uleb128 0x49
 807 00fc 13       		.uleb128 0x13
 808 00fd 00       		.byte	0
 809 00fe 00       		.byte	0
 810 00ff 00       		.byte	0
 811              		.section	.debug_loc,"",%progbits
 812              	.Ldebug_loc0:
 813              	.LLST0:
 814 0000 08000000 		.4byte	.LVL3
 815 0004 0E000000 		.4byte	.LVL4
 816 0008 0200     		.2byte	0x2
 817 000a 30       		.byte	0x30
 818 000b 9F       		.byte	0x9f
 819 000c 0E000000 		.4byte	.LVL4
 820 0010 6E000000 		.4byte	.LVL15
 821 0014 0100     		.2byte	0x1
 822 0016 54       		.byte	0x54
 823 0017 70000000 		.4byte	.LVL16
 824 001b 76000000 		.4byte	.LVL17
 825 001f 0100     		.2byte	0x1
 826 0021 54       		.byte	0x54
 827 0022 00000000 		.4byte	0
 828 0026 00000000 		.4byte	0
 829              	.LLST1:
 830 002a 02000000 		.4byte	.LVL2
 831 002e 0E000000 		.4byte	.LVL4
 832 0032 0200     		.2byte	0x2
 833 0034 31       		.byte	0x31
 834 0035 9F       		.byte	0x9f
 835 0036 0E000000 		.4byte	.LVL4
 836 003a 6A000000 		.4byte	.LVL13
 837 003e 0100     		.2byte	0x1
ARM GAS  C:\Users\charl\AppData\Local\Temp\cchvguYk.s 			page 26


 838 0040 55       		.byte	0x55
 839 0041 6C000000 		.4byte	.LVL14
 840 0045 76000000 		.4byte	.LVL17
 841 0049 0100     		.2byte	0x1
 842 004b 55       		.byte	0x55
 843 004c 00000000 		.4byte	0
 844 0050 00000000 		.4byte	0
 845              		.section	.debug_aranges,"",%progbits
 846 0000 2C000000 		.4byte	0x2c
 847 0004 0200     		.2byte	0x2
 848 0006 00000000 		.4byte	.Ldebug_info0
 849 000a 04       		.byte	0x4
 850 000b 00       		.byte	0
 851 000c 0000     		.2byte	0
 852 000e 0000     		.2byte	0
 853 0010 00000000 		.4byte	.LFB0
 854 0014 18000000 		.4byte	.LFE0-.LFB0
 855 0018 00000000 		.4byte	.LFB1
 856 001c 84000000 		.4byte	.LFE1-.LFB1
 857 0020 00000000 		.4byte	.LFB2
 858 0024 24000000 		.4byte	.LFE2-.LFB2
 859 0028 00000000 		.4byte	0
 860 002c 00000000 		.4byte	0
 861              		.section	.debug_ranges,"",%progbits
 862              	.Ldebug_ranges0:
 863 0000 00000000 		.4byte	.LFB0
 864 0004 18000000 		.4byte	.LFE0
 865 0008 00000000 		.4byte	.LFB1
 866 000c 84000000 		.4byte	.LFE1
 867 0010 00000000 		.4byte	.LFB2
 868 0014 24000000 		.4byte	.LFE2
 869 0018 00000000 		.4byte	0
 870 001c 00000000 		.4byte	0
 871              		.section	.debug_line,"",%progbits
 872              	.Ldebug_line0:
 873 0000 C1000000 		.section	.debug_str,"MS",%progbits,1
 873      02004F00 
 873      00000201 
 873      FB0E0D00 
 873      01010101 
 874              	.LASF15:
 875 0000 72656731 		.ascii	"reg16\000"
 875      3600
 876              	.LASF31:
 877 0006 73686966 		.ascii	"shift\000"
 877      7400
 878              	.LASF17:
 879 000c 43414E5F 		.ascii	"CAN_DATA_BYTES\000"
 879      44415441 
 879      5F425954 
 879      455300
 880              	.LASF37:
 881 001b 43414E5F 		.ascii	"CAN_ReceiveMsgVMC30_1\000"
 881      52656365 
 881      6976654D 
 881      7367564D 
 881      4333305F 
ARM GAS  C:\Users\charl\AppData\Local\Temp\cchvguYk.s 			page 27


 882              	.LASF23:
 883 0031 7278616D 		.ascii	"rxamr\000"
 883      7200
 884              	.LASF30:
 885 0037 6D61696C 		.ascii	"mailboxNumber\000"
 885      626F784E 
 885      756D6265 
 885      7200
 886              	.LASF19:
 887 0045 43414E5F 		.ascii	"CAN_REG_32\000"
 887      5245475F 
 887      333200
 888              	.LASF3:
 889 0050 73686F72 		.ascii	"short unsigned int\000"
 889      7420756E 
 889      7369676E 
 889      65642069 
 889      6E7400
 890              	.LASF18:
 891 0063 62797465 		.ascii	"byte\000"
 891      00
 892              	.LASF22:
 893 0068 72786461 		.ascii	"rxdata\000"
 893      746100
 894              	.LASF35:
 895 006f 43414E5F 		.ascii	"CAN_ReceiveMsgInverter1\000"
 895      52656365 
 895      6976654D 
 895      7367496E 
 895      76657274 
 896              	.LASF36:
 897 0087 43414E5F 		.ascii	"CAN_ReceiveMsgInverter2\000"
 897      52656365 
 897      6976654D 
 897      7367496E 
 897      76657274 
 898              	.LASF11:
 899 009f 666C6F61 		.ascii	"float\000"
 899      7400
 900              	.LASF1:
 901 00a5 756E7369 		.ascii	"unsigned char\000"
 901      676E6564 
 901      20636861 
 901      7200
 902              	.LASF21:
 903 00b3 72786964 		.ascii	"rxid\000"
 903      00
 904              	.LASF14:
 905 00b8 72656738 		.ascii	"reg8\000"
 905      00
 906              	.LASF5:
 907 00bd 6C6F6E67 		.ascii	"long unsigned int\000"
 907      20756E73 
 907      69676E65 
 907      6420696E 
 907      7400
 908              	.LASF9:
ARM GAS  C:\Users\charl\AppData\Local\Temp\cchvguYk.s 			page 28


 909 00cf 75696E74 		.ascii	"uint8\000"
 909      3800
 910              	.LASF32:
 911 00d5 43414E5F 		.ascii	"CAN_ISR\000"
 911      49535200 
 912              	.LASF12:
 913 00dd 646F7562 		.ascii	"double\000"
 913      6C6500
 914              	.LASF28:
 915 00e4 43414E5F 		.ascii	"CAN_BusOffIsr\000"
 915      4275734F 
 915      66664973 
 915      7200
 916              	.LASF2:
 917 00f2 73686F72 		.ascii	"short int\000"
 917      7420696E 
 917      7400
 918              	.LASF10:
 919 00fc 75696E74 		.ascii	"uint16\000"
 919      313600
 920              	.LASF29:
 921 0103 43414E5F 		.ascii	"CAN_MsgRXIsr\000"
 921      4D736752 
 921      58497372 
 921      00
 922              	.LASF42:
 923 0110 474E5520 		.ascii	"GNU C 4.9.3 20150303 (release) [ARM/embedded-4_9-br"
 923      4320342E 
 923      392E3320 
 923      32303135 
 923      30333033 
 924 0143 616E6368 		.ascii	"anch revision 221220] -mcpu=cortex-m3 -mthumb -g -O"
 924      20726576 
 924      6973696F 
 924      6E203232 
 924      31323230 
 925 0176 67202D66 		.ascii	"g -ffunction-sections -ffat-lto-objects\000"
 925      66756E63 
 925      74696F6E 
 925      2D736563 
 925      74696F6E 
 926              	.LASF8:
 927 019e 756E7369 		.ascii	"unsigned int\000"
 927      676E6564 
 927      20696E74 
 927      00
 928              	.LASF7:
 929 01ab 6C6F6E67 		.ascii	"long long unsigned int\000"
 929      206C6F6E 
 929      6720756E 
 929      7369676E 
 929      65642069 
 930              	.LASF27:
 931 01c2 43414E5F 		.ascii	"CAN_RX_STRUCT\000"
 931      52585F53 
 931      54525543 
 931      5400
ARM GAS  C:\Users\charl\AppData\Local\Temp\cchvguYk.s 			page 29


 932              	.LASF20:
 933 01d0 7278636D 		.ascii	"rxcmd\000"
 933      6400
 934              	.LASF16:
 935 01d6 73697A65 		.ascii	"sizetype\000"
 935      74797065 
 935      00
 936              	.LASF25:
 937 01df 7278616D 		.ascii	"rxamrd\000"
 937      726400
 938              	.LASF6:
 939 01e6 6C6F6E67 		.ascii	"long long int\000"
 939      206C6F6E 
 939      6720696E 
 939      7400
 940              	.LASF13:
 941 01f4 63686172 		.ascii	"char\000"
 941      00
 942              	.LASF34:
 943 01f9 43414E5F 		.ascii	"CAN_Stop\000"
 943      53746F70 
 943      00
 944              	.LASF39:
 945 0202 43414E5F 		.ascii	"CAN_ReceiveMsgBMS1\000"
 945      52656365 
 945      6976654D 
 945      7367424D 
 945      533100
 946              	.LASF41:
 947 0215 43414E5F 		.ascii	"CAN_ReceiveMsgBMS2\000"
 947      52656365 
 947      6976654D 
 947      7367424D 
 947      533200
 948              	.LASF33:
 949 0228 43414E5F 		.ascii	"CAN_GlobalIntDisable\000"
 949      476C6F62 
 949      616C496E 
 949      74446973 
 949      61626C65 
 950              	.LASF24:
 951 023d 72786163 		.ascii	"rxacr\000"
 951      7200
 952              	.LASF44:
 953 0243 433A5C55 		.ascii	"C:\\Users\\charl\\Documents\\GitHub\\VTM17_Dash_7se"
 953      73657273 
 953      5C636861 
 953      726C5C44 
 953      6F63756D 
 954 0271 675C5654 		.ascii	"g\\VTM17_Dash_7SEG\\VTM17_Display_7seg\\VTM17E_Disp"
 954      4D31375F 
 954      44617368 
 954      5F375345 
 954      475C5654 
 955 02a1 6C61795F 		.ascii	"lay_7seg.cydsn\000"
 955      37736567 
 955      2E637964 
ARM GAS  C:\Users\charl\AppData\Local\Temp\cchvguYk.s 			page 30


 955      736E00
 956              	.LASF38:
 957 02b0 43414E5F 		.ascii	"CAN_ReceiveMsgVMC30_2\000"
 957      52656365 
 957      6976654D 
 957      7367564D 
 957      4333305F 
 958              	.LASF40:
 959 02c6 43414E5F 		.ascii	"CAN_ReceiveMsgVMC30_3\000"
 959      52656365 
 959      6976654D 
 959      7367564D 
 959      4333305F 
 960              	.LASF43:
 961 02dc 2E5C4765 		.ascii	".\\Generated_Source\\PSoC5\\CAN_INT.c\000"
 961      6E657261 
 961      7465645F 
 961      536F7572 
 961      63655C50 
 962              	.LASF26:
 963 02ff 72786163 		.ascii	"rxacrd\000"
 963      726400
 964              	.LASF4:
 965 0306 6C6F6E67 		.ascii	"long int\000"
 965      20696E74 
 965      00
 966              	.LASF0:
 967 030f 7369676E 		.ascii	"signed char\000"
 967      65642063 
 967      68617200 
 968              	.LASF45:
 969 031b 43414E5F 		.ascii	"CAN_ReceiveMsg\000"
 969      52656365 
 969      6976654D 
 969      736700
 970              		.ident	"GCC: (GNU Tools for ARM Embedded Processors) 4.9.3 20150303 (release) [ARM/embedded-4_9-br
