ARM GAS  C:\Users\charl\AppData\Local\Temp\ccZfkm8N.s 			page 1


   1              		.syntax unified
   2              		.cpu cortex-m3
   3              		.fpu softvfp
   4              		.eabi_attribute 20, 1
   5              		.eabi_attribute 21, 1
   6              		.eabi_attribute 23, 3
   7              		.eabi_attribute 24, 1
   8              		.eabi_attribute 25, 1
   9              		.eabi_attribute 26, 1
  10              		.eabi_attribute 30, 1
  11              		.eabi_attribute 34, 1
  12              		.eabi_attribute 18, 4
  13              		.thumb
  14              		.file	"main.c"
  15              		.text
  16              	.Ltext0:
  17              		.cfi_sections	.debug_frame
  18              		.section	.text.main,"ax",%progbits
  19              		.align	2
  20              		.global	main
  21              		.thumb
  22              		.thumb_func
  23              		.type	main, %function
  24              	main:
  25              	.LFB63:
  26              		.file 1 ".\\main.c"
   1:.\main.c      **** /*******************************************************************************
   2:.\main.c      **** * File Name: main.c  
   3:.\main.c      **** * Version 1.0
   4:.\main.c      **** *
   5:.\main.c      **** * Description:
   6:.\main.c      **** *  REFER TO "PSOC PIN INFO.xlsx" in 2017\Electrical\VTM17Display for info on row/column assignments
   7:.\main.c      **** *   
   8:.\main.c      **** *
   9:.\main.c      **** *******************************************************************************
  10:.\main.c      **** * Copyright 2013, Cypress Semiconductor Corporation.  All rights reserved.
  11:.\main.c      **** * You may use this file only in accordance with the license, terms, conditions, 
  12:.\main.c      **** * disclaimers, and limitations in the end user license agreement accompanying 
  13:.\main.c      **** * the software package with which this file was provided.
  14:.\main.c      **** ********************************************************************************/
  15:.\main.c      **** 
  16:.\main.c      **** #include <device.h>
  17:.\main.c      **** #include <stdio.h>
  18:.\main.c      **** #include "Dash_Funcs.h"
  19:.\main.c      **** 
  20:.\main.c      **** //#define PWM_PULSE_WIDTH_STEP        (10u)
  21:.\main.c      **** //#define SWITCH_PRESSED              (0u)
  22:.\main.c      **** //#define PWM_MESSAGE_ID              (0x1AAu)
  23:.\main.c      **** //#define PWM_MESSAGE_IDE             (0u)    /* Standard message */
  24:.\main.c      **** //#define PWM_MESSAGE_IRQ             (0u)    /* No transmit IRQ */
  25:.\main.c      **** //#define PWM_MESSAGE_RTR             (0u)    /* No RTR */
  26:.\main.c      **** //#define CAN_RX_MAILBOX_0_SHIFT      (1u)
  27:.\main.c      **** //#define CAN_RX_MAILBOX_1_SHIFT      (2u)
  28:.\main.c      **** //#define DATA_SIZE                   (6u)
  29:.\main.c      **** //#define ONE_BYTE_OFFSET             (8u)
  30:.\main.c      **** 
  31:.\main.c      **** //Global Variables
ARM GAS  C:\Users\charl\AppData\Local\Temp\ccZfkm8N.s 			page 2


  32:.\main.c      **** /* Global variables used to store configuration and data for BASIC CAN mailbox */
  33:.\main.c      **** CAN_DATA_BYTES_MSG dataPWM;
  34:.\main.c      **** CAN_TX_MSG messagePWM;
  35:.\main.c      **** 
  36:.\main.c      **** //Global Variables for storage of data
  37:.\main.c      **** signed short motorSpeed;
  38:.\main.c      **** unsigned short nodeStatus;
  39:.\main.c      **** double nodeDCVoltage;
  40:.\main.c      **** unsigned short rmsMotorCurrent;
  41:.\main.c      **** unsigned short heatSinkTemp;
  42:.\main.c      **** unsigned short motorTemp;
  43:.\main.c      **** unsigned short dcCurrent;
  44:.\main.c      **** unsigned short voltageAngle;
  45:.\main.c      **** unsigned short vmc30State;
  46:.\main.c      **** unsigned short steeringFiltered;
  47:.\main.c      **** unsigned short throttleFiltered;
  48:.\main.c      **** unsigned short errorBits;
  49:.\main.c      **** unsigned short commandWord;
  50:.\main.c      **** unsigned short commandCurrent;
  51:.\main.c      **** unsigned short accelCurrentLimit;
  52:.\main.c      **** signed short decelCurrentLimit;
  53:.\main.c      **** unsigned short bmsCCL;
  54:.\main.c      **** signed short bmsDCL;
  55:.\main.c      **** unsigned short bmsHighTemp;
  56:.\main.c      **** signed short bmsPackCurrent;
  57:.\main.c      **** unsigned short regen1;
  58:.\main.c      **** unsigned short regen2;
  59:.\main.c      **** unsigned short throttlePercent;
  60:.\main.c      **** unsigned short brakePercent;
  61:.\main.c      **** unsigned short cellID;
  62:.\main.c      **** unsigned short instVoltage;
  63:.\main.c      **** unsigned short openVoltage;
  64:.\main.c      **** unsigned short checkSum;
  65:.\main.c      **** 
  66:.\main.c      **** //Global Variables for message interfacing 
  67:.\main.c      **** uint RXMessage0[8];
  68:.\main.c      **** uint RXMessage1[8];
  69:.\main.c      **** uint RXMessage2[8];
  70:.\main.c      **** uint RXMessage3[8];
  71:.\main.c      **** uint RXMessage4[8];
  72:.\main.c      **** uint RXMessage5[8];
  73:.\main.c      **** uint RXMessage6[8];
  74:.\main.c      **** uint RXFlag0 = 0;
  75:.\main.c      **** uint RXFlag1 = 0;
  76:.\main.c      **** uint RXFlag2 = 0;
  77:.\main.c      **** uint RXFlag3 = 0;
  78:.\main.c      **** uint RXFlag4 = 0;
  79:.\main.c      **** uint RXFlag5 = 0;
  80:.\main.c      **** uint RXFlag6 = 0;
  81:.\main.c      **** uint RXDLC = 0;
  82:.\main.c      **** uint DispUpdate = 0;
  83:.\main.c      **** 
  84:.\main.c      **** 
  85:.\main.c      **** //typedef enum{
  86:.\main.c      **** //    Drive, Diag
  87:.\main.c      **** //
  88:.\main.c      **** //}STATE;
ARM GAS  C:\Users\charl\AppData\Local\Temp\ccZfkm8N.s 			page 3


  89:.\main.c      **** 
  90:.\main.c      **** extern STATE state;
  91:.\main.c      **** extern STATE PrevState;
  92:.\main.c      **** 
  93:.\main.c      **** //Shift Light Variables
  94:.\main.c      **** int FlashCounter = 0;
  95:.\main.c      **** int FlashFreq = 5000;
  96:.\main.c      **** int OffsetFlash = 0;
  97:.\main.c      **** 
  98:.\main.c      **** /* Global variable used to store receive message mailbox number */
  99:.\main.c      **** volatile uint8 receiveMailboxNumber = 0xFFu;
 100:.\main.c      **** 
 101:.\main.c      **** 
 102:.\main.c      **** int main()
 103:.\main.c      **** {
  27              		.loc 1 103 0
  28              		.cfi_startproc
  29              		@ args = 0, pretend = 0, frame = 0
  30              		@ frame_needed = 0, uses_anonymous_args = 0
  31 0000 10B5     		push	{r4, lr}
  32              		.cfi_def_cfa_offset 8
  33              		.cfi_offset 4, -8
  34              		.cfi_offset 14, -4
  35              	.LVL0:
 104:.\main.c      ****     //Parameters
 105:.\main.c      ****     int BrightGear = 120;
 106:.\main.c      ****     int Bright4Dig = 255;
 107:.\main.c      ****     
 108:.\main.c      ****     //Variables
 109:.\main.c      ****     int PageButton = 0;
 110:.\main.c      ****     int ReadyToDisplay = 1;
 111:.\main.c      ****     int count = 0;
 112:.\main.c      ****     int wait = 0;
 113:.\main.c      ****     int StillPressed = 0;
 114:.\main.c      ****     
 115:.\main.c      ****     //Test variable sets
 116:.\main.c      ****     nodeDCVoltage = 0;
  36              		.loc 1 116 0
  37 0002 0020     		movs	r0, #0
  38 0004 0021     		movs	r1, #0
  39 0006 2E4B     		ldr	r3, .L11
  40 0008 C3E90001 		strd	r0, [r3]
 117:.\main.c      ****     throttleFiltered = 0;
  41              		.loc 1 117 0
  42 000c 0024     		movs	r4, #0
  43 000e 2D4B     		ldr	r3, .L11+4
  44 0010 1C80     		strh	r4, [r3]	@ movhi
 118:.\main.c      ****     motorSpeed = 0;
  45              		.loc 1 118 0
  46 0012 2D4B     		ldr	r3, .L11+8
  47 0014 1C80     		strh	r4, [r3]	@ movhi
  48              	.LVL1:
 119:.\main.c      ****     int Left = 8;
 120:.\main.c      ****     int Right = 9;
 121:.\main.c      ****     int Direction = 1; //1 is up 0 is down
 122:.\main.c      ****     
 123:.\main.c      ****    // int PrevState = 1;//is this needed?
ARM GAS  C:\Users\charl\AppData\Local\Temp\ccZfkm8N.s 			page 4


 124:.\main.c      ****     
 125:.\main.c      ****     CyGlobalIntEnable; //Enable global interrupts
  49              		.loc 1 125 0
  50              	@ 125 ".\main.c" 1
  51 0016 62B6     		CPSIE   i
  52              	@ 0 "" 2
 126:.\main.c      ****     //Start CAN
 127:.\main.c      ****     CAN_Init();
  53              		.loc 1 127 0
  54              		.thumb
  55 0018 FFF7FEFF 		bl	CAN_Init
  56              	.LVL2:
 128:.\main.c      ****     CAN_Start();
  57              		.loc 1 128 0
  58 001c FFF7FEFF 		bl	CAN_Start
  59              	.LVL3:
 129:.\main.c      ****     
 130:.\main.c      ****     //Start LED Drivers
 131:.\main.c      ****     LED_Driver_LRBWS_Start();
  60              		.loc 1 131 0
  61 0020 FFF7FEFF 		bl	LED_Driver_LRBWS_Start
  62              	.LVL4:
 132:.\main.c      ****     LED_Driver_Gear_Start();
  63              		.loc 1 132 0
  64 0024 FFF7FEFF 		bl	LED_Driver_Gear_Start
  65              	.LVL5:
 133:.\main.c      ****     state = Drive;
  66              		.loc 1 133 0
  67 0028 284B     		ldr	r3, .L11+12
  68 002a 1C70     		strb	r4, [r3]
 134:.\main.c      ****     PrevState = state;
  69              		.loc 1 134 0
  70 002c 284B     		ldr	r3, .L11+16
  71 002e 1C70     		strb	r4, [r3]
 135:.\main.c      ****     
 136:.\main.c      ****     Brightness(Bright4Dig, BrightGear); //Set initial Brightness
  72              		.loc 1 136 0
  73 0030 FF20     		movs	r0, #255
  74 0032 7821     		movs	r1, #120
  75 0034 FFF7FEFF 		bl	Brightness
  76              	.LVL6:
 137:.\main.c      ****     int i = 0;
 138:.\main.c      ****         for(i = 8; i <= 17; i++)
  77              		.loc 1 138 0
  78 0038 0824     		movs	r4, #8
  79 003a 04E0     		b	.L2
  80              	.LVL7:
  81              	.L3:
 139:.\main.c      ****         {
 140:.\main.c      ****         LED_Driver_LRBWS_SetRC(i,4);
  82              		.loc 1 140 0 discriminator 3
  83 003c E0B2     		uxtb	r0, r4
  84 003e 0421     		movs	r1, #4
  85 0040 FFF7FEFF 		bl	LED_Driver_LRBWS_SetRC
  86              	.LVL8:
 138:.\main.c      ****         {
  87              		.loc 1 138 0 discriminator 3
ARM GAS  C:\Users\charl\AppData\Local\Temp\ccZfkm8N.s 			page 5


  88 0044 0134     		adds	r4, r4, #1
  89              	.LVL9:
  90              	.L2:
 138:.\main.c      ****         {
  91              		.loc 1 138 0 is_stmt 0 discriminator 1
  92 0046 112C     		cmp	r4, #17
  93 0048 F8DD     		ble	.L3
  94 004a 0024     		movs	r4, #0
  95              	.LVL10:
  96              	.L9:
 141:.\main.c      ****         }    
 142:.\main.c      ****     
 143:.\main.c      **** 	for(;;)
 144:.\main.c      ****     {   
 145:.\main.c      ****         //The following if statement items are for testing only, remove when display is on vehicle.
 146:.\main.c      ****         //FIXME
 147:.\main.c      **** //        if(wait == 500)
 148:.\main.c      **** //        {
 149:.\main.c      **** //            motorTemp++;
 150:.\main.c      **** //            count++;    
 151:.\main.c      **** //            nodeDCVoltage = nodeDCVoltage+0.01;
 152:.\main.c      **** //            wait = 0;
 153:.\main.c      **** //            //TEST ITEMS
 154:.\main.c      **** //            //Toggle Shift LEDS
 155:.\main.c      **** //            if(Direction == 1)
 156:.\main.c      **** //                motorSpeed = motorSpeed+10;
 157:.\main.c      **** //            else if(Direction == 0)
 158:.\main.c      **** //                motorSpeed = motorSpeed -10;
 159:.\main.c      **** //            
 160:.\main.c      **** //            if(motorSpeed > 10000)
 161:.\main.c      **** //                Direction = 0;
 162:.\main.c      **** //            else if(motorSpeed <6500)
 163:.\main.c      **** //                Direction = 1;           
 164:.\main.c      **** //        }
 165:.\main.c      **** //        wait++;
 166:.\main.c      **** //        if(count == 10)
 167:.\main.c      **** //        {
 168:.\main.c      **** //            count = 0;
 169:.\main.c      **** //        }
 170:.\main.c      ****         if(RXFlag0 || RXFlag1 || RXFlag2 || RXFlag3 || RXFlag4 || RXFlag5 || RXFlag6) //If any data
  97              		.loc 1 170 0 is_stmt 1
  98 004c 214B     		ldr	r3, .L11+20
  99 004e 1B68     		ldr	r3, [r3]
 100 0050 8BB9     		cbnz	r3, .L4
 101              		.loc 1 170 0 is_stmt 0 discriminator 1
 102 0052 204B     		ldr	r3, .L11+20
 103 0054 5B68     		ldr	r3, [r3, #4]
 104 0056 73B9     		cbnz	r3, .L4
 105              		.loc 1 170 0 discriminator 2
 106 0058 1E4B     		ldr	r3, .L11+20
 107 005a 9B68     		ldr	r3, [r3, #8]
 108 005c 5BB9     		cbnz	r3, .L4
 109              		.loc 1 170 0 discriminator 3
 110 005e 1D4B     		ldr	r3, .L11+20
 111 0060 DB68     		ldr	r3, [r3, #12]
 112 0062 43B9     		cbnz	r3, .L4
 113              		.loc 1 170 0 discriminator 4
ARM GAS  C:\Users\charl\AppData\Local\Temp\ccZfkm8N.s 			page 6


 114 0064 1B4B     		ldr	r3, .L11+20
 115 0066 1B69     		ldr	r3, [r3, #16]
 116 0068 2BB9     		cbnz	r3, .L4
 117              		.loc 1 170 0 discriminator 5
 118 006a 1A4B     		ldr	r3, .L11+20
 119 006c 5B69     		ldr	r3, [r3, #20]
 120 006e 13B9     		cbnz	r3, .L4
 121              		.loc 1 170 0 discriminator 6
 122 0070 184B     		ldr	r3, .L11+20
 123 0072 9B69     		ldr	r3, [r3, #24]
 124 0074 53B1     		cbz	r3, .L5
 125              	.L4:
 171:.\main.c      ****         {
 172:.\main.c      ****             //Parse Data
 173:.\main.c      ****             ParseCAN();
 126              		.loc 1 173 0 is_stmt 1
 127 0076 FFF7FEFF 		bl	ParseCAN
 128              	.LVL11:
 174:.\main.c      ****             //Reset flags, ready for next round of data    
 175:.\main.c      ****             RXFlag0 =0;
 129              		.loc 1 175 0
 130 007a 164B     		ldr	r3, .L11+20
 131 007c 0022     		movs	r2, #0
 132 007e 1A60     		str	r2, [r3]
 176:.\main.c      ****             RXFlag1 =0;
 133              		.loc 1 176 0
 134 0080 5A60     		str	r2, [r3, #4]
 177:.\main.c      ****             RXFlag2 =0;
 135              		.loc 1 177 0
 136 0082 9A60     		str	r2, [r3, #8]
 178:.\main.c      ****             RXFlag3 =0;
 137              		.loc 1 178 0
 138 0084 DA60     		str	r2, [r3, #12]
 179:.\main.c      ****             RXFlag4 =0;
 139              		.loc 1 179 0
 140 0086 1A61     		str	r2, [r3, #16]
 180:.\main.c      ****             RXFlag5 =0;
 141              		.loc 1 180 0
 142 0088 5A61     		str	r2, [r3, #20]
 181:.\main.c      ****             RXFlag6 =0;
 143              		.loc 1 181 0
 144 008a 9A61     		str	r2, [r3, #24]
 145              	.L5:
 182:.\main.c      ****             ReadyToDisplay = 1; 
 183:.\main.c      ****         }
 184:.\main.c      ****         switch(state)
 146              		.loc 1 184 0
 147 008c 0F4B     		ldr	r3, .L11+12
 148 008e 1B78     		ldrb	r3, [r3]	@ zero_extendqisi2
 149 0090 13B1     		cbz	r3, .L7
 150 0092 012B     		cmp	r3, #1
 151 0094 08D0     		beq	.L8
 152 0096 0EE0     		b	.L6
 153              	.L7:
 185:.\main.c      ****         {
 186:.\main.c      ****         case Drive: //Display items needed for driving
 187:.\main.c      ****             if(ReadyToDisplay == 1)
ARM GAS  C:\Users\charl\AppData\Local\Temp\ccZfkm8N.s 			page 7


 188:.\main.c      ****             {
 189:.\main.c      ****                 DriveUpdate(0);
 154              		.loc 1 189 0
 155 0098 0020     		movs	r0, #0
 156 009a FFF7FEFF 		bl	DriveUpdate
 157              	.LVL12:
 190:.\main.c      ****                 ReadyToDisplay = 1; 
 191:.\main.c      ****                 ShiftLights();
 158              		.loc 1 191 0
 159 009e FFF7FEFF 		bl	ShiftLights
 160              	.LVL13:
 192:.\main.c      ****                 WarningLights();
 161              		.loc 1 192 0
 162 00a2 FFF7FEFF 		bl	WarningLights
 163              	.LVL14:
 164 00a6 06E0     		b	.L6
 165              	.L8:
 193:.\main.c      ****             }
 194:.\main.c      ****             break;
 195:.\main.c      ****         case Diag: //Display values wanted for diagnostic work
 196:.\main.c      ****             if(ReadyToDisplay == 1)
 197:.\main.c      ****             {
 198:.\main.c      ****                 DiagUpdate(0);
 166              		.loc 1 198 0
 167 00a8 0020     		movs	r0, #0
 168 00aa FFF7FEFF 		bl	DiagUpdate
 169              	.LVL15:
 199:.\main.c      ****                 ShiftLights();
 170              		.loc 1 199 0
 171 00ae FFF7FEFF 		bl	ShiftLights
 172              	.LVL16:
 200:.\main.c      ****                 WarningLights();
 173              		.loc 1 200 0
 174 00b2 FFF7FEFF 		bl	WarningLights
 175              	.LVL17:
 176              	.L6:
 201:.\main.c      ****                 ReadyToDisplay = 1;
 202:.\main.c      ****             }
 203:.\main.c      ****             break;
 204:.\main.c      ****         }
 205:.\main.c      ****         StillPressed = SwitchButtonCheck(StillPressed);
 177              		.loc 1 205 0
 178 00b6 2046     		mov	r0, r4
 179 00b8 FFF7FEFF 		bl	SwitchButtonCheck
 180              	.LVL18:
 181 00bc 0446     		mov	r4, r0
 182              	.LVL19:
 206:.\main.c      ****     }  
 183              		.loc 1 206 0
 184 00be C5E7     		b	.L9
 185              	.L12:
 186              		.align	2
 187              	.L11:
 188 00c0 00000000 		.word	nodeDCVoltage
 189 00c4 00000000 		.word	throttleFiltered
 190 00c8 00000000 		.word	motorSpeed
 191 00cc 00000000 		.word	state
ARM GAS  C:\Users\charl\AppData\Local\Temp\ccZfkm8N.s 			page 8


 192 00d0 00000000 		.word	PrevState
 193 00d4 00000000 		.word	.LANCHOR0
 194              		.cfi_endproc
 195              	.LFE63:
 196              		.size	main, .-main
 197              		.global	receiveMailboxNumber
 198              		.global	OffsetFlash
 199              		.global	FlashFreq
 200              		.global	FlashCounter
 201              		.global	DispUpdate
 202              		.global	RXDLC
 203              		.global	RXFlag6
 204              		.global	RXFlag5
 205              		.global	RXFlag4
 206              		.global	RXFlag3
 207              		.global	RXFlag2
 208              		.global	RXFlag1
 209              		.global	RXFlag0
 210              		.comm	RXMessage6,32,4
 211              		.comm	RXMessage5,32,4
 212              		.comm	RXMessage4,32,4
 213              		.comm	RXMessage3,32,4
 214              		.comm	RXMessage2,32,4
 215              		.comm	RXMessage1,32,4
 216              		.comm	RXMessage0,32,4
 217              		.comm	checkSum,2,2
 218              		.comm	openVoltage,2,2
 219              		.comm	instVoltage,2,2
 220              		.comm	cellID,2,2
 221              		.comm	brakePercent,2,2
 222              		.comm	throttlePercent,2,2
 223              		.comm	regen2,2,2
 224              		.comm	regen1,2,2
 225              		.comm	bmsPackCurrent,2,2
 226              		.comm	bmsHighTemp,2,2
 227              		.comm	bmsDCL,2,2
 228              		.comm	bmsCCL,2,2
 229              		.comm	decelCurrentLimit,2,2
 230              		.comm	accelCurrentLimit,2,2
 231              		.comm	commandCurrent,2,2
 232              		.comm	commandWord,2,2
 233              		.comm	errorBits,2,2
 234              		.comm	throttleFiltered,2,2
 235              		.comm	steeringFiltered,2,2
 236              		.comm	vmc30State,2,2
 237              		.comm	voltageAngle,2,2
 238              		.comm	dcCurrent,2,2
 239              		.comm	motorTemp,2,2
 240              		.comm	heatSinkTemp,2,2
 241              		.comm	rmsMotorCurrent,2,2
 242              		.comm	nodeDCVoltage,8,8
 243              		.comm	nodeStatus,2,2
 244              		.comm	motorSpeed,2,2
 245              		.comm	messagePWM,12,4
 246              		.comm	dataPWM,8,4
 247              		.comm	PrevState,1,1
 248              		.comm	state,1,1
ARM GAS  C:\Users\charl\AppData\Local\Temp\ccZfkm8N.s 			page 9


 249              		.data
 250              		.align	2
 251              		.type	receiveMailboxNumber, %object
 252              		.size	receiveMailboxNumber, 1
 253              	receiveMailboxNumber:
 254 0000 FF       		.byte	-1
 255 0001 000000   		.space	3
 256              		.type	FlashFreq, %object
 257              		.size	FlashFreq, 4
 258              	FlashFreq:
 259 0004 88130000 		.word	5000
 260              		.bss
 261              		.align	2
 262              		.set	.LANCHOR0,. + 0
 263              		.type	RXFlag0, %object
 264              		.size	RXFlag0, 4
 265              	RXFlag0:
 266 0000 00000000 		.space	4
 267              		.type	RXFlag1, %object
 268              		.size	RXFlag1, 4
 269              	RXFlag1:
 270 0004 00000000 		.space	4
 271              		.type	RXFlag2, %object
 272              		.size	RXFlag2, 4
 273              	RXFlag2:
 274 0008 00000000 		.space	4
 275              		.type	RXFlag3, %object
 276              		.size	RXFlag3, 4
 277              	RXFlag3:
 278 000c 00000000 		.space	4
 279              		.type	RXFlag4, %object
 280              		.size	RXFlag4, 4
 281              	RXFlag4:
 282 0010 00000000 		.space	4
 283              		.type	RXFlag5, %object
 284              		.size	RXFlag5, 4
 285              	RXFlag5:
 286 0014 00000000 		.space	4
 287              		.type	RXFlag6, %object
 288              		.size	RXFlag6, 4
 289              	RXFlag6:
 290 0018 00000000 		.space	4
 291              		.type	OffsetFlash, %object
 292              		.size	OffsetFlash, 4
 293              	OffsetFlash:
 294 001c 00000000 		.space	4
 295              		.type	FlashCounter, %object
 296              		.size	FlashCounter, 4
 297              	FlashCounter:
 298 0020 00000000 		.space	4
 299              		.type	DispUpdate, %object
 300              		.size	DispUpdate, 4
 301              	DispUpdate:
 302 0024 00000000 		.space	4
 303              		.type	RXDLC, %object
 304              		.size	RXDLC, 4
 305              	RXDLC:
ARM GAS  C:\Users\charl\AppData\Local\Temp\ccZfkm8N.s 			page 10


 306 0028 00000000 		.space	4
 307              		.text
 308              	.Letext0:
 309              		.file 2 "c:\\program files (x86)\\cypress\\psoc creator\\3.3\\psoc creator\\import\\gnu\\arm\\4.9.
 310              		.file 3 "c:\\program files (x86)\\cypress\\psoc creator\\3.3\\psoc creator\\import\\gnu\\arm\\4.9.
 311              		.file 4 "Generated_Source\\PSoC5/cytypes.h"
 312              		.file 5 "Generated_Source\\PSoC5/CAN.h"
 313              		.file 6 "c:\\program files (x86)\\cypress\\psoc creator\\3.3\\psoc creator\\import\\gnu\\arm\\4.9.
 314              		.file 7 ".\\Dash_Funcs.h"
 315              		.file 8 "Generated_Source\\PSoC5/core_cm3.h"
 316              		.file 9 "Generated_Source\\PSoC5/LED_Driver_LRBWS.h"
 317              		.file 10 "Generated_Source\\PSoC5/LED_Driver_Gear.h"
 318              		.section	.debug_info,"",%progbits
 319              	.Ldebug_info0:
 320 0000 26070000 		.4byte	0x726
 321 0004 0400     		.2byte	0x4
 322 0006 00000000 		.4byte	.Ldebug_abbrev0
 323 000a 04       		.byte	0x4
 324 000b 01       		.uleb128 0x1
 325 000c 61030000 		.4byte	.LASF99
 326 0010 01       		.byte	0x1
 327 0011 C5040000 		.4byte	.LASF100
 328 0015 00000000 		.4byte	.LASF101
 329 0019 00000000 		.4byte	.Ldebug_ranges0+0
 330 001d 00000000 		.4byte	0
 331 0021 00000000 		.4byte	.Ldebug_line0
 332 0025 02       		.uleb128 0x2
 333 0026 01       		.byte	0x1
 334 0027 06       		.byte	0x6
 335 0028 92010000 		.4byte	.LASF0
 336 002c 02       		.uleb128 0x2
 337 002d 01       		.byte	0x1
 338 002e 08       		.byte	0x8
 339 002f 8D020000 		.4byte	.LASF1
 340 0033 02       		.uleb128 0x2
 341 0034 02       		.byte	0x2
 342 0035 05       		.byte	0x5
 343 0036 E4000000 		.4byte	.LASF2
 344 003a 02       		.uleb128 0x2
 345 003b 02       		.byte	0x2
 346 003c 07       		.byte	0x7
 347 003d 35030000 		.4byte	.LASF3
 348 0041 03       		.uleb128 0x3
 349 0042 CE040000 		.4byte	.LASF9
 350 0046 02       		.byte	0x2
 351 0047 3F       		.byte	0x3f
 352 0048 4C000000 		.4byte	0x4c
 353 004c 02       		.uleb128 0x2
 354 004d 04       		.byte	0x4
 355 004e 05       		.byte	0x5
 356 004f E4010000 		.4byte	.LASF4
 357 0053 02       		.uleb128 0x2
 358 0054 04       		.byte	0x4
 359 0055 07       		.byte	0x7
 360 0056 66040000 		.4byte	.LASF5
 361 005a 02       		.uleb128 0x2
 362 005b 08       		.byte	0x8
ARM GAS  C:\Users\charl\AppData\Local\Temp\ccZfkm8N.s 			page 11


 363 005c 05       		.byte	0x5
 364 005d B5010000 		.4byte	.LASF6
 365 0061 02       		.uleb128 0x2
 366 0062 08       		.byte	0x8
 367 0063 07       		.byte	0x7
 368 0064 C4020000 		.4byte	.LASF7
 369 0068 04       		.uleb128 0x4
 370 0069 04       		.byte	0x4
 371 006a 05       		.byte	0x5
 372 006b 696E7400 		.ascii	"int\000"
 373 006f 02       		.uleb128 0x2
 374 0070 04       		.byte	0x4
 375 0071 07       		.byte	0x7
 376 0072 E4020000 		.4byte	.LASF8
 377 0076 03       		.uleb128 0x3
 378 0077 BC020000 		.4byte	.LASF10
 379 007b 03       		.byte	0x3
 380 007c 2C       		.byte	0x2c
 381 007d 41000000 		.4byte	0x41
 382 0081 05       		.uleb128 0x5
 383 0082 81010000 		.4byte	.LASF11
 384 0086 04       		.byte	0x4
 385 0087 9201     		.2byte	0x192
 386 0089 2C000000 		.4byte	0x2c
 387 008d 05       		.uleb128 0x5
 388 008e 5F040000 		.4byte	.LASF12
 389 0092 04       		.byte	0x4
 390 0093 9401     		.2byte	0x194
 391 0095 53000000 		.4byte	0x53
 392 0099 02       		.uleb128 0x2
 393 009a 04       		.byte	0x4
 394 009b 04       		.byte	0x4
 395 009c 9E010000 		.4byte	.LASF13
 396 00a0 02       		.uleb128 0x2
 397 00a1 08       		.byte	0x8
 398 00a2 04       		.byte	0x4
 399 00a3 83040000 		.4byte	.LASF14
 400 00a7 02       		.uleb128 0x2
 401 00a8 01       		.byte	0x1
 402 00a9 08       		.byte	0x8
 403 00aa 5C030000 		.4byte	.LASF15
 404 00ae 06       		.uleb128 0x6
 405 00af 81000000 		.4byte	0x81
 406 00b3 02       		.uleb128 0x2
 407 00b4 04       		.byte	0x4
 408 00b5 07       		.byte	0x7
 409 00b6 0D010000 		.4byte	.LASF16
 410 00ba 07       		.uleb128 0x7
 411 00bb 08       		.byte	0x8
 412 00bc 05       		.byte	0x5
 413 00bd 6F       		.byte	0x6f
 414 00be CF000000 		.4byte	0xcf
 415 00c2 08       		.uleb128 0x8
 416 00c3 5F020000 		.4byte	.LASF18
 417 00c7 05       		.byte	0x5
 418 00c8 71       		.byte	0x71
 419 00c9 CF000000 		.4byte	0xcf
ARM GAS  C:\Users\charl\AppData\Local\Temp\ccZfkm8N.s 			page 12


 420 00cd 00       		.byte	0
 421 00ce 00       		.byte	0
 422 00cf 09       		.uleb128 0x9
 423 00d0 81000000 		.4byte	0x81
 424 00d4 DF000000 		.4byte	0xdf
 425 00d8 0A       		.uleb128 0xa
 426 00d9 B3000000 		.4byte	0xb3
 427 00dd 07       		.byte	0x7
 428 00de 00       		.byte	0
 429 00df 03       		.uleb128 0x3
 430 00e0 08030000 		.4byte	.LASF17
 431 00e4 05       		.byte	0x5
 432 00e5 72       		.byte	0x72
 433 00e6 BA000000 		.4byte	0xba
 434 00ea 07       		.uleb128 0x7
 435 00eb 0C       		.byte	0xc
 436 00ec 05       		.byte	0x5
 437 00ed 81       		.byte	0x81
 438 00ee 3A010000 		.4byte	0x13a
 439 00f2 0B       		.uleb128 0xb
 440 00f3 696400   		.ascii	"id\000"
 441 00f6 05       		.byte	0x5
 442 00f7 83       		.byte	0x83
 443 00f8 8D000000 		.4byte	0x8d
 444 00fc 00       		.byte	0
 445 00fd 0B       		.uleb128 0xb
 446 00fe 72747200 		.ascii	"rtr\000"
 447 0102 05       		.byte	0x5
 448 0103 84       		.byte	0x84
 449 0104 81000000 		.4byte	0x81
 450 0108 04       		.byte	0x4
 451 0109 0B       		.uleb128 0xb
 452 010a 69646500 		.ascii	"ide\000"
 453 010e 05       		.byte	0x5
 454 010f 85       		.byte	0x85
 455 0110 81000000 		.4byte	0x81
 456 0114 05       		.byte	0x5
 457 0115 0B       		.uleb128 0xb
 458 0116 646C6300 		.ascii	"dlc\000"
 459 011a 05       		.byte	0x5
 460 011b 86       		.byte	0x86
 461 011c 81000000 		.4byte	0x81
 462 0120 06       		.byte	0x6
 463 0121 0B       		.uleb128 0xb
 464 0122 69727100 		.ascii	"irq\000"
 465 0126 05       		.byte	0x5
 466 0127 87       		.byte	0x87
 467 0128 81000000 		.4byte	0x81
 468 012c 07       		.byte	0x7
 469 012d 0B       		.uleb128 0xb
 470 012e 6D736700 		.ascii	"msg\000"
 471 0132 05       		.byte	0x5
 472 0133 8B       		.byte	0x8b
 473 0134 3A010000 		.4byte	0x13a
 474 0138 08       		.byte	0x8
 475 0139 00       		.byte	0
 476 013a 0C       		.uleb128 0xc
ARM GAS  C:\Users\charl\AppData\Local\Temp\ccZfkm8N.s 			page 13


 477 013b 04       		.byte	0x4
 478 013c DF000000 		.4byte	0xdf
 479 0140 03       		.uleb128 0x3
 480 0141 78040000 		.4byte	.LASF19
 481 0145 05       		.byte	0x5
 482 0146 8C       		.byte	0x8c
 483 0147 EA000000 		.4byte	0xea
 484 014b 03       		.uleb128 0x3
 485 014c 37010000 		.4byte	.LASF20
 486 0150 06       		.byte	0x6
 487 0151 70       		.byte	0x70
 488 0152 6F000000 		.4byte	0x6f
 489 0156 0D       		.uleb128 0xd
 490 0157 01       		.byte	0x1
 491 0158 07       		.byte	0x7
 492 0159 4B       		.byte	0x4b
 493 015a 6B010000 		.4byte	0x16b
 494 015e 0E       		.uleb128 0xe
 495 015f 1C050000 		.4byte	.LASF21
 496 0163 00       		.sleb128 0
 497 0164 0E       		.uleb128 0xe
 498 0165 64020000 		.4byte	.LASF22
 499 0169 01       		.sleb128 1
 500 016a 00       		.byte	0
 501 016b 03       		.uleb128 0x3
 502 016c DE000000 		.4byte	.LASF23
 503 0170 07       		.byte	0x7
 504 0171 4E       		.byte	0x4e
 505 0172 56010000 		.4byte	0x156
 506 0176 0F       		.uleb128 0xf
 507 0177 32010000 		.4byte	.LASF102
 508 017b 01       		.byte	0x1
 509 017c 66       		.byte	0x66
 510 017d 68000000 		.4byte	0x68
 511 0181 00000000 		.4byte	.LFB63
 512 0185 D8000000 		.4byte	.LFE63-.LFB63
 513 0189 01       		.uleb128 0x1
 514 018a 9C       		.byte	0x9c
 515 018b D2020000 		.4byte	0x2d2
 516 018f 10       		.uleb128 0x10
 517 0190 CE010000 		.4byte	.LASF24
 518 0194 01       		.byte	0x1
 519 0195 69       		.byte	0x69
 520 0196 68000000 		.4byte	0x68
 521 019a 78       		.byte	0x78
 522 019b 10       		.uleb128 0x10
 523 019c AA010000 		.4byte	.LASF25
 524 01a0 01       		.byte	0x1
 525 01a1 6A       		.byte	0x6a
 526 01a2 68000000 		.4byte	0x68
 527 01a6 FF       		.byte	0xff
 528 01a7 10       		.uleb128 0x10
 529 01a8 C3010000 		.4byte	.LASF26
 530 01ac 01       		.byte	0x1
 531 01ad 6D       		.byte	0x6d
 532 01ae 68000000 		.4byte	0x68
 533 01b2 00       		.byte	0
ARM GAS  C:\Users\charl\AppData\Local\Temp\ccZfkm8N.s 			page 14


 534 01b3 10       		.uleb128 0x10
 535 01b4 50040000 		.4byte	.LASF27
 536 01b8 01       		.byte	0x1
 537 01b9 6E       		.byte	0x6e
 538 01ba 68000000 		.4byte	0x68
 539 01be 01       		.byte	0x1
 540 01bf 10       		.uleb128 0x10
 541 01c0 BF040000 		.4byte	.LASF28
 542 01c4 01       		.byte	0x1
 543 01c5 6F       		.byte	0x6f
 544 01c6 68000000 		.4byte	0x68
 545 01ca 00       		.byte	0
 546 01cb 10       		.uleb128 0x10
 547 01cc 87010000 		.4byte	.LASF29
 548 01d0 01       		.byte	0x1
 549 01d1 70       		.byte	0x70
 550 01d2 68000000 		.4byte	0x68
 551 01d6 00       		.byte	0
 552 01d7 11       		.uleb128 0x11
 553 01d8 A3020000 		.4byte	.LASF30
 554 01dc 01       		.byte	0x1
 555 01dd 71       		.byte	0x71
 556 01de 68000000 		.4byte	0x68
 557 01e2 00000000 		.4byte	.LLST0
 558 01e6 10       		.uleb128 0x10
 559 01e7 ED010000 		.4byte	.LASF31
 560 01eb 01       		.byte	0x1
 561 01ec 77       		.byte	0x77
 562 01ed 68000000 		.4byte	0x68
 563 01f1 08       		.byte	0x8
 564 01f2 10       		.uleb128 0x10
 565 01f3 A4010000 		.4byte	.LASF32
 566 01f7 01       		.byte	0x1
 567 01f8 78       		.byte	0x78
 568 01f9 68000000 		.4byte	0x68
 569 01fd 09       		.byte	0x9
 570 01fe 10       		.uleb128 0x10
 571 01ff AE040000 		.4byte	.LASF33
 572 0203 01       		.byte	0x1
 573 0204 79       		.byte	0x79
 574 0205 68000000 		.4byte	0x68
 575 0209 01       		.byte	0x1
 576 020a 12       		.uleb128 0x12
 577 020b 6900     		.ascii	"i\000"
 578 020d 01       		.byte	0x1
 579 020e 89       		.byte	0x89
 580 020f 68000000 		.4byte	0x68
 581 0213 2A000000 		.4byte	.LLST1
 582 0217 13       		.uleb128 0x13
 583 0218 1C000000 		.4byte	.LVL2
 584 021c 67060000 		.4byte	0x667
 585 0220 13       		.uleb128 0x13
 586 0221 20000000 		.4byte	.LVL3
 587 0225 72060000 		.4byte	0x672
 588 0229 13       		.uleb128 0x13
 589 022a 24000000 		.4byte	.LVL4
 590 022e 7D060000 		.4byte	0x67d
ARM GAS  C:\Users\charl\AppData\Local\Temp\ccZfkm8N.s 			page 15


 591 0232 13       		.uleb128 0x13
 592 0233 28000000 		.4byte	.LVL5
 593 0237 84060000 		.4byte	0x684
 594 023b 14       		.uleb128 0x14
 595 023c 38000000 		.4byte	.LVL6
 596 0240 8B060000 		.4byte	0x68b
 597 0244 55020000 		.4byte	0x255
 598 0248 15       		.uleb128 0x15
 599 0249 01       		.uleb128 0x1
 600 024a 51       		.byte	0x51
 601 024b 02       		.uleb128 0x2
 602 024c 08       		.byte	0x8
 603 024d 78       		.byte	0x78
 604 024e 15       		.uleb128 0x15
 605 024f 01       		.uleb128 0x1
 606 0250 50       		.byte	0x50
 607 0251 02       		.uleb128 0x2
 608 0252 08       		.byte	0x8
 609 0253 FF       		.byte	0xff
 610 0254 00       		.byte	0
 611 0255 14       		.uleb128 0x14
 612 0256 44000000 		.4byte	.LVL8
 613 025a A5060000 		.4byte	0x6a5
 614 025e 6E020000 		.4byte	0x26e
 615 0262 15       		.uleb128 0x15
 616 0263 01       		.uleb128 0x1
 617 0264 51       		.byte	0x51
 618 0265 01       		.uleb128 0x1
 619 0266 34       		.byte	0x34
 620 0267 15       		.uleb128 0x15
 621 0268 01       		.uleb128 0x1
 622 0269 50       		.byte	0x50
 623 026a 02       		.uleb128 0x2
 624 026b 74       		.byte	0x74
 625 026c 00       		.sleb128 0
 626 026d 00       		.byte	0
 627 026e 13       		.uleb128 0x13
 628 026f 7A000000 		.4byte	.LVL11
 629 0273 BB060000 		.4byte	0x6bb
 630 0277 14       		.uleb128 0x14
 631 0278 9E000000 		.4byte	.LVL12
 632 027c CC060000 		.4byte	0x6cc
 633 0280 8A020000 		.4byte	0x28a
 634 0284 15       		.uleb128 0x15
 635 0285 01       		.uleb128 0x1
 636 0286 50       		.byte	0x50
 637 0287 01       		.uleb128 0x1
 638 0288 30       		.byte	0x30
 639 0289 00       		.byte	0
 640 028a 13       		.uleb128 0x13
 641 028b A2000000 		.4byte	.LVL13
 642 028f E1060000 		.4byte	0x6e1
 643 0293 13       		.uleb128 0x13
 644 0294 A6000000 		.4byte	.LVL14
 645 0298 F2060000 		.4byte	0x6f2
 646 029c 14       		.uleb128 0x14
 647 029d AE000000 		.4byte	.LVL15
ARM GAS  C:\Users\charl\AppData\Local\Temp\ccZfkm8N.s 			page 16


 648 02a1 03070000 		.4byte	0x703
 649 02a5 AF020000 		.4byte	0x2af
 650 02a9 15       		.uleb128 0x15
 651 02aa 01       		.uleb128 0x1
 652 02ab 50       		.byte	0x50
 653 02ac 01       		.uleb128 0x1
 654 02ad 30       		.byte	0x30
 655 02ae 00       		.byte	0
 656 02af 13       		.uleb128 0x13
 657 02b0 B2000000 		.4byte	.LVL16
 658 02b4 E1060000 		.4byte	0x6e1
 659 02b8 13       		.uleb128 0x13
 660 02b9 B6000000 		.4byte	.LVL17
 661 02bd F2060000 		.4byte	0x6f2
 662 02c1 16       		.uleb128 0x16
 663 02c2 BC000000 		.4byte	.LVL18
 664 02c6 18070000 		.4byte	0x718
 665 02ca 15       		.uleb128 0x15
 666 02cb 01       		.uleb128 0x1
 667 02cc 50       		.byte	0x50
 668 02cd 02       		.uleb128 0x2
 669 02ce 74       		.byte	0x74
 670 02cf 00       		.sleb128 0
 671 02d0 00       		.byte	0
 672 02d1 00       		.byte	0
 673 02d2 17       		.uleb128 0x17
 674 02d3 22050000 		.4byte	.LASF34
 675 02d7 08       		.byte	0x8
 676 02d8 9606     		.2byte	0x696
 677 02da DE020000 		.4byte	0x2de
 678 02de 06       		.uleb128 0x6
 679 02df 76000000 		.4byte	0x76
 680 02e3 18       		.uleb128 0x18
 681 02e4 02010000 		.4byte	.LASF35
 682 02e8 01       		.byte	0x1
 683 02e9 25       		.byte	0x25
 684 02ea 33000000 		.4byte	0x33
 685 02ee 05       		.uleb128 0x5
 686 02ef 03       		.byte	0x3
 687 02f0 00000000 		.4byte	motorSpeed
 688 02f4 18       		.uleb128 0x18
 689 02f5 1B030000 		.4byte	.LASF36
 690 02f9 01       		.byte	0x1
 691 02fa 26       		.byte	0x26
 692 02fb 3A000000 		.4byte	0x3a
 693 02ff 05       		.uleb128 0x5
 694 0300 03       		.byte	0x3
 695 0301 00000000 		.4byte	nodeStatus
 696 0305 18       		.uleb128 0x18
 697 0306 EF030000 		.4byte	.LASF37
 698 030a 01       		.byte	0x1
 699 030b 27       		.byte	0x27
 700 030c A0000000 		.4byte	0xa0
 701 0310 05       		.uleb128 0x5
 702 0311 03       		.byte	0x3
 703 0312 00000000 		.4byte	nodeDCVoltage
 704 0316 18       		.uleb128 0x18
ARM GAS  C:\Users\charl\AppData\Local\Temp\ccZfkm8N.s 			page 17


 705 0317 B6000000 		.4byte	.LASF38
 706 031b 01       		.byte	0x1
 707 031c 28       		.byte	0x28
 708 031d 3A000000 		.4byte	0x3a
 709 0321 05       		.uleb128 0x5
 710 0322 03       		.byte	0x3
 711 0323 00000000 		.4byte	rmsMotorCurrent
 712 0327 18       		.uleb128 0x18
 713 0328 EE000000 		.4byte	.LASF39
 714 032c 01       		.byte	0x1
 715 032d 29       		.byte	0x29
 716 032e 3A000000 		.4byte	0x3a
 717 0332 05       		.uleb128 0x5
 718 0333 03       		.byte	0x3
 719 0334 00000000 		.4byte	heatSinkTemp
 720 0338 18       		.uleb128 0x18
 721 0339 74020000 		.4byte	.LASF40
 722 033d 01       		.byte	0x1
 723 033e 2A       		.byte	0x2a
 724 033f 3A000000 		.4byte	0x3a
 725 0343 05       		.uleb128 0x5
 726 0344 03       		.byte	0x3
 727 0345 00000000 		.4byte	motorTemp
 728 0349 18       		.uleb128 0x18
 729 034a 42050000 		.4byte	.LASF41
 730 034e 01       		.byte	0x1
 731 034f 2B       		.byte	0x2b
 732 0350 3A000000 		.4byte	0x3a
 733 0354 05       		.uleb128 0x5
 734 0355 03       		.byte	0x3
 735 0356 00000000 		.4byte	dcCurrent
 736 035a 18       		.uleb128 0x18
 737 035b 96040000 		.4byte	.LASF42
 738 035f 01       		.byte	0x1
 739 0360 2C       		.byte	0x2c
 740 0361 3A000000 		.4byte	0x3a
 741 0365 05       		.uleb128 0x5
 742 0366 03       		.byte	0x3
 743 0367 00000000 		.4byte	voltageAngle
 744 036b 18       		.uleb128 0x18
 745 036c 38040000 		.4byte	.LASF43
 746 0370 01       		.byte	0x1
 747 0371 2D       		.byte	0x2d
 748 0372 3A000000 		.4byte	0x3a
 749 0376 05       		.uleb128 0x5
 750 0377 03       		.byte	0x3
 751 0378 00000000 		.4byte	vmc30State
 752 037c 18       		.uleb128 0x18
 753 037d 27040000 		.4byte	.LASF44
 754 0381 01       		.byte	0x1
 755 0382 2E       		.byte	0x2e
 756 0383 3A000000 		.4byte	0x3a
 757 0387 05       		.uleb128 0x5
 758 0388 03       		.byte	0x3
 759 0389 00000000 		.4byte	steeringFiltered
 760 038d 18       		.uleb128 0x18
 761 038e 21010000 		.4byte	.LASF45
ARM GAS  C:\Users\charl\AppData\Local\Temp\ccZfkm8N.s 			page 18


 762 0392 01       		.byte	0x1
 763 0393 2F       		.byte	0x2f
 764 0394 3A000000 		.4byte	0x3a
 765 0398 05       		.uleb128 0x5
 766 0399 03       		.byte	0x3
 767 039a 00000000 		.4byte	throttleFiltered
 768 039e 18       		.uleb128 0x18
 769 039f E4040000 		.4byte	.LASF46
 770 03a3 01       		.byte	0x1
 771 03a4 30       		.byte	0x30
 772 03a5 3A000000 		.4byte	0x3a
 773 03a9 05       		.uleb128 0x5
 774 03aa 03       		.byte	0x3
 775 03ab 00000000 		.4byte	errorBits
 776 03af 18       		.uleb128 0x18
 777 03b0 B0020000 		.4byte	.LASF47
 778 03b4 01       		.byte	0x1
 779 03b5 31       		.byte	0x31
 780 03b6 3A000000 		.4byte	0x3a
 781 03ba 05       		.uleb128 0x5
 782 03bb 03       		.byte	0x3
 783 03bc 00000000 		.4byte	commandWord
 784 03c0 18       		.uleb128 0x18
 785 03c1 7E020000 		.4byte	.LASF48
 786 03c5 01       		.byte	0x1
 787 03c6 32       		.byte	0x32
 788 03c7 3A000000 		.4byte	0x3a
 789 03cb 05       		.uleb128 0x5
 790 03cc 03       		.byte	0x3
 791 03cd 00000000 		.4byte	commandCurrent
 792 03d1 18       		.uleb128 0x18
 793 03d2 09020000 		.4byte	.LASF49
 794 03d6 01       		.byte	0x1
 795 03d7 33       		.byte	0x33
 796 03d8 3A000000 		.4byte	0x3a
 797 03dc 05       		.uleb128 0x5
 798 03dd 03       		.byte	0x3
 799 03de 00000000 		.4byte	accelCurrentLimit
 800 03e2 18       		.uleb128 0x18
 801 03e3 15040000 		.4byte	.LASF50
 802 03e7 01       		.byte	0x1
 803 03e8 34       		.byte	0x34
 804 03e9 33000000 		.4byte	0x33
 805 03ed 05       		.uleb128 0x5
 806 03ee 03       		.byte	0x3
 807 03ef 00000000 		.4byte	decelCurrentLimit
 808 03f3 18       		.uleb128 0x18
 809 03f4 FB000000 		.4byte	.LASF51
 810 03f8 01       		.byte	0x1
 811 03f9 35       		.byte	0x35
 812 03fa 3A000000 		.4byte	0x3a
 813 03fe 05       		.uleb128 0x5
 814 03ff 03       		.byte	0x3
 815 0400 00000000 		.4byte	bmsCCL
 816 0404 18       		.uleb128 0x18
 817 0405 56050000 		.4byte	.LASF52
 818 0409 01       		.byte	0x1
ARM GAS  C:\Users\charl\AppData\Local\Temp\ccZfkm8N.s 			page 19


 819 040a 36       		.byte	0x36
 820 040b 33000000 		.4byte	0x33
 821 040f 05       		.uleb128 0x5
 822 0410 03       		.byte	0x3
 823 0411 00000000 		.4byte	bmsDCL
 824 0415 18       		.uleb128 0x18
 825 0416 09040000 		.4byte	.LASF53
 826 041a 01       		.byte	0x1
 827 041b 37       		.byte	0x37
 828 041c 3A000000 		.4byte	0x3a
 829 0420 05       		.uleb128 0x5
 830 0421 03       		.byte	0x3
 831 0422 00000000 		.4byte	bmsHighTemp
 832 0426 18       		.uleb128 0x18
 833 0427 26030000 		.4byte	.LASF54
 834 042b 01       		.byte	0x1
 835 042c 38       		.byte	0x38
 836 042d 33000000 		.4byte	0x33
 837 0431 05       		.uleb128 0x5
 838 0432 03       		.byte	0x3
 839 0433 00000000 		.4byte	bmsPackCurrent
 840 0437 18       		.uleb128 0x18
 841 0438 A4000000 		.4byte	.LASF55
 842 043c 01       		.byte	0x1
 843 043d 39       		.byte	0x39
 844 043e 3A000000 		.4byte	0x3a
 845 0442 05       		.uleb128 0x5
 846 0443 03       		.byte	0x3
 847 0444 00000000 		.4byte	regen1
 848 0448 18       		.uleb128 0x18
 849 0449 48030000 		.4byte	.LASF56
 850 044d 01       		.byte	0x1
 851 044e 3A       		.byte	0x3a
 852 044f 3A000000 		.4byte	0x3a
 853 0453 05       		.uleb128 0x5
 854 0454 03       		.byte	0x3
 855 0455 00000000 		.4byte	regen2
 856 0459 18       		.uleb128 0x18
 857 045a EE040000 		.4byte	.LASF57
 858 045e 01       		.byte	0x1
 859 045f 3B       		.byte	0x3b
 860 0460 3A000000 		.4byte	0x3a
 861 0464 05       		.uleb128 0x5
 862 0465 03       		.byte	0x3
 863 0466 00000000 		.4byte	throttlePercent
 864 046a 18       		.uleb128 0x18
 865 046b 4F030000 		.4byte	.LASF58
 866 046f 01       		.byte	0x1
 867 0470 3C       		.byte	0x3c
 868 0471 3A000000 		.4byte	0x3a
 869 0475 05       		.uleb128 0x5
 870 0476 03       		.byte	0x3
 871 0477 00000000 		.4byte	brakePercent
 872 047b 18       		.uleb128 0x18
 873 047c B8040000 		.4byte	.LASF59
 874 0480 01       		.byte	0x1
 875 0481 3D       		.byte	0x3d
ARM GAS  C:\Users\charl\AppData\Local\Temp\ccZfkm8N.s 			page 20


 876 0482 3A000000 		.4byte	0x3a
 877 0486 05       		.uleb128 0x5
 878 0487 03       		.byte	0x3
 879 0488 00000000 		.4byte	cellID
 880 048c 18       		.uleb128 0x18
 881 048d FD030000 		.4byte	.LASF60
 882 0491 01       		.byte	0x1
 883 0492 3E       		.byte	0x3e
 884 0493 3A000000 		.4byte	0x3a
 885 0497 05       		.uleb128 0x5
 886 0498 03       		.byte	0x3
 887 0499 00000000 		.4byte	instVoltage
 888 049d 18       		.uleb128 0x18
 889 049e D8040000 		.4byte	.LASF61
 890 04a2 01       		.byte	0x1
 891 04a3 3F       		.byte	0x3f
 892 04a4 3A000000 		.4byte	0x3a
 893 04a8 05       		.uleb128 0x5
 894 04a9 03       		.byte	0x3
 895 04aa 00000000 		.4byte	openVoltage
 896 04ae 18       		.uleb128 0x18
 897 04af 2F050000 		.4byte	.LASF62
 898 04b3 01       		.byte	0x1
 899 04b4 40       		.byte	0x40
 900 04b5 3A000000 		.4byte	0x3a
 901 04b9 05       		.uleb128 0x5
 902 04ba 03       		.byte	0x3
 903 04bb 00000000 		.4byte	checkSum
 904 04bf 09       		.uleb128 0x9
 905 04c0 4B010000 		.4byte	0x14b
 906 04c4 CF040000 		.4byte	0x4cf
 907 04c8 0A       		.uleb128 0xa
 908 04c9 B3000000 		.4byte	0xb3
 909 04cd 07       		.byte	0x7
 910 04ce 00       		.byte	0
 911 04cf 18       		.uleb128 0x18
 912 04d0 6D000000 		.4byte	.LASF63
 913 04d4 01       		.byte	0x1
 914 04d5 43       		.byte	0x43
 915 04d6 BF040000 		.4byte	0x4bf
 916 04da 05       		.uleb128 0x5
 917 04db 03       		.byte	0x3
 918 04dc 00000000 		.4byte	RXMessage0
 919 04e0 18       		.uleb128 0x18
 920 04e1 78000000 		.4byte	.LASF64
 921 04e5 01       		.byte	0x1
 922 04e6 44       		.byte	0x44
 923 04e7 BF040000 		.4byte	0x4bf
 924 04eb 05       		.uleb128 0x5
 925 04ec 03       		.byte	0x3
 926 04ed 00000000 		.4byte	RXMessage1
 927 04f1 18       		.uleb128 0x18
 928 04f2 83000000 		.4byte	.LASF65
 929 04f6 01       		.byte	0x1
 930 04f7 45       		.byte	0x45
 931 04f8 BF040000 		.4byte	0x4bf
 932 04fc 05       		.uleb128 0x5
ARM GAS  C:\Users\charl\AppData\Local\Temp\ccZfkm8N.s 			page 21


 933 04fd 03       		.byte	0x3
 934 04fe 00000000 		.4byte	RXMessage2
 935 0502 18       		.uleb128 0x18
 936 0503 8E000000 		.4byte	.LASF66
 937 0507 01       		.byte	0x1
 938 0508 46       		.byte	0x46
 939 0509 BF040000 		.4byte	0x4bf
 940 050d 05       		.uleb128 0x5
 941 050e 03       		.byte	0x3
 942 050f 00000000 		.4byte	RXMessage3
 943 0513 18       		.uleb128 0x18
 944 0514 99000000 		.4byte	.LASF67
 945 0518 01       		.byte	0x1
 946 0519 47       		.byte	0x47
 947 051a BF040000 		.4byte	0x4bf
 948 051e 05       		.uleb128 0x5
 949 051f 03       		.byte	0x3
 950 0520 00000000 		.4byte	RXMessage4
 951 0524 18       		.uleb128 0x18
 952 0525 16010000 		.4byte	.LASF68
 953 0529 01       		.byte	0x1
 954 052a 48       		.byte	0x48
 955 052b BF040000 		.4byte	0x4bf
 956 052f 05       		.uleb128 0x5
 957 0530 03       		.byte	0x3
 958 0531 00000000 		.4byte	RXMessage5
 959 0535 18       		.uleb128 0x18
 960 0536 AB000000 		.4byte	.LASF69
 961 053a 01       		.byte	0x1
 962 053b 49       		.byte	0x49
 963 053c BF040000 		.4byte	0x4bf
 964 0540 05       		.uleb128 0x5
 965 0541 03       		.byte	0x3
 966 0542 00000000 		.4byte	RXMessage6
 967 0546 18       		.uleb128 0x18
 968 0547 27020000 		.4byte	.LASF70
 969 054b 01       		.byte	0x1
 970 054c 4A       		.byte	0x4a
 971 054d 4B010000 		.4byte	0x14b
 972 0551 05       		.uleb128 0x5
 973 0552 03       		.byte	0x3
 974 0553 00000000 		.4byte	RXFlag0
 975 0557 18       		.uleb128 0x18
 976 0558 2F020000 		.4byte	.LASF71
 977 055c 01       		.byte	0x1
 978 055d 4B       		.byte	0x4b
 979 055e 4B010000 		.4byte	0x14b
 980 0562 05       		.uleb128 0x5
 981 0563 03       		.byte	0x3
 982 0564 00000000 		.4byte	RXFlag1
 983 0568 18       		.uleb128 0x18
 984 0569 37020000 		.4byte	.LASF72
 985 056d 01       		.byte	0x1
 986 056e 4C       		.byte	0x4c
 987 056f 4B010000 		.4byte	0x14b
 988 0573 05       		.uleb128 0x5
 989 0574 03       		.byte	0x3
ARM GAS  C:\Users\charl\AppData\Local\Temp\ccZfkm8N.s 			page 22


 990 0575 00000000 		.4byte	RXFlag2
 991 0579 18       		.uleb128 0x18
 992 057a 3F020000 		.4byte	.LASF73
 993 057e 01       		.byte	0x1
 994 057f 4D       		.byte	0x4d
 995 0580 4B010000 		.4byte	0x14b
 996 0584 05       		.uleb128 0x5
 997 0585 03       		.byte	0x3
 998 0586 00000000 		.4byte	RXFlag3
 999 058a 18       		.uleb128 0x18
 1000 058b 47020000 		.4byte	.LASF74
 1001 058f 01       		.byte	0x1
 1002 0590 4E       		.byte	0x4e
 1003 0591 4B010000 		.4byte	0x14b
 1004 0595 05       		.uleb128 0x5
 1005 0596 03       		.byte	0x3
 1006 0597 00000000 		.4byte	RXFlag4
 1007 059b 18       		.uleb128 0x18
 1008 059c 4F020000 		.4byte	.LASF75
 1009 05a0 01       		.byte	0x1
 1010 05a1 4F       		.byte	0x4f
 1011 05a2 4B010000 		.4byte	0x14b
 1012 05a6 05       		.uleb128 0x5
 1013 05a7 03       		.byte	0x3
 1014 05a8 00000000 		.4byte	RXFlag5
 1015 05ac 18       		.uleb128 0x18
 1016 05ad 57020000 		.4byte	.LASF76
 1017 05b1 01       		.byte	0x1
 1018 05b2 50       		.byte	0x50
 1019 05b3 4B010000 		.4byte	0x14b
 1020 05b7 05       		.uleb128 0x5
 1021 05b8 03       		.byte	0x3
 1022 05b9 00000000 		.4byte	RXFlag6
 1023 05bd 18       		.uleb128 0x18
 1024 05be 8C010000 		.4byte	.LASF77
 1025 05c2 01       		.byte	0x1
 1026 05c3 51       		.byte	0x51
 1027 05c4 4B010000 		.4byte	0x14b
 1028 05c8 05       		.uleb128 0x5
 1029 05c9 03       		.byte	0x3
 1030 05ca 00000000 		.4byte	RXDLC
 1031 05ce 18       		.uleb128 0x18
 1032 05cf D9010000 		.4byte	.LASF78
 1033 05d3 01       		.byte	0x1
 1034 05d4 52       		.byte	0x52
 1035 05d5 4B010000 		.4byte	0x14b
 1036 05d9 05       		.uleb128 0x5
 1037 05da 03       		.byte	0x3
 1038 05db 00000000 		.4byte	DispUpdate
 1039 05df 18       		.uleb128 0x18
 1040 05e0 C6000000 		.4byte	.LASF79
 1041 05e4 01       		.byte	0x1
 1042 05e5 5A       		.byte	0x5a
 1043 05e6 6B010000 		.4byte	0x16b
 1044 05ea 05       		.uleb128 0x5
 1045 05eb 03       		.byte	0x3
 1046 05ec 00000000 		.4byte	state
ARM GAS  C:\Users\charl\AppData\Local\Temp\ccZfkm8N.s 			page 23


 1047 05f0 18       		.uleb128 0x18
 1048 05f1 4C050000 		.4byte	.LASF80
 1049 05f5 01       		.byte	0x1
 1050 05f6 5B       		.byte	0x5b
 1051 05f7 6B010000 		.4byte	0x16b
 1052 05fb 05       		.uleb128 0x5
 1053 05fc 03       		.byte	0x3
 1054 05fd 00000000 		.4byte	PrevState
 1055 0601 18       		.uleb128 0x18
 1056 0602 43040000 		.4byte	.LASF81
 1057 0606 01       		.byte	0x1
 1058 0607 5E       		.byte	0x5e
 1059 0608 68000000 		.4byte	0x68
 1060 060c 05       		.uleb128 0x5
 1061 060d 03       		.byte	0x3
 1062 060e 00000000 		.4byte	FlashCounter
 1063 0612 18       		.uleb128 0x18
 1064 0613 38050000 		.4byte	.LASF82
 1065 0617 01       		.byte	0x1
 1066 0618 5F       		.byte	0x5f
 1067 0619 68000000 		.4byte	0x68
 1068 061d 05       		.uleb128 0x5
 1069 061e 03       		.byte	0x3
 1070 061f 00000000 		.4byte	FlashFreq
 1071 0623 18       		.uleb128 0x18
 1072 0624 1B020000 		.4byte	.LASF83
 1073 0628 01       		.byte	0x1
 1074 0629 60       		.byte	0x60
 1075 062a 68000000 		.4byte	0x68
 1076 062e 05       		.uleb128 0x5
 1077 062f 03       		.byte	0x3
 1078 0630 00000000 		.4byte	OffsetFlash
 1079 0634 18       		.uleb128 0x18
 1080 0635 FE040000 		.4byte	.LASF84
 1081 0639 01       		.byte	0x1
 1082 063a 63       		.byte	0x63
 1083 063b AE000000 		.4byte	0xae
 1084 063f 05       		.uleb128 0x5
 1085 0640 03       		.byte	0x3
 1086 0641 00000000 		.4byte	receiveMailboxNumber
 1087 0645 18       		.uleb128 0x18
 1088 0646 9B020000 		.4byte	.LASF85
 1089 064a 01       		.byte	0x1
 1090 064b 21       		.byte	0x21
 1091 064c DF000000 		.4byte	0xdf
 1092 0650 05       		.uleb128 0x5
 1093 0651 03       		.byte	0x3
 1094 0652 00000000 		.4byte	dataPWM
 1095 0656 18       		.uleb128 0x18
 1096 0657 69020000 		.4byte	.LASF86
 1097 065b 01       		.byte	0x1
 1098 065c 22       		.byte	0x22
 1099 065d 40010000 		.4byte	0x140
 1100 0661 05       		.uleb128 0x5
 1101 0662 03       		.byte	0x3
 1102 0663 00000000 		.4byte	messagePWM
 1103 0667 19       		.uleb128 0x19
ARM GAS  C:\Users\charl\AppData\Local\Temp\ccZfkm8N.s 			page 24


 1104 0668 DB020000 		.4byte	.LASF87
 1105 066c 05       		.byte	0x5
 1106 066d C4       		.byte	0xc4
 1107 066e 81000000 		.4byte	0x81
 1108 0672 19       		.uleb128 0x19
 1109 0673 4A010000 		.4byte	.LASF88
 1110 0677 05       		.byte	0x5
 1111 0678 C5       		.byte	0xc5
 1112 0679 81000000 		.4byte	0x81
 1113 067d 1A       		.uleb128 0x1a
 1114 067e F2010000 		.4byte	.LASF89
 1115 0682 09       		.byte	0x9
 1116 0683 57       		.byte	0x57
 1117 0684 1A       		.uleb128 0x1a
 1118 0685 54010000 		.4byte	.LASF90
 1119 0689 0A       		.byte	0xa
 1120 068a 57       		.byte	0x57
 1121 068b 1B       		.uleb128 0x1b
 1122 068c 76010000 		.4byte	.LASF93
 1123 0690 07       		.byte	0x7
 1124 0691 65       		.byte	0x65
 1125 0692 68000000 		.4byte	0x68
 1126 0696 A5060000 		.4byte	0x6a5
 1127 069a 1C       		.uleb128 0x1c
 1128 069b 68000000 		.4byte	0x68
 1129 069f 1C       		.uleb128 0x1c
 1130 06a0 68000000 		.4byte	0x68
 1131 06a4 00       		.byte	0
 1132 06a5 1D       		.uleb128 0x1d
 1133 06a6 F1020000 		.4byte	.LASF91
 1134 06aa 09       		.byte	0x9
 1135 06ab 5B       		.byte	0x5b
 1136 06ac BB060000 		.4byte	0x6bb
 1137 06b0 1C       		.uleb128 0x1c
 1138 06b1 81000000 		.4byte	0x81
 1139 06b5 1C       		.uleb128 0x1c
 1140 06b6 81000000 		.4byte	0x81
 1141 06ba 00       		.byte	0
 1142 06bb 1E       		.uleb128 0x1e
 1143 06bc 13050000 		.4byte	.LASF92
 1144 06c0 07       		.byte	0x7
 1145 06c1 5F       		.byte	0x5f
 1146 06c2 68000000 		.4byte	0x68
 1147 06c6 CC060000 		.4byte	0x6cc
 1148 06ca 1F       		.uleb128 0x1f
 1149 06cb 00       		.byte	0
 1150 06cc 1B       		.uleb128 0x1b
 1151 06cd 6A010000 		.4byte	.LASF94
 1152 06d1 07       		.byte	0x7
 1153 06d2 68       		.byte	0x68
 1154 06d3 68000000 		.4byte	0x68
 1155 06d7 E1060000 		.4byte	0x6e1
 1156 06db 1C       		.uleb128 0x1c
 1157 06dc 68000000 		.4byte	0x68
 1158 06e0 00       		.byte	0
 1159 06e1 1E       		.uleb128 0x1e
 1160 06e2 8A040000 		.4byte	.LASF95
ARM GAS  C:\Users\charl\AppData\Local\Temp\ccZfkm8N.s 			page 25


 1161 06e6 07       		.byte	0x7
 1162 06e7 76       		.byte	0x76
 1163 06e8 68000000 		.4byte	0x68
 1164 06ec F2060000 		.4byte	0x6f2
 1165 06f0 1F       		.uleb128 0x1f
 1166 06f1 00       		.byte	0
 1167 06f2 1E       		.uleb128 0x1e
 1168 06f3 3C010000 		.4byte	.LASF96
 1169 06f7 07       		.byte	0x7
 1170 06f8 79       		.byte	0x79
 1171 06f9 68000000 		.4byte	0x68
 1172 06fd 03070000 		.4byte	0x703
 1173 0701 1F       		.uleb128 0x1f
 1174 0702 00       		.byte	0
 1175 0703 1B       		.uleb128 0x1b
 1176 0704 A3040000 		.4byte	.LASF97
 1177 0708 07       		.byte	0x7
 1178 0709 6B       		.byte	0x6b
 1179 070a 68000000 		.4byte	0x68
 1180 070e 18070000 		.4byte	0x718
 1181 0712 1C       		.uleb128 0x1c
 1182 0713 68000000 		.4byte	0x68
 1183 0717 00       		.byte	0
 1184 0718 20       		.uleb128 0x20
 1185 0719 CC000000 		.4byte	.LASF98
 1186 071d 07       		.byte	0x7
 1187 071e 6E       		.byte	0x6e
 1188 071f 68000000 		.4byte	0x68
 1189 0723 1C       		.uleb128 0x1c
 1190 0724 68000000 		.4byte	0x68
 1191 0728 00       		.byte	0
 1192 0729 00       		.byte	0
 1193              		.section	.debug_abbrev,"",%progbits
 1194              	.Ldebug_abbrev0:
 1195 0000 01       		.uleb128 0x1
 1196 0001 11       		.uleb128 0x11
 1197 0002 01       		.byte	0x1
 1198 0003 25       		.uleb128 0x25
 1199 0004 0E       		.uleb128 0xe
 1200 0005 13       		.uleb128 0x13
 1201 0006 0B       		.uleb128 0xb
 1202 0007 03       		.uleb128 0x3
 1203 0008 0E       		.uleb128 0xe
 1204 0009 1B       		.uleb128 0x1b
 1205 000a 0E       		.uleb128 0xe
 1206 000b 55       		.uleb128 0x55
 1207 000c 17       		.uleb128 0x17
 1208 000d 11       		.uleb128 0x11
 1209 000e 01       		.uleb128 0x1
 1210 000f 10       		.uleb128 0x10
 1211 0010 17       		.uleb128 0x17
 1212 0011 00       		.byte	0
 1213 0012 00       		.byte	0
 1214 0013 02       		.uleb128 0x2
 1215 0014 24       		.uleb128 0x24
 1216 0015 00       		.byte	0
 1217 0016 0B       		.uleb128 0xb
ARM GAS  C:\Users\charl\AppData\Local\Temp\ccZfkm8N.s 			page 26


 1218 0017 0B       		.uleb128 0xb
 1219 0018 3E       		.uleb128 0x3e
 1220 0019 0B       		.uleb128 0xb
 1221 001a 03       		.uleb128 0x3
 1222 001b 0E       		.uleb128 0xe
 1223 001c 00       		.byte	0
 1224 001d 00       		.byte	0
 1225 001e 03       		.uleb128 0x3
 1226 001f 16       		.uleb128 0x16
 1227 0020 00       		.byte	0
 1228 0021 03       		.uleb128 0x3
 1229 0022 0E       		.uleb128 0xe
 1230 0023 3A       		.uleb128 0x3a
 1231 0024 0B       		.uleb128 0xb
 1232 0025 3B       		.uleb128 0x3b
 1233 0026 0B       		.uleb128 0xb
 1234 0027 49       		.uleb128 0x49
 1235 0028 13       		.uleb128 0x13
 1236 0029 00       		.byte	0
 1237 002a 00       		.byte	0
 1238 002b 04       		.uleb128 0x4
 1239 002c 24       		.uleb128 0x24
 1240 002d 00       		.byte	0
 1241 002e 0B       		.uleb128 0xb
 1242 002f 0B       		.uleb128 0xb
 1243 0030 3E       		.uleb128 0x3e
 1244 0031 0B       		.uleb128 0xb
 1245 0032 03       		.uleb128 0x3
 1246 0033 08       		.uleb128 0x8
 1247 0034 00       		.byte	0
 1248 0035 00       		.byte	0
 1249 0036 05       		.uleb128 0x5
 1250 0037 16       		.uleb128 0x16
 1251 0038 00       		.byte	0
 1252 0039 03       		.uleb128 0x3
 1253 003a 0E       		.uleb128 0xe
 1254 003b 3A       		.uleb128 0x3a
 1255 003c 0B       		.uleb128 0xb
 1256 003d 3B       		.uleb128 0x3b
 1257 003e 05       		.uleb128 0x5
 1258 003f 49       		.uleb128 0x49
 1259 0040 13       		.uleb128 0x13
 1260 0041 00       		.byte	0
 1261 0042 00       		.byte	0
 1262 0043 06       		.uleb128 0x6
 1263 0044 35       		.uleb128 0x35
 1264 0045 00       		.byte	0
 1265 0046 49       		.uleb128 0x49
 1266 0047 13       		.uleb128 0x13
 1267 0048 00       		.byte	0
 1268 0049 00       		.byte	0
 1269 004a 07       		.uleb128 0x7
 1270 004b 13       		.uleb128 0x13
 1271 004c 01       		.byte	0x1
 1272 004d 0B       		.uleb128 0xb
 1273 004e 0B       		.uleb128 0xb
 1274 004f 3A       		.uleb128 0x3a
ARM GAS  C:\Users\charl\AppData\Local\Temp\ccZfkm8N.s 			page 27


 1275 0050 0B       		.uleb128 0xb
 1276 0051 3B       		.uleb128 0x3b
 1277 0052 0B       		.uleb128 0xb
 1278 0053 01       		.uleb128 0x1
 1279 0054 13       		.uleb128 0x13
 1280 0055 00       		.byte	0
 1281 0056 00       		.byte	0
 1282 0057 08       		.uleb128 0x8
 1283 0058 0D       		.uleb128 0xd
 1284 0059 00       		.byte	0
 1285 005a 03       		.uleb128 0x3
 1286 005b 0E       		.uleb128 0xe
 1287 005c 3A       		.uleb128 0x3a
 1288 005d 0B       		.uleb128 0xb
 1289 005e 3B       		.uleb128 0x3b
 1290 005f 0B       		.uleb128 0xb
 1291 0060 49       		.uleb128 0x49
 1292 0061 13       		.uleb128 0x13
 1293 0062 38       		.uleb128 0x38
 1294 0063 0B       		.uleb128 0xb
 1295 0064 00       		.byte	0
 1296 0065 00       		.byte	0
 1297 0066 09       		.uleb128 0x9
 1298 0067 01       		.uleb128 0x1
 1299 0068 01       		.byte	0x1
 1300 0069 49       		.uleb128 0x49
 1301 006a 13       		.uleb128 0x13
 1302 006b 01       		.uleb128 0x1
 1303 006c 13       		.uleb128 0x13
 1304 006d 00       		.byte	0
 1305 006e 00       		.byte	0
 1306 006f 0A       		.uleb128 0xa
 1307 0070 21       		.uleb128 0x21
 1308 0071 00       		.byte	0
 1309 0072 49       		.uleb128 0x49
 1310 0073 13       		.uleb128 0x13
 1311 0074 2F       		.uleb128 0x2f
 1312 0075 0B       		.uleb128 0xb
 1313 0076 00       		.byte	0
 1314 0077 00       		.byte	0
 1315 0078 0B       		.uleb128 0xb
 1316 0079 0D       		.uleb128 0xd
 1317 007a 00       		.byte	0
 1318 007b 03       		.uleb128 0x3
 1319 007c 08       		.uleb128 0x8
 1320 007d 3A       		.uleb128 0x3a
 1321 007e 0B       		.uleb128 0xb
 1322 007f 3B       		.uleb128 0x3b
 1323 0080 0B       		.uleb128 0xb
 1324 0081 49       		.uleb128 0x49
 1325 0082 13       		.uleb128 0x13
 1326 0083 38       		.uleb128 0x38
 1327 0084 0B       		.uleb128 0xb
 1328 0085 00       		.byte	0
 1329 0086 00       		.byte	0
 1330 0087 0C       		.uleb128 0xc
 1331 0088 0F       		.uleb128 0xf
ARM GAS  C:\Users\charl\AppData\Local\Temp\ccZfkm8N.s 			page 28


 1332 0089 00       		.byte	0
 1333 008a 0B       		.uleb128 0xb
 1334 008b 0B       		.uleb128 0xb
 1335 008c 49       		.uleb128 0x49
 1336 008d 13       		.uleb128 0x13
 1337 008e 00       		.byte	0
 1338 008f 00       		.byte	0
 1339 0090 0D       		.uleb128 0xd
 1340 0091 04       		.uleb128 0x4
 1341 0092 01       		.byte	0x1
 1342 0093 0B       		.uleb128 0xb
 1343 0094 0B       		.uleb128 0xb
 1344 0095 3A       		.uleb128 0x3a
 1345 0096 0B       		.uleb128 0xb
 1346 0097 3B       		.uleb128 0x3b
 1347 0098 0B       		.uleb128 0xb
 1348 0099 01       		.uleb128 0x1
 1349 009a 13       		.uleb128 0x13
 1350 009b 00       		.byte	0
 1351 009c 00       		.byte	0
 1352 009d 0E       		.uleb128 0xe
 1353 009e 28       		.uleb128 0x28
 1354 009f 00       		.byte	0
 1355 00a0 03       		.uleb128 0x3
 1356 00a1 0E       		.uleb128 0xe
 1357 00a2 1C       		.uleb128 0x1c
 1358 00a3 0D       		.uleb128 0xd
 1359 00a4 00       		.byte	0
 1360 00a5 00       		.byte	0
 1361 00a6 0F       		.uleb128 0xf
 1362 00a7 2E       		.uleb128 0x2e
 1363 00a8 01       		.byte	0x1
 1364 00a9 3F       		.uleb128 0x3f
 1365 00aa 19       		.uleb128 0x19
 1366 00ab 03       		.uleb128 0x3
 1367 00ac 0E       		.uleb128 0xe
 1368 00ad 3A       		.uleb128 0x3a
 1369 00ae 0B       		.uleb128 0xb
 1370 00af 3B       		.uleb128 0x3b
 1371 00b0 0B       		.uleb128 0xb
 1372 00b1 49       		.uleb128 0x49
 1373 00b2 13       		.uleb128 0x13
 1374 00b3 11       		.uleb128 0x11
 1375 00b4 01       		.uleb128 0x1
 1376 00b5 12       		.uleb128 0x12
 1377 00b6 06       		.uleb128 0x6
 1378 00b7 40       		.uleb128 0x40
 1379 00b8 18       		.uleb128 0x18
 1380 00b9 9742     		.uleb128 0x2117
 1381 00bb 19       		.uleb128 0x19
 1382 00bc 01       		.uleb128 0x1
 1383 00bd 13       		.uleb128 0x13
 1384 00be 00       		.byte	0
 1385 00bf 00       		.byte	0
 1386 00c0 10       		.uleb128 0x10
 1387 00c1 34       		.uleb128 0x34
 1388 00c2 00       		.byte	0
ARM GAS  C:\Users\charl\AppData\Local\Temp\ccZfkm8N.s 			page 29


 1389 00c3 03       		.uleb128 0x3
 1390 00c4 0E       		.uleb128 0xe
 1391 00c5 3A       		.uleb128 0x3a
 1392 00c6 0B       		.uleb128 0xb
 1393 00c7 3B       		.uleb128 0x3b
 1394 00c8 0B       		.uleb128 0xb
 1395 00c9 49       		.uleb128 0x49
 1396 00ca 13       		.uleb128 0x13
 1397 00cb 1C       		.uleb128 0x1c
 1398 00cc 0B       		.uleb128 0xb
 1399 00cd 00       		.byte	0
 1400 00ce 00       		.byte	0
 1401 00cf 11       		.uleb128 0x11
 1402 00d0 34       		.uleb128 0x34
 1403 00d1 00       		.byte	0
 1404 00d2 03       		.uleb128 0x3
 1405 00d3 0E       		.uleb128 0xe
 1406 00d4 3A       		.uleb128 0x3a
 1407 00d5 0B       		.uleb128 0xb
 1408 00d6 3B       		.uleb128 0x3b
 1409 00d7 0B       		.uleb128 0xb
 1410 00d8 49       		.uleb128 0x49
 1411 00d9 13       		.uleb128 0x13
 1412 00da 02       		.uleb128 0x2
 1413 00db 17       		.uleb128 0x17
 1414 00dc 00       		.byte	0
 1415 00dd 00       		.byte	0
 1416 00de 12       		.uleb128 0x12
 1417 00df 34       		.uleb128 0x34
 1418 00e0 00       		.byte	0
 1419 00e1 03       		.uleb128 0x3
 1420 00e2 08       		.uleb128 0x8
 1421 00e3 3A       		.uleb128 0x3a
 1422 00e4 0B       		.uleb128 0xb
 1423 00e5 3B       		.uleb128 0x3b
 1424 00e6 0B       		.uleb128 0xb
 1425 00e7 49       		.uleb128 0x49
 1426 00e8 13       		.uleb128 0x13
 1427 00e9 02       		.uleb128 0x2
 1428 00ea 17       		.uleb128 0x17
 1429 00eb 00       		.byte	0
 1430 00ec 00       		.byte	0
 1431 00ed 13       		.uleb128 0x13
 1432 00ee 898201   		.uleb128 0x4109
 1433 00f1 00       		.byte	0
 1434 00f2 11       		.uleb128 0x11
 1435 00f3 01       		.uleb128 0x1
 1436 00f4 31       		.uleb128 0x31
 1437 00f5 13       		.uleb128 0x13
 1438 00f6 00       		.byte	0
 1439 00f7 00       		.byte	0
 1440 00f8 14       		.uleb128 0x14
 1441 00f9 898201   		.uleb128 0x4109
 1442 00fc 01       		.byte	0x1
 1443 00fd 11       		.uleb128 0x11
 1444 00fe 01       		.uleb128 0x1
 1445 00ff 31       		.uleb128 0x31
ARM GAS  C:\Users\charl\AppData\Local\Temp\ccZfkm8N.s 			page 30


 1446 0100 13       		.uleb128 0x13
 1447 0101 01       		.uleb128 0x1
 1448 0102 13       		.uleb128 0x13
 1449 0103 00       		.byte	0
 1450 0104 00       		.byte	0
 1451 0105 15       		.uleb128 0x15
 1452 0106 8A8201   		.uleb128 0x410a
 1453 0109 00       		.byte	0
 1454 010a 02       		.uleb128 0x2
 1455 010b 18       		.uleb128 0x18
 1456 010c 9142     		.uleb128 0x2111
 1457 010e 18       		.uleb128 0x18
 1458 010f 00       		.byte	0
 1459 0110 00       		.byte	0
 1460 0111 16       		.uleb128 0x16
 1461 0112 898201   		.uleb128 0x4109
 1462 0115 01       		.byte	0x1
 1463 0116 11       		.uleb128 0x11
 1464 0117 01       		.uleb128 0x1
 1465 0118 31       		.uleb128 0x31
 1466 0119 13       		.uleb128 0x13
 1467 011a 00       		.byte	0
 1468 011b 00       		.byte	0
 1469 011c 17       		.uleb128 0x17
 1470 011d 34       		.uleb128 0x34
 1471 011e 00       		.byte	0
 1472 011f 03       		.uleb128 0x3
 1473 0120 0E       		.uleb128 0xe
 1474 0121 3A       		.uleb128 0x3a
 1475 0122 0B       		.uleb128 0xb
 1476 0123 3B       		.uleb128 0x3b
 1477 0124 05       		.uleb128 0x5
 1478 0125 49       		.uleb128 0x49
 1479 0126 13       		.uleb128 0x13
 1480 0127 3F       		.uleb128 0x3f
 1481 0128 19       		.uleb128 0x19
 1482 0129 3C       		.uleb128 0x3c
 1483 012a 19       		.uleb128 0x19
 1484 012b 00       		.byte	0
 1485 012c 00       		.byte	0
 1486 012d 18       		.uleb128 0x18
 1487 012e 34       		.uleb128 0x34
 1488 012f 00       		.byte	0
 1489 0130 03       		.uleb128 0x3
 1490 0131 0E       		.uleb128 0xe
 1491 0132 3A       		.uleb128 0x3a
 1492 0133 0B       		.uleb128 0xb
 1493 0134 3B       		.uleb128 0x3b
 1494 0135 0B       		.uleb128 0xb
 1495 0136 49       		.uleb128 0x49
 1496 0137 13       		.uleb128 0x13
 1497 0138 3F       		.uleb128 0x3f
 1498 0139 19       		.uleb128 0x19
 1499 013a 02       		.uleb128 0x2
 1500 013b 18       		.uleb128 0x18
 1501 013c 00       		.byte	0
 1502 013d 00       		.byte	0
ARM GAS  C:\Users\charl\AppData\Local\Temp\ccZfkm8N.s 			page 31


 1503 013e 19       		.uleb128 0x19
 1504 013f 2E       		.uleb128 0x2e
 1505 0140 00       		.byte	0
 1506 0141 3F       		.uleb128 0x3f
 1507 0142 19       		.uleb128 0x19
 1508 0143 03       		.uleb128 0x3
 1509 0144 0E       		.uleb128 0xe
 1510 0145 3A       		.uleb128 0x3a
 1511 0146 0B       		.uleb128 0xb
 1512 0147 3B       		.uleb128 0x3b
 1513 0148 0B       		.uleb128 0xb
 1514 0149 27       		.uleb128 0x27
 1515 014a 19       		.uleb128 0x19
 1516 014b 49       		.uleb128 0x49
 1517 014c 13       		.uleb128 0x13
 1518 014d 3C       		.uleb128 0x3c
 1519 014e 19       		.uleb128 0x19
 1520 014f 00       		.byte	0
 1521 0150 00       		.byte	0
 1522 0151 1A       		.uleb128 0x1a
 1523 0152 2E       		.uleb128 0x2e
 1524 0153 00       		.byte	0
 1525 0154 3F       		.uleb128 0x3f
 1526 0155 19       		.uleb128 0x19
 1527 0156 03       		.uleb128 0x3
 1528 0157 0E       		.uleb128 0xe
 1529 0158 3A       		.uleb128 0x3a
 1530 0159 0B       		.uleb128 0xb
 1531 015a 3B       		.uleb128 0x3b
 1532 015b 0B       		.uleb128 0xb
 1533 015c 27       		.uleb128 0x27
 1534 015d 19       		.uleb128 0x19
 1535 015e 3C       		.uleb128 0x3c
 1536 015f 19       		.uleb128 0x19
 1537 0160 00       		.byte	0
 1538 0161 00       		.byte	0
 1539 0162 1B       		.uleb128 0x1b
 1540 0163 2E       		.uleb128 0x2e
 1541 0164 01       		.byte	0x1
 1542 0165 3F       		.uleb128 0x3f
 1543 0166 19       		.uleb128 0x19
 1544 0167 03       		.uleb128 0x3
 1545 0168 0E       		.uleb128 0xe
 1546 0169 3A       		.uleb128 0x3a
 1547 016a 0B       		.uleb128 0xb
 1548 016b 3B       		.uleb128 0x3b
 1549 016c 0B       		.uleb128 0xb
 1550 016d 27       		.uleb128 0x27
 1551 016e 19       		.uleb128 0x19
 1552 016f 49       		.uleb128 0x49
 1553 0170 13       		.uleb128 0x13
 1554 0171 3C       		.uleb128 0x3c
 1555 0172 19       		.uleb128 0x19
 1556 0173 01       		.uleb128 0x1
 1557 0174 13       		.uleb128 0x13
 1558 0175 00       		.byte	0
 1559 0176 00       		.byte	0
ARM GAS  C:\Users\charl\AppData\Local\Temp\ccZfkm8N.s 			page 32


 1560 0177 1C       		.uleb128 0x1c
 1561 0178 05       		.uleb128 0x5
 1562 0179 00       		.byte	0
 1563 017a 49       		.uleb128 0x49
 1564 017b 13       		.uleb128 0x13
 1565 017c 00       		.byte	0
 1566 017d 00       		.byte	0
 1567 017e 1D       		.uleb128 0x1d
 1568 017f 2E       		.uleb128 0x2e
 1569 0180 01       		.byte	0x1
 1570 0181 3F       		.uleb128 0x3f
 1571 0182 19       		.uleb128 0x19
 1572 0183 03       		.uleb128 0x3
 1573 0184 0E       		.uleb128 0xe
 1574 0185 3A       		.uleb128 0x3a
 1575 0186 0B       		.uleb128 0xb
 1576 0187 3B       		.uleb128 0x3b
 1577 0188 0B       		.uleb128 0xb
 1578 0189 27       		.uleb128 0x27
 1579 018a 19       		.uleb128 0x19
 1580 018b 3C       		.uleb128 0x3c
 1581 018c 19       		.uleb128 0x19
 1582 018d 01       		.uleb128 0x1
 1583 018e 13       		.uleb128 0x13
 1584 018f 00       		.byte	0
 1585 0190 00       		.byte	0
 1586 0191 1E       		.uleb128 0x1e
 1587 0192 2E       		.uleb128 0x2e
 1588 0193 01       		.byte	0x1
 1589 0194 3F       		.uleb128 0x3f
 1590 0195 19       		.uleb128 0x19
 1591 0196 03       		.uleb128 0x3
 1592 0197 0E       		.uleb128 0xe
 1593 0198 3A       		.uleb128 0x3a
 1594 0199 0B       		.uleb128 0xb
 1595 019a 3B       		.uleb128 0x3b
 1596 019b 0B       		.uleb128 0xb
 1597 019c 49       		.uleb128 0x49
 1598 019d 13       		.uleb128 0x13
 1599 019e 3C       		.uleb128 0x3c
 1600 019f 19       		.uleb128 0x19
 1601 01a0 01       		.uleb128 0x1
 1602 01a1 13       		.uleb128 0x13
 1603 01a2 00       		.byte	0
 1604 01a3 00       		.byte	0
 1605 01a4 1F       		.uleb128 0x1f
 1606 01a5 18       		.uleb128 0x18
 1607 01a6 00       		.byte	0
 1608 01a7 00       		.byte	0
 1609 01a8 00       		.byte	0
 1610 01a9 20       		.uleb128 0x20
 1611 01aa 2E       		.uleb128 0x2e
 1612 01ab 01       		.byte	0x1
 1613 01ac 3F       		.uleb128 0x3f
 1614 01ad 19       		.uleb128 0x19
 1615 01ae 03       		.uleb128 0x3
 1616 01af 0E       		.uleb128 0xe
ARM GAS  C:\Users\charl\AppData\Local\Temp\ccZfkm8N.s 			page 33


 1617 01b0 3A       		.uleb128 0x3a
 1618 01b1 0B       		.uleb128 0xb
 1619 01b2 3B       		.uleb128 0x3b
 1620 01b3 0B       		.uleb128 0xb
 1621 01b4 27       		.uleb128 0x27
 1622 01b5 19       		.uleb128 0x19
 1623 01b6 49       		.uleb128 0x49
 1624 01b7 13       		.uleb128 0x13
 1625 01b8 3C       		.uleb128 0x3c
 1626 01b9 19       		.uleb128 0x19
 1627 01ba 00       		.byte	0
 1628 01bb 00       		.byte	0
 1629 01bc 00       		.byte	0
 1630              		.section	.debug_loc,"",%progbits
 1631              	.Ldebug_loc0:
 1632              	.LLST0:
 1633 0000 02000000 		.4byte	.LVL0
 1634 0004 4C000000 		.4byte	.LVL10
 1635 0008 0200     		.2byte	0x2
 1636 000a 30       		.byte	0x30
 1637 000b 9F       		.byte	0x9f
 1638 000c 4C000000 		.4byte	.LVL10
 1639 0010 BE000000 		.4byte	.LVL19
 1640 0014 0100     		.2byte	0x1
 1641 0016 54       		.byte	0x54
 1642 0017 BE000000 		.4byte	.LVL19
 1643 001b D8000000 		.4byte	.LFE63
 1644 001f 0100     		.2byte	0x1
 1645 0021 50       		.byte	0x50
 1646 0022 00000000 		.4byte	0
 1647 0026 00000000 		.4byte	0
 1648              	.LLST1:
 1649 002a 38000000 		.4byte	.LVL6
 1650 002e 3C000000 		.4byte	.LVL7
 1651 0032 0200     		.2byte	0x2
 1652 0034 38       		.byte	0x38
 1653 0035 9F       		.byte	0x9f
 1654 0036 3C000000 		.4byte	.LVL7
 1655 003a 4C000000 		.4byte	.LVL10
 1656 003e 0100     		.2byte	0x1
 1657 0040 54       		.byte	0x54
 1658 0041 00000000 		.4byte	0
 1659 0045 00000000 		.4byte	0
 1660              		.section	.debug_aranges,"",%progbits
 1661 0000 1C000000 		.4byte	0x1c
 1662 0004 0200     		.2byte	0x2
 1663 0006 00000000 		.4byte	.Ldebug_info0
 1664 000a 04       		.byte	0x4
 1665 000b 00       		.byte	0
 1666 000c 0000     		.2byte	0
 1667 000e 0000     		.2byte	0
 1668 0010 00000000 		.4byte	.LFB63
 1669 0014 D8000000 		.4byte	.LFE63-.LFB63
 1670 0018 00000000 		.4byte	0
 1671 001c 00000000 		.4byte	0
 1672              		.section	.debug_ranges,"",%progbits
 1673              	.Ldebug_ranges0:
ARM GAS  C:\Users\charl\AppData\Local\Temp\ccZfkm8N.s 			page 34


 1674 0000 00000000 		.4byte	.LFB63
 1675 0004 D8000000 		.4byte	.LFE63
 1676 0008 00000000 		.4byte	0
 1677 000c 00000000 		.4byte	0
 1678              		.section	.debug_line,"",%progbits
 1679              	.Ldebug_line0:
 1680 0000 6F020000 		.section	.debug_str,"MS",%progbits,1
 1680      02000602 
 1680      00000201 
 1680      FB0E0D00 
 1680      01010101 
 1681              	.LASF101:
 1682 0000 433A5C55 		.ascii	"C:\\Users\\charl\\Documents\\GitHub\\VTM17_Dash_7se"
 1682      73657273 
 1682      5C636861 
 1682      726C5C44 
 1682      6F63756D 
 1683 002e 675C5654 		.ascii	"g\\VTM17_Dash_7SEG\\VTM17_Display_7seg\\VTM17E_Disp"
 1683      4D31375F 
 1683      44617368 
 1683      5F375345 
 1683      475C5654 
 1684 005e 6C61795F 		.ascii	"lay_7seg.cydsn\000"
 1684      37736567 
 1684      2E637964 
 1684      736E00
 1685              	.LASF63:
 1686 006d 52584D65 		.ascii	"RXMessage0\000"
 1686      73736167 
 1686      653000
 1687              	.LASF64:
 1688 0078 52584D65 		.ascii	"RXMessage1\000"
 1688      73736167 
 1688      653100
 1689              	.LASF65:
 1690 0083 52584D65 		.ascii	"RXMessage2\000"
 1690      73736167 
 1690      653200
 1691              	.LASF66:
 1692 008e 52584D65 		.ascii	"RXMessage3\000"
 1692      73736167 
 1692      653300
 1693              	.LASF67:
 1694 0099 52584D65 		.ascii	"RXMessage4\000"
 1694      73736167 
 1694      653400
 1695              	.LASF55:
 1696 00a4 72656765 		.ascii	"regen1\000"
 1696      6E3100
 1697              	.LASF69:
 1698 00ab 52584D65 		.ascii	"RXMessage6\000"
 1698      73736167 
 1698      653600
 1699              	.LASF38:
 1700 00b6 726D734D 		.ascii	"rmsMotorCurrent\000"
 1700      6F746F72 
 1700      43757272 
ARM GAS  C:\Users\charl\AppData\Local\Temp\ccZfkm8N.s 			page 35


 1700      656E7400 
 1701              	.LASF79:
 1702 00c6 73746174 		.ascii	"state\000"
 1702      6500
 1703              	.LASF98:
 1704 00cc 53776974 		.ascii	"SwitchButtonCheck\000"
 1704      63684275 
 1704      74746F6E 
 1704      43686563 
 1704      6B00
 1705              	.LASF23:
 1706 00de 53544154 		.ascii	"STATE\000"
 1706      4500
 1707              	.LASF2:
 1708 00e4 73686F72 		.ascii	"short int\000"
 1708      7420696E 
 1708      7400
 1709              	.LASF39:
 1710 00ee 68656174 		.ascii	"heatSinkTemp\000"
 1710      53696E6B 
 1710      54656D70 
 1710      00
 1711              	.LASF51:
 1712 00fb 626D7343 		.ascii	"bmsCCL\000"
 1712      434C00
 1713              	.LASF35:
 1714 0102 6D6F746F 		.ascii	"motorSpeed\000"
 1714      72537065 
 1714      656400
 1715              	.LASF16:
 1716 010d 73697A65 		.ascii	"sizetype\000"
 1716      74797065 
 1716      00
 1717              	.LASF68:
 1718 0116 52584D65 		.ascii	"RXMessage5\000"
 1718      73736167 
 1718      653500
 1719              	.LASF45:
 1720 0121 7468726F 		.ascii	"throttleFiltered\000"
 1720      74746C65 
 1720      46696C74 
 1720      65726564 
 1720      00
 1721              	.LASF102:
 1722 0132 6D61696E 		.ascii	"main\000"
 1722      00
 1723              	.LASF20:
 1724 0137 75696E74 		.ascii	"uint\000"
 1724      00
 1725              	.LASF96:
 1726 013c 5761726E 		.ascii	"WarningLights\000"
 1726      696E674C 
 1726      69676874 
 1726      7300
 1727              	.LASF88:
 1728 014a 43414E5F 		.ascii	"CAN_Start\000"
 1728      53746172 
ARM GAS  C:\Users\charl\AppData\Local\Temp\ccZfkm8N.s 			page 36


 1728      7400
 1729              	.LASF90:
 1730 0154 4C45445F 		.ascii	"LED_Driver_Gear_Start\000"
 1730      44726976 
 1730      65725F47 
 1730      6561725F 
 1730      53746172 
 1731              	.LASF94:
 1732 016a 44726976 		.ascii	"DriveUpdate\000"
 1732      65557064 
 1732      61746500 
 1733              	.LASF93:
 1734 0176 42726967 		.ascii	"Brightness\000"
 1734      68746E65 
 1734      737300
 1735              	.LASF11:
 1736 0181 75696E74 		.ascii	"uint8\000"
 1736      3800
 1737              	.LASF29:
 1738 0187 77616974 		.ascii	"wait\000"
 1738      00
 1739              	.LASF77:
 1740 018c 5258444C 		.ascii	"RXDLC\000"
 1740      4300
 1741              	.LASF0:
 1742 0192 7369676E 		.ascii	"signed char\000"
 1742      65642063 
 1742      68617200 
 1743              	.LASF13:
 1744 019e 666C6F61 		.ascii	"float\000"
 1744      7400
 1745              	.LASF32:
 1746 01a4 52696768 		.ascii	"Right\000"
 1746      7400
 1747              	.LASF25:
 1748 01aa 42726967 		.ascii	"Bright4Dig\000"
 1748      68743444 
 1748      696700
 1749              	.LASF6:
 1750 01b5 6C6F6E67 		.ascii	"long long int\000"
 1750      206C6F6E 
 1750      6720696E 
 1750      7400
 1751              	.LASF26:
 1752 01c3 50616765 		.ascii	"PageButton\000"
 1752      42757474 
 1752      6F6E00
 1753              	.LASF24:
 1754 01ce 42726967 		.ascii	"BrightGear\000"
 1754      68744765 
 1754      617200
 1755              	.LASF78:
 1756 01d9 44697370 		.ascii	"DispUpdate\000"
 1756      55706461 
 1756      746500
 1757              	.LASF4:
 1758 01e4 6C6F6E67 		.ascii	"long int\000"
ARM GAS  C:\Users\charl\AppData\Local\Temp\ccZfkm8N.s 			page 37


 1758      20696E74 
 1758      00
 1759              	.LASF31:
 1760 01ed 4C656674 		.ascii	"Left\000"
 1760      00
 1761              	.LASF89:
 1762 01f2 4C45445F 		.ascii	"LED_Driver_LRBWS_Start\000"
 1762      44726976 
 1762      65725F4C 
 1762      52425753 
 1762      5F537461 
 1763              	.LASF49:
 1764 0209 61636365 		.ascii	"accelCurrentLimit\000"
 1764      6C437572 
 1764      72656E74 
 1764      4C696D69 
 1764      7400
 1765              	.LASF83:
 1766 021b 4F666673 		.ascii	"OffsetFlash\000"
 1766      6574466C 
 1766      61736800 
 1767              	.LASF70:
 1768 0227 5258466C 		.ascii	"RXFlag0\000"
 1768      61673000 
 1769              	.LASF71:
 1770 022f 5258466C 		.ascii	"RXFlag1\000"
 1770      61673100 
 1771              	.LASF72:
 1772 0237 5258466C 		.ascii	"RXFlag2\000"
 1772      61673200 
 1773              	.LASF73:
 1774 023f 5258466C 		.ascii	"RXFlag3\000"
 1774      61673300 
 1775              	.LASF74:
 1776 0247 5258466C 		.ascii	"RXFlag4\000"
 1776      61673400 
 1777              	.LASF75:
 1778 024f 5258466C 		.ascii	"RXFlag5\000"
 1778      61673500 
 1779              	.LASF76:
 1780 0257 5258466C 		.ascii	"RXFlag6\000"
 1780      61673600 
 1781              	.LASF18:
 1782 025f 62797465 		.ascii	"byte\000"
 1782      00
 1783              	.LASF22:
 1784 0264 44696167 		.ascii	"Diag\000"
 1784      00
 1785              	.LASF86:
 1786 0269 6D657373 		.ascii	"messagePWM\000"
 1786      61676550 
 1786      574D00
 1787              	.LASF40:
 1788 0274 6D6F746F 		.ascii	"motorTemp\000"
 1788      7254656D 
 1788      7000
 1789              	.LASF48:
ARM GAS  C:\Users\charl\AppData\Local\Temp\ccZfkm8N.s 			page 38


 1790 027e 636F6D6D 		.ascii	"commandCurrent\000"
 1790      616E6443 
 1790      75727265 
 1790      6E7400
 1791              	.LASF1:
 1792 028d 756E7369 		.ascii	"unsigned char\000"
 1792      676E6564 
 1792      20636861 
 1792      7200
 1793              	.LASF85:
 1794 029b 64617461 		.ascii	"dataPWM\000"
 1794      50574D00 
 1795              	.LASF30:
 1796 02a3 5374696C 		.ascii	"StillPressed\000"
 1796      6C507265 
 1796      73736564 
 1796      00
 1797              	.LASF47:
 1798 02b0 636F6D6D 		.ascii	"commandWord\000"
 1798      616E6457 
 1798      6F726400 
 1799              	.LASF10:
 1800 02bc 696E7433 		.ascii	"int32_t\000"
 1800      325F7400 
 1801              	.LASF7:
 1802 02c4 6C6F6E67 		.ascii	"long long unsigned int\000"
 1802      206C6F6E 
 1802      6720756E 
 1802      7369676E 
 1802      65642069 
 1803              	.LASF87:
 1804 02db 43414E5F 		.ascii	"CAN_Init\000"
 1804      496E6974 
 1804      00
 1805              	.LASF8:
 1806 02e4 756E7369 		.ascii	"unsigned int\000"
 1806      676E6564 
 1806      20696E74 
 1806      00
 1807              	.LASF91:
 1808 02f1 4C45445F 		.ascii	"LED_Driver_LRBWS_SetRC\000"
 1808      44726976 
 1808      65725F4C 
 1808      52425753 
 1808      5F536574 
 1809              	.LASF17:
 1810 0308 43414E5F 		.ascii	"CAN_DATA_BYTES_MSG\000"
 1810      44415441 
 1810      5F425954 
 1810      45535F4D 
 1810      534700
 1811              	.LASF36:
 1812 031b 6E6F6465 		.ascii	"nodeStatus\000"
 1812      53746174 
 1812      757300
 1813              	.LASF54:
 1814 0326 626D7350 		.ascii	"bmsPackCurrent\000"
ARM GAS  C:\Users\charl\AppData\Local\Temp\ccZfkm8N.s 			page 39


 1814      61636B43 
 1814      75727265 
 1814      6E7400
 1815              	.LASF3:
 1816 0335 73686F72 		.ascii	"short unsigned int\000"
 1816      7420756E 
 1816      7369676E 
 1816      65642069 
 1816      6E7400
 1817              	.LASF56:
 1818 0348 72656765 		.ascii	"regen2\000"
 1818      6E3200
 1819              	.LASF58:
 1820 034f 6272616B 		.ascii	"brakePercent\000"
 1820      65506572 
 1820      63656E74 
 1820      00
 1821              	.LASF15:
 1822 035c 63686172 		.ascii	"char\000"
 1822      00
 1823              	.LASF99:
 1824 0361 474E5520 		.ascii	"GNU C 4.9.3 20150303 (release) [ARM/embedded-4_9-br"
 1824      4320342E 
 1824      392E3320 
 1824      32303135 
 1824      30333033 
 1825 0394 616E6368 		.ascii	"anch revision 221220] -mcpu=cortex-m3 -mthumb -g -O"
 1825      20726576 
 1825      6973696F 
 1825      6E203232 
 1825      31323230 
 1826 03c7 67202D66 		.ascii	"g -ffunction-sections -ffat-lto-objects\000"
 1826      66756E63 
 1826      74696F6E 
 1826      2D736563 
 1826      74696F6E 
 1827              	.LASF37:
 1828 03ef 6E6F6465 		.ascii	"nodeDCVoltage\000"
 1828      4443566F 
 1828      6C746167 
 1828      6500
 1829              	.LASF60:
 1830 03fd 696E7374 		.ascii	"instVoltage\000"
 1830      566F6C74 
 1830      61676500 
 1831              	.LASF53:
 1832 0409 626D7348 		.ascii	"bmsHighTemp\000"
 1832      69676854 
 1832      656D7000 
 1833              	.LASF50:
 1834 0415 64656365 		.ascii	"decelCurrentLimit\000"
 1834      6C437572 
 1834      72656E74 
 1834      4C696D69 
 1834      7400
 1835              	.LASF44:
 1836 0427 73746565 		.ascii	"steeringFiltered\000"
ARM GAS  C:\Users\charl\AppData\Local\Temp\ccZfkm8N.s 			page 40


 1836      72696E67 
 1836      46696C74 
 1836      65726564 
 1836      00
 1837              	.LASF43:
 1838 0438 766D6333 		.ascii	"vmc30State\000"
 1838      30537461 
 1838      746500
 1839              	.LASF81:
 1840 0443 466C6173 		.ascii	"FlashCounter\000"
 1840      68436F75 
 1840      6E746572 
 1840      00
 1841              	.LASF27:
 1842 0450 52656164 		.ascii	"ReadyToDisplay\000"
 1842      79546F44 
 1842      6973706C 
 1842      617900
 1843              	.LASF12:
 1844 045f 75696E74 		.ascii	"uint32\000"
 1844      333200
 1845              	.LASF5:
 1846 0466 6C6F6E67 		.ascii	"long unsigned int\000"
 1846      20756E73 
 1846      69676E65 
 1846      6420696E 
 1846      7400
 1847              	.LASF19:
 1848 0478 43414E5F 		.ascii	"CAN_TX_MSG\000"
 1848      54585F4D 
 1848      534700
 1849              	.LASF14:
 1850 0483 646F7562 		.ascii	"double\000"
 1850      6C6500
 1851              	.LASF95:
 1852 048a 53686966 		.ascii	"ShiftLights\000"
 1852      744C6967 
 1852      68747300 
 1853              	.LASF42:
 1854 0496 766F6C74 		.ascii	"voltageAngle\000"
 1854      61676541 
 1854      6E676C65 
 1854      00
 1855              	.LASF97:
 1856 04a3 44696167 		.ascii	"DiagUpdate\000"
 1856      55706461 
 1856      746500
 1857              	.LASF33:
 1858 04ae 44697265 		.ascii	"Direction\000"
 1858      6374696F 
 1858      6E00
 1859              	.LASF59:
 1860 04b8 63656C6C 		.ascii	"cellID\000"
 1860      494400
 1861              	.LASF28:
 1862 04bf 636F756E 		.ascii	"count\000"
 1862      7400
ARM GAS  C:\Users\charl\AppData\Local\Temp\ccZfkm8N.s 			page 41


 1863              	.LASF100:
 1864 04c5 2E5C6D61 		.ascii	".\\main.c\000"
 1864      696E2E63 
 1864      00
 1865              	.LASF9:
 1866 04ce 5F5F696E 		.ascii	"__int32_t\000"
 1866      7433325F 
 1866      7400
 1867              	.LASF61:
 1868 04d8 6F70656E 		.ascii	"openVoltage\000"
 1868      566F6C74 
 1868      61676500 
 1869              	.LASF46:
 1870 04e4 6572726F 		.ascii	"errorBits\000"
 1870      72426974 
 1870      7300
 1871              	.LASF57:
 1872 04ee 7468726F 		.ascii	"throttlePercent\000"
 1872      74746C65 
 1872      50657263 
 1872      656E7400 
 1873              	.LASF84:
 1874 04fe 72656365 		.ascii	"receiveMailboxNumber\000"
 1874      6976654D 
 1874      61696C62 
 1874      6F784E75 
 1874      6D626572 
 1875              	.LASF92:
 1876 0513 50617273 		.ascii	"ParseCAN\000"
 1876      6543414E 
 1876      00
 1877              	.LASF21:
 1878 051c 44726976 		.ascii	"Drive\000"
 1878      6500
 1879              	.LASF34:
 1880 0522 49544D5F 		.ascii	"ITM_RxBuffer\000"
 1880      52784275 
 1880      66666572 
 1880      00
 1881              	.LASF62:
 1882 052f 63686563 		.ascii	"checkSum\000"
 1882      6B53756D 
 1882      00
 1883              	.LASF82:
 1884 0538 466C6173 		.ascii	"FlashFreq\000"
 1884      68467265 
 1884      7100
 1885              	.LASF41:
 1886 0542 64634375 		.ascii	"dcCurrent\000"
 1886      7272656E 
 1886      7400
 1887              	.LASF80:
 1888 054c 50726576 		.ascii	"PrevState\000"
 1888      53746174 
 1888      6500
 1889              	.LASF52:
 1890 0556 626D7344 		.ascii	"bmsDCL\000"
ARM GAS  C:\Users\charl\AppData\Local\Temp\ccZfkm8N.s 			page 42


 1890      434C00
 1891              		.ident	"GCC: (GNU Tools for ARM Embedded Processors) 4.9.3 20150303 (release) [ARM/embedded-4_9-br
