--------------- Rebuild Started: 04/04/2017 22:37:57 Project: VTM17E_Display_7seg, Configuration: ARM GCC 4.9-2015-q1-update Debug ---------------
Deleting file ".\CortexM3\ARM_GCC_493\Debug\main.o"
Deleting file ".\CortexM3\ARM_GCC_493\Debug\Dash_Funcs.o"
Deleting file ".\CortexM3\ARM_GCC_493\Debug\cyfitter_cfg.o"
Deleting file ".\CortexM3\ARM_GCC_493\Debug\cymetadata.o"
Deleting file ".\CortexM3\ARM_GCC_493\Debug\RX_1.o"
Deleting file ".\CortexM3\ARM_GCC_493\Debug\LED_Driver_Gear.o"
Deleting file ".\CortexM3\ARM_GCC_493\Debug\LED_Driver_Gear_PM.o"
Deleting file ".\CortexM3\ARM_GCC_493\Debug\TX_1.o"
Deleting file ".\CortexM3\ARM_GCC_493\Debug\Com_1.o"
Deleting file ".\CortexM3\ARM_GCC_493\Debug\Tx_En.o"
Deleting file ".\CortexM3\ARM_GCC_493\Debug\LED_Driver_LRBWS.o"
Deleting file ".\CortexM3\ARM_GCC_493\Debug\LED_Driver_LRBWS_PM.o"
Deleting file ".\CortexM3\ARM_GCC_493\Debug\LED_Driver_Gear_ClkInternal.o"
Deleting file ".\CortexM3\ARM_GCC_493\Debug\LED_Driver_Gear_Seg_Driver_L.o"
Deleting file ".\CortexM3\ARM_GCC_493\Debug\LED_Driver_Gear_Seg_Driver_L_PM.o"
Deleting file ".\CortexM3\ARM_GCC_493\Debug\LED_Driver_Gear_Com_Driver.o"
Deleting file ".\CortexM3\ARM_GCC_493\Debug\LED_Driver_Gear_Com_Driver_PM.o"
Deleting file ".\CortexM3\ARM_GCC_493\Debug\LED_Driver_Gear_DMA_Com_dma.o"
Deleting file ".\CortexM3\ARM_GCC_493\Debug\LED_Driver_Gear_DMA_Seg_dma.o"
Deleting file ".\CortexM3\ARM_GCC_493\Debug\LED_Driver_LRBWS_ClkInternal.o"
Deleting file ".\CortexM3\ARM_GCC_493\Debug\LED_Driver_LRBWS_Seg_Driver_L.o"
Deleting file ".\CortexM3\ARM_GCC_493\Debug\LED_Driver_LRBWS_Seg_Driver_L_PM.o"
Deleting file ".\CortexM3\ARM_GCC_493\Debug\LED_Driver_LRBWS_Com_Driver.o"
Deleting file ".\CortexM3\ARM_GCC_493\Debug\LED_Driver_LRBWS_Com_Driver_PM.o"
Deleting file ".\CortexM3\ARM_GCC_493\Debug\LED_Driver_LRBWS_DMA_Com_dma.o"
Deleting file ".\CortexM3\ARM_GCC_493\Debug\LED_Driver_LRBWS_Seg_Driver_M.o"
Deleting file ".\CortexM3\ARM_GCC_493\Debug\LED_Driver_LRBWS_Seg_Driver_M_PM.o"
Deleting file ".\CortexM3\ARM_GCC_493\Debug\LED_Driver_LRBWS_Seg_Driver_H.o"
Deleting file ".\CortexM3\ARM_GCC_493\Debug\LED_Driver_LRBWS_Seg_Driver_H_PM.o"
Deleting file ".\CortexM3\ARM_GCC_493\Debug\LED_Driver_LRBWS_DMA_Seg_dma.o"
Deleting file ".\CortexM3\ARM_GCC_493\Debug\Cm3Start.o"
Deleting file ".\CortexM3\ARM_GCC_493\Debug\CyBootAsmGnu.o"
Deleting file ".\CortexM3\ARM_GCC_493\Debug\CyDmac.o"
Deleting file ".\CortexM3\ARM_GCC_493\Debug\CyFlash.o"
Deleting file ".\CortexM3\ARM_GCC_493\Debug\CyLib.o"
Deleting file ".\CortexM3\ARM_GCC_493\Debug\cyPm.o"
Deleting file ".\CortexM3\ARM_GCC_493\Debug\CySpc.o"
Deleting file ".\CortexM3\ARM_GCC_493\Debug\cyutils.o"
Deleting file ".\CortexM3\ARM_GCC_493\Debug\LED_Driver_LRBWS_DMA_BC_dma.o"
Deleting file ".\CortexM3\ARM_GCC_493\Debug\CAN.o"
Deleting file ".\CortexM3\ARM_GCC_493\Debug\CAN_INT.o"
Deleting file ".\CortexM3\ARM_GCC_493\Debug\CAN_PM.o"
Deleting file ".\CortexM3\ARM_GCC_493\Debug\CAN_TX_RX_func.o"
Deleting file ".\CortexM3\ARM_GCC_493\Debug\LED_Driver_Gear_DMA_BC_dma.o"
Deleting file ".\CortexM3\ARM_GCC_493\Debug\PageSwitch.o"
Deleting file ".\CortexM3\ARM_GCC_493\Debug\Clock_1.o"
Deleting file ".\CortexM3\ARM_GCC_493\Debug\Page_Button.o"
Deleting file ".\CortexM3\ARM_GCC_493\Debug\VTM17E_Display_7seg.hex"
Deleting file ".\CortexM3\ARM_GCC_493\Debug\VTM17E_Display_7seg.elf"
Deleting file ".\CortexM3\ARM_GCC_493\Debug\VTM17E_Display_7seg.map"
Deleting file ".\VTM17E_Display_7seg.cycdx"
Deleting file ".\VTM17E_Display_7seg.svd"
Deleting file ".\VTM17E_Display_7seg.rpt"
Deleting file ".\VTM17E_Display_7seg_timing.html"
Deleting file ".\CortexM3\ARM_GCC_493\Debug\.deps\C_FILE.P"
Deleting file ".\CortexM3\ARM_GCC_493\Debug\.deps\ARM_C_FILE.P"
Deleting file ".\CortexM3\ARM_GCC_493\Debug\.deps\GNU_ARM_ASM_FILE.P"
cydsfit.exe -.appdatapath "C:\Users\charl\AppData\Local\Cypress Semiconductor\PSoC Creator\3.3" -.fdsnotice -.fdswarpdepfile=warp_dependencies.txt -.fdselabdepfile=elab_dependencies.txt -.fdsbldfile=generated_files.txt -p C:\Users\charl\Documents\GitHub\VTM17_Dash_7seg\VTM17_Dash_7SEG\VTM17_Display_7seg\VTM17E_Display_7seg.cydsn\VTM17E_Display_7seg.cyprj -d CY8C5888LTI-LP097 -s C:\Users\charl\Documents\GitHub\VTM17_Dash_7seg\VTM17_Dash_7SEG\VTM17_Display_7seg\VTM17E_Display_7seg.cydsn\Generated_Source\PSoC5 -- -yv2 -q10 -ygs -o2 -v3 -.fftcfgtype=LE
Elaborating Design...
ADD: sdb.M0060: warning: Warning in component: CAN. The BUS_CLK clock accuracy should be 0.5% or better. Please, use an external XTAL or external clock source to meet the CAN accurate clocking requirements.
 * C:\Users\charl\Documents\GitHub\VTM17_Dash_7seg\VTM17_Dash_7SEG\VTM17_Display_7seg\VTM17E_Display_7seg.cydsn\TopDesign\TopDesign.cysch (Instance:CAN)
HDL Generation ...
Synthesis ...
Place and Route ...
Tech mapping ...
Analog Placement ...
Analog Routing ...
Analog Code Generation ...
Digital Placement ...
Digital Routing ...
Bitstream Generation ...
Static timing analysis ...
API Generation ...
Dependency Generation ...
Clean Temporary Files ...
arm-none-eabi-gcc.exe -mcpu=cortex-m3 -mthumb -Wno-main -I. -IGenerated_Source\PSoC5 -Wa,-alh=.\CortexM3\ARM_GCC_493\Debug/main.lst -g -D DEBUG -Wall -ffunction-sections -Og -ffat-lto-objects -c .\main.c -o .\CortexM3\ARM_GCC_493\Debug\main.o
.\main.c: In function 'main':
.\main.c:121:9: warning: unused variable 'Direction' [-Wunused-variable]
     int Direction = 1; //1 is up 0 is down
         ^
.\main.c:120:9: warning: unused variable 'Right' [-Wunused-variable]
     int Right = 9;
         ^
.\main.c:119:9: warning: unused variable 'Left' [-Wunused-variable]
     int Left = 8;
         ^
.\main.c:112:9: warning: unused variable 'wait' [-Wunused-variable]
     int wait = 0;
         ^
.\main.c:111:9: warning: unused variable 'count' [-Wunused-variable]
     int count = 0;
         ^
.\main.c:109:9: warning: unused variable 'PageButton' [-Wunused-variable]
     int PageButton = 0;
         ^
arm-none-eabi-gcc.exe -mcpu=cortex-m3 -mthumb -Wno-main -I. -IGenerated_Source\PSoC5 -Wa,-alh=.\CortexM3\ARM_GCC_493\Debug/Dash_Funcs.lst -g -D DEBUG -Wall -ffunction-sections -Og -ffat-lto-objects -c .\Dash_Funcs.c -o .\CortexM3\ARM_GCC_493\Debug\Dash_Funcs.o
.\Dash_Funcs.c: In function 'ShiftLights':
.\Dash_Funcs.c:167:9: warning: unused variable 'Light4' [-Wunused-variable]
     int Light4 = 15;
         ^
.\Dash_Funcs.c:166:9: warning: unused variable 'Light3' [-Wunused-variable]
     int Light3 = 12;
         ^
.\Dash_Funcs.c:165:9: warning: unused variable 'Light2' [-Wunused-variable]
     int Light2 = 10;
         ^
arm-none-eabi-gcc.exe -mcpu=cortex-m3 -mthumb -Wno-main -I. -IGenerated_Source\PSoC5 -Wa,-alh=.\CortexM3\ARM_GCC_493\Debug/cyfitter_cfg.lst -g -D DEBUG -Wall -ffunction-sections -Og -ffat-lto-objects -c .\Generated_Source\PSoC5\cyfitter_cfg.c -o .\CortexM3\ARM_GCC_493\Debug\cyfitter_cfg.o
arm-none-eabi-gcc.exe -mcpu=cortex-m3 -mthumb -Wno-main -I. -IGenerated_Source\PSoC5 -Wa,-alh=.\CortexM3\ARM_GCC_493\Debug/cymetadata.lst -g -D DEBUG -Wall -ffunction-sections -Og -ffat-lto-objects -c .\Generated_Source\PSoC5\cymetadata.c -o .\CortexM3\ARM_GCC_493\Debug\cymetadata.o
arm-none-eabi-gcc.exe -mcpu=cortex-m3 -mthumb -Wno-main -I. -IGenerated_Source\PSoC5 -Wa,-alh=.\CortexM3\ARM_GCC_493\Debug/RX_1.lst -g -D DEBUG -Wall -ffunction-sections -Og -ffat-lto-objects -c .\Generated_Source\PSoC5\RX_1.c -o .\CortexM3\ARM_GCC_493\Debug\RX_1.o
arm-none-eabi-gcc.exe -mcpu=cortex-m3 -mthumb -Wno-main -I. -IGenerated_Source\PSoC5 -Wa,-alh=.\CortexM3\ARM_GCC_493\Debug/LED_Driver_Gear.lst -g -D DEBUG -Wall -ffunction-sections -Og -ffat-lto-objects -c .\Generated_Source\PSoC5\LED_Driver_Gear.c -o .\CortexM3\ARM_GCC_493\Debug\LED_Driver_Gear.o
arm-none-eabi-gcc.exe -mcpu=cortex-m3 -mthumb -Wno-main -I. -IGenerated_Source\PSoC5 -Wa,-alh=.\CortexM3\ARM_GCC_493\Debug/LED_Driver_Gear_PM.lst -g -D DEBUG -Wall -ffunction-sections -Og -ffat-lto-objects -c .\Generated_Source\PSoC5\LED_Driver_Gear_PM.c -o .\CortexM3\ARM_GCC_493\Debug\LED_Driver_Gear_PM.o
arm-none-eabi-gcc.exe -mcpu=cortex-m3 -mthumb -Wno-main -I. -IGenerated_Source\PSoC5 -Wa,-alh=.\CortexM3\ARM_GCC_493\Debug/TX_1.lst -g -D DEBUG -Wall -ffunction-sections -Og -ffat-lto-objects -c .\Generated_Source\PSoC5\TX_1.c -o .\CortexM3\ARM_GCC_493\Debug\TX_1.o
arm-none-eabi-gcc.exe -mcpu=cortex-m3 -mthumb -Wno-main -I. -IGenerated_Source\PSoC5 -Wa,-alh=.\CortexM3\ARM_GCC_493\Debug/Com_1.lst -g -D DEBUG -Wall -ffunction-sections -Og -ffat-lto-objects -c .\Generated_Source\PSoC5\Com_1.c -o .\CortexM3\ARM_GCC_493\Debug\Com_1.o
arm-none-eabi-gcc.exe -mcpu=cortex-m3 -mthumb -Wno-main -I. -IGenerated_Source\PSoC5 -Wa,-alh=.\CortexM3\ARM_GCC_493\Debug/Tx_En.lst -g -D DEBUG -Wall -ffunction-sections -Og -ffat-lto-objects -c .\Generated_Source\PSoC5\Tx_En.c -o .\CortexM3\ARM_GCC_493\Debug\Tx_En.o
arm-none-eabi-gcc.exe -mcpu=cortex-m3 -mthumb -Wno-main -I. -IGenerated_Source\PSoC5 -Wa,-alh=.\CortexM3\ARM_GCC_493\Debug/LED_Driver_LRBWS.lst -g -D DEBUG -Wall -ffunction-sections -Og -ffat-lto-objects -c .\Generated_Source\PSoC5\LED_Driver_LRBWS.c -o .\CortexM3\ARM_GCC_493\Debug\LED_Driver_LRBWS.o
arm-none-eabi-gcc.exe -mcpu=cortex-m3 -mthumb -Wno-main -I. -IGenerated_Source\PSoC5 -Wa,-alh=.\CortexM3\ARM_GCC_493\Debug/LED_Driver_LRBWS_PM.lst -g -D DEBUG -Wall -ffunction-sections -Og -ffat-lto-objects -c .\Generated_Source\PSoC5\LED_Driver_LRBWS_PM.c -o .\CortexM3\ARM_GCC_493\Debug\LED_Driver_LRBWS_PM.o
arm-none-eabi-gcc.exe -mcpu=cortex-m3 -mthumb -Wno-main -I. -IGenerated_Source\PSoC5 -Wa,-alh=.\CortexM3\ARM_GCC_493\Debug/LED_Driver_Gear_ClkInternal.lst -g -D DEBUG -Wall -ffunction-sections -Og -ffat-lto-objects -c .\Generated_Source\PSoC5\LED_Driver_Gear_ClkInternal.c -o .\CortexM3\ARM_GCC_493\Debug\LED_Driver_Gear_ClkInternal.o
arm-none-eabi-gcc.exe -mcpu=cortex-m3 -mthumb -Wno-main -I. -IGenerated_Source\PSoC5 -Wa,-alh=.\CortexM3\ARM_GCC_493\Debug/LED_Driver_Gear_Seg_Driver_L.lst -g -D DEBUG -Wall -ffunction-sections -Og -ffat-lto-objects -c .\Generated_Source\PSoC5\LED_Driver_Gear_Seg_Driver_L.c -o .\CortexM3\ARM_GCC_493\Debug\LED_Driver_Gear_Seg_Driver_L.o
arm-none-eabi-gcc.exe -mcpu=cortex-m3 -mthumb -Wno-main -I. -IGenerated_Source\PSoC5 -Wa,-alh=.\CortexM3\ARM_GCC_493\Debug/LED_Driver_Gear_Seg_Driver_L_PM.lst -g -D DEBUG -Wall -ffunction-sections -Og -ffat-lto-objects -c .\Generated_Source\PSoC5\LED_Driver_Gear_Seg_Driver_L_PM.c -o .\CortexM3\ARM_GCC_493\Debug\LED_Driver_Gear_Seg_Driver_L_PM.o
arm-none-eabi-gcc.exe -mcpu=cortex-m3 -mthumb -Wno-main -I. -IGenerated_Source\PSoC5 -Wa,-alh=.\CortexM3\ARM_GCC_493\Debug/LED_Driver_Gear_Com_Driver.lst -g -D DEBUG -Wall -ffunction-sections -Og -ffat-lto-objects -c .\Generated_Source\PSoC5\LED_Driver_Gear_Com_Driver.c -o .\CortexM3\ARM_GCC_493\Debug\LED_Driver_Gear_Com_Driver.o
arm-none-eabi-gcc.exe -mcpu=cortex-m3 -mthumb -Wno-main -I. -IGenerated_Source\PSoC5 -Wa,-alh=.\CortexM3\ARM_GCC_493\Debug/LED_Driver_Gear_Com_Driver_PM.lst -g -D DEBUG -Wall -ffunction-sections -Og -ffat-lto-objects -c .\Generated_Source\PSoC5\LED_Driver_Gear_Com_Driver_PM.c -o .\CortexM3\ARM_GCC_493\Debug\LED_Driver_Gear_Com_Driver_PM.o
arm-none-eabi-gcc.exe -mcpu=cortex-m3 -mthumb -Wno-main -I. -IGenerated_Source\PSoC5 -Wa,-alh=.\CortexM3\ARM_GCC_493\Debug/LED_Driver_Gear_DMA_Com_dma.lst -g -D DEBUG -Wall -ffunction-sections -Og -ffat-lto-objects -c .\Generated_Source\PSoC5\LED_Driver_Gear_DMA_Com_dma.c -o .\CortexM3\ARM_GCC_493\Debug\LED_Driver_Gear_DMA_Com_dma.o
arm-none-eabi-gcc.exe -mcpu=cortex-m3 -mthumb -Wno-main -I. -IGenerated_Source\PSoC5 -Wa,-alh=.\CortexM3\ARM_GCC_493\Debug/LED_Driver_Gear_DMA_Seg_dma.lst -g -D DEBUG -Wall -ffunction-sections -Og -ffat-lto-objects -c .\Generated_Source\PSoC5\LED_Driver_Gear_DMA_Seg_dma.c -o .\CortexM3\ARM_GCC_493\Debug\LED_Driver_Gear_DMA_Seg_dma.o
arm-none-eabi-gcc.exe -mcpu=cortex-m3 -mthumb -Wno-main -I. -IGenerated_Source\PSoC5 -Wa,-alh=.\CortexM3\ARM_GCC_493\Debug/LED_Driver_LRBWS_ClkInternal.lst -g -D DEBUG -Wall -ffunction-sections -Og -ffat-lto-objects -c .\Generated_Source\PSoC5\LED_Driver_LRBWS_ClkInternal.c -o .\CortexM3\ARM_GCC_493\Debug\LED_Driver_LRBWS_ClkInternal.o
arm-none-eabi-gcc.exe -mcpu=cortex-m3 -mthumb -Wno-main -I. -IGenerated_Source\PSoC5 -Wa,-alh=.\CortexM3\ARM_GCC_493\Debug/LED_Driver_LRBWS_Seg_Driver_L.lst -g -D DEBUG -Wall -ffunction-sections -Og -ffat-lto-objects -c .\Generated_Source\PSoC5\LED_Driver_LRBWS_Seg_Driver_L.c -o .\CortexM3\ARM_GCC_493\Debug\LED_Driver_LRBWS_Seg_Driver_L.o
arm-none-eabi-gcc.exe -mcpu=cortex-m3 -mthumb -Wno-main -I. -IGenerated_Source\PSoC5 -Wa,-alh=.\CortexM3\ARM_GCC_493\Debug/LED_Driver_LRBWS_Seg_Driver_L_PM.lst -g -D DEBUG -Wall -ffunction-sections -Og -ffat-lto-objects -c .\Generated_Source\PSoC5\LED_Driver_LRBWS_Seg_Driver_L_PM.c -o .\CortexM3\ARM_GCC_493\Debug\LED_Driver_LRBWS_Seg_Driver_L_PM.o
arm-none-eabi-gcc.exe -mcpu=cortex-m3 -mthumb -Wno-main -I. -IGenerated_Source\PSoC5 -Wa,-alh=.\CortexM3\ARM_GCC_493\Debug/LED_Driver_LRBWS_Com_Driver.lst -g -D DEBUG -Wall -ffunction-sections -Og -ffat-lto-objects -c .\Generated_Source\PSoC5\LED_Driver_LRBWS_Com_Driver.c -o .\CortexM3\ARM_GCC_493\Debug\LED_Driver_LRBWS_Com_Driver.o
arm-none-eabi-gcc.exe -mcpu=cortex-m3 -mthumb -Wno-main -I. -IGenerated_Source\PSoC5 -Wa,-alh=.\CortexM3\ARM_GCC_493\Debug/LED_Driver_LRBWS_Com_Driver_PM.lst -g -D DEBUG -Wall -ffunction-sections -Og -ffat-lto-objects -c .\Generated_Source\PSoC5\LED_Driver_LRBWS_Com_Driver_PM.c -o .\CortexM3\ARM_GCC_493\Debug\LED_Driver_LRBWS_Com_Driver_PM.o
arm-none-eabi-gcc.exe -mcpu=cortex-m3 -mthumb -Wno-main -I. -IGenerated_Source\PSoC5 -Wa,-alh=.\CortexM3\ARM_GCC_493\Debug/LED_Driver_LRBWS_DMA_Com_dma.lst -g -D DEBUG -Wall -ffunction-sections -Og -ffat-lto-objects -c .\Generated_Source\PSoC5\LED_Driver_LRBWS_DMA_Com_dma.c -o .\CortexM3\ARM_GCC_493\Debug\LED_Driver_LRBWS_DMA_Com_dma.o
arm-none-eabi-gcc.exe -mcpu=cortex-m3 -mthumb -Wno-main -I. -IGenerated_Source\PSoC5 -Wa,-alh=.\CortexM3\ARM_GCC_493\Debug/LED_Driver_LRBWS_Seg_Driver_M.lst -g -D DEBUG -Wall -ffunction-sections -Og -ffat-lto-objects -c .\Generated_Source\PSoC5\LED_Driver_LRBWS_Seg_Driver_M.c -o .\CortexM3\ARM_GCC_493\Debug\LED_Driver_LRBWS_Seg_Driver_M.o
arm-none-eabi-gcc.exe -mcpu=cortex-m3 -mthumb -Wno-main -I. -IGenerated_Source\PSoC5 -Wa,-alh=.\CortexM3\ARM_GCC_493\Debug/LED_Driver_LRBWS_Seg_Driver_M_PM.lst -g -D DEBUG -Wall -ffunction-sections -Og -ffat-lto-objects -c .\Generated_Source\PSoC5\LED_Driver_LRBWS_Seg_Driver_M_PM.c -o .\CortexM3\ARM_GCC_493\Debug\LED_Driver_LRBWS_Seg_Driver_M_PM.o
arm-none-eabi-gcc.exe -mcpu=cortex-m3 -mthumb -Wno-main -I. -IGenerated_Source\PSoC5 -Wa,-alh=.\CortexM3\ARM_GCC_493\Debug/LED_Driver_LRBWS_Seg_Driver_H.lst -g -D DEBUG -Wall -ffunction-sections -Og -ffat-lto-objects -c .\Generated_Source\PSoC5\LED_Driver_LRBWS_Seg_Driver_H.c -o .\CortexM3\ARM_GCC_493\Debug\LED_Driver_LRBWS_Seg_Driver_H.o
arm-none-eabi-gcc.exe -mcpu=cortex-m3 -mthumb -Wno-main -I. -IGenerated_Source\PSoC5 -Wa,-alh=.\CortexM3\ARM_GCC_493\Debug/LED_Driver_LRBWS_Seg_Driver_H_PM.lst -g -D DEBUG -Wall -ffunction-sections -Og -ffat-lto-objects -c .\Generated_Source\PSoC5\LED_Driver_LRBWS_Seg_Driver_H_PM.c -o .\CortexM3\ARM_GCC_493\Debug\LED_Driver_LRBWS_Seg_Driver_H_PM.o
arm-none-eabi-gcc.exe -mcpu=cortex-m3 -mthumb -Wno-main -I. -IGenerated_Source\PSoC5 -Wa,-alh=.\CortexM3\ARM_GCC_493\Debug/LED_Driver_LRBWS_DMA_Seg_dma.lst -g -D DEBUG -Wall -ffunction-sections -Og -ffat-lto-objects -c .\Generated_Source\PSoC5\LED_Driver_LRBWS_DMA_Seg_dma.c -o .\CortexM3\ARM_GCC_493\Debug\LED_Driver_LRBWS_DMA_Seg_dma.o
arm-none-eabi-gcc.exe -mcpu=cortex-m3 -mthumb -Wno-main -I. -IGenerated_Source\PSoC5 -Wa,-alh=.\CortexM3\ARM_GCC_493\Debug/Cm3Start.lst -g -D DEBUG -Wall -ffunction-sections -Og -ffat-lto-objects -c .\Generated_Source\PSoC5\Cm3Start.c -o .\CortexM3\ARM_GCC_493\Debug\Cm3Start.o
arm-none-eabi-as.exe -mcpu=cortex-m3 -mthumb -I. -IGenerated_Source\PSoC5 -alh=.\CortexM3\ARM_GCC_493\Debug/CyBootAsmGnu.lst -g -W -o .\CortexM3\ARM_GCC_493\Debug\CyBootAsmGnu.o .\Generated_Source\PSoC5\CyBootAsmGnu.s
arm-none-eabi-gcc.exe -mcpu=cortex-m3 -mthumb -Wno-main -I. -IGenerated_Source\PSoC5 -Wa,-alh=.\CortexM3\ARM_GCC_493\Debug/CyDmac.lst -g -D DEBUG -Wall -ffunction-sections -Og -ffat-lto-objects -c .\Generated_Source\PSoC5\CyDmac.c -o .\CortexM3\ARM_GCC_493\Debug\CyDmac.o
arm-none-eabi-gcc.exe -mcpu=cortex-m3 -mthumb -Wno-main -I. -IGenerated_Source\PSoC5 -Wa,-alh=.\CortexM3\ARM_GCC_493\Debug/CyFlash.lst -g -D DEBUG -Wall -ffunction-sections -Og -ffat-lto-objects -c .\Generated_Source\PSoC5\CyFlash.c -o .\CortexM3\ARM_GCC_493\Debug\CyFlash.o
arm-none-eabi-gcc.exe -mcpu=cortex-m3 -mthumb -Wno-main -I. -IGenerated_Source\PSoC5 -Wa,-alh=.\CortexM3\ARM_GCC_493\Debug/CyLib.lst -g -D DEBUG -Wall -ffunction-sections -Og -ffat-lto-objects -c .\Generated_Source\PSoC5\CyLib.c -o .\CortexM3\ARM_GCC_493\Debug\CyLib.o
arm-none-eabi-gcc.exe -mcpu=cortex-m3 -mthumb -Wno-main -I. -IGenerated_Source\PSoC5 -Wa,-alh=.\CortexM3\ARM_GCC_493\Debug/cyPm.lst -g -D DEBUG -Wall -ffunction-sections -Og -ffat-lto-objects -c .\Generated_Source\PSoC5\cyPm.c -o .\CortexM3\ARM_GCC_493\Debug\cyPm.o
arm-none-eabi-gcc.exe -mcpu=cortex-m3 -mthumb -Wno-main -I. -IGenerated_Source\PSoC5 -Wa,-alh=.\CortexM3\ARM_GCC_493\Debug/CySpc.lst -g -D DEBUG -Wall -ffunction-sections -Og -ffat-lto-objects -c .\Generated_Source\PSoC5\CySpc.c -o .\CortexM3\ARM_GCC_493\Debug\CySpc.o
arm-none-eabi-gcc.exe -mcpu=cortex-m3 -mthumb -Wno-main -I. -IGenerated_Source\PSoC5 -Wa,-alh=.\CortexM3\ARM_GCC_493\Debug/cyutils.lst -g -D DEBUG -Wall -ffunction-sections -Og -ffat-lto-objects -c .\Generated_Source\PSoC5\cyutils.c -o .\CortexM3\ARM_GCC_493\Debug\cyutils.o
arm-none-eabi-gcc.exe -mcpu=cortex-m3 -mthumb -Wno-main -I. -IGenerated_Source\PSoC5 -Wa,-alh=.\CortexM3\ARM_GCC_493\Debug/LED_Driver_LRBWS_DMA_BC_dma.lst -g -D DEBUG -Wall -ffunction-sections -Og -ffat-lto-objects -c .\Generated_Source\PSoC5\LED_Driver_LRBWS_DMA_BC_dma.c -o .\CortexM3\ARM_GCC_493\Debug\LED_Driver_LRBWS_DMA_BC_dma.o
arm-none-eabi-gcc.exe -mcpu=cortex-m3 -mthumb -Wno-main -I. -IGenerated_Source\PSoC5 -Wa,-alh=.\CortexM3\ARM_GCC_493\Debug/CAN.lst -g -D DEBUG -Wall -ffunction-sections -Og -ffat-lto-objects -c .\Generated_Source\PSoC5\CAN.c -o .\CortexM3\ARM_GCC_493\Debug\CAN.o
arm-none-eabi-gcc.exe -mcpu=cortex-m3 -mthumb -Wno-main -I. -IGenerated_Source\PSoC5 -Wa,-alh=.\CortexM3\ARM_GCC_493\Debug/CAN_INT.lst -g -D DEBUG -Wall -ffunction-sections -Og -ffat-lto-objects -c .\Generated_Source\PSoC5\CAN_INT.c -o .\CortexM3\ARM_GCC_493\Debug\CAN_INT.o
arm-none-eabi-gcc.exe -mcpu=cortex-m3 -mthumb -Wno-main -I. -IGenerated_Source\PSoC5 -Wa,-alh=.\CortexM3\ARM_GCC_493\Debug/CAN_PM.lst -g -D DEBUG -Wall -ffunction-sections -Og -ffat-lto-objects -c .\Generated_Source\PSoC5\CAN_PM.c -o .\CortexM3\ARM_GCC_493\Debug\CAN_PM.o
arm-none-eabi-gcc.exe -mcpu=cortex-m3 -mthumb -Wno-main -I. -IGenerated_Source\PSoC5 -Wa,-alh=.\CortexM3\ARM_GCC_493\Debug/CAN_TX_RX_func.lst -g -D DEBUG -Wall -ffunction-sections -Og -ffat-lto-objects -c .\Generated_Source\PSoC5\CAN_TX_RX_func.c -o .\CortexM3\ARM_GCC_493\Debug\CAN_TX_RX_func.o
arm-none-eabi-gcc.exe -mcpu=cortex-m3 -mthumb -Wno-main -I. -IGenerated_Source\PSoC5 -Wa,-alh=.\CortexM3\ARM_GCC_493\Debug/LED_Driver_Gear_DMA_BC_dma.lst -g -D DEBUG -Wall -ffunction-sections -Og -ffat-lto-objects -c .\Generated_Source\PSoC5\LED_Driver_Gear_DMA_BC_dma.c -o .\CortexM3\ARM_GCC_493\Debug\LED_Driver_Gear_DMA_BC_dma.o
arm-none-eabi-gcc.exe -mcpu=cortex-m3 -mthumb -Wno-main -I. -IGenerated_Source\PSoC5 -Wa,-alh=.\CortexM3\ARM_GCC_493\Debug/PageSwitch.lst -g -D DEBUG -Wall -ffunction-sections -Og -ffat-lto-objects -c .\Generated_Source\PSoC5\PageSwitch.c -o .\CortexM3\ARM_GCC_493\Debug\PageSwitch.o
arm-none-eabi-gcc.exe -mcpu=cortex-m3 -mthumb -Wno-main -I. -IGenerated_Source\PSoC5 -Wa,-alh=.\CortexM3\ARM_GCC_493\Debug/Clock_1.lst -g -D DEBUG -Wall -ffunction-sections -Og -ffat-lto-objects -c .\Generated_Source\PSoC5\Clock_1.c -o .\CortexM3\ARM_GCC_493\Debug\Clock_1.o
arm-none-eabi-gcc.exe -mcpu=cortex-m3 -mthumb -Wno-main -I. -IGenerated_Source\PSoC5 -Wa,-alh=.\CortexM3\ARM_GCC_493\Debug/Page_Button.lst -g -D DEBUG -Wall -ffunction-sections -Og -ffat-lto-objects -c .\Generated_Source\PSoC5\Page_Button.c -o .\CortexM3\ARM_GCC_493\Debug\Page_Button.o
arm-none-eabi-ar.exe -rs .\CortexM3\ARM_GCC_493\Debug\VTM17E_Display_7seg.a .\CortexM3\ARM_GCC_493\Debug\cyfitter_cfg.o .\CortexM3\ARM_GCC_493\Debug\RX_1.o .\CortexM3\ARM_GCC_493\Debug\LED_Driver_Gear.o .\CortexM3\ARM_GCC_493\Debug\LED_Driver_Gear_PM.o .\CortexM3\ARM_GCC_493\Debug\TX_1.o .\CortexM3\ARM_GCC_493\Debug\Com_1.o .\CortexM3\ARM_GCC_493\Debug\Tx_En.o .\CortexM3\ARM_GCC_493\Debug\LED_Driver_LRBWS.o .\CortexM3\ARM_GCC_493\Debug\LED_Driver_LRBWS_PM.o .\CortexM3\ARM_GCC_493\Debug\LED_Driver_Gear_ClkInternal.o .\CortexM3\ARM_GCC_493\Debug\LED_Driver_Gear_Seg_Driver_L.o .\CortexM3\ARM_GCC_493\Debug\LED_Driver_Gear_Seg_Driver_L_PM.o .\CortexM3\ARM_GCC_493\Debug\LED_Driver_Gear_Com_Driver.o .\CortexM3\ARM_GCC_493\Debug\LED_Driver_Gear_Com_Driver_PM.o .\CortexM3\ARM_GCC_493\Debug\LED_Driver_Gear_DMA_Com_dma.o .\CortexM3\ARM_GCC_493\Debug\LED_Driver_Gear_DMA_Seg_dma.o .\CortexM3\ARM_GCC_493\Debug\LED_Driver_LRBWS_ClkInternal.o .\CortexM3\ARM_GCC_493\Debug\LED_Driver_LRBWS_Seg_Driver_L.o .\CortexM3\ARM_GCC_493\Debug\LED_Driver_LRBWS_Seg_Driver_L_PM.o .\CortexM3\ARM_GCC_493\Debug\LED_Driver_LRBWS_Com_Driver.o .\CortexM3\ARM_GCC_493\Debug\LED_Driver_LRBWS_Com_Driver_PM.o .\CortexM3\ARM_GCC_493\Debug\LED_Driver_LRBWS_DMA_Com_dma.o .\CortexM3\ARM_GCC_493\Debug\LED_Driver_LRBWS_Seg_Driver_M.o .\CortexM3\ARM_GCC_493\Debug\LED_Driver_LRBWS_Seg_Driver_M_PM.o .\CortexM3\ARM_GCC_493\Debug\LED_Driver_LRBWS_Seg_Driver_H.o .\CortexM3\ARM_GCC_493\Debug\LED_Driver_LRBWS_Seg_Driver_H_PM.o .\CortexM3\ARM_GCC_493\Debug\LED_Driver_LRBWS_DMA_Seg_dma.o .\CortexM3\ARM_GCC_493\Debug\CyBootAsmGnu.o .\CortexM3\ARM_GCC_493\Debug\CyDmac.o .\CortexM3\ARM_GCC_493\Debug\CyFlash.o .\CortexM3\ARM_GCC_493\Debug\CyLib.o .\CortexM3\ARM_GCC_493\Debug\cyPm.o .\CortexM3\ARM_GCC_493\Debug\CySpc.o .\CortexM3\ARM_GCC_493\Debug\cyutils.o .\CortexM3\ARM_GCC_493\Debug\LED_Driver_LRBWS_DMA_BC_dma.o .\CortexM3\ARM_GCC_493\Debug\CAN.o .\CortexM3\ARM_GCC_493\Debug\CAN_INT.o .\CortexM3\ARM_GCC_493\Debug\CAN_PM.o .\CortexM3\ARM_GCC_493\Debug\CAN_TX_RX_func.o .\CortexM3\ARM_GCC_493\Debug\LED_Driver_Gear_DMA_BC_dma.o .\CortexM3\ARM_GCC_493\Debug\PageSwitch.o .\CortexM3\ARM_GCC_493\Debug\Clock_1.o .\CortexM3\ARM_GCC_493\Debug\Page_Button.o
arm-none-eabi-ar.exe: creating .\CortexM3\ARM_GCC_493\Debug\VTM17E_Display_7seg.a
arm-none-eabi-gcc.exe -Wl,--start-group -o .\CortexM3\ARM_GCC_493\Debug\VTM17E_Display_7seg.elf .\CortexM3\ARM_GCC_493\Debug\main.o .\CortexM3\ARM_GCC_493\Debug\Dash_Funcs.o .\CortexM3\ARM_GCC_493\Debug\cymetadata.o .\CortexM3\ARM_GCC_493\Debug\Cm3Start.o .\CortexM3\ARM_GCC_493\Debug\VTM17E_Display_7seg.a "C:\Program Files (x86)\Cypress\PSoC Creator\3.3\PSoC Creator\psoc\content\cycomponentlibrary\CyComponentLibrary.cylib\CortexM3\ARM_GCC_493\Debug\CyComponentLibrary.a" -mcpu=cortex-m3 -mthumb -g -ffunction-sections -Og -ffat-lto-objects -L Generated_Source\PSoC5 -Wl,-Map,.\CortexM3\ARM_GCC_493\Debug/VTM17E_Display_7seg.map -T Generated_Source\PSoC5\cm3gcc.ld -specs=nano.specs -Wl,--gc-sections -Wl,--end-group
cyelftool.exe -C C:\Users\charl\Documents\GitHub\VTM17_Dash_7seg\VTM17_Dash_7SEG\VTM17_Display_7seg\VTM17E_Display_7seg.cydsn\CortexM3\ARM_GCC_493\Debug\VTM17E_Display_7seg.elf --flash_row_size 256 --flash_size 262144
cyelftool.exe -S C:\Users\charl\Documents\GitHub\VTM17_Dash_7seg\VTM17_Dash_7SEG\VTM17_Display_7seg\VTM17E_Display_7seg.cydsn\CortexM3\ARM_GCC_493\Debug\VTM17E_Display_7seg.elf
Flash used: 12032 of 262144 bytes (4.6 %).
SRAM used: 2997 of 65536 bytes (4.6 %). Stack: 2048 bytes. Heap: 128 bytes.
--------------- Rebuild Succeeded: 04/04/2017 22:38:19 ---------------
